2025-06-13 17:50:33,676 - INFO - CoinGecko API connected: (V3) To the Moon!
2025-06-13 17:50:33,677 - INFO - CoinGecko AI client initialized with demo API key
2025-06-13 17:50:33,677 - INFO - CoinGecko AI client initialized
2025-06-13 17:50:33,704 - INFO - Database initialization complete
2025-06-13 17:50:33,709 - INFO - Schema update applied: ALTER TABLE positions ADD COLUMN take_profit_pct REAL
2025-06-13 17:50:33,713 - INFO - Schema update applied: ALTER TABLE positions ADD COLUMN stop_loss_pct REAL
2025-06-13 17:50:33,717 - INFO - Schema update applied: ALTER TABLE positions ADD COLUMN is_new_asset INTEGER DEFAULT 0
2025-06-13 17:50:33,720 - INFO - Schema update applied: ALTER TABLE positions ADD COLUMN exit_price REAL
2025-06-13 17:50:33,723 - INFO - Schema update applied: ALTER TABLE positions ADD COLUMN exit_time TEXT
2025-06-13 17:50:33,726 - INFO - Schema update applied: ALTER TABLE positions ADD COLUMN profit_loss REAL
2025-06-13 17:50:33,730 - INFO - Schema update applied: ALTER TABLE positions ADD COLUMN signal_source TEXT
2025-06-13 17:50:33,734 - INFO - Schema update applied: ALTER TABLE positions ADD COLUMN signal_strength REAL
2025-06-13 17:50:33,737 - INFO - Schema update applied: ALTER TABLE trades ADD COLUMN signal_source TEXT
2025-06-13 17:50:33,740 - INFO - Schema update applied: ALTER TABLE trades ADD COLUMN signal_strength REAL
2025-06-13 17:50:33,741 - INFO - Database schema updated successfully with 10 changes
2025-06-13 17:50:33,745 - INFO - Risk Manager initialized with equity protection: Warning at 3.0%, Risk Reduction at 5.0%, High Alert at 8.0%, Emergency at 12.0%
2025-06-13 17:50:33,746 - INFO - Hybrid Trading Bot initialized with 1000.00 equity
2025-06-13 17:50:33,746 - INFO - Mode: TEST trading
2025-06-13 17:50:33,746 - INFO - AI Provider: CoinGecko
2025-06-13 17:50:33,747 - INFO - Testing API connections...
2025-06-13 17:50:33,985 - INFO - Binance server time: 2025-06-13 17:50:29.658000
2025-06-13 17:50:34,492 - INFO - CoinGecko AI connection successful: -0.06595814992711545
2025-06-13 17:50:34,492 - INFO - Preloading historical data for analysis...
2025-06-13 17:50:34,493 - INFO - Preloading historical data for analysis...
2025-06-13 17:50:34,493 - INFO - Fetching top 20 trending cryptocurrency pairs
2025-06-13 17:50:34,984 - INFO - Found trending pairs: ANIMEUSDT, LPTUSDT, HUMAUSDT, NEIROUSDT, SUSDT...
2025-06-13 17:50:34,985 - INFO - Preloading data for pairs: RENDERUSDT, NEIROUSDT, ARBUSDT, BNBUSDT, ETHUSDT
2025-06-13 17:51:12,546 - INFO - Preloading data for pairs: ANIMEUSDT, VIRTUALUSDT, ORDIUSDT, HUMAUSDT, ENAUSDT
2025-06-13 17:51:50,235 - INFO - Preloading data for pairs: ICPUSDT, QNTUSDT, VANAUSDT, JUPUSDT, BABYUSDT
2025-06-13 17:52:26,179 - INFO - Preloading data for pairs: APTUSDT, NEARUSDT, MOVRUSDT, LPTUSDT, SOLUSDT
2025-06-13 17:53:03,289 - INFO - Preloading data for pairs: INITUSDT, BTCUSDT, SUSDT, AUSDT, ADAUSDT
2025-06-13 17:53:38,633 - INFO - Historical data preloading complete
2025-06-13 17:53:48,870 - INFO - Updating correlation matrix...
2025-06-13 17:53:48,872 - INFO - Current equity: $1000.00, Daily ROI: 0.00%, Drawdown: 0.00%, Risk level: normal, Positions: 0/15 ($0.00, 0.0% of equity)
2025-06-13 17:53:48,876 - INFO - Current daily ROI: 0.00% (target: 0.5% - 2.5%)
2025-06-13 17:54:32,022 - INFO - Selected optimal assets: ARBUSDT, NEARUSDT, APTUSDT, ICPUSDT, RENDERUSDT... (15 total)
2025-06-13 17:54:32,022 - INFO -   ARBUSDT: score 5.75
2025-06-13 17:54:32,022 - INFO -   NEARUSDT: score 5.15
2025-06-13 17:54:32,022 - INFO -   APTUSDT: score 5.15
2025-06-13 17:54:32,023 - INFO -   ICPUSDT: score 5.15
2025-06-13 17:54:32,023 - INFO -   RENDERUSDT: score 5.15
2025-06-13 17:54:32,034 - INFO - Hourly performance report: {
  "equity": {
    "current": 1000.0,
    "start": 1000.0,
    "total_return_pct": 0.0,
    "max_drawdown_pct": 0,
    "avg_daily_return_pct": 0,
    "avg_weekly_return_pct": 0
  },
  "trades": {
    "total": 0,
    "win_count": 0,
    "loss_count": 0,
    "win_rate_pct": 0,
    "profit_factor": 0,
    "avg_profit": 0,
    "avg_loss": 0,
    "expected_value": 0,
    "recent_win_rate_pct": 0
  },
  "pairs": {
    "best_pair": "None",
    "best_pair_profit": 0,
    "worst_pair": "None",
    "worst_pair_profit": 0
  },
  "timestamp": "2025-06-13 17:54:32"
}
2025-06-13 17:55:09,888 - INFO - Correlation matrix updated for 41 pairs
2025-06-13 17:55:17,865 - INFO - Market state: Regime=NEUTRAL, Trend=neutral, Volatility=low, Breadth=0.00
2025-06-13 17:55:17,865 - INFO - CoinGecko insights for ARB: neutral (0.50 confidence), sentiment: -0.13, whale: -0.10, smart money: neutral
2025-06-13 17:55:27,780 - INFO - CoinGecko insights for XLM: neutral (0.50 confidence), sentiment: -0.11, whale: 0.10, smart money: bullish
2025-06-13 17:55:34,037 - INFO - CoinGecko insights for LINK: neutral (0.50 confidence), sentiment: -0.06, whale: 0.10, smart money: bullish
2025-06-13 17:55:39,402 - INFO - CoinGecko insights for BCH: neutral (0.50 confidence), sentiment: 0.14, whale: 0.10, smart money: bullish
2025-06-13 17:55:45,712 - INFO - CoinGecko insights for ICP: neutral (0.50 confidence), sentiment: -0.06, whale: 0.10, smart money: neutral
2025-06-13 17:55:49,798 - INFO - CoinGecko insights for APT: neutral (0.50 confidence), sentiment: -0.26, whale: 0.10, smart money: neutral
2025-06-13 17:55:56,036 - INFO - CoinGecko insights for AVAX: neutral (0.50 confidence), sentiment: -0.14, whale: 0.10, smart money: bullish
2025-06-13 17:56:01,819 - INFO - CoinGecko insights for ATOM: neutral (0.50 confidence), sentiment: -0.20, whale: 0.10, smart money: neutral
2025-06-13 17:56:07,194 - INFO - CoinGecko insights for NEAR: neutral (0.50 confidence), sentiment: -0.18, whale: 0.10, smart money: neutral
2025-06-13 17:56:13,188 - INFO - CoinGecko insights for RENDER: neutral (0.50 confidence), sentiment: 0.00, whale: 0.00, smart money: neutral
2025-06-13 17:56:18,555 - INFO - CoinGecko insights for EGLD: neutral (0.50 confidence), sentiment: 0.00, whale: 0.00, smart money: neutral
2025-06-13 17:56:24,358 - INFO - CoinGecko insights for OM: bearish (0.65 confidence), sentiment: 0.00, whale: 0.00, smart money: neutral
2025-06-13 17:56:29,659 - INFO - CoinGecko insights for XTZ: neutral (0.50 confidence), sentiment: 0.00, whale: 0.00, smart money: neutral
2025-06-13 17:56:35,024 - INFO - CoinGecko insights for LAYER: neutral (0.50 confidence), sentiment: 0.00, whale: 0.00, smart money: bearish
2025-06-13 17:56:41,269 - INFO - CoinGecko insights for TON: neutral (0.50 confidence), sentiment: 0.00, whale: 0.00, smart money: neutral
2025-06-13 17:56:46,622 - INFO - CoinGecko insights for ARB: neutral (0.50 confidence), sentiment: -0.13, whale: -0.10, smart money: neutral
2025-06-13 17:56:46,622 - INFO - ARBUSDT analysis: NEUTRAL signal with 0.00 strength
2025-06-13 17:56:47,026 - INFO - XLMUSDT analysis: NEUTRAL signal with 0.00 strength
2025-06-13 17:56:47,027 - INFO - LINKUSDT analysis: NEUTRAL signal with 0.00 strength
2025-06-13 17:56:47,027 - INFO - BCHUSDT analysis: NEUTRAL signal with 0.00 strength
2025-06-13 17:56:47,027 - INFO - ICPUSDT analysis: NEUTRAL signal with 0.00 strength
2025-06-13 17:56:47,027 - INFO - APTUSDT analysis: NEUTRAL signal with 0.00 strength
2025-06-13 17:56:47,027 - INFO - AVAXUSDT analysis: NEUTRAL signal with 0.00 strength
2025-06-13 17:56:47,028 - INFO - ATOMUSDT analysis: NEUTRAL signal with 0.00 strength
2025-06-13 17:56:47,028 - INFO - NEARUSDT analysis: SELL signal with 0.27 strength
2025-06-13 17:56:47,028 - INFO - RENDERUSDT analysis: NEUTRAL signal with 0.00 strength
2025-06-13 17:56:47,028 - INFO - EGLDUSDT analysis: NEUTRAL signal with 0.00 strength
2025-06-13 17:56:47,028 - INFO - OMUSDT analysis: NEUTRAL signal with 0.00 strength
2025-06-13 17:56:47,028 - INFO - XTZUSDT analysis: NEUTRAL signal with 0.00 strength
2025-06-13 17:56:47,029 - INFO - CoinGecko insights for LAYER: neutral (0.50 confidence), sentiment: -0.18, whale: -0.30, smart money: bearish
2025-06-13 17:56:47,029 - INFO - LAYERUSDT analysis: SELL signal with 0.37 strength
2025-06-13 17:56:47,898 - ERROR - Error in CoinGecko whale activity analysis: '<=' not supported between instances of 'NoneType' and 'int'
2025-06-13 17:56:48,093 - ERROR - Error in CoinGecko smart money analysis: '<=' not supported between instances of 'NoneType' and 'int'
2025-06-13 17:56:48,128 - ERROR - Error in CoinGecko market prediction: '<=' not supported between instances of 'NoneType' and 'int'
2025-06-13 17:56:48,129 - INFO - CoinGecko insights for TON: bearish (0.60 confidence), sentiment: -0.33, whale: 0.10, smart money: neutral
2025-06-13 17:56:48,129 - INFO - TONUSDT analysis: SELL signal with 0.46 strength
2025-06-13 17:56:48,129 - INFO - Trading cycle completed in 179.26 seconds
