2025-06-02 10:02:05,949 - INFO - CoinGecko API connected: (V3) To the Moon!
2025-06-02 10:02:05,949 - INFO - CoinGecko AI client initialized with demo API key
2025-06-02 10:02:05,949 - INFO - CoinGecko AI client initialized
2025-06-02 10:02:05,979 - INFO - Database initialization complete
2025-06-02 10:02:05,984 - INFO - Schema update applied: ALTER TABLE positions ADD COLUMN take_profit_pct REAL
2025-06-02 10:02:05,987 - INFO - Schema update applied: ALTER TABLE positions ADD COLUMN stop_loss_pct REAL
2025-06-02 10:02:05,991 - INFO - Schema update applied: ALTER TABLE positions ADD COLUMN is_new_asset INTEGER DEFAULT 0
2025-06-02 10:02:05,994 - INFO - Schema update applied: ALTER TABLE positions ADD COLUMN exit_price REAL
2025-06-02 10:02:05,998 - INFO - Schema update applied: ALTER TABLE positions ADD COLUMN exit_time TEXT
2025-06-02 10:02:06,002 - INFO - Schema update applied: ALTER TABLE positions ADD COLUMN profit_loss REAL
2025-06-02 10:02:06,006 - INFO - Schema update applied: ALTER TABLE positions ADD COLUMN signal_source TEXT
2025-06-02 10:02:06,009 - INFO - Schema update applied: ALTER TABLE positions ADD COLUMN signal_strength REAL
2025-06-02 10:02:06,012 - INFO - Schema update applied: ALTER TABLE trades ADD COLUMN signal_source TEXT
2025-06-02 10:02:06,016 - INFO - Schema update applied: ALTER TABLE trades ADD COLUMN signal_strength REAL
2025-06-02 10:02:06,016 - INFO - Database schema updated successfully with 10 changes
2025-06-02 10:02:06,021 - INFO - Risk Manager initialized with equity protection: Warning at 3.0%, Risk Reduction at 5.0%, High Alert at 8.0%, Emergency at 12.0%
2025-06-02 10:02:06,021 - INFO - Hybrid Trading Bot initialized with 1000.00 equity
2025-06-02 10:02:06,021 - INFO - Mode: TEST trading
2025-06-02 10:02:06,021 - INFO - AI Provider: CoinGecko
2025-06-02 10:02:06,021 - ERROR - Critical error: name 'CoinGeckoAI' is not defined
