2025-06-20 19:08:22,385 - INFO - CoinGecko API connected: (V3) To the Moon!
2025-06-20 19:08:22,386 - INFO - CoinGecko AI client initialized with demo API key
2025-06-20 19:08:22,386 - INFO - CoinGecko AI client initialized
2025-06-20 19:08:22,416 - INFO - Database initialization complete
2025-06-20 19:08:22,423 - INFO - Schema update applied: ALTER TABLE positions ADD COLUMN take_profit_pct REAL
2025-06-20 19:08:22,427 - INFO - Schema update applied: ALTER TABLE positions ADD COLUMN stop_loss_pct REAL
2025-06-20 19:08:22,431 - INFO - Schema update applied: ALTER TABLE positions ADD COLUMN is_new_asset INTEGER DEFAULT 0
2025-06-20 19:08:22,436 - INFO - Schema update applied: ALTER TABLE positions ADD COLUMN exit_price REAL
2025-06-20 19:08:22,440 - INFO - Schema update applied: ALTER TABLE positions ADD COLUMN exit_time TEXT
2025-06-20 19:08:22,444 - INFO - Schema update applied: ALTER TABLE positions ADD COLUMN profit_loss REAL
2025-06-20 19:08:22,449 - INFO - Schema update applied: ALTER TABLE positions ADD COLUMN signal_source TEXT
2025-06-20 19:08:22,453 - INFO - Schema update applied: ALTER TABLE positions ADD COLUMN signal_strength REAL
2025-06-20 19:08:22,458 - INFO - Schema update applied: ALTER TABLE trades ADD COLUMN signal_source TEXT
2025-06-20 19:08:22,462 - INFO - Schema update applied: ALTER TABLE trades ADD COLUMN signal_strength REAL
2025-06-20 19:08:22,462 - INFO - Database schema updated successfully with 10 changes
2025-06-20 19:08:22,468 - INFO - Risk Manager initialized with equity protection: Warning at 3.0%, Risk Reduction at 5.0%, High Alert at 8.0%, Emergency at 12.0%
2025-06-20 19:08:22,468 - INFO - Hybrid Trading Bot initialized with 1000.00 equity
2025-06-20 19:08:22,468 - INFO - Mode: TEST trading
2025-06-20 19:08:22,468 - INFO - AI Provider: CoinGecko
2025-06-20 19:08:22,469 - INFO - Testing API connections...
2025-06-20 19:08:23,173 - INFO - Binance server time: 2025-06-20 19:08:22.999000
2025-06-20 19:08:23,225 - INFO - CoinGecko AI connection successful: 0.042383558895539665
2025-06-20 19:08:23,225 - INFO - Preloading historical data for analysis...
2025-06-20 19:08:23,225 - INFO - Preloading historical data for analysis...
2025-06-20 19:08:23,226 - INFO - Fetching top 20 trending cryptocurrency pairs
2025-06-20 19:08:24,616 - INFO - Found trending pairs: TUSDT, SUSDT, KAIAUSDT, QUICKUSDT, ALTUSDT...
2025-06-20 19:08:24,617 - INFO - Preloading data for pairs: SUIUSDT, ONDOUSDT, BTCUSDT, JUPUSDT, ETHUSDT
2025-06-20 19:08:42,172 - INFO - Bot stopped by user
