DYNAMIC BUY: TUSDT - Qty: 2294.8, Price: $0.0174, Value: $40.00, Signal: 0.38
SELL ORDER: TUSDT - 2294.8 at approx. $0.01749, P/L: $0.14 (0.34%)
DYNAMIC BUY: TUSDT - Qty: 2287.0, Price: $0.0175, Value: $40.00, Signal: 0.39
SELL ORDER: TUSDT - 2287.0 at approx. $0.01758, P/L: $0.21 (0.51%)
DYNAMIC BUY: TUSDT - Qty: 3412.9, Price: $0.0176, Value: $60.00, Signal: 0.40
SELL ORDER: TUSDT - 3412.9 at approx. $0.01764, P/L: $0.20 (0.34%)
DYNAMIC BUY: TUSDT - Qty: 3389.8, Price: $0.0177, Value: $60.00, Signal: 0.48
SELL ORDER: TUSDT - 3389.8 at approx. $0.01778, P/L: $0.27 (0.45%)
DYNAMIC BUY: TUSDT - Qty: 3370.7, Price: $0.0178, Value: $60.00, Signal: 0.53
DYNAMIC BUY: KAIAUSDT - Qty: 312.9, Price: $0.1917, Value: $60.00, Signal: 0.46
SELL ORDER: KAIAUSDT - 312.9 at approx. $0.1929, P/L: $0.38 (0.63%)
DYNAMIC BUY: SEIUSDT - Qty: 202.6, Price: $0.1974, Value: $40.00, Signal: 0.35
DYNAMIC BUY: FUNUSDT - Qty: 7877.0, Price: $0.0051, Value: $40.00, Signal: 0.36
SELL ORDER: SEIUSDT - 202.6 at approx. $0.1984, P/L: $0.20 (0.51%)
DYNAMIC BUY: KAIAUSDT - Qty: 207.7, Price: $0.1925, Value: $40.00, Signal: 0.36
SELL ORDER: FUNUSDT - 7877.0 at approx. $0.005098, P/L: $0.16 (0.39%)
DYNAMIC BUY: FUNUSDT - Qty: 7867.0, Price: $0.0051, Value: $40.00, Signal: 0.38
SELL ORDER: KAIAUSDT - 207.7 at approx. $0.1932, P/L: $0.15 (0.36%)
DYNAMIC BUY: KAIAUSDT - Qty: 308.6, Price: $0.1944, Value: $60.00, Signal: 0.42
SELL ORDER: TUSDT - 3370.7 at approx. $0.01751, P/L: $-0.98 (-1.63%)
DYNAMIC BUY: TUSDT - Qty: 3424.6, Price: $0.0175, Value: $60.00, Signal: 0.41
SELL ORDER: FUNUSDT - 7867.0 at approx. $0.005132, P/L: $0.38 (0.94%)
DYNAMIC BUY: FUNUSDT - Qty: 11670.0, Price: $0.0051, Value: $60.00, Signal: 0.41
SELL ORDER: FUNUSDT - 11670.0 at approx. $0.005178, P/L: $0.43 (0.72%)
DYNAMIC BUY: FUNUSDT - Qty: 11576.0, Price: $0.0052, Value: $60.00, Signal: 0.43
DYNAMIC BUY: SEIUSDT - Qty: 199.7, Price: $0.2003, Value: $40.00, Signal: 0.30
SELL ORDER: TUSDT - 3424.6 at approx. $0.0177, P/L: $0.62 (1.03%)
SELL ORDER: FUNUSDT - 11576.0 at approx. $0.005105, P/L: $-0.90 (-1.50%)
SELL ORDER: KAIAUSDT - 308.6 at approx. $0.1954, P/L: $0.31 (0.51%)
SELL ORDER: SEIUSDT - 199.7 at approx. $0.2019, P/L: $0.32 (0.80%)
