2025-06-21 11:49:42,910 - INFO - CoinGecko API connected: (V3) To the Moon!
2025-06-21 11:49:42,912 - INFO - CoinGecko AI client initialized with demo API key
2025-06-21 11:49:42,913 - INFO - CoinGecko AI client initialized
2025-06-21 11:49:43,007 - INFO - Database initialization complete
2025-06-21 11:49:43,018 - INFO - Schema update applied: ALTER TABLE positions ADD COLUMN take_profit_pct REAL
2025-06-21 11:49:43,028 - INFO - Schema update applied: ALTER TABLE positions ADD COLUMN stop_loss_pct REAL
2025-06-21 11:49:43,036 - INFO - Schema update applied: ALTER TABLE positions ADD COLUMN is_new_asset INTEGER DEFAULT 0
2025-06-21 11:49:43,045 - INFO - Schema update applied: ALTER TABLE positions ADD COLUMN exit_price REAL
2025-06-21 11:49:43,054 - INFO - Schema update applied: ALTER TABLE positions ADD COLUMN exit_time TEXT
2025-06-21 11:49:43,064 - INFO - Schema update applied: ALTER TABLE positions ADD COLUMN profit_loss REAL
2025-06-21 11:49:43,073 - INFO - Schema update applied: ALTER TABLE positions ADD COLUMN signal_source TEXT
2025-06-21 11:49:43,083 - INFO - Schema update applied: ALTER TABLE positions ADD COLUMN signal_strength REAL
2025-06-21 11:49:43,092 - INFO - Schema update applied: ALTER TABLE trades ADD COLUMN signal_source TEXT
2025-06-21 11:49:43,101 - INFO - Schema update applied: ALTER TABLE trades ADD COLUMN signal_strength REAL
2025-06-21 11:49:43,101 - INFO - Database schema updated successfully with 10 changes
2025-06-21 11:49:43,112 - INFO - Taapi.io client initialized (Free tier: 1 request/15s)
2025-06-21 11:49:43,112 - INFO - Advanced indicators initialized with Taapi.io
2025-06-21 11:49:43,118 - INFO - Taapi.io client initialized (Free tier: 1 request/15s)
2025-06-21 11:49:43,118 - INFO - Advanced indicators initialized with Taapi.io
2025-06-21 11:49:43,118 - INFO - Advanced indicators initialized successfully
2025-06-21 11:49:43,119 - INFO - Risk Manager initialized with equity protection: Warning at 3.0%, Risk Reduction at 5.0%, High Alert at 8.0%, Emergency at 12.0%
2025-06-21 11:49:43,119 - INFO - Hybrid Trading Bot initialized with 1000.00 equity
2025-06-21 11:49:43,119 - INFO - Mode: TEST trading
2025-06-21 11:49:43,119 - INFO - AI Provider: CoinGecko
2025-06-21 11:49:43,119 - INFO - Advanced Indicators: Taapi.io
2025-06-21 11:49:43,120 - INFO - Testing API connections...
2025-06-21 11:49:43,805 - INFO - Binance server time: 2025-06-21 11:49:46.061000
2025-06-21 11:49:44,472 - INFO - CoinGecko AI connection successful: -0.11774170044496055
2025-06-21 11:49:44,473 - INFO - Preloading historical data for analysis...
2025-06-21 11:49:44,473 - INFO - Preloading historical data for analysis...
2025-06-21 11:49:44,473 - INFO - Fetching top 20 trending cryptocurrency pairs
2025-06-21 11:49:45,414 - INFO - Found trending pairs: FUNUSDT, BMTUSDT, SUSDT, SEIUSDT, VIRTUALUSDT...
2025-06-21 11:49:45,415 - INFO - Preloading data for pairs: ARBUSDT, TRBUSDT, NEIROUSDT, ADAUSDT, SEIUSDT
2025-06-21 11:50:14,773 - INFO - Preloading data for pairs: SUSDT, APTUSDT, QNTUSDT, ETHUSDT, KMNOUSDT
2025-06-21 11:50:22,336 - INFO - Bot stopped by user
