2025-06-17 09:48:59,666 - INFO - CoinGecko API connected: (V3) To the Moon!
2025-06-17 09:48:59,667 - INFO - CoinGecko AI client initialized with demo API key
2025-06-17 09:48:59,667 - INFO - CoinGecko AI client initialized
2025-06-17 09:48:59,698 - INFO - Database initialization complete
2025-06-17 09:48:59,703 - INFO - Schema update applied: ALTER TABLE positions ADD COLUMN take_profit_pct REAL
2025-06-17 09:48:59,707 - INFO - Schema update applied: ALTER TABLE positions ADD COLUMN stop_loss_pct REAL
2025-06-17 09:48:59,711 - INFO - Schema update applied: ALTER TABLE positions ADD COLUMN is_new_asset INTEGER DEFAULT 0
2025-06-17 09:48:59,714 - INFO - Schema update applied: ALTER TABLE positions ADD COLUMN exit_price REAL
2025-06-17 09:48:59,718 - INFO - Schema update applied: ALTER TABLE positions ADD COLUMN exit_time TEXT
2025-06-17 09:48:59,721 - INFO - Schema update applied: ALTER TABLE positions ADD COLUMN profit_loss REAL
2025-06-17 09:48:59,725 - INFO - Schema update applied: ALTER TABLE positions ADD COLUMN signal_source TEXT
2025-06-17 09:48:59,728 - INFO - Schema update applied: ALTER TABLE positions ADD COLUMN signal_strength REAL
2025-06-17 09:48:59,733 - INFO - Schema update applied: ALTER TABLE trades ADD COLUMN signal_source TEXT
2025-06-17 09:48:59,736 - INFO - Schema update applied: ALTER TABLE trades ADD COLUMN signal_strength REAL
2025-06-17 09:48:59,737 - INFO - Database schema updated successfully with 10 changes
2025-06-17 09:48:59,741 - INFO - Risk Manager initialized with equity protection: Warning at 3.0%, Risk Reduction at 5.0%, High Alert at 8.0%, Emergency at 12.0%
2025-06-17 09:48:59,742 - INFO - Hybrid Trading Bot initialized with 1000.00 equity
2025-06-17 09:48:59,742 - INFO - Mode: TEST trading
2025-06-17 09:48:59,742 - INFO - AI Provider: CoinGecko
2025-06-17 09:48:59,742 - INFO - Testing API connections...
2025-06-17 09:49:00,429 - INFO - Binance server time: 2025-06-17 09:48:52.825000
2025-06-17 09:49:00,690 - INFO - CoinGecko AI connection successful: -0.021836451689024886
2025-06-17 09:49:00,690 - INFO - Preloading historical data for analysis...
2025-06-17 09:49:00,691 - INFO - Preloading historical data for analysis...
2025-06-17 09:49:00,691 - INFO - Fetching top 20 trending cryptocurrency pairs
2025-06-17 09:49:02,128 - INFO - Found trending pairs: ALTUSDT, MAGICUSDT, PIXELUSDT, SOPHUSDT, COOKIEUSDT...
2025-06-17 09:49:02,129 - INFO - Preloading data for pairs: INITUSDT, SUPERUSDT, ICPUSDT, LPTUSDT, BCHUSDT
2025-06-17 09:49:36,092 - INFO - Preloading data for pairs: ETHUSDT, QNTUSDT, TAOUSDT, SOPHUSDT, PIXELUSDT
2025-06-17 09:50:13,129 - INFO - Preloading data for pairs: BTCUSDT, ENAUSDT, ARBUSDT, SOLUSDT, SUIUSDT
2025-06-17 09:50:50,885 - INFO - Preloading data for pairs: NEIROUSDT, ADAUSDT, ALTUSDT, BNBUSDT, NXPCUSDT
2025-06-17 09:51:27,914 - INFO - Preloading data for pairs: VIRTUALUSDT, MAGICUSDT, AAVEUSDT, COOKIEUSDT, ONDOUSDT
2025-06-17 09:52:05,717 - INFO - Historical data preloading complete
2025-06-17 09:52:14,496 - INFO - Updating correlation matrix...
2025-06-17 09:52:14,498 - INFO - Current equity: $1000.00, Daily ROI: 0.00%, Drawdown: 0.00%, Risk level: normal, Positions: 0/15 ($0.00, 0.0% of equity)
2025-06-17 09:52:14,502 - INFO - Current daily ROI: 0.00% (target: 0.5% - 2.5%)
2025-06-17 09:52:14,502 - INFO - Fetching top 30 trending cryptocurrency pairs
2025-06-17 09:52:15,437 - INFO - Found trending pairs: ALTUSDT, MAGICUSDT, PIXELUSDT, SOPHUSDT, COOKIEUSDT...
2025-06-17 09:52:16,849 - INFO - Selected optimal assets: SYRUPUSDT, BCHUSDT, XRPUSDT, UNIUSDT, BNBUSDT... (15 total)
2025-06-17 09:52:16,869 - INFO - Hourly performance report: {
  "equity": {
    "current": 1000.0,
    "start": 1000.0,
    "total_return_pct": 0.0,
    "max_drawdown_pct": 0,
    "avg_daily_return_pct": 0,
    "avg_weekly_return_pct": 0
  },
  "trades": {
    "total": 0,
    "win_count": 0,
    "loss_count": 0,
    "win_rate_pct": 0,
    "profit_factor": 0,
    "avg_profit": 0,
    "avg_loss": 0,
    "expected_value": 0,
    "recent_win_rate_pct": 0
  },
  "pairs": {
    "best_pair": "None",
    "best_pair_profit": 0,
    "worst_pair": "None",
    "worst_pair_profit": 0
  },
  "timestamp": "2025-06-17 09:52:16"
}
2025-06-17 09:52:54,946 - INFO - Correlation matrix updated for 41 pairs
2025-06-17 09:53:03,316 - INFO - Market state: Regime=NEUTRAL, Trend=neutral, Volatility=low, Breadth=0.40
2025-06-17 09:53:03,317 - INFO - CoinGecko insights for ETH: neutral (0.50 confidence), sentiment: -0.02, whale: 0.05, smart money: bullish
2025-06-17 09:53:14,068 - INFO - CoinGecko insights for HBAR: bearish (0.60 confidence), sentiment: -0.14, whale: 0.10, smart money: neutral
2025-06-17 09:53:19,882 - INFO - CoinGecko insights for ICP: bearish (0.70 confidence), sentiment: -0.26, whale: 0.10, smart money: neutral
2025-06-17 09:53:24,320 - INFO - CoinGecko insights for BNB: neutral (0.50 confidence), sentiment: 0.10, whale: 0.00, smart money: bullish
2025-06-17 09:53:28,742 - INFO - CoinGecko insights for LTC: neutral (0.50 confidence), sentiment: -0.06, whale: 0.10, smart money: neutral
2025-06-17 09:53:33,828 - INFO - CoinGecko insights for UNI: neutral (0.50 confidence), sentiment: 0.22, whale: 0.10, smart money: bullish
2025-06-17 09:53:38,308 - INFO - CoinGecko insights for BCH: bullish (0.70 confidence), sentiment: 0.43, whale: 0.10, smart money: bullish
2025-06-17 09:53:43,634 - INFO - CoinGecko insights for XRP: neutral (0.50 confidence), sentiment: 0.13, whale: 0.05, smart money: bullish
2025-06-17 09:53:49,454 - INFO - CoinGecko insights for SYRUP: bullish (0.75 confidence), sentiment: 0.49, whale: 0.20, smart money: bullish
2025-06-17 09:53:53,671 - INFO - CoinGecko insights for LPT: neutral (0.50 confidence), sentiment: 0.00, whale: 0.00, smart money: neutral
2025-06-17 09:54:00,611 - INFO - CoinGecko insights for APE: neutral (0.50 confidence), sentiment: 0.00, whale: 0.00, smart money: neutral
2025-06-17 09:54:05,993 - INFO - CoinGecko insights for TAO: neutral (0.50 confidence), sentiment: 0.00, whale: 0.00, smart money: neutral
2025-06-17 09:54:10,876 - INFO - CoinGecko insights for SOPH: neutral (0.50 confidence), sentiment: 0.00, whale: 0.00, smart money: neutral
2025-06-17 09:54:15,607 - INFO - CoinGecko insights for PIXEL: bearish (0.65 confidence), sentiment: 0.00, whale: 0.00, smart money: neutral
2025-06-17 09:54:22,343 - INFO - CoinGecko insights for RSR: neutral (0.50 confidence), sentiment: 0.00, whale: 0.00, smart money: neutral
2025-06-17 09:54:28,131 - INFO - CoinGecko insights for ETH: neutral (0.50 confidence), sentiment: -0.02, whale: 0.05, smart money: bullish
2025-06-17 09:54:28,131 - INFO - ETHUSDT analysis: NEUTRAL signal with 0.00 strength
2025-06-17 09:54:28,376 - INFO - HBARUSDT analysis: NEUTRAL signal with 0.00 strength
2025-06-17 09:54:28,376 - INFO - ICPUSDT analysis: NEUTRAL signal with 0.00 strength
2025-06-17 09:54:28,377 - INFO - BNBUSDT analysis: NEUTRAL signal with 0.00 strength
2025-06-17 09:54:28,377 - INFO - LTCUSDT analysis: NEUTRAL signal with 0.00 strength
2025-06-17 09:54:28,377 - INFO - UNIUSDT analysis: NEUTRAL signal with 0.00 strength
2025-06-17 09:54:28,377 - INFO - BCHUSDT analysis: BUY signal with 0.48 strength
2025-06-17 09:54:29,779 - WARNING - Calculated quantity is too small to execute: 0.0
2025-06-17 09:54:29,780 - INFO - XRPUSDT analysis: NEUTRAL signal with 0.00 strength
2025-06-17 09:54:29,780 - INFO - SYRUPUSDT analysis: BUY signal with 0.51 strength
2025-06-17 09:54:31,198 - INFO - BUY ORDER: SYRUPUSDT - 110.0 at approx. $0.545 ($60.00)
2025-06-17 09:54:31,208 - INFO - Stop loss for SYRUPUSDT initialized at 0.531375 (2.5% below entry)
2025-06-17 09:54:31,208 - INFO - Trailing take profit for SYRUPUSDT initialized (activates at 2.0%, trails at 3.0%)
2025-06-17 09:54:31,209 - INFO - TEST MODE: Simulated buy for SYRUPUSDT executed successfully
2025-06-17 09:54:31,209 - INFO - LPTUSDT analysis: SELL signal with 0.31 strength
2025-06-17 09:54:31,209 - INFO - APEUSDT analysis: NEUTRAL signal with 0.00 strength
2025-06-17 09:54:31,209 - INFO - TAOUSDT analysis: NEUTRAL signal with 0.00 strength
2025-06-17 09:54:31,210 - INFO - SOPHUSDT analysis: SELL signal with 0.34 strength
2025-06-17 09:54:31,210 - INFO - CoinGecko insights for PIXEL: bearish (0.65 confidence), sentiment: -0.42, whale: -0.30, smart money: bearish
2025-06-17 09:54:31,210 - INFO - PIXELUSDT analysis: SELL signal with 0.33 strength
2025-06-17 09:54:33,025 - INFO - CoinGecko insights for RSR: neutral (0.50 confidence), sentiment: -0.15, whale: 0.10, smart money: neutral
2025-06-17 09:54:33,025 - INFO - RSRUSDT analysis: NEUTRAL signal with 0.00 strength
2025-06-17 09:54:33,026 - INFO - Trading cycle completed in 138.53 seconds
2025-06-17 09:57:56,382 - INFO - Top opportunities found: ['CHESSUSDT', 'BTCUSDT']
2025-06-17 09:57:57,791 - INFO - Selected optimal assets: SYRUPUSDT, BCHUSDT, XRPUSDT, UNIUSDT, BNBUSDT... (10 total)
2025-06-17 09:57:58,037 - INFO - CoinGecko insights for SYRUP: bullish (0.75 confidence), sentiment: 0.49, whale: 0.20, smart money: bullish
2025-06-17 09:58:02,964 - INFO - CoinGecko insights for BCH: bullish (0.70 confidence), sentiment: 0.43, whale: 0.10, smart money: bullish
2025-06-17 09:58:08,314 - INFO - CoinGecko insights for XRP: neutral (0.50 confidence), sentiment: 0.13, whale: 0.05, smart money: bullish
2025-06-17 09:58:14,147 - INFO - CoinGecko insights for UNI: neutral (0.50 confidence), sentiment: 0.22, whale: 0.10, smart money: bullish
2025-06-17 09:58:19,027 - INFO - CoinGecko insights for BNB: neutral (0.50 confidence), sentiment: 0.10, whale: 0.00, smart money: bullish
2025-06-17 09:58:23,869 - INFO - SYRUPUSDT analysis: BUY signal with 0.51 strength
2025-06-17 09:58:23,870 - INFO - BCHUSDT analysis: BUY signal with 0.52 strength
2025-06-17 09:58:25,286 - WARNING - Calculated quantity is too small to execute: 0.0
2025-06-17 09:58:27,362 - INFO - XRPUSDT analysis: NEUTRAL signal with 0.00 strength
2025-06-17 09:58:27,362 - INFO - CoinGecko insights for UNI: neutral (0.50 confidence), sentiment: 0.22, whale: 0.10, smart money: bullish
2025-06-17 09:58:27,363 - INFO - CoinGecko insights for BNB: neutral (0.50 confidence), sentiment: 0.10, whale: 0.00, smart money: bullish
2025-06-17 09:58:27,363 - INFO - UNIUSDT analysis: NEUTRAL signal with 0.00 strength
2025-06-17 09:58:27,364 - INFO - BNBUSDT analysis: NEUTRAL signal with 0.00 strength
2025-06-17 09:58:43,792 - INFO - Selected optimal assets: SYRUPUSDT, BCHUSDT, XRPUSDT, UNIUSDT, BNBUSDT... (10 total)
2025-06-17 09:58:43,794 - INFO - CoinGecko insights for SYRUP: bullish (0.75 confidence), sentiment: 0.48, whale: 0.20, smart money: bullish
2025-06-17 09:58:48,238 - INFO - CoinGecko insights for BCH: bullish (0.70 confidence), sentiment: 0.43, whale: 0.10, smart money: bullish
2025-06-17 09:58:53,134 - INFO - CoinGecko insights for XRP: neutral (0.50 confidence), sentiment: 0.13, whale: 0.05, smart money: bullish
2025-06-17 09:58:58,110 - INFO - CoinGecko insights for UNI: neutral (0.50 confidence), sentiment: 0.22, whale: 0.10, smart money: bullish
2025-06-17 09:59:02,547 - INFO - CoinGecko insights for BNB: neutral (0.50 confidence), sentiment: 0.10, whale: 0.00, smart money: bullish
2025-06-17 09:59:07,257 - INFO - SYRUPUSDT analysis: BUY signal with 0.51 strength
2025-06-17 09:59:07,257 - INFO - BCHUSDT analysis: BUY signal with 0.52 strength
2025-06-17 09:59:08,673 - WARNING - Calculated quantity is too small to execute: 0.0
2025-06-17 09:59:08,673 - INFO - CoinGecko insights for XRP: neutral (0.50 confidence), sentiment: 0.13, whale: 0.05, smart money: bullish
2025-06-17 09:59:08,674 - INFO - CoinGecko insights for UNI: neutral (0.50 confidence), sentiment: 0.22, whale: 0.10, smart money: bullish
2025-06-17 09:59:08,674 - INFO - CoinGecko insights for BNB: neutral (0.50 confidence), sentiment: 0.10, whale: 0.00, smart money: bullish
2025-06-17 09:59:08,674 - INFO - XRPUSDT analysis: NEUTRAL signal with 0.00 strength
2025-06-17 09:59:08,675 - INFO - UNIUSDT analysis: NEUTRAL signal with 0.00 strength
2025-06-17 09:59:08,675 - INFO - BNBUSDT analysis: NEUTRAL signal with 0.00 strength
2025-06-17 09:59:23,677 - INFO - Current equity: $1000.00, Daily ROI: 0.00%, Drawdown: 0.00%, Risk level: normal, Positions: 1/15 ($60.00, 6.0% of equity)
2025-06-17 09:59:23,677 - INFO - Active positions: SYRUP:+0.0%
2025-06-17 09:59:23,677 - INFO - Current daily ROI: 0.00% (target: 0.5% - 2.5%)
2025-06-17 09:59:25,098 - INFO - Selected optimal assets: SYRUPUSDT, BCHUSDT, XRPUSDT, UNIUSDT, BNBUSDT... (15 total)
2025-06-17 09:59:25,162 - INFO - CoinGecko insights for SYRUP: bullish (0.75 confidence), sentiment: 0.48, whale: 0.20, smart money: bullish
2025-06-17 09:59:30,049 - INFO - CoinGecko insights for BCH: bullish (0.70 confidence), sentiment: 0.43, whale: 0.10, smart money: bullish
2025-06-17 09:59:34,954 - INFO - CoinGecko insights for XRP: neutral (0.50 confidence), sentiment: 0.13, whale: 0.05, smart money: bullish
2025-06-17 09:59:40,281 - INFO - CoinGecko insights for UNI: neutral (0.50 confidence), sentiment: 0.22, whale: 0.10, smart money: bullish
2025-06-17 09:59:45,647 - INFO - CoinGecko insights for BNB: neutral (0.50 confidence), sentiment: 0.10, whale: 0.00, smart money: bullish
2025-06-17 09:59:50,114 - INFO - CoinGecko insights for LPT: bearish (0.65 confidence), sentiment: -0.42, whale: 0.10, smart money: neutral
2025-06-17 09:59:55,962 - INFO - CoinGecko insights for APE: neutral (0.50 confidence), sentiment: 0.13, whale: 0.10, smart money: bullish
2025-06-17 10:00:00,850 - INFO - CoinGecko insights for TAO: bearish (0.65 confidence), sentiment: -0.38, whale: 0.10, smart money: neutral
2025-06-17 10:00:05,752 - INFO - CoinGecko insights for SOPH: neutral (0.50 confidence), sentiment: -0.12, whale: 0.10, smart money: neutral
2025-06-17 10:00:15,526 - INFO - CoinGecko insights for TRB: neutral (0.50 confidence), sentiment: -0.18, whale: 0.10, smart money: neutral
2025-06-17 10:00:21,040 - INFO - CoinGecko insights for ICP: bearish (0.70 confidence), sentiment: -0.25, whale: 0.10, smart money: neutral
2025-06-17 10:00:26,845 - INFO - CoinGecko insights for HBAR: bearish (0.60 confidence), sentiment: -0.15, whale: 0.10, smart money: neutral
2025-06-17 10:00:31,767 - INFO - CoinGecko insights for ETH: neutral (0.50 confidence), sentiment: -0.02, whale: 0.05, smart money: bullish
2025-06-17 10:00:36,235 - INFO - CoinGecko insights for LTC: neutral (0.50 confidence), sentiment: -0.06, whale: 0.10, smart money: neutral
2025-06-17 10:00:41,115 - INFO - CoinGecko insights for PIXEL: bearish (0.65 confidence), sentiment: -0.42, whale: -0.30, smart money: bearish
2025-06-17 10:00:45,986 - INFO - SYRUPUSDT analysis: BUY signal with 0.51 strength
2025-06-17 10:00:45,987 - INFO - BCHUSDT analysis: BUY signal with 0.49 strength
2025-06-17 10:00:47,400 - WARNING - Calculated quantity is too small to execute: 0.0
2025-06-17 10:00:47,401 - INFO - XRPUSDT analysis: NEUTRAL signal with 0.00 strength
2025-06-17 10:00:47,401 - INFO - UNIUSDT analysis: NEUTRAL signal with 0.00 strength
2025-06-17 10:00:47,401 - INFO - BNBUSDT analysis: NEUTRAL signal with 0.00 strength
2025-06-17 10:00:47,401 - INFO - LPTUSDT analysis: SELL signal with 0.31 strength
2025-06-17 10:00:47,402 - INFO - APEUSDT analysis: NEUTRAL signal with 0.00 strength
2025-06-17 10:00:49,359 - INFO - TAOUSDT analysis: NEUTRAL signal with 0.00 strength
2025-06-17 10:00:49,360 - INFO - SOPHUSDT analysis: SELL signal with 0.34 strength
2025-06-17 10:00:49,360 - INFO - TRBUSDT analysis: NEUTRAL signal with 0.00 strength
2025-06-17 10:00:49,360 - INFO - ICPUSDT analysis: NEUTRAL signal with 0.00 strength
2025-06-17 10:00:49,360 - INFO - HBARUSDT analysis: NEUTRAL signal with 0.00 strength
2025-06-17 10:00:49,360 - INFO - CoinGecko insights for LTC: neutral (0.50 confidence), sentiment: -0.06, whale: 0.10, smart money: neutral
2025-06-17 10:00:49,361 - INFO - CoinGecko insights for PIXEL: bearish (0.65 confidence), sentiment: -0.42, whale: -0.30, smart money: bearish
2025-06-17 10:00:49,361 - INFO - ETHUSDT analysis: NEUTRAL signal with 0.00 strength
2025-06-17 10:00:49,361 - INFO - LTCUSDT analysis: NEUTRAL signal with 0.00 strength
2025-06-17 10:00:49,361 - INFO - PIXELUSDT analysis: SELL signal with 0.54 strength
2025-06-17 10:00:49,362 - INFO - Trading cycle completed in 85.69 seconds
2025-06-17 10:04:19,654 - INFO - Top opportunities found: ['BTCUSDT']
2025-06-17 10:04:20,593 - INFO - Selected optimal assets: SYRUPUSDT, BCHUSDT, XRPUSDT, BNBUSDT, TRBUSDT... (10 total)
2025-06-17 10:04:20,879 - INFO - Hourly performance report: {
  "equity": {
    "current": 1000.0,
    "start": 1000.0,
    "total_return_pct": 0.0,
    "max_drawdown_pct": 0.0,
    "avg_daily_return_pct": NaN,
    "avg_weekly_return_pct": NaN
  },
  "trades": {
    "total": 0,
    "win_count": 0,
    "loss_count": 0,
    "win_rate_pct": 0,
    "profit_factor": 0,
    "avg_profit": 0,
    "avg_loss": 0,
    "expected_value": 0,
    "recent_win_rate_pct": 0
  },
  "pairs": {
    "best_pair": "None",
    "best_pair_profit": 0,
    "worst_pair": "None",
    "worst_pair_profit": 0
  },
  "timestamp": "2025-06-17 10:04:20"
}
2025-06-17 10:04:21,295 - INFO - CoinGecko insights for SYRUP: bullish (0.75 confidence), sentiment: 0.49, whale: 0.20, smart money: bullish
2025-06-17 10:04:25,317 - INFO - CoinGecko insights for TRB: neutral (0.50 confidence), sentiment: -0.18, whale: 0.10, smart money: neutral
2025-06-17 10:04:31,788 - INFO - CoinGecko insights for SYRUP: bullish (0.75 confidence), sentiment: 0.49, whale: 0.20, smart money: bullish
2025-06-17 10:04:31,789 - INFO - CoinGecko insights for TRB: neutral (0.50 confidence), sentiment: -0.18, whale: 0.10, smart money: neutral
2025-06-17 10:04:31,789 - INFO - CoinGecko insights for BNB: neutral (0.50 confidence), sentiment: 0.10, whale: 0.00, smart money: bullish
2025-06-17 10:04:37,727 - INFO - CoinGecko insights for BCH: bullish (0.70 confidence), sentiment: 0.44, whale: 0.10, smart money: bullish
2025-06-17 10:04:42,605 - INFO - CoinGecko insights for XRP: neutral (0.50 confidence), sentiment: 0.13, whale: 0.05, smart money: bullish
2025-06-17 10:04:46,122 - INFO - SYRUPUSDT analysis: BUY signal with 0.50 strength
2025-06-17 10:04:46,123 - INFO - TRBUSDT analysis: NEUTRAL signal with 0.00 strength
2025-06-17 10:04:46,123 - INFO - CoinGecko insights for BNB: neutral (0.50 confidence), sentiment: 0.10, whale: 0.00, smart money: bullish
2025-06-17 10:04:46,124 - INFO - CoinGecko insights for BCH: bullish (0.70 confidence), sentiment: 0.44, whale: 0.10, smart money: bullish
2025-06-17 10:04:46,124 - INFO - CoinGecko insights for XRP: neutral (0.50 confidence), sentiment: 0.13, whale: 0.05, smart money: bullish
2025-06-17 10:04:46,124 - INFO - BNBUSDT analysis: NEUTRAL signal with 0.00 strength
2025-06-17 10:04:46,125 - INFO - BCHUSDT analysis: BUY signal with 0.50 strength
2025-06-17 10:04:47,082 - WARNING - Calculated quantity is too small to execute: 0.0
2025-06-17 10:04:47,082 - INFO - XRPUSDT analysis: NEUTRAL signal with 0.00 strength
2025-06-17 10:05:02,083 - INFO - Current equity: $1000.00, Daily ROI: 0.00%, Drawdown: 0.00%, Risk level: normal, Positions: 1/15 ($60.00, 6.0% of equity)
2025-06-17 10:05:02,084 - INFO - Active positions: SYRUP:-0.1%
2025-06-17 10:05:02,084 - INFO - Current daily ROI: 0.00% (target: 0.5% - 2.5%)
2025-06-17 10:05:03,502 - INFO - Selected optimal assets: SYRUPUSDT, BCHUSDT, XRPUSDT, BNBUSDT, TRBUSDT... (15 total)
2025-06-17 10:05:03,996 - INFO - CoinGecko insights for SYRUP: bullish (0.75 confidence), sentiment: 0.49, whale: 0.20, smart money: bullish
2025-06-17 10:05:09,359 - INFO - CoinGecko insights for BCH: bullish (0.70 confidence), sentiment: 0.44, whale: 0.10, smart money: bullish
2025-06-17 10:05:13,795 - INFO - CoinGecko insights for XRP: neutral (0.50 confidence), sentiment: 0.13, whale: 0.05, smart money: bullish
2025-06-17 10:05:19,140 - INFO - CoinGecko insights for BNB: neutral (0.50 confidence), sentiment: 0.10, whale: 0.00, smart money: bullish
2025-06-17 10:05:24,972 - INFO - CoinGecko insights for TRB: neutral (0.50 confidence), sentiment: -0.18, whale: 0.10, smart money: neutral
2025-06-17 10:05:29,878 - INFO - CoinGecko insights for ICP: bearish (0.70 confidence), sentiment: -0.25, whale: 0.10, smart money: neutral
2025-06-17 10:05:33,844 - INFO - CoinGecko insights for LPT: bearish (0.65 confidence), sentiment: -0.43, whale: 0.10, smart money: neutral
2025-06-17 10:05:39,215 - INFO - CoinGecko insights for HBAR: bearish (0.60 confidence), sentiment: -0.15, whale: 0.10, smart money: neutral
2025-06-17 10:05:45,015 - INFO - CoinGecko insights for ETH: neutral (0.50 confidence), sentiment: -0.02, whale: 0.05, smart money: bullish
2025-06-17 10:05:50,848 - INFO - CoinGecko insights for APE: neutral (0.50 confidence), sentiment: 0.13, whale: 0.10, smart money: bullish
2025-06-17 10:05:56,688 - INFO - CoinGecko insights for LTC: neutral (0.50 confidence), sentiment: -0.06, whale: 0.10, smart money: neutral
2025-06-17 10:06:00,205 - INFO - CoinGecko insights for TAO: bearish (0.65 confidence), sentiment: -0.38, whale: 0.10, smart money: neutral
2025-06-17 10:06:06,030 - INFO - CoinGecko insights for SOPH: neutral (0.50 confidence), sentiment: -0.12, whale: 0.10, smart money: neutral
2025-06-17 10:06:11,842 - INFO - CoinGecko insights for PIXEL: bearish (0.65 confidence), sentiment: -0.42, whale: -0.30, smart money: bearish
2025-06-17 10:06:16,286 - INFO - CoinGecko insights for RSR: neutral (0.50 confidence), sentiment: -0.16, whale: 0.10, smart money: neutral
2025-06-17 10:06:22,992 - INFO - SYRUPUSDT analysis: BUY signal with 0.49 strength
2025-06-17 10:06:22,993 - INFO - BCHUSDT analysis: BUY signal with 0.51 strength
2025-06-17 10:06:24,408 - WARNING - Calculated quantity is too small to execute: 0.0
2025-06-17 10:06:24,408 - INFO - XRPUSDT analysis: NEUTRAL signal with 0.00 strength
2025-06-17 10:06:24,408 - INFO - BNBUSDT analysis: NEUTRAL signal with 0.00 strength
2025-06-17 10:06:24,409 - INFO - TRBUSDT analysis: NEUTRAL signal with 0.00 strength
2025-06-17 10:06:24,409 - INFO - ICPUSDT analysis: NEUTRAL signal with 0.00 strength
2025-06-17 10:06:24,409 - INFO - LPTUSDT analysis: SELL signal with 0.38 strength
2025-06-17 10:06:24,409 - INFO - HBARUSDT analysis: NEUTRAL signal with 0.00 strength
2025-06-17 10:06:24,410 - INFO - ETHUSDT analysis: NEUTRAL signal with 0.00 strength
2025-06-17 10:06:24,410 - INFO - APEUSDT analysis: NEUTRAL signal with 0.00 strength
2025-06-17 10:06:24,410 - INFO - LTCUSDT analysis: NEUTRAL signal with 0.00 strength
2025-06-17 10:06:24,410 - INFO - TAOUSDT analysis: NEUTRAL signal with 0.00 strength
2025-06-17 10:06:24,411 - INFO - SOPHUSDT analysis: SELL signal with 0.33 strength
2025-06-17 10:06:24,411 - INFO - CoinGecko insights for RSR: neutral (0.50 confidence), sentiment: -0.16, whale: 0.10, smart money: neutral
2025-06-17 10:06:28,761 - INFO - RSRUSDT analysis: NEUTRAL signal with 0.00 strength
2025-06-17 10:06:28,762 - INFO - PIXELUSDT analysis: SELL signal with 0.55 strength
2025-06-17 10:06:28,762 - INFO - Trading cycle completed in 86.68 seconds
2025-06-17 10:10:01,230 - INFO - Top opportunities found: ['BCHUSDT', 'CHESSUSDT', 'BTCUSDT']
2025-06-17 10:10:02,656 - INFO - Selected optimal assets: SYRUPUSDT, BCHUSDT, XRPUSDT, UNIUSDT, KAITOUSDT... (10 total)
2025-06-17 10:10:03,788 - INFO - CoinGecko insights for SYRUP: bullish (0.75 confidence), sentiment: 0.48, whale: 0.20, smart money: bullish
2025-06-17 10:10:20,791 - ERROR - CoinGecko API timeout after 10 seconds
2025-06-17 10:10:22,136 - INFO - CoinGecko insights for XRP: neutral (0.50 confidence), sentiment: 0.13, whale: 0.05, smart money: bullish
2025-06-17 10:10:27,024 - INFO - CoinGecko insights for UNI: neutral (0.50 confidence), sentiment: 0.20, whale: 0.10, smart money: bullish
2025-06-17 10:10:32,584 - INFO - CoinGecko insights for BCH: bullish (0.70 confidence), sentiment: 0.44, whale: 0.10, smart money: bullish
2025-06-17 10:10:37,238 - INFO - CoinGecko insights for KAITO: neutral (0.50 confidence), sentiment: 0.00, whale: 0.05, smart money: neutral
2025-06-17 10:10:41,965 - INFO - SYRUPUSDT analysis: BUY signal with 0.46 strength
2025-06-17 10:10:42,200 - INFO - XRPUSDT analysis: NEUTRAL signal with 0.00 strength
2025-06-17 10:10:42,200 - INFO - CoinGecko insights for UNI: neutral (0.50 confidence), sentiment: 0.20, whale: 0.10, smart money: bullish
2025-06-17 10:10:42,200 - INFO - CoinGecko insights for BCH: bullish (0.70 confidence), sentiment: 0.44, whale: 0.10, smart money: bullish
2025-06-17 10:10:42,201 - INFO - CoinGecko insights for KAITO: neutral (0.50 confidence), sentiment: -0.11, whale: 0.05, smart money: bearish
2025-06-17 10:10:42,201 - INFO - UNIUSDT analysis: NEUTRAL signal with 0.00 strength
2025-06-17 10:10:42,201 - INFO - BCHUSDT analysis: BUY signal with 0.51 strength
2025-06-17 10:10:53,380 - ERROR - Error executing buy for BCHUSDT: HTTPSConnectionPool(host='testnet.binance.vision', port=443): Read timed out.
2025-06-17 10:10:53,380 - INFO - KAITOUSDT analysis: NEUTRAL signal with 0.00 strength
2025-06-17 10:11:09,896 - INFO - Selected optimal assets: SYRUPUSDT, BCHUSDT, XRPUSDT, UNIUSDT, KAITOUSDT... (10 total)
2025-06-17 10:11:09,897 - INFO - CoinGecko insights for SYRUP: bullish (0.75 confidence), sentiment: 0.48, whale: 0.20, smart money: bullish
2025-06-17 10:11:15,231 - INFO - CoinGecko insights for BCH: bullish (0.70 confidence), sentiment: 0.44, whale: 0.10, smart money: bullish
2025-06-17 10:11:20,124 - INFO - CoinGecko insights for XRP: neutral (0.50 confidence), sentiment: 0.13, whale: 0.05, smart money: bullish
2025-06-17 10:11:24,578 - INFO - CoinGecko insights for UNI: neutral (0.50 confidence), sentiment: 0.20, whale: 0.10, smart money: bullish
2025-06-17 10:11:29,959 - INFO - CoinGecko insights for KAITO: neutral (0.50 confidence), sentiment: -0.11, whale: 0.05, smart money: bearish
2025-06-17 10:11:35,966 - INFO - SYRUPUSDT analysis: BUY signal with 0.45 strength
2025-06-17 10:11:35,966 - INFO - BCHUSDT analysis: BUY signal with 0.51 strength
2025-06-17 10:11:36,917 - WARNING - Calculated quantity is too small to execute: 0.0
2025-06-17 10:11:36,918 - INFO - XRPUSDT analysis: NEUTRAL signal with 0.00 strength
2025-06-17 10:11:36,918 - INFO - CoinGecko insights for UNI: neutral (0.50 confidence), sentiment: 0.20, whale: 0.10, smart money: bullish
2025-06-17 10:11:36,918 - INFO - CoinGecko insights for KAITO: neutral (0.50 confidence), sentiment: -0.11, whale: 0.05, smart money: bearish
2025-06-17 10:11:36,918 - INFO - UNIUSDT analysis: NEUTRAL signal with 0.00 strength
2025-06-17 10:11:36,919 - INFO - KAITOUSDT analysis: NEUTRAL signal with 0.00 strength
2025-06-17 10:11:53,335 - INFO - Selected optimal assets: SYRUPUSDT, BCHUSDT, XRPUSDT, UNIUSDT, KAITOUSDT... (10 total)
2025-06-17 10:11:53,337 - INFO - CoinGecko insights for SYRUP: bullish (0.75 confidence), sentiment: 0.48, whale: 0.20, smart money: bullish
2025-06-17 10:11:58,233 - INFO - CoinGecko insights for BCH: bullish (0.70 confidence), sentiment: 0.44, whale: 0.10, smart money: bullish
2025-06-17 10:12:03,156 - INFO - CoinGecko insights for XRP: neutral (0.50 confidence), sentiment: 0.13, whale: 0.05, smart money: bullish
2025-06-17 10:12:08,527 - INFO - CoinGecko insights for UNI: neutral (0.50 confidence), sentiment: 0.20, whale: 0.10, smart money: bullish
2025-06-17 10:12:13,869 - INFO - CoinGecko insights for KAITO: neutral (0.50 confidence), sentiment: -0.11, whale: 0.05, smart money: bearish
2025-06-17 10:12:19,932 - INFO - SYRUPUSDT analysis: BUY signal with 0.47 strength
2025-06-17 10:12:19,932 - INFO - BCHUSDT analysis: BUY signal with 0.52 strength
2025-06-17 10:12:21,810 - WARNING - Calculated quantity is too small to execute: 0.0
2025-06-17 10:12:21,811 - INFO - XRPUSDT analysis: NEUTRAL signal with 0.00 strength
2025-06-17 10:12:21,811 - INFO - CoinGecko insights for UNI: neutral (0.50 confidence), sentiment: 0.20, whale: 0.10, smart money: bullish
2025-06-17 10:12:21,812 - INFO - CoinGecko insights for KAITO: neutral (0.50 confidence), sentiment: -0.11, whale: 0.05, smart money: bearish
2025-06-17 10:12:21,812 - INFO - UNIUSDT analysis: NEUTRAL signal with 0.00 strength
2025-06-17 10:12:21,812 - INFO - KAITOUSDT analysis: NEUTRAL signal with 0.00 strength
2025-06-17 10:12:36,817 - INFO - Current equity: $1000.00, Daily ROI: 0.00%, Drawdown: 0.00%, Risk level: normal, Positions: 1/15 ($60.00, 6.0% of equity)
2025-06-17 10:12:36,817 - INFO - Active positions: SYRUP:-0.4%
2025-06-17 10:12:36,818 - INFO - Current daily ROI: 0.00% (target: 0.5% - 2.5%)
2025-06-17 10:12:38,208 - INFO - Selected optimal assets: SYRUPUSDT, BCHUSDT, XRPUSDT, UNIUSDT, KAITOUSDT... (15 total)
2025-06-17 10:12:39,648 - INFO - CoinGecko insights for SYRUP: bullish (0.75 confidence), sentiment: 0.48, whale: 0.20, smart money: bullish
2025-06-17 10:12:45,114 - INFO - CoinGecko insights for BCH: bullish (0.70 confidence), sentiment: 0.44, whale: 0.10, smart money: bullish
2025-06-17 10:12:49,098 - INFO - CoinGecko insights for XRP: neutral (0.50 confidence), sentiment: 0.13, whale: 0.05, smart money: bullish
2025-06-17 10:12:54,533 - INFO - CoinGecko insights for UNI: neutral (0.50 confidence), sentiment: 0.20, whale: 0.10, smart money: bullish
2025-06-17 10:12:58,538 - INFO - CoinGecko insights for KAITO: neutral (0.50 confidence), sentiment: -0.11, whale: 0.05, smart money: bearish
2025-06-17 10:13:03,426 - INFO - CoinGecko insights for BNB: neutral (0.50 confidence), sentiment: 0.11, whale: 0.00, smart money: bullish
2025-06-17 10:13:13,329 - INFO - CoinGecko insights for TRB: neutral (0.50 confidence), sentiment: -0.19, whale: 0.10, smart money: neutral
2025-06-17 10:13:18,706 - INFO - CoinGecko insights for ICP: bearish (0.70 confidence), sentiment: -0.24, whale: 0.10, smart money: neutral
2025-06-17 10:13:22,251 - INFO - CoinGecko insights for LPT: bearish (0.65 confidence), sentiment: -0.41, whale: 0.10, smart money: neutral
2025-06-17 10:13:27,618 - INFO - CoinGecko insights for HBAR: bearish (0.60 confidence), sentiment: -0.15, whale: 0.10, smart money: neutral
2025-06-17 10:13:33,041 - INFO - CoinGecko insights for ETH: neutral (0.50 confidence), sentiment: -0.02, whale: 0.05, smart money: bullish
2025-06-17 10:13:37,946 - INFO - CoinGecko insights for APE: neutral (0.50 confidence), sentiment: 0.13, whale: 0.10, smart money: bullish
2025-06-17 10:13:42,366 - INFO - CoinGecko insights for LTC: neutral (0.50 confidence), sentiment: -0.07, whale: 0.10, smart money: neutral
2025-06-17 10:13:48,626 - INFO - CoinGecko insights for TAO: bearish (0.65 confidence), sentiment: -0.38, whale: 0.10, smart money: neutral
2025-06-17 10:13:53,506 - INFO - CoinGecko insights for SOPH: neutral (0.50 confidence), sentiment: -0.07, whale: 0.10, smart money: neutral
2025-06-17 10:13:58,411 - INFO - SYRUPUSDT analysis: BUY signal with 0.47 strength
2025-06-17 10:13:58,411 - INFO - BCHUSDT analysis: BUY signal with 0.52 strength
2025-06-17 10:13:59,366 - WARNING - Calculated quantity is too small to execute: 0.0
2025-06-17 10:13:59,367 - INFO - XRPUSDT analysis: NEUTRAL signal with 0.00 strength
2025-06-17 10:13:59,605 - INFO - UNIUSDT analysis: NEUTRAL signal with 0.00 strength
2025-06-17 10:13:59,605 - INFO - KAITOUSDT analysis: NEUTRAL signal with 0.00 strength
2025-06-17 10:13:59,606 - INFO - BNBUSDT analysis: NEUTRAL signal with 0.00 strength
2025-06-17 10:13:59,606 - INFO - TRBUSDT analysis: NEUTRAL signal with 0.00 strength
2025-06-17 10:13:59,606 - INFO - ICPUSDT analysis: SELL signal with 0.36 strength
2025-06-17 10:13:59,607 - INFO - LPTUSDT analysis: SELL signal with 0.31 strength
2025-06-17 10:13:59,607 - INFO - HBARUSDT analysis: NEUTRAL signal with 0.00 strength
2025-06-17 10:13:59,607 - INFO - ETHUSDT analysis: NEUTRAL signal with 0.00 strength
2025-06-17 10:13:59,607 - INFO - APEUSDT analysis: NEUTRAL signal with 0.00 strength
2025-06-17 10:13:59,608 - INFO - CoinGecko insights for TAO: bearish (0.65 confidence), sentiment: -0.38, whale: 0.10, smart money: neutral
2025-06-17 10:13:59,608 - INFO - CoinGecko insights for SOPH: neutral (0.50 confidence), sentiment: -0.07, whale: 0.10, smart money: neutral
2025-06-17 10:13:59,608 - INFO - LTCUSDT analysis: NEUTRAL signal with 0.00 strength
2025-06-17 10:13:59,608 - INFO - TAOUSDT analysis: SELL signal with 0.31 strength
2025-06-17 10:13:59,609 - INFO - SOPHUSDT analysis: SELL signal with 0.33 strength
2025-06-17 10:13:59,609 - INFO - Trading cycle completed in 82.79 seconds
2025-06-17 10:17:29,422 - INFO - Top opportunities found: ['SOLUSDT', 'BNBUSDT', 'BCHUSDT', 'CHESSUSDT', 'BTCUSDT']
2025-06-17 10:17:30,800 - INFO - Selected optimal assets: SYRUPUSDT, BCHUSDT, XRPUSDT, UNIUSDT, KAITOUSDT... (10 total)
2025-06-17 10:17:31,268 - INFO - CoinGecko insights for SYRUP: bullish (0.75 confidence), sentiment: 0.46, whale: 0.20, smart money: bullish
2025-06-17 10:17:36,655 - INFO - CoinGecko insights for SYRUP: bullish (0.75 confidence), sentiment: 0.46, whale: 0.20, smart money: bullish
2025-06-17 10:17:36,655 - INFO - CoinGecko insights for XRP: neutral (0.50 confidence), sentiment: 0.13, whale: 0.05, smart money: bullish
2025-06-17 10:17:42,448 - INFO - CoinGecko insights for UNI: neutral (0.50 confidence), sentiment: 0.27, whale: 0.10, smart money: bullish
2025-06-17 10:17:47,349 - INFO - CoinGecko insights for KAITO: neutral (0.50 confidence), sentiment: -0.09, whale: 0.15, smart money: bearish
2025-06-17 10:17:52,303 - INFO - CoinGecko insights for BCH: bullish (0.70 confidence), sentiment: 0.45, whale: 0.10, smart money: bullish
2025-06-17 10:17:57,657 - INFO - SYRUPUSDT analysis: BUY signal with 0.44 strength
2025-06-17 10:17:57,657 - INFO - XRPUSDT analysis: NEUTRAL signal with 0.00 strength
2025-06-17 10:17:57,658 - INFO - UNIUSDT analysis: NEUTRAL signal with 0.00 strength
2025-06-17 10:17:57,658 - INFO - CoinGecko insights for KAITO: neutral (0.50 confidence), sentiment: -0.09, whale: 0.15, smart money: bearish
2025-06-17 10:17:57,658 - INFO - CoinGecko insights for BCH: bullish (0.70 confidence), sentiment: 0.45, whale: 0.10, smart money: bullish
2025-06-17 10:17:57,658 - INFO - KAITOUSDT analysis: NEUTRAL signal with 0.00 strength
2025-06-17 10:17:57,658 - INFO - BCHUSDT analysis: BUY signal with 0.52 strength
2025-06-17 10:17:59,084 - WARNING - Calculated quantity is too small to execute: 0.0
2025-06-17 10:18:15,052 - INFO - Selected optimal assets: SYRUPUSDT, BCHUSDT, XRPUSDT, UNIUSDT, KAITOUSDT... (10 total)
2025-06-17 10:18:15,053 - INFO - CoinGecko insights for SYRUP: bullish (0.75 confidence), sentiment: 0.46, whale: 0.20, smart money: bullish
2025-06-17 10:18:19,549 - INFO - CoinGecko insights for BCH: bullish (0.70 confidence), sentiment: 0.45, whale: 0.10, smart money: bullish
2025-06-17 10:18:23,760 - INFO - CoinGecko insights for XRP: neutral (0.50 confidence), sentiment: 0.13, whale: 0.05, smart money: bullish
2025-06-17 10:18:29,113 - INFO - CoinGecko insights for UNI: neutral (0.50 confidence), sentiment: 0.27, whale: 0.10, smart money: bullish
2025-06-17 10:18:34,919 - INFO - CoinGecko insights for KAITO: neutral (0.50 confidence), sentiment: -0.09, whale: 0.15, smart money: bearish
2025-06-17 10:18:40,497 - INFO - SYRUPUSDT analysis: BUY signal with 0.44 strength
2025-06-17 10:18:40,498 - INFO - BCHUSDT analysis: BUY signal with 0.52 strength
2025-06-17 10:18:41,454 - WARNING - Calculated quantity is too small to execute: 0.0
2025-06-17 10:18:41,454 - INFO - XRPUSDT analysis: NEUTRAL signal with 0.00 strength
2025-06-17 10:18:41,454 - INFO - CoinGecko insights for UNI: neutral (0.50 confidence), sentiment: 0.27, whale: 0.10, smart money: bullish
2025-06-17 10:18:41,455 - INFO - CoinGecko insights for KAITO: neutral (0.50 confidence), sentiment: -0.09, whale: 0.15, smart money: bearish
2025-06-17 10:18:41,455 - INFO - UNIUSDT analysis: NEUTRAL signal with 0.00 strength
2025-06-17 10:18:41,455 - INFO - KAITOUSDT analysis: NEUTRAL signal with 0.00 strength
2025-06-17 10:18:57,866 - INFO - Selected optimal assets: SYRUPUSDT, BCHUSDT, XRPUSDT, UNIUSDT, KAITOUSDT... (10 total)
2025-06-17 10:18:57,867 - INFO - CoinGecko insights for SYRUP: bullish (0.75 confidence), sentiment: 0.46, whale: 0.20, smart money: bullish
2025-06-17 10:19:02,771 - INFO - CoinGecko insights for BCH: bullish (0.70 confidence), sentiment: 0.45, whale: 0.10, smart money: bullish
2025-06-17 10:19:08,079 - INFO - CoinGecko insights for XRP: neutral (0.50 confidence), sentiment: 0.13, whale: 0.05, smart money: bullish
2025-06-17 10:19:12,978 - INFO - CoinGecko insights for UNI: neutral (0.50 confidence), sentiment: 0.27, whale: 0.10, smart money: bullish
2025-06-17 10:19:18,329 - INFO - CoinGecko insights for KAITO: neutral (0.50 confidence), sentiment: -0.09, whale: 0.15, smart money: bearish
2025-06-17 10:19:23,914 - INFO - SYRUPUSDT analysis: BUY signal with 0.42 strength
2025-06-17 10:19:23,914 - INFO - BCHUSDT analysis: BUY signal with 0.52 strength
2025-06-17 10:19:25,784 - WARNING - Calculated quantity is too small to execute: 0.0
2025-06-17 10:19:25,784 - INFO - XRPUSDT analysis: NEUTRAL signal with 0.00 strength
2025-06-17 10:19:25,785 - INFO - CoinGecko insights for UNI: neutral (0.50 confidence), sentiment: 0.27, whale: 0.10, smart money: bullish
2025-06-17 10:19:25,785 - INFO - CoinGecko insights for KAITO: neutral (0.50 confidence), sentiment: -0.09, whale: 0.15, smart money: bearish
2025-06-17 10:19:25,785 - INFO - UNIUSDT analysis: NEUTRAL signal with 0.00 strength
2025-06-17 10:19:25,785 - INFO - KAITOUSDT analysis: NEUTRAL signal with 0.00 strength
2025-06-17 10:19:41,508 - INFO - Selected optimal assets: SYRUPUSDT, BCHUSDT, XRPUSDT, UNIUSDT, KAITOUSDT... (10 total)
2025-06-17 10:19:41,510 - INFO - CoinGecko insights for SYRUP: bullish (0.75 confidence), sentiment: 0.46, whale: 0.20, smart money: bullish
2025-06-17 10:19:45,918 - INFO - CoinGecko insights for BCH: bullish (0.70 confidence), sentiment: 0.45, whale: 0.10, smart money: bullish
2025-06-17 10:19:50,371 - INFO - CoinGecko insights for XRP: neutral (0.50 confidence), sentiment: 0.13, whale: 0.05, smart money: bullish
2025-06-17 10:19:55,714 - INFO - CoinGecko insights for UNI: neutral (0.50 confidence), sentiment: 0.27, whale: 0.10, smart money: bullish
2025-06-17 10:20:00,363 - INFO - Bot stopped by user
2025-06-17 10:20:00,483 - ERROR - Task was destroyed but it is pending!
task: <Task cancelling name='Task-1' coro=<HybridTradingBot.run() done, defined at C:\Users\cuhey\Downloads\GenesisAI\src\hybrid_bot.py:194> wait_for=<_GatheringFuture finished exception=CancelledError()> cb=[gather.<locals>._done_callback() at C:\Users\cuhey\AppData\Local\Programs\Python\Python313\Lib\asyncio\tasks.py:820]>
2025-06-17 10:20:00,485 - ERROR - _GatheringFuture exception was never retrieved
future: <_GatheringFuture finished exception=CancelledError()>
Traceback (most recent call last):
  File "C:\Users\cuhey\Downloads\GenesisAI\src\main.py", line 31, in <module>
    asyncio.run(bot.run())
    ~~~~~~~~~~~^^^^^^^^^^^
  File "C:\Users\cuhey\AppData\Local\Programs\Python\Python313\Lib\asyncio\runners.py", line 193, in run
    with Runner(debug=debug, loop_factory=loop_factory) as runner:
         ~~~~~~^^^^^^^^^^^^^^^^^^^^^^^^^^^^^^^^^^^^^^^^
  File "C:\Users\cuhey\AppData\Local\Programs\Python\Python313\Lib\asyncio\runners.py", line 62, in __exit__
    self.close()
    ~~~~~~~~~~^^
  File "C:\Users\cuhey\AppData\Local\Programs\Python\Python313\Lib\asyncio\runners.py", line 70, in close
    _cancel_all_tasks(loop)
    ~~~~~~~~~~~~~~~~~^^^^^^
  File "C:\Users\cuhey\AppData\Local\Programs\Python\Python313\Lib\asyncio\runners.py", line 205, in _cancel_all_tasks
    loop.run_until_complete(tasks.gather(*to_cancel, return_exceptions=True))
    ~~~~~~~~~~~~~~~~~~~~~~~^^^^^^^^^^^^^^^^^^^^^^^^^^^^^^^^^^^^^^^^^^^^^^^^^^
  File "C:\Users\cuhey\AppData\Local\Programs\Python\Python313\Lib\asyncio\base_events.py", line 708, in run_until_complete
    self.run_forever()
    ~~~~~~~~~~~~~~~~^^
  File "C:\Users\cuhey\AppData\Local\Programs\Python\Python313\Lib\asyncio\base_events.py", line 679, in run_forever
    self._run_once()
    ~~~~~~~~~~~~~~^^
  File "C:\Users\cuhey\AppData\Local\Programs\Python\Python313\Lib\asyncio\base_events.py", line 2027, in _run_once
    handle._run()
    ~~~~~~~~~~~^^
  File "C:\Users\cuhey\AppData\Local\Programs\Python\Python313\Lib\asyncio\events.py", line 89, in _run
    self._context.run(self._callback, *self._args)
    ~~~~~~~~~~~~~~~~~^^^^^^^^^^^^^^^^^^^^^^^^^^^^^
  File "C:\Users\cuhey\Downloads\GenesisAI\src\hybrid_bot.py", line 484, in trading_task
    await asyncio.gather(*analysis_tasks)
  File "C:\Users\cuhey\AppData\Local\Programs\Python\Python313\Lib\asyncio\runners.py", line 194, in run
    return runner.run(main)
           ~~~~~~~~~~^^^^^^
  File "C:\Users\cuhey\AppData\Local\Programs\Python\Python313\Lib\asyncio\runners.py", line 118, in run
    return self._loop.run_until_complete(task)
           ~~~~~~~~~~~~~~~~~~~~~~~~~~~~~^^^^^^
  File "C:\Users\cuhey\AppData\Local\Programs\Python\Python313\Lib\asyncio\base_events.py", line 708, in run_until_complete
    self.run_forever()
    ~~~~~~~~~~~~~~~~^^
  File "C:\Users\cuhey\AppData\Local\Programs\Python\Python313\Lib\asyncio\base_events.py", line 679, in run_forever
    self._run_once()
    ~~~~~~~~~~~~~~^^
  File "C:\Users\cuhey\AppData\Local\Programs\Python\Python313\Lib\asyncio\base_events.py", line 2027, in _run_once
    handle._run()
    ~~~~~~~~~~~^^
  File "C:\Users\cuhey\AppData\Local\Programs\Python\Python313\Lib\asyncio\events.py", line 89, in _run
    self._context.run(self._callback, *self._args)
    ~~~~~~~~~~~~~~~~~^^^^^^^^^^^^^^^^^^^^^^^^^^^^^
  File "C:\Users\cuhey\Downloads\GenesisAI\src\hybrid_bot.py", line 585, in analyze_and_trade
    mtf_analysis = await self.market_analysis.get_multi_timeframe_analysis(pair)
                   ^^^^^^^^^^^^^^^^^^^^^^^^^^^^^^^^^^^^^^^^^^^^^^^^^^^^^^^^^^^^^
  File "C:\Users\cuhey\Downloads\GenesisAI\src\market_analysis.py", line 53, in get_multi_timeframe_analysis
    klines = await self.get_klines(pair, now - lookback_ms, interval)
             ^^^^^^^^^^^^^^^^^^^^^^^^^^^^^^^^^^^^^^^^^^^^^^^^^^^^^^^^
  File "C:\Users\cuhey\Downloads\GenesisAI\src\market_analysis.py", line 261, in get_klines
    klines = self.binance_client.get_historical_klines(
        pair, interval, start_time, limit=1000
    )
  File "C:\Users\cuhey\Downloads\GenesisAI\venv\Lib\site-packages\binance\client.py", line 830, in get_historical_klines
    return self._historical_klines(
           ~~~~~~~~~~~~~~~~~~~~~~~^
        symbol,
        ^^^^^^^
    ...<4 lines>...
        klines_type=klines_type,
        ^^^^^^^^^^^^^^^^^^^^^^^^
    )
    ^
  File "C:\Users\cuhey\Downloads\GenesisAI\venv\Lib\site-packages\binance\client.py", line 887, in _historical_klines
    first_valid_ts = self._get_earliest_valid_timestamp(
        symbol, interval, klines_type
    )
  File "C:\Users\cuhey\Downloads\GenesisAI\venv\Lib\site-packages\binance\client.py", line 793, in _get_earliest_valid_timestamp
    kline = self._klines(
        klines_type=klines_type,
    ...<4 lines>...
        endTime=int(time.time() * 1000),
    )
  File "C:\Users\cuhey\Downloads\GenesisAI\venv\Lib\site-packages\binance\client.py", line 759, in _klines
    return self.get_klines(**params)
           ~~~~~~~~~~~~~~~^^^^^^^^^^
  File "C:\Users\cuhey\Downloads\GenesisAI\venv\Lib\site-packages\binance\client.py", line 742, in get_klines
    return self._get("klines", data=params, version=self.PRIVATE_API_VERSION)
           ~~~~~~~~~^^^^^^^^^^^^^^^^^^^^^^^^^^^^^^^^^^^^^^^^^^^^^^^^^^^^^^^^^
  File "C:\Users\cuhey\Downloads\GenesisAI\venv\Lib\site-packages\binance\client.py", line 180, in _get
    return self._request_api("get", path, signed, version, **kwargs)
           ~~~~~~~~~~~~~~~~~^^^^^^^^^^^^^^^^^^^^^^^^^^^^^^^^^^^^^^^^
  File "C:\Users\cuhey\Downloads\GenesisAI\venv\Lib\site-packages\binance\client.py", line 117, in _request_api
    return self._request(method, uri, signed, **kwargs)
           ~~~~~~~~~~~~~^^^^^^^^^^^^^^^^^^^^^^^^^^^^^^^
  File "C:\Users\cuhey\Downloads\GenesisAI\venv\Lib\site-packages\binance\client.py", line 88, in _request
    self.response = getattr(self.session, method)(uri, headers=headers, data=data, **kwargs)
                    ~~~~~~~~~~~~~~~~~~~~~~~~~~~~~^^^^^^^^^^^^^^^^^^^^^^^^^^^^^^^^^^^^^^^^^^^
  File "C:\Users\cuhey\Downloads\GenesisAI\venv\Lib\site-packages\requests\sessions.py", line 602, in get
    return self.request("GET", url, **kwargs)
           ~~~~~~~~~~~~^^^^^^^^^^^^^^^^^^^^^^
  File "C:\Users\cuhey\Downloads\GenesisAI\venv\Lib\site-packages\requests\sessions.py", line 589, in request
    resp = self.send(prep, **send_kwargs)
  File "C:\Users\cuhey\Downloads\GenesisAI\venv\Lib\site-packages\requests\sessions.py", line 703, in send
    r = adapter.send(request, **kwargs)
  File "C:\Users\cuhey\Downloads\GenesisAI\venv\Lib\site-packages\requests\adapters.py", line 667, in send
    resp = conn.urlopen(
        method=request.method,
    ...<9 lines>...
        chunked=chunked,
    )
  File "C:\Users\cuhey\Downloads\GenesisAI\venv\Lib\site-packages\urllib3\connectionpool.py", line 787, in urlopen
    response = self._make_request(
        conn,
    ...<10 lines>...
        **response_kw,
    )
  File "C:\Users\cuhey\Downloads\GenesisAI\venv\Lib\site-packages\urllib3\connectionpool.py", line 534, in _make_request
    response = conn.getresponse()
  File "C:\Users\cuhey\Downloads\GenesisAI\venv\Lib\site-packages\urllib3\connection.py", line 516, in getresponse
    httplib_response = super().getresponse()
  File "C:\Users\cuhey\AppData\Local\Programs\Python\Python313\Lib\http\client.py", line 1428, in getresponse
    response.begin()
    ~~~~~~~~~~~~~~^^
  File "C:\Users\cuhey\AppData\Local\Programs\Python\Python313\Lib\http\client.py", line 331, in begin
    version, status, reason = self._read_status()
                              ~~~~~~~~~~~~~~~~~^^
  File "C:\Users\cuhey\AppData\Local\Programs\Python\Python313\Lib\http\client.py", line 292, in _read_status
    line = str(self.fp.readline(_MAXLINE + 1), "iso-8859-1")
               ~~~~~~~~~~~~~~~~^^^^^^^^^^^^^^
  File "C:\Users\cuhey\AppData\Local\Programs\Python\Python313\Lib\socket.py", line 719, in readinto
    return self._sock.recv_into(b)
           ~~~~~~~~~~~~~~~~~~~~^^^
  File "C:\Users\cuhey\AppData\Local\Programs\Python\Python313\Lib\ssl.py", line 1304, in recv_into
    return self.read(nbytes, buffer)
           ~~~~~~~~~^^^^^^^^^^^^^^^^
  File "C:\Users\cuhey\AppData\Local\Programs\Python\Python313\Lib\ssl.py", line 1138, in read
    return self._sslobj.read(len, buffer)
           ~~~~~~~~~~~~~~~~~^^^^^^^^^^^^^
  File "C:\Users\cuhey\AppData\Local\Programs\Python\Python313\Lib\asyncio\runners.py", line 157, in _on_sigint
    raise KeyboardInterrupt()
KeyboardInterrupt

During handling of the above exception, another exception occurred:

Traceback (most recent call last):
  File "C:\Users\cuhey\Downloads\GenesisAI\src\hybrid_bot.py", line 347, in market_monitor_task
    await asyncio.sleep(1800)
  File "C:\Users\cuhey\AppData\Local\Programs\Python\Python313\Lib\asyncio\tasks.py", line 718, in sleep
    return await future
           ^^^^^^^^^^^^
asyncio.exceptions.CancelledError
2025-06-17 10:20:00,629 - ERROR - Task exception was never retrieved
future: <Task finished name='Task-3' coro=<HybridTradingBot.trading_task() done, defined at C:\Users\cuhey\Downloads\GenesisAI\src\hybrid_bot.py:355> exception=KeyboardInterrupt()>
Traceback (most recent call last):
  File "C:\Users\cuhey\Downloads\GenesisAI\src\main.py", line 31, in <module>
    asyncio.run(bot.run())
    ~~~~~~~~~~~^^^^^^^^^^^
  File "C:\Users\cuhey\AppData\Local\Programs\Python\Python313\Lib\asyncio\runners.py", line 193, in run
    with Runner(debug=debug, loop_factory=loop_factory) as runner:
         ~~~~~~^^^^^^^^^^^^^^^^^^^^^^^^^^^^^^^^^^^^^^^^
  File "C:\Users\cuhey\AppData\Local\Programs\Python\Python313\Lib\asyncio\runners.py", line 62, in __exit__
    self.close()
    ~~~~~~~~~~^^
  File "C:\Users\cuhey\AppData\Local\Programs\Python\Python313\Lib\asyncio\runners.py", line 70, in close
    _cancel_all_tasks(loop)
    ~~~~~~~~~~~~~~~~~^^^^^^
  File "C:\Users\cuhey\AppData\Local\Programs\Python\Python313\Lib\asyncio\runners.py", line 205, in _cancel_all_tasks
    loop.run_until_complete(tasks.gather(*to_cancel, return_exceptions=True))
    ~~~~~~~~~~~~~~~~~~~~~~~^^^^^^^^^^^^^^^^^^^^^^^^^^^^^^^^^^^^^^^^^^^^^^^^^^
  File "C:\Users\cuhey\AppData\Local\Programs\Python\Python313\Lib\asyncio\base_events.py", line 708, in run_until_complete
    self.run_forever()
    ~~~~~~~~~~~~~~~~^^
  File "C:\Users\cuhey\AppData\Local\Programs\Python\Python313\Lib\asyncio\base_events.py", line 679, in run_forever
    self._run_once()
    ~~~~~~~~~~~~~~^^
  File "C:\Users\cuhey\AppData\Local\Programs\Python\Python313\Lib\asyncio\base_events.py", line 2027, in _run_once
    handle._run()
    ~~~~~~~~~~~^^
  File "C:\Users\cuhey\AppData\Local\Programs\Python\Python313\Lib\asyncio\events.py", line 89, in _run
    self._context.run(self._callback, *self._args)
    ~~~~~~~~~~~~~~~~~^^^^^^^^^^^^^^^^^^^^^^^^^^^^^
  File "C:\Users\cuhey\Downloads\GenesisAI\src\hybrid_bot.py", line 484, in trading_task
    await asyncio.gather(*analysis_tasks)
  File "C:\Users\cuhey\AppData\Local\Programs\Python\Python313\Lib\asyncio\runners.py", line 194, in run
    return runner.run(main)
           ~~~~~~~~~~^^^^^^
  File "C:\Users\cuhey\AppData\Local\Programs\Python\Python313\Lib\asyncio\runners.py", line 118, in run
    return self._loop.run_until_complete(task)
           ~~~~~~~~~~~~~~~~~~~~~~~~~~~~~^^^^^^
  File "C:\Users\cuhey\AppData\Local\Programs\Python\Python313\Lib\asyncio\base_events.py", line 708, in run_until_complete
    self.run_forever()
    ~~~~~~~~~~~~~~~~^^
  File "C:\Users\cuhey\AppData\Local\Programs\Python\Python313\Lib\asyncio\base_events.py", line 679, in run_forever
    self._run_once()
    ~~~~~~~~~~~~~~^^
  File "C:\Users\cuhey\AppData\Local\Programs\Python\Python313\Lib\asyncio\base_events.py", line 2027, in _run_once
    handle._run()
    ~~~~~~~~~~~^^
  File "C:\Users\cuhey\AppData\Local\Programs\Python\Python313\Lib\asyncio\events.py", line 89, in _run
    self._context.run(self._callback, *self._args)
    ~~~~~~~~~~~~~~~~~^^^^^^^^^^^^^^^^^^^^^^^^^^^^^
  File "C:\Users\cuhey\Downloads\GenesisAI\src\hybrid_bot.py", line 585, in analyze_and_trade
    mtf_analysis = await self.market_analysis.get_multi_timeframe_analysis(pair)
                   ^^^^^^^^^^^^^^^^^^^^^^^^^^^^^^^^^^^^^^^^^^^^^^^^^^^^^^^^^^^^^
  File "C:\Users\cuhey\Downloads\GenesisAI\src\market_analysis.py", line 53, in get_multi_timeframe_analysis
    klines = await self.get_klines(pair, now - lookback_ms, interval)
             ^^^^^^^^^^^^^^^^^^^^^^^^^^^^^^^^^^^^^^^^^^^^^^^^^^^^^^^^
  File "C:\Users\cuhey\Downloads\GenesisAI\src\market_analysis.py", line 261, in get_klines
    klines = self.binance_client.get_historical_klines(
        pair, interval, start_time, limit=1000
    )
  File "C:\Users\cuhey\Downloads\GenesisAI\venv\Lib\site-packages\binance\client.py", line 830, in get_historical_klines
    return self._historical_klines(
           ~~~~~~~~~~~~~~~~~~~~~~~^
        symbol,
        ^^^^^^^
    ...<4 lines>...
        klines_type=klines_type,
        ^^^^^^^^^^^^^^^^^^^^^^^^
    )
    ^
  File "C:\Users\cuhey\Downloads\GenesisAI\venv\Lib\site-packages\binance\client.py", line 887, in _historical_klines
    first_valid_ts = self._get_earliest_valid_timestamp(
        symbol, interval, klines_type
    )
  File "C:\Users\cuhey\Downloads\GenesisAI\venv\Lib\site-packages\binance\client.py", line 793, in _get_earliest_valid_timestamp
    kline = self._klines(
        klines_type=klines_type,
    ...<4 lines>...
        endTime=int(time.time() * 1000),
    )
  File "C:\Users\cuhey\Downloads\GenesisAI\venv\Lib\site-packages\binance\client.py", line 759, in _klines
    return self.get_klines(**params)
           ~~~~~~~~~~~~~~~^^^^^^^^^^
  File "C:\Users\cuhey\Downloads\GenesisAI\venv\Lib\site-packages\binance\client.py", line 742, in get_klines
    return self._get("klines", data=params, version=self.PRIVATE_API_VERSION)
           ~~~~~~~~~^^^^^^^^^^^^^^^^^^^^^^^^^^^^^^^^^^^^^^^^^^^^^^^^^^^^^^^^^
  File "C:\Users\cuhey\Downloads\GenesisAI\venv\Lib\site-packages\binance\client.py", line 180, in _get
    return self._request_api("get", path, signed, version, **kwargs)
           ~~~~~~~~~~~~~~~~~^^^^^^^^^^^^^^^^^^^^^^^^^^^^^^^^^^^^^^^^
  File "C:\Users\cuhey\Downloads\GenesisAI\venv\Lib\site-packages\binance\client.py", line 117, in _request_api
    return self._request(method, uri, signed, **kwargs)
           ~~~~~~~~~~~~~^^^^^^^^^^^^^^^^^^^^^^^^^^^^^^^
  File "C:\Users\cuhey\Downloads\GenesisAI\venv\Lib\site-packages\binance\client.py", line 88, in _request
    self.response = getattr(self.session, method)(uri, headers=headers, data=data, **kwargs)
                    ~~~~~~~~~~~~~~~~~~~~~~~~~~~~~^^^^^^^^^^^^^^^^^^^^^^^^^^^^^^^^^^^^^^^^^^^
  File "C:\Users\cuhey\Downloads\GenesisAI\venv\Lib\site-packages\requests\sessions.py", line 602, in get
    return self.request("GET", url, **kwargs)
           ~~~~~~~~~~~~^^^^^^^^^^^^^^^^^^^^^^
  File "C:\Users\cuhey\Downloads\GenesisAI\venv\Lib\site-packages\requests\sessions.py", line 589, in request
    resp = self.send(prep, **send_kwargs)
  File "C:\Users\cuhey\Downloads\GenesisAI\venv\Lib\site-packages\requests\sessions.py", line 703, in send
    r = adapter.send(request, **kwargs)
  File "C:\Users\cuhey\Downloads\GenesisAI\venv\Lib\site-packages\requests\adapters.py", line 667, in send
    resp = conn.urlopen(
        method=request.method,
    ...<9 lines>...
        chunked=chunked,
    )
  File "C:\Users\cuhey\Downloads\GenesisAI\venv\Lib\site-packages\urllib3\connectionpool.py", line 787, in urlopen
    response = self._make_request(
        conn,
    ...<10 lines>...
        **response_kw,
    )
  File "C:\Users\cuhey\Downloads\GenesisAI\venv\Lib\site-packages\urllib3\connectionpool.py", line 534, in _make_request
    response = conn.getresponse()
  File "C:\Users\cuhey\Downloads\GenesisAI\venv\Lib\site-packages\urllib3\connection.py", line 516, in getresponse
    httplib_response = super().getresponse()
  File "C:\Users\cuhey\AppData\Local\Programs\Python\Python313\Lib\http\client.py", line 1428, in getresponse
    response.begin()
    ~~~~~~~~~~~~~~^^
  File "C:\Users\cuhey\AppData\Local\Programs\Python\Python313\Lib\http\client.py", line 331, in begin
    version, status, reason = self._read_status()
                              ~~~~~~~~~~~~~~~~~^^
  File "C:\Users\cuhey\AppData\Local\Programs\Python\Python313\Lib\http\client.py", line 292, in _read_status
    line = str(self.fp.readline(_MAXLINE + 1), "iso-8859-1")
               ~~~~~~~~~~~~~~~~^^^^^^^^^^^^^^
  File "C:\Users\cuhey\AppData\Local\Programs\Python\Python313\Lib\socket.py", line 719, in readinto
    return self._sock.recv_into(b)
           ~~~~~~~~~~~~~~~~~~~~^^^
  File "C:\Users\cuhey\AppData\Local\Programs\Python\Python313\Lib\ssl.py", line 1304, in recv_into
    return self.read(nbytes, buffer)
           ~~~~~~~~~^^^^^^^^^^^^^^^^
  File "C:\Users\cuhey\AppData\Local\Programs\Python\Python313\Lib\ssl.py", line 1138, in read
    return self._sslobj.read(len, buffer)
           ~~~~~~~~~~~~~~~~~^^^^^^^^^^^^^
  File "C:\Users\cuhey\AppData\Local\Programs\Python\Python313\Lib\asyncio\runners.py", line 157, in _on_sigint
    raise KeyboardInterrupt()
KeyboardInterrupt
