2025-07-01 18:14:43,611 - INFO - Nebula AI Integration initialized with session: 03a5b63b-3118-423e-8fe4-217f6d2e04c9
2025-07-01 18:14:43,613 - INFO - Nebula AI integration enabled
2025-07-01 18:14:43,613 - INFO - CoinGecko initialiseret - Gratis tier
2025-07-01 18:14:43,994 - INFO - CoinGecko API connected: (V3) To the Moon!
2025-07-01 18:14:43,995 - INFO - CoinGecko AI klient initialiseret succesfuldt
2025-07-01 18:14:43,995 - INFO - CoinGecko AI client initialized
2025-07-01 18:14:44,002 - INFO - Database initialization complete
2025-07-01 18:14:44,003 - INFO - Enhanced Signal API Client initialized: http://localhost:3001/api
2025-07-01 18:14:44,004 - INFO - API Enhanced Strategy initialized
2025-07-01 18:14:44,004 - INFO - API enabled: True
2025-07-01 18:14:44,004 - INFO - API URL: http://localhost:3001/api
2025-07-01 18:14:44,004 - INFO - Fallback enabled: True
2025-07-01 18:14:44,004 - INFO - Taapi.io client initialized (Free tier: 1 request/15s)
2025-07-01 18:14:44,005 - INFO - Advanced indicators initialized with Taapi.io
2025-07-01 18:14:44,005 - INFO - Advanced indicators initialized successfully
2025-07-01 18:14:44,005 - INFO - Risk Manager initialized with equity protection: Warning at 2.0%, Risk Reduction at 3.0%, High Alert at 5.0%, Emergency at 8.0%
2025-07-01 18:14:44,005 - INFO - Hybrid Trading Bot initialized with Enhanced Signal API
2025-07-01 18:14:44,005 - INFO - API URL: http://localhost:3001/api
2025-07-01 18:14:44,006 - INFO - API enabled: True
2025-07-01 18:14:44,006 - INFO - Mode: TEST trading
2025-07-01 18:14:44,006 - INFO - AI Provider: CoinGecko
2025-07-01 18:14:44,006 - INFO - Advanced Indicators: Taapi.io
2025-07-01 18:14:44,008 - INFO - Testing API connections...
2025-07-01 18:14:44,008 - INFO - Initializing Enhanced Signal API...
2025-07-01 18:14:44,029 - INFO - API health check passed
2025-07-01 18:14:44,030 - INFO - Enhanced Signal API initialized successfully
2025-07-01 18:14:44,030 - INFO - Enhanced Signal API initialized successfully
2025-07-01 18:14:44,030 - INFO - Using AI-powered signals with on-chain analysis
2025-07-01 18:14:44,263 - INFO - Binance server time: 2025-07-01 18:14:43.261000
2025-07-01 18:14:44,722 - INFO - CoinGecko AI connection successful: 0.011441247281072917
2025-07-01 18:14:44,722 - INFO - Preloading historical data for analysis...
2025-07-01 18:14:44,723 - INFO - Preloading historical data for analysis...
2025-07-01 18:14:44,723 - INFO - Fetching top 20 trending cryptocurrency pairs
2025-07-01 18:14:46,125 - INFO - Found trending pairs: HFTUSDT, MAVUSDT, JTOUSDT, SUPERUSDT, TRBUSDT...
2025-07-01 18:14:46,126 - INFO - Preloading data for pairs: PROMUSDT, LPTUSDT, HFTUSDT, SUPERUSDT, JUPUSDT
2025-07-01 18:15:17,187 - INFO - Preloading data for pairs: INITUSDT, BNBUSDT, SOLUSDT, SYRUPUSDT, SEIUSDT
2025-07-01 18:15:50,317 - INFO - Preloading data for pairs: ADAUSDT, 1000SATSUSDT, ENAUSDT, ZKUSDT, BTCUSDT
2025-07-01 18:16:22,076 - INFO - Preloading data for pairs: ORDIUSDT, APTUSDT, JTOUSDT, VIRTUALUSDT, ETHUSDT
2025-07-01 18:16:54,323 - INFO - Preloading data for pairs: TRBUSDT, GPSUSDT, MAVUSDT, NEIROUSDT
2025-07-01 18:17:23,369 - INFO - Historical data preloading complete
2025-07-01 18:17:30,901 - INFO - Updating correlation matrix...
2025-07-01 18:17:30,902 - INFO - API STRATEGY STATISTICS:
2025-07-01 18:17:30,902 - INFO -   • Total Analyses: 0
2025-07-01 18:17:30,902 - INFO -   • API Signals Used: 0 (0.0%)
2025-07-01 18:17:30,903 - INFO -   • Fallback Used: 0 (0.0%)
2025-07-01 18:17:30,903 - INFO -   • API Success Rate: 0.0%
2025-07-01 18:17:30,903 - INFO -   • API Cache Hits: 0
2025-07-01 18:17:30,903 - INFO -   • API Available: True
2025-07-01 18:17:30,907 - INFO - Current equity: $1000.00, Daily ROI: 0.00%, Drawdown: 0.00%, Risk level: normal, Positions: 0/5 ($0.00, 0.0% of equity)
2025-07-01 18:17:30,915 - INFO - Current daily ROI: 0.00% (target: 0.5% - 2.5%)
2025-07-01 18:17:30,989 - INFO - Hourly performance report: {
  "equity": {
    "current": 1000.0,
    "start": 1000.0,
    "total_return_pct": 0.0,
    "max_drawdown_pct": 0.0,
    "avg_daily_return_pct": 0.0,
    "avg_weekly_return_pct": 0.0
  },
  "trades": {
    "total": 32,
    "win_count": 18,
    "loss_count": 14,
    "win_rate_pct": 56.25,
    "profit_factor": 0.6,
    "avg_profit": 2.33,
    "avg_loss": -4.96,
    "expected_value": -0.86,
    "recent_win_rate_pct": 33.33
  },
  "pairs": {
    "best_pair": "SEIUSDT",
    "best_pair_profit": 5.45,
    "worst_pair": "SYRUPUSDT",
    "worst_pair_profit": -7.31
  },
  "timestamp": "2025-07-01 18:17:30"
}
2025-07-01 18:18:03,751 - INFO - Bot stopped by user
