DYNAMIC BUY: NXPCUSDT - Qty: 258.3, Price: $0.9291, Value: $240.00, Signal: 0.33
DYNAMIC BUY: SUIUSDT - Qty: 87.5, Price: $2.7421, Value: $240.00, Signal: 0.39
DYNAMIC BUY: AAVEUSDT - Qty: 0.905, Price: $265.0600, Value: $240.00, Signal: 0.38
DYNAMIC BUY: ARBUSDT - Qty: 1025.3, Price: $0.3121, Value: $320.00, Signal: 0.46
DYNAMIC BUY: GPSUSDT - Qty: 10774.4, Price: $0.0297, Value: $320.00, Signal: 0.41
SELL ORDER: ARBUSDT - 1025.3 at approx. $0.308, P/L: $-4.20 (-1.31%)
DYNAMIC BUY: SYRUPUSDT - Qty: 695.9, Price: $0.6207, Value: $432.00, Signal: 0.67
SELL ORDER: SYRUPUSDT - 695.9 at approx. $0.623, P/L: $1.60 (0.37%)
DYNAMIC BUY: SYRUPUSDT - Qty: 693.1, Price: $0.6232, Value: $432.00, Signal: 0.69
SELL ORDER: SYRUPUSDT - 693.1 at approx. $0.6167, P/L: $-4.51 (-1.04%)
SELL ORDER: SUIUSDT - 87.5 at approx. $2.7835, P/L: $3.62 (1.51%)
DYNAMIC BUY: BABYUSDT - Qty: 6669.0, Price: $0.0480, Value: $320.00, Signal: 0.57
SELL ORDER: BABYUSDT - 6669.0 at approx. $0.0475, P/L: $-3.20 (-1.00%)
DYNAMIC BUY: SYRUPUSDT - Qty: 699.7, Price: $0.6174, Value: $432.00, Signal: 0.61
DYNAMIC BUY: RENDERUSDT - Qty: 99.44, Price: $3.2180, Value: $320.00, Signal: 0.44
SELL ORDER: RENDERUSDT - 99.44 at approx. $3.25, P/L: $3.18 (0.99%)
DYNAMIC BUY: SUIUSDT - Qty: 114.7, Price: $2.7882, Value: $320.00, Signal: 0.40
SELL ORDER: SUIUSDT - 114.7 at approx. $2.7455, P/L: $-4.90 (-1.53%)
SELL ORDER: NXPCUSDT - 258.3 at approx. $0.915, P/L: $-3.64 (-1.52%)
DYNAMIC BUY: SEIUSDT - Qty: 851.0, Price: $0.2820, Value: $240.00, Signal: 0.30
SELL ORDER: GPSUSDT - 10774.4 at approx. $0.0292, P/L: $-5.39 (-1.68%)
SELL ORDER: SYRUPUSDT - 699.7 at approx. $0.6111, P/L: $-4.41 (-1.02%)
SELL ORDER: AAVEUSDT - 0.905 at approx. $260.94, P/L: $-3.73 (-1.55%)
SELL ORDER: SEIUSDT - 851.0 at approx. $0.2884, P/L: $5.45 (2.27%)
