2025-06-05 14:51:41,909 - INFO - CoinGecko API connected: (V3) To the Moon!
2025-06-05 14:51:41,909 - INFO - CoinGecko AI client initialized with demo API key
2025-06-05 14:51:41,910 - INFO - CoinGecko AI client initialized
2025-06-05 14:51:41,910 - INFO - Database initialization complete
2025-06-05 14:51:41,911 - INFO - Risk Manager initialized with equity protection: Warning at 3.0%, Risk Reduction at 5.0%, High Alert at 8.0%, Emergency at 12.0%
2025-06-05 14:51:41,912 - INFO - Hybrid Trading Bot initialized with 1000.00 equity
2025-06-05 14:51:41,912 - INFO - Mode: TEST trading
2025-06-05 14:51:41,912 - INFO - AI Provider: CoinGecko
2025-06-05 14:51:41,913 - INFO - Testing API connections...
2025-06-05 14:51:42,603 - INFO - Binance server time: 2025-06-05 14:51:39.187000
2025-06-05 14:51:42,823 - INFO - CoinGecko AI connection successful: 0.055707367842351196
2025-06-05 14:51:42,823 - INFO - Preloading historical data for analysis...
2025-06-05 14:51:42,823 - INFO - Preloading historical data for analysis...
2025-06-05 14:51:42,823 - INFO - Fetching top 20 trending cryptocurrency pairs
2025-06-05 14:51:44,286 - INFO - Found trending pairs: LPTUSDT, NXPCUSDT, WCTUSDT, VANAUSDT, COMPUSDT...
2025-06-05 14:51:44,287 - INFO - Preloading data for pairs: ANIMEUSDT, ENAUSDT, JUPUSDT, BNBUSDT, BTCUSDT
2025-06-05 14:52:15,519 - INFO - Preloading data for pairs: DEXEUSDT, UNIUSDT, LPTUSDT, ADAUSDT, NXPCUSDT
2025-06-05 14:52:44,676 - INFO - Preloading data for pairs: AIXBTUSDT, APEUSDT, VANAUSDT, QNTUSDT, PIXELUSDT
2025-06-05 14:53:17,900 - INFO - Preloading data for pairs: COMPUSDT, VIRTUALUSDT, CRVUSDT, ETHUSDT, WCTUSDT
2025-06-05 14:53:49,573 - INFO - Preloading data for pairs: TRBUSDT, SOLUSDT, SOPHUSDT, SIGNUSDT, SYRUPUSDT
2025-06-05 14:54:22,533 - INFO - Historical data preloading complete
2025-06-05 14:54:31,924 - INFO - Updating correlation matrix...
2025-06-05 14:54:31,925 - INFO - Current equity: $1000.00, Daily ROI: 0.00%, Drawdown: 0.00%, Risk level: normal, Positions: 0/15 ($0.00, 0.0% of equity)
2025-06-05 14:54:31,926 - INFO - Current daily ROI: 0.00% (target: 0.5% - 2.5%)
2025-06-05 14:55:06,438 - ERROR - Error getting klines for EOSUSDT 4h: APIError(code=-1121): Invalid symbol.
2025-06-05 14:55:12,604 - INFO - Selected optimal assets: ... (0 total)
2025-06-05 14:55:12,604 - INFO - Trading cycle completed in 40.68 seconds
2025-06-05 14:55:12,646 - INFO - Hourly performance report: {
  "equity": {
    "current": 1000.0,
    "start": 1000.0,
    "total_return_pct": 0.0,
    "max_drawdown_pct": 0.0,
    "avg_daily_return_pct": 0.0,
    "avg_weekly_return_pct": NaN
  },
  "trades": {
    "total": 0,
    "win_count": 0,
    "loss_count": 0,
    "win_rate_pct": 0,
    "profit_factor": 0,
    "avg_profit": 0,
    "avg_loss": 0,
    "expected_value": 0,
    "recent_win_rate_pct": 0
  },
  "pairs": {
    "best_pair": "None",
    "best_pair_profit": 0,
    "worst_pair": "None",
    "worst_pair_profit": 0
  },
  "timestamp": "2025-06-05 14:55:12"
}
2025-06-05 14:55:48,148 - ERROR - Error getting klines for EOSUSDT 1h: APIError(code=-1121): Invalid symbol.
2025-06-05 14:55:53,328 - INFO - Correlation matrix updated for 41 pairs
2025-06-05 14:55:57,322 - WARNING - Insufficient data for BTCUSDT on 1h timeframe
2025-06-05 14:55:58,722 - WARNING - Insufficient data for BTCUSDT on 4h timeframe
2025-06-05 14:55:59,656 - WARNING - Insufficient data for BTCUSDT on 1d timeframe
2025-06-05 14:56:01,771 - WARNING - Insufficient data for ETHUSDT on 1h timeframe
2025-06-05 14:56:02,242 - WARNING - Insufficient data for ETHUSDT on 4h timeframe
2025-06-05 14:56:02,726 - WARNING - Insufficient data for ETHUSDT on 1d timeframe
2025-06-05 14:56:02,726 - INFO - Market regime changed: NEUTRAL -> BULL_TRENDING
2025-06-05 14:56:02,726 - INFO - Market state: Regime=BULL_TRENDING, Trend=bullish, Volatility=low, Breadth=0.50
2025-06-05 14:59:09,305 - INFO - Top opportunities found: ['SUIUSDT', 'AIXBTUSDT', 'BTCUSDT', 'LUNCUSDT', 'ORDIUSDT']
2025-06-05 14:59:44,151 - ERROR - Error getting klines for EOSUSDT 4h: APIError(code=-1121): Invalid symbol.
2025-06-05 14:59:48,826 - INFO - Selected optimal assets: ... (0 total)
2025-06-05 15:00:36,814 - ERROR - Error getting klines for EOSUSDT 4h: APIError(code=-1121): Invalid symbol.
2025-06-05 15:00:41,512 - INFO - Selected optimal assets: ... (0 total)
2025-06-05 15:00:41,524 - INFO - Hourly performance report: {
  "equity": {
    "current": 1000.0,
    "start": 1000.0,
    "total_return_pct": 0.0,
    "max_drawdown_pct": 0.0,
    "avg_daily_return_pct": 0.0,
    "avg_weekly_return_pct": NaN
  },
  "trades": {
    "total": 0,
    "win_count": 0,
    "loss_count": 0,
    "win_rate_pct": 0,
    "profit_factor": 0,
    "avg_profit": 0,
    "avg_loss": 0,
    "expected_value": 0,
    "recent_win_rate_pct": 0
  },
  "pairs": {
    "best_pair": "None",
    "best_pair_profit": 0,
    "worst_pair": "None",
    "worst_pair_profit": 0
  },
  "timestamp": "2025-06-05 15:00:41"
}
2025-06-05 15:01:30,519 - ERROR - Error getting klines for EOSUSDT 4h: APIError(code=-1121): Invalid symbol.
2025-06-05 15:01:36,082 - INFO - Selected optimal assets: ... (0 total)
2025-06-05 15:02:24,563 - ERROR - Error getting klines for EOSUSDT 4h: APIError(code=-1121): Invalid symbol.
2025-06-05 15:02:30,166 - INFO - Selected optimal assets: ... (0 total)
2025-06-05 15:03:18,242 - ERROR - Error getting klines for EOSUSDT 4h: APIError(code=-1121): Invalid symbol.
2025-06-05 15:03:24,272 - INFO - Selected optimal assets: ... (0 total)
2025-06-05 15:04:14,620 - ERROR - Error getting klines for EOSUSDT 4h: APIError(code=-1121): Invalid symbol.
2025-06-05 15:04:19,779 - INFO - Selected optimal assets: ... (0 total)
2025-06-05 15:05:06,191 - ERROR - Error getting klines for EOSUSDT 4h: APIError(code=-1121): Invalid symbol.
2025-06-05 15:05:11,844 - INFO - Selected optimal assets: ... (0 total)
2025-06-05 15:05:58,905 - ERROR - Error getting klines for EOSUSDT 4h: APIError(code=-1121): Invalid symbol.
2025-06-05 15:06:04,084 - INFO - Selected optimal assets: ... (0 total)
2025-06-05 15:06:52,341 - ERROR - Error getting klines for EOSUSDT 4h: APIError(code=-1121): Invalid symbol.
2025-06-05 15:06:56,997 - INFO - Selected optimal assets: ... (0 total)
2025-06-05 15:07:46,756 - ERROR - Error getting klines for EOSUSDT 4h: APIError(code=-1121): Invalid symbol.
2025-06-05 15:07:51,929 - INFO - Selected optimal assets: ... (0 total)
2025-06-05 15:08:39,430 - ERROR - Error getting klines for EOSUSDT 4h: APIError(code=-1121): Invalid symbol.
2025-06-05 15:08:45,954 - INFO - Selected optimal assets: ... (0 total)
2025-06-05 15:09:35,275 - ERROR - Error getting klines for EOSUSDT 4h: APIError(code=-1121): Invalid symbol.
2025-06-05 15:09:41,772 - INFO - Selected optimal assets: ... (0 total)
2025-06-05 15:09:56,781 - INFO - Current equity: $1000.00, Daily ROI: 0.00%, Drawdown: 0.00%, Risk level: normal, Positions: 0/15 ($0.00, 0.0% of equity)
2025-06-05 15:09:56,781 - INFO - Current daily ROI: 0.00% (target: 0.5% - 2.5%)
2025-06-05 15:10:27,519 - ERROR - Error getting klines for EOSUSDT 4h: APIError(code=-1121): Invalid symbol.
2025-06-05 15:10:33,617 - INFO - Selected optimal assets: ... (0 total)
2025-06-05 15:10:33,617 - INFO - Trading cycle completed in 36.84 seconds
