2025-06-22 11:15:18,392 - INFO - CoinGecko initialized for FREE TIER: 1 request every 5 seconds
2025-06-22 11:15:18,784 - INFO - CoinGecko API connected: (V3) To the Moon!
2025-06-22 11:15:18,785 - INFO - CoinGecko AI client initialized successfully
2025-06-22 11:15:18,785 - INFO - CoinGecko AI client initialized
2025-06-22 11:15:18,787 - INFO - Database initialization complete
2025-06-22 11:15:18,789 - INFO - Taapi.io client initialized (Free tier: 1 request/15s)
2025-06-22 11:15:18,789 - INFO - Advanced indicators initialized with Taapi.io
2025-06-22 11:15:18,789 - INFO - Advanced indicators initialized successfully
2025-06-22 11:15:18,790 - INFO - Risk Manager initialized with equity protection: Warning at 3.0%, Risk Reduction at 5.0%, High Alert at 8.0%, Emergency at 12.0%
2025-06-22 11:15:18,790 - INFO - Hybrid Trading Bot initialized with 1000.00 equity
2025-06-22 11:15:18,791 - INFO - Mode: TEST trading
2025-06-22 11:15:18,791 - INFO - AI Provider: CoinGecko
2025-06-22 11:15:18,791 - INFO - Advanced Indicators: Taapi.io
2025-06-22 11:15:18,792 - INFO - Testing API connections...
2025-06-22 11:15:19,499 - INFO - Binance server time: 2025-06-22 11:15:23.706000
2025-06-22 11:15:19,976 - INFO - CoinGecko AI connection successful: -0.2690098324915082
2025-06-22 11:15:19,976 - INFO - Preloading historical data for analysis...
2025-06-22 11:15:19,976 - INFO - Preloading historical data for analysis...
2025-06-22 11:15:19,976 - INFO - Fetching top 20 trending cryptocurrency pairs
2025-06-22 11:15:20,926 - INFO - Found trending pairs: NEIROUSDT, APTUSDT, SEIUSDT, NXPCUSDT, VIRTUALUSDT...
2025-06-22 11:15:20,927 - INFO - Preloading data for pairs: BTCUSDT, ADAUSDT, APTUSDT, SEIUSDT, VANAUSDT
2025-06-22 11:15:55,190 - INFO - Preloading data for pairs: INITUSDT, ENAUSDT, ETHUSDT, LAYERUSDT, JUPUSDT
2025-06-22 11:16:31,785 - INFO - Preloading data for pairs: NEIROUSDT, DYDXUSDT, VIRTUALUSDT, NXPCUSDT, ORDIUSDT
2025-06-22 11:17:06,682 - INFO - Preloading data for pairs: BNBUSDT, TAOUSDT, UNIUSDT, LPTUSDT, TRBUSDT
2025-06-22 11:17:40,012 - INFO - Preloading data for pairs: APEUSDT, BABYUSDT, RSRUSDT, SOLUSDT, HUMAUSDT
2025-06-22 11:18:15,023 - INFO - Historical data preloading complete
2025-06-22 11:18:23,888 - INFO - Updating correlation matrix...
2025-06-22 11:18:23,889 - ERROR - Error in trading cycle: 'NoneType' object is not subscriptable
2025-06-22 11:18:23,956 - INFO - Hourly performance report: {
  "equity": {
    "current": 1000.0,
    "start": 1000.0,
    "total_return_pct": 0.0,
    "max_drawdown_pct": 0.0,
    "avg_daily_return_pct": NaN,
    "avg_weekly_return_pct": NaN
  },
  "trades": {
    "total": 0,
    "win_count": 0,
    "loss_count": 0,
    "win_rate_pct": 0,
    "profit_factor": 0,
    "avg_profit": 0,
    "avg_loss": 0,
    "expected_value": 0,
    "recent_win_rate_pct": 0
  },
  "pairs": {
    "best_pair": "None",
    "best_pair_profit": 0,
    "worst_pair": "None",
    "worst_pair_profit": 0
  },
  "timestamp": "2025-06-22 11:18:23"
}
2025-06-22 11:18:57,664 - INFO - Successfully gathered price data for 41/41 pairs
2025-06-22 11:18:57,780 - INFO - Correlation matrix updated for 41 pairs
2025-06-22 11:19:05,741 - INFO - Market regime changed: NEUTRAL -> BEAR_TRENDING
2025-06-22 11:19:05,742 - INFO - Market state: Regime=BEAR_TRENDING, Trend=bearish, Volatility=low, Breadth=0.00
2025-06-22 11:22:15,002 - INFO - Top opportunities found: ['FUNUSDT', 'DOGEUSDT', 'SIGNUSDT', 'GPSUSDT']
2025-06-22 11:22:15,004 - INFO - Fetching top 30 trending cryptocurrency pairs
2025-06-22 11:22:16,412 - INFO - Found trending pairs: NEIROUSDT, APTUSDT, SEIUSDT, NXPCUSDT, VIRTUALUSDT...
2025-06-22 11:22:16,904 - INFO - Selected optimal assets: BTCUSDT, APTUSDT, SEIUSDT, VANAUSDT, INITUSDT... (10 total)
2025-06-22 11:22:17,604 - INFO - CoinGecko insights for BTC: neutral (0.50 confidence), sentiment: 0.02, whale: 0.00, smart money: bullish
2025-06-22 11:22:24,947 - WARNING - CoinGecko rate limit hit! (#1) Backing off for 40 seconds. New interval: 4.5s
2025-06-22 11:22:25,213 - WARNING - CoinGecko rate limit hit! (#2) Backing off for 50 seconds. New interval: 6.8s
2025-06-22 11:22:25,471 - WARNING - CoinGecko rate limit hit! (#3) Backing off for 60 seconds. New interval: 10.1s
2025-06-22 11:22:25,730 - WARNING - CoinGecko rate limit hit! (#4) Backing off for 70 seconds. New interval: 15.0s
2025-06-22 11:22:26,032 - WARNING - CoinGecko rate limit hit! (#5) Backing off for 80 seconds. New interval: 15.0s
2025-06-22 11:22:26,309 - WARNING - CoinGecko rate limit hit! (#6) Backing off for 90 seconds. New interval: 15.0s
2025-06-22 11:22:26,576 - WARNING - CoinGecko rate limit hit! (#7) Backing off for 100 seconds. New interval: 15.0s
2025-06-22 11:22:26,825 - WARNING - CoinGecko rate limit hit! (#8) Backing off for 110 seconds. New interval: 15.0s
2025-06-22 11:22:27,078 - WARNING - CoinGecko rate limit hit! (#9) Backing off for 120 seconds. New interval: 15.0s
2025-06-22 11:22:27,352 - WARNING - CoinGecko rate limit hit! (#10) Backing off for 130 seconds. New interval: 15.0s
2025-06-22 11:22:27,669 - WARNING - CoinGecko rate limit hit! (#11) Backing off for 140 seconds. New interval: 15.0s
2025-06-22 11:22:27,946 - WARNING - CoinGecko rate limit hit! (#12) Backing off for 150 seconds. New interval: 15.0s
2025-06-22 11:22:27,946 - INFO - CoinGecko insights for BTC: neutral (0.50 confidence), sentiment: 0.02, whale: 0.00, smart money: bullish
2025-06-22 11:22:28,237 - WARNING - CoinGecko rate limit hit! (#13) Backing off for 160 seconds. New interval: 15.0s
2025-06-22 11:22:28,504 - WARNING - CoinGecko rate limit hit! (#14) Backing off for 170 seconds. New interval: 15.0s
2025-06-22 11:22:28,778 - WARNING - CoinGecko rate limit hit! (#15) Backing off for 180 seconds. New interval: 15.0s
2025-06-22 11:22:29,060 - WARNING - CoinGecko rate limit hit! (#16) Backing off for 190 seconds. New interval: 15.0s
2025-06-22 11:22:29,061 - INFO - BTCUSDT analysis: NEUTRAL signal with 0.00 strength
2025-06-22 11:22:31,909 - INFO - CoinGecko insights for APT: neutral (0.50 confidence), sentiment: 0.00, whale: 0.00, smart money: neutral
2025-06-22 11:22:37,018 - INFO - CoinGecko insights for SEI: neutral (0.50 confidence), sentiment: 0.00, whale: 0.00, smart money: neutral
2025-06-22 11:22:41,491 - INFO - CoinGecko insights for VANA: neutral (0.50 confidence), sentiment: 0.00, whale: 0.00, smart money: neutral
2025-06-22 11:22:46,404 - INFO - CoinGecko insights for INIT: neutral (0.50 confidence), sentiment: 0.00, whale: 0.00, smart money: neutral
2025-06-22 11:22:52,042 - INFO - CoinGecko rate limit protection: waiting 27.6 seconds
2025-06-22 11:22:52,043 - INFO - CoinGecko rate limit protection: waiting 27.6 seconds
2025-06-22 11:22:52,043 - INFO - CoinGecko rate limit protection: waiting 27.6 seconds
2025-06-22 11:22:52,043 - INFO - CoinGecko rate limit protection: waiting 27.6 seconds
2025-06-22 11:22:52,043 - INFO - CoinGecko rate limit protection: waiting 27.6 seconds
2025-06-22 11:22:52,044 - INFO - CoinGecko rate limit protection: waiting 27.6 seconds
2025-06-22 11:22:52,044 - INFO - CoinGecko rate limit protection: waiting 27.6 seconds
2025-06-22 11:22:52,044 - INFO - CoinGecko rate limit protection: waiting 27.6 seconds
2025-06-22 11:22:52,044 - INFO - CoinGecko rate limit protection: waiting 27.6 seconds
2025-06-22 11:22:52,044 - INFO - CoinGecko rate limit protection: waiting 27.6 seconds
2025-06-22 11:22:52,045 - INFO - CoinGecko rate limit protection: waiting 27.6 seconds
2025-06-22 11:22:52,045 - INFO - CoinGecko rate limit protection: waiting 27.6 seconds
2025-06-22 11:22:52,045 - INFO - CoinGecko rate limit protection: waiting 27.6 seconds
2025-06-22 11:22:52,045 - INFO - CoinGecko rate limit protection: waiting 27.6 seconds
2025-06-22 11:22:52,046 - INFO - CoinGecko rate limit protection: waiting 27.6 seconds
2025-06-22 11:22:52,046 - INFO - CoinGecko rate limit protection: waiting 27.6 seconds
2025-06-22 11:22:52,047 - INFO - APTUSDT analysis: SELL signal with 0.60 strength
2025-06-22 11:22:52,047 - INFO - SEIUSDT analysis: SELL signal with 0.37 strength
2025-06-22 11:22:56,404 - INFO - VANAUSDT analysis: SELL signal with 0.57 strength
2025-06-22 11:23:02,028 - INFO - INITUSDT analysis: SELL signal with 0.43 strength
2025-06-22 11:23:18,412 - INFO - Selected optimal assets: BTCUSDT, APTUSDT, SEIUSDT, VANAUSDT, INITUSDT... (10 total)
2025-06-22 11:23:18,413 - INFO - CoinGecko rate limit protection: waiting 7.3 seconds
2025-06-22 11:23:18,414 - INFO - CoinGecko rate limit protection: waiting 7.3 seconds
2025-06-22 11:23:18,414 - INFO - CoinGecko rate limit protection: waiting 7.3 seconds
2025-06-22 11:23:18,414 - INFO - CoinGecko rate limit protection: waiting 7.3 seconds
2025-06-22 11:23:18,414 - INFO - CoinGecko rate limit protection: waiting 7.3 seconds
2025-06-22 11:23:18,415 - INFO - CoinGecko rate limit protection: waiting 7.3 seconds
2025-06-22 11:23:18,415 - INFO - CoinGecko rate limit protection: waiting 7.3 seconds
2025-06-22 11:23:18,415 - INFO - CoinGecko rate limit protection: waiting 7.3 seconds
2025-06-22 11:23:18,415 - INFO - CoinGecko rate limit protection: waiting 7.3 seconds
2025-06-22 11:23:18,415 - INFO - CoinGecko rate limit protection: waiting 7.3 seconds
2025-06-22 11:23:18,416 - INFO - CoinGecko rate limit protection: waiting 7.3 seconds
2025-06-22 11:23:18,416 - INFO - CoinGecko rate limit protection: waiting 7.3 seconds
2025-06-22 11:23:18,416 - INFO - CoinGecko rate limit protection: waiting 7.3 seconds
2025-06-22 11:23:18,416 - INFO - CoinGecko rate limit protection: waiting 7.3 seconds
2025-06-22 11:23:18,416 - INFO - CoinGecko rate limit protection: waiting 7.3 seconds
2025-06-22 11:23:18,416 - INFO - CoinGecko rate limit protection: waiting 7.3 seconds
2025-06-22 11:23:18,417 - INFO - CoinGecko insights for BTC: neutral (0.50 confidence), sentiment: 0.02, whale: 0.00, smart money: bullish
2025-06-22 11:23:23,166 - WARNING - CoinGecko rate limit hit! (#17) Backing off for 200 seconds. New interval: 15.0s
2025-06-22 11:23:23,167 - INFO - CoinGecko insights for BTC: neutral (0.50 confidence), sentiment: 0.02, whale: 0.00, smart money: bullish
2025-06-22 11:23:23,167 - INFO - BTCUSDT analysis: SELL signal with 0.46 strength
2025-06-22 11:23:33,416 - INFO - CoinGecko insights for APT: neutral (0.50 confidence), sentiment: 0.00, whale: 0.00, smart money: neutral
2025-06-22 11:23:37,876 - INFO - CoinGecko insights for SEI: neutral (0.50 confidence), sentiment: 0.00, whale: 0.00, smart money: neutral
2025-06-22 11:23:42,350 - INFO - CoinGecko insights for VANA: neutral (0.50 confidence), sentiment: 0.00, whale: 0.00, smart money: neutral
2025-06-22 11:23:46,792 - INFO - CoinGecko insights for INIT: neutral (0.50 confidence), sentiment: 0.00, whale: 0.00, smart money: neutral
2025-06-22 11:23:55,093 - WARNING - CoinGecko rate limit hit! (#1) Backing off for 40 seconds. New interval: 13.3s
2025-06-22 11:23:55,364 - WARNING - CoinGecko rate limit hit! (#2) Backing off for 50 seconds. New interval: 15.0s
2025-06-22 11:23:55,639 - WARNING - CoinGecko rate limit hit! (#3) Backing off for 60 seconds. New interval: 15.0s
2025-06-22 11:23:55,913 - WARNING - CoinGecko rate limit hit! (#4) Backing off for 70 seconds. New interval: 15.0s
2025-06-22 11:23:56,207 - WARNING - CoinGecko rate limit hit! (#5) Backing off for 80 seconds. New interval: 15.0s
2025-06-22 11:23:56,482 - WARNING - CoinGecko rate limit hit! (#6) Backing off for 90 seconds. New interval: 15.0s
2025-06-22 11:23:56,735 - WARNING - CoinGecko rate limit hit! (#7) Backing off for 100 seconds. New interval: 15.0s
2025-06-22 11:23:56,986 - WARNING - CoinGecko rate limit hit! (#8) Backing off for 110 seconds. New interval: 15.0s
2025-06-22 11:23:57,244 - WARNING - CoinGecko rate limit hit! (#9) Backing off for 120 seconds. New interval: 15.0s
2025-06-22 11:23:57,498 - WARNING - CoinGecko rate limit hit! (#10) Backing off for 130 seconds. New interval: 15.0s
2025-06-22 11:23:57,786 - WARNING - CoinGecko rate limit hit! (#11) Backing off for 140 seconds. New interval: 15.0s
2025-06-22 11:23:57,786 - INFO - APTUSDT analysis: SELL signal with 0.48 strength
2025-06-22 11:23:57,787 - INFO - SEIUSDT analysis: SELL signal with 0.37 strength
2025-06-22 11:23:57,787 - INFO - VANAUSDT analysis: SELL signal with 0.44 strength
2025-06-22 11:24:02,617 - INFO - INITUSDT analysis: SELL signal with 0.44 strength
2025-06-22 11:24:04,611 - WARNING - CoinGecko rate limit hit! (#12) Backing off for 150 seconds. New interval: 15.0s
2025-06-22 11:24:07,102 - WARNING - CoinGecko rate limit hit! (#13) Backing off for 160 seconds. New interval: 15.0s
2025-06-22 11:24:07,373 - WARNING - CoinGecko rate limit hit! (#14) Backing off for 170 seconds. New interval: 15.0s
2025-06-22 11:24:07,635 - WARNING - CoinGecko rate limit hit! (#15) Backing off for 180 seconds. New interval: 15.0s
2025-06-22 11:24:07,928 - WARNING - CoinGecko rate limit hit! (#16) Backing off for 190 seconds. New interval: 15.0s
2025-06-22 11:24:08,188 - WARNING - CoinGecko rate limit hit! (#17) Backing off for 200 seconds. New interval: 15.0s
2025-06-22 11:24:08,516 - WARNING - CoinGecko rate limit hit! (#18) Backing off for 210 seconds. New interval: 15.0s
2025-06-22 11:24:08,770 - WARNING - CoinGecko rate limit hit! (#19) Backing off for 220 seconds. New interval: 15.0s
2025-06-22 11:24:09,025 - WARNING - CoinGecko rate limit hit! (#20) Backing off for 230 seconds. New interval: 15.0s
2025-06-22 11:24:09,301 - WARNING - CoinGecko rate limit hit! (#21) Backing off for 240 seconds. New interval: 15.0s
2025-06-22 11:24:09,588 - WARNING - CoinGecko rate limit hit! (#22) Backing off for 250 seconds. New interval: 15.0s
2025-06-22 11:24:09,858 - WARNING - CoinGecko rate limit hit! (#23) Backing off for 260 seconds. New interval: 15.0s
2025-06-22 11:24:10,115 - WARNING - CoinGecko rate limit hit! (#24) Backing off for 270 seconds. New interval: 15.0s
2025-06-22 11:24:19,026 - INFO - Selected optimal assets: BTCUSDT, APTUSDT, SEIUSDT, VANAUSDT, INITUSDT... (10 total)
2025-06-22 11:24:19,029 - INFO - CoinGecko rate limit protection: waiting 6.1 seconds
2025-06-22 11:24:19,029 - INFO - CoinGecko rate limit protection: waiting 6.1 seconds
2025-06-22 11:24:19,030 - INFO - CoinGecko rate limit protection: waiting 6.1 seconds
2025-06-22 11:24:19,030 - INFO - CoinGecko rate limit protection: waiting 6.1 seconds
2025-06-22 11:24:19,030 - INFO - CoinGecko rate limit protection: waiting 6.1 seconds
2025-06-22 11:24:19,031 - INFO - CoinGecko rate limit protection: waiting 6.1 seconds
2025-06-22 11:24:19,031 - INFO - CoinGecko rate limit protection: waiting 6.1 seconds
2025-06-22 11:24:19,031 - INFO - CoinGecko rate limit protection: waiting 6.1 seconds
2025-06-22 11:24:19,069 - INFO - CoinGecko insights for BTC: neutral (0.50 confidence), sentiment: 0.02, whale: 0.00, smart money: bullish
2025-06-22 11:24:24,401 - INFO - CoinGecko insights for APT: bearish (0.65 confidence), sentiment: -0.35, whale: 0.10, smart money: neutral
2025-06-22 11:24:28,820 - INFO - CoinGecko insights for INIT: neutral (0.50 confidence), sentiment: 0.00, whale: 0.00, smart money: neutral
2025-06-22 11:24:34,959 - WARNING - CoinGecko rate limit hit! (#25) Backing off for 280 seconds. New interval: 15.0s
2025-06-22 11:24:34,959 - INFO - CoinGecko insights for SEI: neutral (0.50 confidence), sentiment: 0.00, whale: 0.00, smart money: neutral
2025-06-22 11:24:39,685 - INFO - CoinGecko insights for VANA: neutral (0.50 confidence), sentiment: 0.00, whale: 0.00, smart money: neutral
2025-06-22 11:24:45,699 - INFO - BTCUSDT analysis: SELL signal with 0.46 strength
2025-06-22 11:24:45,699 - INFO - CoinGecko rate limit protection: waiting 9.6 seconds
2025-06-22 11:24:45,700 - INFO - CoinGecko rate limit protection: waiting 9.6 seconds
2025-06-22 11:24:45,700 - INFO - CoinGecko rate limit protection: waiting 9.6 seconds
2025-06-22 11:24:45,700 - INFO - CoinGecko rate limit protection: waiting 9.6 seconds
2025-06-22 11:24:45,701 - INFO - CoinGecko rate limit protection: waiting 9.6 seconds
2025-06-22 11:24:45,701 - INFO - CoinGecko rate limit protection: waiting 9.6 seconds
2025-06-22 11:24:45,701 - INFO - CoinGecko rate limit protection: waiting 9.6 seconds
2025-06-22 11:24:45,702 - INFO - CoinGecko rate limit protection: waiting 9.6 seconds
2025-06-22 11:24:45,705 - INFO - APTUSDT analysis: SELL signal with 0.48 strength
2025-06-22 11:24:45,705 - INFO - INITUSDT analysis: SELL signal with 0.45 strength
2025-06-22 11:24:49,699 - INFO - SEIUSDT analysis: NEUTRAL signal with 0.00 strength
2025-06-22 11:24:55,982 - INFO - CoinGecko rate limit protection: waiting 2.2 seconds
2025-06-22 11:24:55,983 - INFO - VANAUSDT analysis: SELL signal with 0.46 strength
2025-06-22 11:25:11,812 - WARNING - CoinGecko rate limit hit! (#1) Backing off for 40 seconds. New interval: 12.0s
2025-06-22 11:25:12,186 - WARNING - CoinGecko rate limit hit! (#2) Backing off for 50 seconds. New interval: 15.0s
2025-06-22 11:25:12,497 - WARNING - CoinGecko rate limit hit! (#3) Backing off for 60 seconds. New interval: 15.0s
2025-06-22 11:25:13,917 - INFO - Selected optimal assets: BTCUSDT, APTUSDT, SEIUSDT, VANAUSDT, INITUSDT... (10 total)
2025-06-22 11:25:13,919 - INFO - CoinGecko insights for BTC: neutral (0.50 confidence), sentiment: 0.02, whale: 0.00, smart money: bullish
2025-06-22 11:25:17,473 - INFO - CoinGecko insights for APT: bearish (0.65 confidence), sentiment: -0.35, whale: 0.10, smart money: neutral
2025-06-22 11:25:21,453 - INFO - CoinGecko insights for SEI: neutral (0.50 confidence), sentiment: -0.14, whale: 0.00, smart money: neutral
2025-06-22 11:25:27,245 - INFO - CoinGecko insights for VANA: bearish (0.70 confidence), sentiment: -0.44, whale: 0.10, smart money: bearish
2025-06-22 11:25:32,127 - INFO - CoinGecko insights for INIT: neutral (0.50 confidence), sentiment: 0.00, whale: 0.00, smart money: neutral
2025-06-22 11:25:38,727 - WARNING - CoinGecko rate limit hit! (#4) Backing off for 70 seconds. New interval: 15.0s
2025-06-22 11:25:38,730 - INFO - BTCUSDT analysis: NEUTRAL signal with 0.00 strength
2025-06-22 11:25:38,730 - INFO - APTUSDT analysis: SELL signal with 0.48 strength
2025-06-22 11:25:38,731 - INFO - SEIUSDT analysis: NEUTRAL signal with 0.00 strength
2025-06-22 11:25:38,731 - INFO - CoinGecko insights for VANA: bearish (0.70 confidence), sentiment: -0.44, whale: 0.10, smart money: bearish
2025-06-22 11:25:38,731 - INFO - CoinGecko insights for INIT: neutral (0.50 confidence), sentiment: 0.00, whale: 0.00, smart money: neutral
2025-06-22 11:25:38,732 - INFO - VANAUSDT analysis: SELL signal with 0.46 strength
2025-06-22 11:25:38,732 - INFO - INITUSDT analysis: SELL signal with 0.58 strength
2025-06-22 11:25:54,066 - WARNING - CoinGecko rate limit hit! (#5) Backing off for 80 seconds. New interval: 15.0s
2025-06-22 11:25:54,092 - ERROR - Error in trading cycle: 'NoneType' object is not subscriptable
