2025-07-04 19:25:55,911 - INFO - Database initialization complete
2025-07-04 19:25:55,917 - INFO - Schema update applied: ALTER TABLE positions ADD COLUMN take_profit_pct REAL
2025-07-04 19:25:55,922 - INFO - Schema update applied: ALTER TABLE positions ADD COLUMN stop_loss_pct REAL
2025-07-04 19:25:55,925 - INFO - Schema update applied: ALTER TABLE positions ADD COLUMN is_new_asset INTEGER DEFAULT 0
2025-07-04 19:25:55,929 - INFO - Schema update applied: ALTER TABLE positions ADD COLUMN exit_price REAL
2025-07-04 19:25:55,933 - INFO - Schema update applied: ALTER TABLE positions ADD COLUMN exit_time TEXT
2025-07-04 19:25:55,937 - INFO - Schema update applied: ALTER TABLE positions ADD COLUMN profit_loss REAL
2025-07-04 19:25:55,941 - INFO - Schema update applied: ALTER TABLE positions ADD COLUMN signal_source TEXT
2025-07-04 19:25:55,945 - INFO - Schema update applied: ALTER TABLE positions ADD COLUMN signal_strength REAL
2025-07-04 19:25:55,948 - INFO - Schema update applied: ALTER TABLE trades ADD COLUMN signal_source TEXT
2025-07-04 19:25:55,952 - INFO - Schema update applied: ALTER TABLE trades ADD COLUMN signal_strength REAL
2025-07-04 19:25:55,953 - INFO - Database schema updated successfully with 10 changes
2025-07-04 19:25:55,959 - INFO - Taapi.io client disabled - using dummy client
2025-07-04 19:25:55,959 - INFO - Advanced indicators disabled - using dummy client
2025-07-04 19:25:55,959 - INFO - Enhanced Strategy initialized with advanced indicators support
2025-07-04 19:25:55,959 - INFO - Risk Manager initialized with equity protection: Warning at 2.0%, Risk Reduction at 3.0%, High Alert at 5.0%, Emergency at 8.0%
2025-07-04 19:25:55,959 - INFO - Hybrid Trading Bot initialized - API-Only Mode
2025-07-04 19:25:55,959 - INFO - API URL: http://localhost:3001/api
2025-07-04 19:25:55,959 - INFO - API enabled: True
2025-07-04 19:25:55,959 - INFO - Mode: TEST trading
2025-07-04 19:25:55,959 - INFO - External APIs: Disabled (Nebula, CoinGecko, Taapi.io removed)
2025-07-04 19:25:55,959 - INFO - Signal Source: Enhanced Signal API only
2025-07-04 19:25:55,960 - INFO - Testing API connections...
2025-07-04 19:25:55,960 - INFO - Initializing Enhanced Signal API...
2025-07-04 19:25:55,960 - INFO - Enhanced Signal API Client initialized: http://localhost:3001/api
2025-07-04 19:25:55,960 - INFO - Rate limiting: 300.0s interval, 600s cache
2025-07-04 19:25:56,009 - INFO - API health check passed
2025-07-04 19:25:56,010 - INFO - Enhanced Signal API initialized successfully
2025-07-04 19:25:56,010 - INFO - Using AI-powered signals with on-chain analysis
2025-07-04 19:25:56,240 - INFO - Binance server time: 2025-07-04 19:25:56.177000
2025-07-04 19:25:56,241 - INFO - API-only mode - skipping external API tests
2025-07-04 19:25:56,241 - INFO - Preloading historical data for analysis...
2025-07-04 19:25:56,241 - INFO - Preloading historical data for analysis...
2025-07-04 19:25:56,241 - INFO - Fetching top 20 trending cryptocurrency pairs
2025-07-04 19:25:58,602 - INFO - Found 20 valid trading pairs
2025-07-04 19:25:58,603 - INFO - Found trending pairs: UNIUSDT, DOTUSDT...
2025-07-04 19:25:58,604 - INFO - Preloading data for pairs: SOLUSDT, UNIUSDT, DOTUSDT, ETHUSDT, BNBUSDT
2025-07-04 19:26:24,282 - INFO - Preloading data for pairs: ADAUSDT, BTCUSDT
2025-07-04 19:26:37,733 - INFO - Historical data preloading complete
2025-07-04 19:26:46,405 - WARNING - No valid pairs for market breadth calculation
2025-07-04 19:26:46,406 - INFO - Updating correlation matrix...
2025-07-04 19:26:46,406 - INFO - API STRATEGY STATISTICS:
2025-07-04 19:26:46,406 - INFO -   • Total Analyses: 0
2025-07-04 19:26:46,406 - INFO -   • API Signals Used: 0 (0.0%)
2025-07-04 19:26:46,406 - INFO -   • Fallback Used: 0 (0.0%)
2025-07-04 19:26:46,406 - INFO -   • API Success Rate: 0.0%
2025-07-04 19:26:46,407 - INFO -   • API Cache Hits: 0
2025-07-04 19:26:46,407 - INFO -   • API Available: True
2025-07-04 19:26:46,409 - INFO - Current equity: $1000.00, Daily ROI: 0.00%, Drawdown: 0.00%, Risk level: normal, Positions: 0/5 ($0.00, 0.0% of equity)
2025-07-04 19:26:46,415 - INFO - Current daily ROI: 0.00% (target: 0.5% - 2.5%)
2025-07-04 19:26:47,373 - INFO - Cached 20 valid trading pairs
2025-07-04 19:27:42,234 - INFO - Found 1 opportunities: ['BCHUSDT']
2025-07-04 19:27:43,174 - INFO - Found 20 valid trading pairs
2025-07-04 19:27:43,175 - INFO - Fetching top 10 trending cryptocurrency pairs
2025-07-04 19:27:45,070 - INFO - Found 20 valid trading pairs
2025-07-04 19:27:45,070 - INFO - Found trending pairs: UNIUSDT...
2025-07-04 19:27:45,071 - INFO - Selected 3 pairs for trading: ['UNIUSDT', 'BTCUSDT', 'ETHUSDT']
2025-07-04 19:27:45,091 - INFO - Hourly performance report: {
  "equity": {
    "current": 1000.0,
    "start": 1000.0,
    "total_return_pct": 0.0,
    "max_drawdown_pct": 0,
    "avg_daily_return_pct": 0,
    "avg_weekly_return_pct": 0
  },
  "trades": {
    "total": 0,
    "win_count": 0,
    "loss_count": 0,
    "win_rate_pct": 0,
    "profit_factor": 0,
    "avg_profit": 0,
    "avg_loss": 0,
    "expected_value": 0,
    "recent_win_rate_pct": 0
  },
  "pairs": {
    "best_pair": "None",
    "best_pair_profit": 0,
    "worst_pair": "None",
    "worst_pair_profit": 0
  },
  "timestamp": "2025-07-04 19:27:45"
}
2025-07-04 19:28:16,666 - INFO - Successfully gathered price data for 41/41 pairs
2025-07-04 19:28:16,763 - INFO - Correlation matrix updated for 41 pairs
2025-07-04 19:28:23,364 - INFO - Market regime changed: NEUTRAL -> BEAR_TRENDING
2025-07-04 19:28:23,364 - INFO - Market state: Regime=BEAR_TRENDING, Trend=bearish, Volatility=low, Breadth=0.50
2025-07-04 19:33:36,833 - ERROR - API request timeout for UNIUSDT
2025-07-04 19:33:36,834 - INFO - API signal for UNIUSDT: None
2025-07-04 19:33:36,834 - WARNING - No API signal received for UNIUSDT
2025-07-04 19:33:36,834 - INFO - API signal for UNIUSDT: hold (confidence: 0.0%, reason: No API signal received)
2025-07-04 19:33:36,834 - INFO - Trading cycle completed in 410.43 seconds
2025-07-04 19:34:06,828 - INFO - Current equity: $1000.00, Daily ROI: 0.00%, Drawdown: 0.00%, Risk level: normal, Positions: 0/5 ($0.00, 0.0% of equity)
2025-07-04 19:34:06,828 - INFO - Current daily ROI: 0.00% (target: 0.5% - 2.5%)
2025-07-04 19:35:03,254 - INFO - Found 1 opportunities: ['BCHUSDT']
2025-07-04 19:35:04,192 - INFO - Found 20 valid trading pairs
2025-07-04 19:35:04,192 - INFO - Selected 3 pairs for trading: ['UNIUSDT', 'BTCUSDT', 'ETHUSDT']
2025-07-04 19:36:07,922 - INFO - Bot stopped by user
2025-07-04 19:36:07,923 - INFO - Global API client closed
2025-07-04 19:36:07,923 - INFO - Bot cleanup completed
