2025-07-04 19:36:12,000 - INFO - Database initialization complete
2025-07-04 19:36:12,001 - INFO - Taapi.io client disabled - using dummy client
2025-07-04 19:36:12,001 - INFO - Advanced indicators disabled - using dummy client
2025-07-04 19:36:12,002 - INFO - Enhanced Strategy initialized with advanced indicators support
2025-07-04 19:36:12,002 - INFO - Risk Manager initialized with equity protection: Warning at 2.0%, Risk Reduction at 3.0%, High Alert at 5.0%, Emergency at 8.0%
2025-07-04 19:36:12,002 - INFO - Hybrid Trading Bot initialized - API-Only Mode
2025-07-04 19:36:12,002 - INFO - API URL: http://localhost:3001/api
2025-07-04 19:36:12,002 - INFO - API enabled: True
2025-07-04 19:36:12,002 - INFO - Mode: TEST trading
2025-07-04 19:36:12,002 - INFO - External APIs: Disabled (Nebula, CoinGecko, Taapi.io removed)
2025-07-04 19:36:12,003 - INFO - Signal Source: Enhanced Signal API only
2025-07-04 19:36:12,003 - INFO - Testing API connections...
2025-07-04 19:36:12,003 - INFO - Initializing Enhanced Signal API...
2025-07-04 19:36:12,003 - INFO - Enhanced Signal API Client initialized: http://localhost:3001/api
2025-07-04 19:36:12,003 - INFO - Rate limiting: 300.0s interval, 600s cache
2025-07-04 19:36:12,006 - INFO - API health check passed
2025-07-04 19:36:12,007 - INFO - Enhanced Signal API initialized successfully
2025-07-04 19:36:12,007 - INFO - Using AI-powered signals with on-chain analysis
2025-07-04 19:36:12,249 - INFO - Binance server time: 2025-07-04 19:36:12.171000
2025-07-04 19:36:12,249 - INFO - API-only mode - skipping external API tests
2025-07-04 19:36:12,250 - INFO - Preloading historical data for analysis...
2025-07-04 19:36:12,250 - INFO - Preloading historical data for analysis...
2025-07-04 19:36:12,250 - INFO - Fetching top 20 trending cryptocurrency pairs
2025-07-04 19:36:14,603 - INFO - Found 20 valid trading pairs
2025-07-04 19:36:14,604 - INFO - Found trending pairs: UNIUSDT, DOTUSDT...
2025-07-04 19:36:14,604 - INFO - Preloading data for pairs: SOLUSDT, DOTUSDT, ADAUSDT, BTCUSDT, UNIUSDT
2025-07-04 19:36:14,842 - INFO - Bot stopped by user
2025-07-04 19:36:14,843 - INFO - Global API client closed
2025-07-04 19:36:14,843 - INFO - Bot cleanup completed
