2025-07-02 18:27:56,097 - INFO - Nebula AI Integration initialized with session: ab820d06-2976-4b59-873f-4f7a9627dcbe
2025-07-02 18:27:56,098 - INFO - Nebula AI integration enabled
2025-07-02 18:27:56,098 - INFO - CoinGecko initialiseret - Gratis tier
2025-07-02 18:27:56,278 - INFO - CoinGecko API connected: (V3) To the Moon!
2025-07-02 18:27:56,279 - INFO - CoinGecko AI klient initialiseret succesfuldt
2025-07-02 18:27:56,279 - INFO - CoinGecko AI client initialized
2025-07-02 18:27:56,305 - INFO - Database initialization complete
2025-07-02 18:27:56,310 - INFO - Schema update applied: ALTER TABLE positions ADD COLUMN take_profit_pct REAL
2025-07-02 18:27:56,314 - INFO - Schema update applied: ALTER TABLE positions ADD COLUMN stop_loss_pct REAL
2025-07-02 18:27:56,317 - INFO - Schema update applied: ALTER TABLE positions ADD COLUMN is_new_asset INTEGER DEFAULT 0
2025-07-02 18:27:56,320 - INFO - Schema update applied: ALTER TABLE positions ADD COLUMN exit_price REAL
2025-07-02 18:27:56,324 - INFO - Schema update applied: ALTER TABLE positions ADD COLUMN exit_time TEXT
2025-07-02 18:27:56,328 - INFO - Schema update applied: ALTER TABLE positions ADD COLUMN profit_loss REAL
2025-07-02 18:27:56,331 - INFO - Schema update applied: ALTER TABLE positions ADD COLUMN signal_source TEXT
2025-07-02 18:27:56,335 - INFO - Schema update applied: ALTER TABLE positions ADD COLUMN signal_strength REAL
2025-07-02 18:27:56,339 - INFO - Schema update applied: ALTER TABLE trades ADD COLUMN signal_source TEXT
2025-07-02 18:27:56,343 - INFO - Schema update applied: ALTER TABLE trades ADD COLUMN signal_strength REAL
2025-07-02 18:27:56,343 - INFO - Database schema updated successfully with 10 changes
2025-07-02 18:27:56,347 - INFO - Enhanced Signal API Client initialized: http://localhost:3001/api
2025-07-02 18:27:56,347 - INFO - API Enhanced Strategy initialized
2025-07-02 18:27:56,347 - INFO - API enabled: True
2025-07-02 18:27:56,347 - INFO - API URL: http://localhost:3001/api
2025-07-02 18:27:56,349 - INFO - Fallback enabled: True
2025-07-02 18:27:56,349 - INFO - Taapi.io client initialized (Free tier: 1 request/15s)
2025-07-02 18:27:56,349 - INFO - Advanced indicators initialized with Taapi.io
2025-07-02 18:27:56,349 - INFO - Advanced indicators initialized successfully
2025-07-02 18:27:56,349 - INFO - Risk Manager initialized with equity protection: Warning at 2.0%, Risk Reduction at 3.0%, High Alert at 5.0%, Emergency at 8.0%
2025-07-02 18:27:56,349 - INFO - Hybrid Trading Bot initialized with Enhanced Signal API
2025-07-02 18:27:56,349 - INFO - API URL: http://localhost:3001/api
2025-07-02 18:27:56,350 - INFO - API enabled: True
2025-07-02 18:27:56,350 - INFO - Mode: TEST trading
2025-07-02 18:27:56,350 - INFO - AI Provider: CoinGecko
2025-07-02 18:27:56,350 - INFO - Advanced Indicators: Taapi.io
2025-07-02 18:27:56,350 - INFO - Testing API connections...
2025-07-02 18:27:56,351 - INFO - Initializing Enhanced Signal API...
2025-07-02 18:27:56,363 - INFO - API health check passed
2025-07-02 18:27:56,363 - INFO - Enhanced Signal API initialized successfully
2025-07-02 18:27:56,363 - INFO - Enhanced Signal API initialized successfully
2025-07-02 18:27:56,363 - INFO - Using AI-powered signals with on-chain analysis
2025-07-02 18:27:57,051 - INFO - Binance server time: 2025-07-02 18:27:56.883000
2025-07-02 18:27:57,551 - INFO - CoinGecko AI connection successful: 0.34809051396415813
2025-07-02 18:27:57,551 - INFO - Preloading historical data for analysis...
2025-07-02 18:27:57,551 - INFO - Preloading historical data for analysis...
2025-07-02 18:27:57,551 - INFO - Fetching top 20 trending cryptocurrency pairs
2025-07-02 18:27:58,937 - INFO - Found trending pairs: HFTUSDT, VIRTUALUSDT, NEIROUSDT, ORDIUSDT, AWEUSDT...
2025-07-02 18:27:58,938 - INFO - Preloading data for pairs: ZKUSDT, NEIROUSDT, AWEUSDT, BTCUSDT, BABYUSDT
2025-07-02 18:28:28,728 - INFO - Preloading data for pairs: KAITOUSDT, SOLUSDT, BNBUSDT, ETHUSDT, PIXELUSDT
2025-07-02 18:28:58,994 - INFO - Preloading data for pairs: SAHARAUSDT, HFTUSDT, ORDIUSDT, SUIUSDT, DYDXUSDT
2025-07-02 18:29:33,383 - INFO - Preloading data for pairs: RSRUSDT, VIRTUALUSDT, SUSDT, AAVEUSDT, ENAUSDT
2025-07-02 18:30:02,296 - INFO - Preloading data for pairs: ARKUSDT, NXPCUSDT, INITUSDT, ADAUSDT
2025-07-02 18:30:31,474 - INFO - Historical data preloading complete
2025-07-02 18:30:40,241 - WARNING - No valid pairs for market breadth calculation
2025-07-02 18:30:40,241 - INFO - Updating correlation matrix...
2025-07-02 18:30:40,241 - INFO - API STRATEGY STATISTICS:
2025-07-02 18:30:40,242 - INFO -   • Total Analyses: 0
2025-07-02 18:30:40,242 - INFO -   • API Signals Used: 0 (0.0%)
2025-07-02 18:30:40,242 - INFO -   • Fallback Used: 0 (0.0%)
2025-07-02 18:30:40,242 - INFO -   • API Success Rate: 0.0%
2025-07-02 18:30:40,242 - INFO -   • API Cache Hits: 0
2025-07-02 18:30:40,242 - INFO -   • API Available: True
2025-07-02 18:30:40,244 - INFO - Current equity: $1000.00, Daily ROI: 0.00%, Drawdown: 0.00%, Risk level: normal, Positions: 0/5 ($0.00, 0.0% of equity)
2025-07-02 18:30:40,250 - INFO - Current daily ROI: 0.00% (target: 0.5% - 2.5%)
2025-07-02 18:30:40,278 - INFO - Hourly performance report: {
  "equity": {
    "current": 1000.0,
    "start": 1000.0,
    "total_return_pct": 0.0,
    "max_drawdown_pct": 0,
    "avg_daily_return_pct": 0,
    "avg_weekly_return_pct": 0
  },
  "trades": {
    "total": 0,
    "win_count": 0,
    "loss_count": 0,
    "win_rate_pct": 0,
    "profit_factor": 0,
    "avg_profit": 0,
    "avg_loss": 0,
    "expected_value": 0,
    "recent_win_rate_pct": 0
  },
  "pairs": {
    "best_pair": "None",
    "best_pair_profit": 0,
    "worst_pair": "None",
    "worst_pair_profit": 0
  },
  "timestamp": "2025-07-02 18:30:40"
}
2025-07-02 18:36:32,398 - INFO - Successfully gathered price data for 0/41 pairs
2025-07-02 18:36:32,399 - WARNING - Insufficient pairs for correlation matrix calculation
2025-07-02 18:36:44,706 - INFO - Market regime changed: NEUTRAL -> BULL_TRENDING
2025-07-02 18:36:44,706 - INFO - Market state: Regime=BULL_TRENDING, Trend=bullish, Volatility=low, Breadth=0.50
2025-07-02 18:36:44,805 - INFO - Top opportunities found: ['TONUSDT', 'PENGUUSDT', 'SYRUPUSDT', 'NEOUSDT', 'IOTAUSDT']
2025-07-02 18:36:44,805 - INFO - Fetching top 30 trending cryptocurrency pairs
2025-07-02 18:36:46,213 - INFO - Found trending pairs: HFTUSDT, NEIROUSDT, VIRTUALUSDT, SAHARAUSDT, ORDIUSDT...
2025-07-02 18:36:47,593 - INFO - Selected optimal assets: AWEUSDT, SAHARAUSDT, ORDIUSDT, VIRTUALUSDT, BTCUSDT... (15 total)
2025-07-02 18:36:48,886 - ERROR - API request failed with status 400: {"success":false,"error":"Validation failed","details":["Invalid symbol: AWEUSDT. Must be one of the supported trading pairs."],"supported_symbols_count":92,"note":"Symbol support has been expanded to include more trading pairs"}
2025-07-02 18:36:48,895 - INFO - Using fallback analysis for AWEUSDT (API unavailable/invalid)
2025-07-02 18:36:48,896 - INFO - Taapi.io client initialized (Free tier: 1 request/15s)
2025-07-02 18:36:48,896 - INFO - Advanced indicators initialized with Taapi.io
2025-07-02 18:36:48,896 - INFO - Enhanced Strategy initialized with advanced indicators support
2025-07-02 18:36:54,231 - ERROR - API request failed with status 400: {"success":false,"error":"Validation failed","details":["Invalid symbol: SAHARAUSDT. Must be one of the supported trading pairs."],"supported_symbols_count":92,"note":"Symbol support has been expanded to include more trading pairs"}
2025-07-02 18:36:54,232 - INFO - Using fallback analysis for SAHARAUSDT (API unavailable/invalid)
2025-07-02 18:36:54,232 - INFO - Taapi.io client initialized (Free tier: 1 request/15s)
2025-07-02 18:36:54,232 - INFO - Advanced indicators initialized with Taapi.io
2025-07-02 18:36:54,232 - INFO - Enhanced Strategy initialized with advanced indicators support
2025-07-02 18:36:54,492 - ERROR - Taapi.io API error 404: {"errors":["The endpoint (or indicator) you are calling does not exist!"]}
2025-07-02 18:36:54,553 - WARNING - Taapi.io API error, backing off for 300s: HTTP 404
2025-07-02 18:36:59,549 - ERROR - API request failed with status 500: {"success":false,"request_id":"req_1751474219521_vt8txf6b0","error":"Internal server error","message":"Signal generation failed","timestamp":1751474219549}
2025-07-02 18:36:59,550 - INFO - Using fallback analysis for ORDIUSDT (API unavailable/invalid)
2025-07-02 18:36:59,550 - INFO - Taapi.io client initialized (Free tier: 1 request/15s)
2025-07-02 18:36:59,550 - INFO - Advanced indicators initialized with Taapi.io
2025-07-02 18:36:59,551 - INFO - Enhanced Strategy initialized with advanced indicators support
2025-07-02 18:36:59,615 - ERROR - Taapi.io API error 404: {"errors":["The endpoint (or indicator) you are calling does not exist!"]}
2025-07-02 18:36:59,617 - WARNING - Taapi.io API error, backing off for 300s: HTTP 404
2025-07-02 18:37:01,582 - INFO - Bot stopped by user
