2025-06-05 14:21:42,495 - INFO - CoinGecko API connected: (V3) To the Moon!
2025-06-05 14:21:42,496 - INFO - CoinGecko AI client initialized with demo API key
2025-06-05 14:21:42,496 - INFO - CoinGecko AI client initialized
2025-06-05 14:21:42,506 - INFO - Database initialization complete
2025-06-05 14:21:42,508 - INFO - Risk Manager initialized with equity protection: Warning at 3.0%, Risk Reduction at 5.0%, High Alert at 8.0%, Emergency at 12.0%
2025-06-05 14:21:42,508 - INFO - Hybrid Trading Bot initialized with 1000.00 equity
2025-06-05 14:21:42,508 - INFO - Mode: TEST trading
2025-06-05 14:21:42,508 - INFO - AI Provider: CoinGecko
2025-06-05 14:21:42,510 - INFO - Testing API connections...
2025-06-05 14:21:43,212 - INFO - Binance server time: 2025-06-05 14:21:39.815000
2025-06-05 14:21:43,667 - INFO - CoinGecko AI connection successful: 0.025688314760605555
2025-06-05 14:21:43,667 - INFO - Preloading historical data for analysis...
2025-06-05 14:21:43,668 - INFO - Preloading historical data for analysis...
2025-06-05 14:21:43,668 - INFO - Fetching top 20 trending cryptocurrency pairs
2025-06-05 14:21:45,068 - INFO - Found trending pairs: LPTUSDT, NXPCUSDT, WCTUSDT, VANAUSDT, SOPHUSDT...
2025-06-05 14:21:45,069 - INFO - Preloading data for pairs: SOPHUSDT, JUPUSDT, VANAUSDT, CRVUSDT, COMPUSDT
2025-06-05 14:22:13,678 - INFO - Preloading data for pairs: NEIROUSDT, VIRTUALUSDT, APEUSDT, ADAUSDT, ANIMEUSDT
2025-06-05 14:22:43,145 - INFO - Preloading data for pairs: ENAUSDT, UNIUSDT, PIXELUSDT, WCTUSDT, RENDERUSDT
2025-06-05 14:23:15,848 - INFO - Preloading data for pairs: SIGNUSDT, NXPCUSDT, TRBUSDT, BTCUSDT, BNBUSDT
2025-06-05 14:23:45,938 - INFO - Preloading data for pairs: AUSDT, SOLUSDT, LPTUSDT, SYRUPUSDT, ETHUSDT
2025-06-05 14:24:15,152 - INFO - Historical data preloading complete
2025-06-05 14:24:25,133 - INFO - Updating correlation matrix...
2025-06-05 14:24:25,134 - INFO - Current equity: $1000.00, Daily ROI: 0.00%, Drawdown: 0.00%, Risk level: normal, Positions: 0/15 ($0.00, 0.0% of equity)
2025-06-05 14:24:25,138 - INFO - Current daily ROI: 0.00% (target: 0.5% - 2.5%)
2025-06-05 14:24:58,062 - ERROR - Error getting klines for EOSUSDT 4h: APIError(code=-1121): Invalid symbol.
2025-06-05 14:25:03,668 - INFO - Selected optimal assets: ... (0 total)
2025-06-05 14:25:03,668 - INFO - Trading cycle completed in 38.54 seconds
2025-06-05 14:25:03,711 - INFO - Hourly performance report: {
  "equity": {
    "current": 1000.0,
    "start": 1000.0,
    "total_return_pct": 0.0,
    "max_drawdown_pct": 0.0,
    "avg_daily_return_pct": 0.0,
    "avg_weekly_return_pct": NaN
  },
  "trades": {
    "total": 0,
    "win_count": 0,
    "loss_count": 0,
    "win_rate_pct": 0,
    "profit_factor": 0,
    "avg_profit": 0,
    "avg_loss": 0,
    "expected_value": 0,
    "recent_win_rate_pct": 0
  },
  "pairs": {
    "best_pair": "None",
    "best_pair_profit": 0,
    "worst_pair": "None",
    "worst_pair_profit": 0
  },
  "timestamp": "2025-06-05 14:25:03"
}
2025-06-05 14:25:38,927 - ERROR - Error getting klines for EOSUSDT 1h: APIError(code=-1121): Invalid symbol.
2025-06-05 14:25:43,714 - INFO - Correlation matrix updated for 41 pairs
2025-06-05 14:25:46,303 - WARNING - Insufficient data for BTCUSDT on 1h timeframe
2025-06-05 14:25:47,232 - WARNING - Insufficient data for BTCUSDT on 4h timeframe
2025-06-05 14:25:48,161 - WARNING - Insufficient data for BTCUSDT on 1d timeframe
2025-06-05 14:25:51,721 - WARNING - Insufficient data for ETHUSDT on 1h timeframe
2025-06-05 14:25:52,197 - WARNING - Insufficient data for ETHUSDT on 4h timeframe
2025-06-05 14:25:53,587 - WARNING - Insufficient data for ETHUSDT on 1d timeframe
2025-06-05 14:25:53,587 - INFO - Market regime changed: NEUTRAL -> BULL_TRENDING
2025-06-05 14:25:53,587 - INFO - Market state: Regime=BULL_TRENDING, Trend=bullish, Volatility=low, Breadth=0.50
2025-06-05 14:29:01,789 - INFO - Top opportunities found: ['BTCUSDT', 'SOLUSDT', 'SUIUSDT', 'DYDXUSDT', 'ORDIUSDT']
2025-06-05 14:29:38,742 - ERROR - Error getting klines for EOSUSDT 4h: APIError(code=-1121): Invalid symbol.
2025-06-05 14:29:44,765 - INFO - Selected optimal assets: ... (0 total)
2025-06-05 14:30:39,347 - ERROR - Error getting klines for EOSUSDT 4h: APIError(code=-1121): Invalid symbol.
2025-06-05 14:30:45,859 - INFO - Selected optimal assets: ... (0 total)
2025-06-05 14:31:40,514 - ERROR - Error getting klines for EOSUSDT 4h: APIError(code=-1121): Invalid symbol.
2025-06-05 14:31:45,715 - INFO - Selected optimal assets: ... (0 total)
2025-06-05 14:32:39,158 - ERROR - Error getting klines for EOSUSDT 4h: APIError(code=-1121): Invalid symbol.
2025-06-05 14:32:44,504 - INFO - Selected optimal assets: ... (0 total)
2025-06-05 14:33:36,028 - ERROR - Error getting klines for EOSUSDT 4h: APIError(code=-1121): Invalid symbol.
2025-06-05 14:33:44,725 - INFO - Selected optimal assets: ... (0 total)
2025-06-05 14:34:36,950 - ERROR - Error getting klines for EOSUSDT 4h: APIError(code=-1121): Invalid symbol.
2025-06-05 14:34:44,388 - INFO - Selected optimal assets: ... (0 total)
2025-06-05 14:35:40,600 - ERROR - Error getting klines for EOSUSDT 4h: APIError(code=-1121): Invalid symbol.
