2025-07-05 10:08:59,486 - INFO - Database initialization complete
2025-07-05 10:08:59,488 - INFO - Taapi.io client disabled - using dummy client
2025-07-05 10:08:59,488 - INFO - Advanced indicators disabled - using dummy client
2025-07-05 10:08:59,488 - INFO - Enhanced Strategy initialized with advanced indicators support
2025-07-05 10:08:59,488 - INFO - Risk Manager initialized with equity protection: Warning at 2.0%, Risk Reduction at 3.0%, High Alert at 5.0%, Emergency at 8.0%
2025-07-05 10:08:59,488 - INFO - Hybrid Trading Bot initialized - API-Only Mode
2025-07-05 10:08:59,489 - INFO - API URL: http://localhost:3001/api
2025-07-05 10:08:59,489 - INFO - API enabled: True
2025-07-05 10:08:59,489 - INFO - Mode: TEST trading
2025-07-05 10:08:59,489 - INFO - External APIs: Disabled (Nebula, CoinGecko, Taapi.io removed)
2025-07-05 10:08:59,489 - INFO - Signal Source: Enhanced Signal API only
2025-07-05 10:08:59,490 - INFO - Testing API connections...
2025-07-05 10:08:59,490 - INFO - Initializing Enhanced Signal API...
2025-07-05 10:08:59,490 - INFO - Enhanced Signal API Client initialized: http://localhost:3001/api
2025-07-05 10:08:59,492 - INFO - Rate limiting: 300.0s interval, 600s cache
2025-07-05 10:08:59,502 - INFO - API health check passed
2025-07-05 10:08:59,502 - INFO - Enhanced Signal API initialized successfully
2025-07-05 10:08:59,503 - INFO - Using AI-powered signals with on-chain analysis
2025-07-05 10:09:00,194 - INFO - Binance server time: 2025-07-05 10:08:58.356000
2025-07-05 10:09:00,196 - INFO - API-only mode - skipping external API tests
2025-07-05 10:09:00,196 - INFO - Preloading historical data for analysis...
2025-07-05 10:09:00,196 - INFO - Preloading historical data for analysis...
2025-07-05 10:09:00,196 - INFO - Fetching top 20 trending cryptocurrency pairs
2025-07-05 10:09:02,487 - INFO - Bot stopped by user
2025-07-05 10:09:02,488 - INFO - Global API client closed
2025-07-05 10:09:02,488 - INFO - Bot cleanup completed
