SELL ORDER: XRPUSDT - 30.70476 at approx. $2.3473, P/L: $0.28 (0.39%)
SELL ORDER: HBARUSDT - 448.9 at approx. $0.16042, P/L: $0.26 (0.36%)
SELL ORDER: FUNUSDT - 3706.9802879999997 at approx. $0.012806, P/L: $0.29 (0.61%)
SELL ORDER: BANANAS31USDT - 3079.4719559999994 at approx. $0.015389, P/L: $0.21 (0.44%)
SELL ORDER: HIFIUSDT - 557.3506487999999 at approx. $0.0836, P/L: $0.28 (0.60%)
SELL ORDER: AAVEUSDT - 0.551 at approx. $282.52, P/L: $-4.07 (-2.55%)
SELL ORDER: SUIUSDT - 54.8 at approx. $2.8436, P/L: $-4.00 (-2.50%)
SELL ORDER: KMNOUSDT - 1235.3727999999999 at approx. $0.05578, P/L: $0.22 (0.32%)
SELL ORDER: NEIROUSDT - 170984.2144 at approx. $0.00042127, P/L: $0.24 (0.34%)
SELL ORDER: PORTALUSDT - 967.482747 at approx. $0.041, P/L: $0.29 (0.74%)
SELL ORDER: PUNDIXUSDT - 226.87405999999996 at approx. $0.304, P/L: $0.27 (0.40%)
SELL ORDER: SUIUSDT - 16.02573 at approx. $2.8596, P/L: $0.16 (0.35%)
SELL ORDER: AAVEUSDT - 0.2105341 at approx. $284.04, P/L: $0.20 (0.34%)
SELL ORDER: VIRTUALUSDT - 47.53851 at approx. $1.508, P/L: $0.25 (0.35%)
SELL ORDER: BTCUSDT - 0.000556636 at approx. $108474.95, P/L: $0.17 (0.28%)
SELL ORDER: SUIUSDT - 7.347595199999999 at approx. $2.8827, P/L: $0.11 (0.52%)
SELL ORDER: HBARUSDT - 967.0 at approx. $0.15566, P/L: $-4.38 (-2.83%)
SELL ORDER: FUNUSDT - 7761.0 at approx. $0.012435, P/L: $-4.66 (-4.61%)
SELL ORDER: SAGAUSDT - 100.61465039999999 at approx. $0.205, P/L: $0.12 (0.59%)
SELL ORDER: SUIUSDT - 7.199458199999999 at approx. $2.8594, P/L: $0.12 (0.57%)
SELL ORDER: PROMUSDT - 2.7909010800000003 at approx. $7.412, P/L: $0.14 (0.67%)
SELL ORDER: CELOUSDT - 69.4466256 at approx. $0.294, P/L: $0.12 (0.58%)
SELL ORDER: SPKUSDT - 656.24691 at approx. $0.030905, P/L: $0.09 (0.46%)
