DYNAMIC BUY: LAYERUSDT - Qty: 345.82, Price: $0.6940, Value: $240.00, Signal: 0.34
SELL ORDER: LAYERUSDT - 345.82 at approx. $0.6991, P/L: $1.76 (0.73%)
DYNAMIC BUY: LAYERUSDT - Qty: 454.02, Price: $0.7048, Value: $320.00, Signal: 0.57
SELL ORDER: LAYERUSDT - 454.02 at approx. $0.7078, P/L: $1.36 (0.43%)
DYNAMIC BUY: LAYERUSDT - Qty: 339.99, Price: $0.7059, Value: $240.00, Signal: 0.37
SELL ORDER: LAYERUSDT - 339.99 at approx. $0.7101, P/L: $1.43 (0.59%)
DYNAMIC BUY: LAYERUSDT - Qty: 448.36, Price: $0.7137, Value: $320.00, Signal: 0.41
SELL ORDER: LAYERUSDT - 448.36 at approx. $0.7222, P/L: $3.81 (1.19%)
DYNAMIC BUY: LAYERUSDT - Qty: 331.62, Price: $0.7237, Value: $240.00, Signal: 0.33
SELL ORDER: LAYERUSDT - 331.62 at approx. $0.7278, P/L: $1.36 (0.57%)
DYNAMIC BUY: LAYERUSDT - Qty: 329.85, Price: $0.7276, Value: $240.00, Signal: 0.37
DYNAMIC BUY: TUSDT - Qty: 13536.3, Price: $0.0177, Value: $240.00, Signal: 0.39
SELL ORDER: LAYERUSDT - 329.85 at approx. $0.7163, P/L: $-3.73 (-1.55%)
SELL ORDER: TUSDT - 13536.3 at approx. $0.01795, P/L: $2.98 (1.24%)
DYNAMIC BUY: TUSDT - Qty: 17847.1, Price: $0.0179, Value: $320.00, Signal: 0.52
DYNAMIC BUY: LAYERUSDT - Qty: 327.73, Price: $0.7323, Value: $240.00, Signal: 0.38
SELL ORDER: LAYERUSDT - 327.73 at approx. $0.7008, P/L: $-10.32 (-4.30%)
SELL ORDER: TUSDT - 17847.1 at approx. $0.01802, P/L: $1.61 (0.50%)
DYNAMIC BUY: TUSDT - Qty: 24040.0, Price: $0.0180, Value: $432.00, Signal: 0.62
DYNAMIC BUY: LAYERUSDT - Qty: 457.66, Price: $0.6992, Value: $320.00, Signal: 0.43
SELL ORDER: LAYERUSDT - 457.66 at approx. $0.7023, P/L: $1.42 (0.44%)
SELL ORDER: TUSDT - 24040.0 at approx. $0.0181, P/L: $3.13 (0.72%)
DYNAMIC BUY: TUSDT - Qty: 13318.5, Price: $0.0180, Value: $240.00, Signal: 0.34
DYNAMIC BUY: LAYERUSDT - Qty: 338.88, Price: $0.7082, Value: $240.00, Signal: 0.36
SELL ORDER: LAYERUSDT - 338.88 at approx. $0.7134, P/L: $1.76 (0.73%)
DYNAMIC BUY: LAYERUSDT - Qty: 335.57, Price: $0.7152, Value: $240.00, Signal: 0.31
SELL ORDER: TUSDT - 13318.5 at approx. $0.01763, P/L: $-5.19 (-2.16%)
DYNAMIC BUY: DATAUSDT - Qty: 24699.8, Price: $0.0175, Value: $432.00, Signal: 0.60
SELL ORDER: DATAUSDT - 24699.8 at approx. $0.01721, P/L: $-6.92 (-1.60%)
DYNAMIC BUY: XRPUSDT - Qty: 158.5, Price: $2.0182, Value: $320.00, Signal: 0.40
SELL ORDER: LAYERUSDT - 335.57 at approx. $0.7243, P/L: $3.05 (1.27%)
DYNAMIC BUY: QNTUSDT - Qty: 2.633, Price: $91.1500, Value: $240.00, Signal: 0.36
DYNAMIC BUY: KAIAUSDT - Qty: 2231.4, Price: $0.1936, Value: $432.00, Signal: 0.77
DYNAMIC BUY: LAYERUSDT - Qty: 331.67, Price: $0.7236, Value: $240.00, Signal: 0.39
SELL ORDER: XRPUSDT - 158.5 at approx. $2.0186, P/L: $0.06 (0.02%)
SELL ORDER: LAYERUSDT - 331.67 at approx. $0.7118, P/L: $-3.91 (-1.63%)
SELL ORDER: KAIAUSDT - 2231.4 at approx. $0.1912, P/L: $-5.36 (-1.24%)
SELL ORDER: QNTUSDT - 2.633 at approx. $92.28, P/L: $2.98 (1.24%)
DYNAMIC BUY: LAYERUSDT - Qty: 337.26, Price: $0.7116, Value: $240.00, Signal: 0.31
SELL ORDER: LAYERUSDT - 337.26 at approx. $0.7157, P/L: $1.38 (0.58%)
