2025-05-15 18:53:09,899 - INFO - Dummy Nebula AI client initialized (fallback mode)
2025-05-15 18:53:09,900 - INFO - Database initialization complete
2025-05-15 18:53:09,903 - WARNING - Thirdweb Nebula AI proxy not available - will use fallback mode
2025-05-15 18:53:09,904 - INFO - Risk Manager initialized with equity protection: Warning at 3.0%, Risk Reduction at 7.000000000000001%, High Alert at 12.0%, Emergency at 15.0%
2025-05-15 18:53:09,904 - INFO - Hybrid Trading Bot initialized with 10000.00 equity
2025-05-15 18:53:09,904 - INFO - Mode: TEST trading
2025-05-15 18:53:09,905 - INFO - Testing API connections...
2025-05-15 18:53:10,140 - INFO - Binance server time: 2025-05-15 18:53:09.958000
2025-05-15 18:53:10,166 - WARNING - Nebula proxy unavailable (attempt 1/3)
2025-05-15 18:53:12,185 - WARNING - Nebula proxy unavailable (attempt 2/3)
2025-05-15 18:53:14,194 - WARNING - Nebula proxy unavailable (attempt 3/3)
2025-05-15 18:53:16,200 - WARNING - Nebula AI proxy connection failed after retries - will operate in fallback mode
2025-05-15 18:53:16,200 - INFO - Preloading historical data for analysis...
2025-05-15 18:53:16,200 - INFO - Preloading historical data for analysis...
2025-05-15 18:53:16,201 - INFO - Fetching top 20 trending cryptocurrency pairs
2025-05-15 18:53:17,573 - INFO - Found trending pairs: AMPUSDT, GUNUSDT, NEIROUSDT, BABYUSDT, SIGNUSDT...
2025-05-15 18:53:17,574 - INFO - Preloading data for pairs: RSRUSDT, AMPUSDT, SPELLUSDT, SIGNUSDT, SOLUSDT
2025-05-15 18:53:50,433 - INFO - Preloading data for pairs: NOTUSDT, COTIUSDT, PIXELUSDT, JUPUSDT, BABYUSDT
2025-05-15 18:54:26,378 - INFO - Preloading data for pairs: ENAUSDT, OMUSDT, SYRUPUSDT, VANAUSDT, CKBUSDT
2025-05-15 18:54:57,874 - INFO - Preloading data for pairs: BIGTIMEUSDT, ADAUSDT, GUNUSDT, ETHUSDT, NEIROUSDT
2025-05-15 18:55:34,839 - INFO - Preloading data for pairs: WCTUSDT, LAYERUSDT, BTCUSDT, KAITOUSDT, BNBUSDT
2025-05-15 18:56:09,472 - INFO - Historical data preloading complete
2025-05-15 18:56:17,904 - INFO - Updating correlation matrix...
2025-05-15 18:56:17,905 - INFO - Current equity: $10000.00, Daily ROI: 0.00%, Drawdown: 0.00%, Risk level: normal
2025-05-15 18:56:17,905 - INFO - Current daily ROI: 0.00% (target: 0.5% - 2.0%)
2025-05-15 18:56:52,868 - INFO - Selected optimal assets: OMUSDT, LAYERUSDT, ZECUSDT, SUIUSDT, ETHUSDT... (15 total)
2025-05-15 18:56:52,869 - INFO -   OMUSDT: score 5.30
2025-05-15 18:56:52,869 - INFO -   LAYERUSDT: score 5.15
2025-05-15 18:56:52,869 - INFO -   ZECUSDT: score 4.10
2025-05-15 18:56:52,869 - INFO -   SUIUSDT: score 3.85
2025-05-15 18:56:52,869 - INFO -   ETHUSDT: score 3.80
2025-05-15 18:56:52,903 - INFO - Hourly performance report: {
  "equity": {
    "current": 10000.0,
    "start": 10000.0,
    "total_return_pct": 0.0,
    "max_drawdown_pct": 0.0,
    "avg_daily_return_pct": NaN,
    "avg_weekly_return_pct": NaN
  },
  "trades": {
    "total": 0,
    "win_count": 0,
    "loss_count": 0,
    "win_rate_pct": 0,
    "profit_factor": 0,
    "avg_profit": 0,
    "avg_loss": 0,
    "expected_value": 0,
    "recent_win_rate_pct": 0
  },
  "pairs": {
    "best_pair": "None",
    "best_pair_profit": 0,
    "worst_pair": "None",
    "worst_pair_profit": 0
  },
  "timestamp": "2025-05-15 18:56:52"
}
2025-05-15 18:57:38,137 - WARNING - Insufficient data for OMUSDT on 1d timeframe
2025-05-15 18:57:38,376 - ERROR - Error analyzing OMUSDT: 'EnhancedStrategy' object has no attribute '_get_technical_signals'
2025-05-15 18:57:38,376 - INFO - OMUSDT analysis: NEUTRAL signal with 0.00 strength
2025-05-15 18:57:44,889 - WARNING - Insufficient data for LAYERUSDT on 1d timeframe
2025-05-15 18:57:45,584 - ERROR - Error analyzing LAYERUSDT: 'EnhancedStrategy' object has no attribute '_get_technical_signals'
2025-05-15 18:57:45,584 - INFO - LAYERUSDT analysis: NEUTRAL signal with 0.00 strength
2025-05-15 18:57:47,714 - INFO - Bot stopped by user
2025-05-15 18:57:47,744 - ERROR - Task was destroyed but it is pending!
task: <Task cancelling name='Task-1' coro=<HybridTradingBot.run() done, defined at C:\Users\cuhey\OneDrive\Skrivebord\CUHOAI\GenesisAI\hybrid_bot.py:180> wait_for=<_GatheringFuture finished exception=CancelledError()> cb=[gather.<locals>._done_callback() at C:\Users\cuhey\AppData\Local\Programs\Python\Python313\Lib\asyncio\tasks.py:820]>
2025-05-15 18:57:47,745 - ERROR - Task exception was never retrieved
future: <Task finished name='Task-3' coro=<HybridTradingBot.trading_task() done, defined at C:\Users\cuhey\OneDrive\Skrivebord\CUHOAI\GenesisAI\hybrid_bot.py:380> exception=KeyboardInterrupt()>
Traceback (most recent call last):
  File "C:\Users\cuhey\OneDrive\Skrivebord\CUHOAI\GenesisAI\main.py", line 30, in <module>
    asyncio.run(bot.run())
    ~~~~~~~~~~~^^^^^^^^^^^
  File "C:\Users\cuhey\AppData\Local\Programs\Python\Python313\Lib\asyncio\runners.py", line 193, in run
    with Runner(debug=debug, loop_factory=loop_factory) as runner:
         ~~~~~~^^^^^^^^^^^^^^^^^^^^^^^^^^^^^^^^^^^^^^^^
  File "C:\Users\cuhey\AppData\Local\Programs\Python\Python313\Lib\asyncio\runners.py", line 62, in __exit__
    self.close()
    ~~~~~~~~~~^^
  File "C:\Users\cuhey\AppData\Local\Programs\Python\Python313\Lib\asyncio\runners.py", line 70, in close
    _cancel_all_tasks(loop)
    ~~~~~~~~~~~~~~~~~^^^^^^
  File "C:\Users\cuhey\AppData\Local\Programs\Python\Python313\Lib\asyncio\runners.py", line 205, in _cancel_all_tasks
    loop.run_until_complete(tasks.gather(*to_cancel, return_exceptions=True))
    ~~~~~~~~~~~~~~~~~~~~~~~^^^^^^^^^^^^^^^^^^^^^^^^^^^^^^^^^^^^^^^^^^^^^^^^^^
  File "C:\Users\cuhey\AppData\Local\Programs\Python\Python313\Lib\asyncio\base_events.py", line 708, in run_until_complete
    self.run_forever()
    ~~~~~~~~~~~~~~~~^^
  File "C:\Users\cuhey\AppData\Local\Programs\Python\Python313\Lib\asyncio\base_events.py", line 679, in run_forever
    self._run_once()
    ~~~~~~~~~~~~~~^^
  File "C:\Users\cuhey\AppData\Local\Programs\Python\Python313\Lib\asyncio\base_events.py", line 2027, in _run_once
    handle._run()
    ~~~~~~~~~~~^^
  File "C:\Users\cuhey\AppData\Local\Programs\Python\Python313\Lib\asyncio\events.py", line 89, in _run
    self._context.run(self._callback, *self._args)
    ~~~~~~~~~~~~~~~~~^^^^^^^^^^^^^^^^^^^^^^^^^^^^^
  File "C:\Users\cuhey\OneDrive\Skrivebord\CUHOAI\GenesisAI\hybrid_bot.py", line 432, in trading_task
    await asyncio.gather(*analysis_tasks)
  File "C:\Users\cuhey\AppData\Local\Programs\Python\Python313\Lib\asyncio\runners.py", line 194, in run
    return runner.run(main)
           ~~~~~~~~~~^^^^^^
  File "C:\Users\cuhey\AppData\Local\Programs\Python\Python313\Lib\asyncio\runners.py", line 118, in run
    return self._loop.run_until_complete(task)
           ~~~~~~~~~~~~~~~~~~~~~~~~~~~~~^^^^^^
  File "C:\Users\cuhey\AppData\Local\Programs\Python\Python313\Lib\asyncio\base_events.py", line 708, in run_until_complete
    self.run_forever()
    ~~~~~~~~~~~~~~~~^^
  File "C:\Users\cuhey\AppData\Local\Programs\Python\Python313\Lib\asyncio\base_events.py", line 679, in run_forever
    self._run_once()
    ~~~~~~~~~~~~~~^^
  File "C:\Users\cuhey\AppData\Local\Programs\Python\Python313\Lib\asyncio\base_events.py", line 2027, in _run_once
    handle._run()
    ~~~~~~~~~~~^^
  File "C:\Users\cuhey\AppData\Local\Programs\Python\Python313\Lib\asyncio\events.py", line 89, in _run
    self._context.run(self._callback, *self._args)
    ~~~~~~~~~~~~~~~~~^^^^^^^^^^^^^^^^^^^^^^^^^^^^^
  File "C:\Users\cuhey\OneDrive\Skrivebord\CUHOAI\GenesisAI\hybrid_bot.py", line 532, in analyze_and_trade
    mtf_analysis = await self.market_analysis.get_multi_timeframe_analysis(pair)
                   ^^^^^^^^^^^^^^^^^^^^^^^^^^^^^^^^^^^^^^^^^^^^^^^^^^^^^^^^^^^^^
  File "C:\Users\cuhey\OneDrive\Skrivebord\CUHOAI\GenesisAI\market_analysis.py", line 41, in get_multi_timeframe_analysis
    klines = await self.get_klines(pair, now - lookback_ms, interval)
             ^^^^^^^^^^^^^^^^^^^^^^^^^^^^^^^^^^^^^^^^^^^^^^^^^^^^^^^^
  File "C:\Users\cuhey\OneDrive\Skrivebord\CUHOAI\GenesisAI\market_analysis.py", line 214, in get_klines
    klines = self.binance_client.get_historical_klines(
        pair, interval, start_time, limit=1000
    )
  File "C:\Users\cuhey\OneDrive\Skrivebord\CUHOAI\GenesisAI\venv\Lib\site-packages\binance\client.py", line 830, in get_historical_klines
    return self._historical_klines(
           ~~~~~~~~~~~~~~~~~~~~~~~^
        symbol,
        ^^^^^^^
    ...<4 lines>...
        klines_type=klines_type,
        ^^^^^^^^^^^^^^^^^^^^^^^^
    )
    ^
  File "C:\Users\cuhey\OneDrive\Skrivebord\CUHOAI\GenesisAI\venv\Lib\site-packages\binance\client.py", line 887, in _historical_klines
    first_valid_ts = self._get_earliest_valid_timestamp(
        symbol, interval, klines_type
    )
  File "C:\Users\cuhey\OneDrive\Skrivebord\CUHOAI\GenesisAI\venv\Lib\site-packages\binance\client.py", line 793, in _get_earliest_valid_timestamp
    kline = self._klines(
        klines_type=klines_type,
    ...<4 lines>...
        endTime=int(time.time() * 1000),
    )
  File "C:\Users\cuhey\OneDrive\Skrivebord\CUHOAI\GenesisAI\venv\Lib\site-packages\binance\client.py", line 759, in _klines
    return self.get_klines(**params)
           ~~~~~~~~~~~~~~~^^^^^^^^^^
  File "C:\Users\cuhey\OneDrive\Skrivebord\CUHOAI\GenesisAI\venv\Lib\site-packages\binance\client.py", line 742, in get_klines
    return self._get("klines", data=params, version=self.PRIVATE_API_VERSION)
           ~~~~~~~~~^^^^^^^^^^^^^^^^^^^^^^^^^^^^^^^^^^^^^^^^^^^^^^^^^^^^^^^^^
  File "C:\Users\cuhey\OneDrive\Skrivebord\CUHOAI\GenesisAI\venv\Lib\site-packages\binance\client.py", line 180, in _get
    return self._request_api("get", path, signed, version, **kwargs)
           ~~~~~~~~~~~~~~~~~^^^^^^^^^^^^^^^^^^^^^^^^^^^^^^^^^^^^^^^^
  File "C:\Users\cuhey\OneDrive\Skrivebord\CUHOAI\GenesisAI\venv\Lib\site-packages\binance\client.py", line 117, in _request_api
    return self._request(method, uri, signed, **kwargs)
           ~~~~~~~~~~~~~^^^^^^^^^^^^^^^^^^^^^^^^^^^^^^^
  File "C:\Users\cuhey\OneDrive\Skrivebord\CUHOAI\GenesisAI\venv\Lib\site-packages\binance\client.py", line 88, in _request
    self.response = getattr(self.session, method)(uri, headers=headers, data=data, **kwargs)
                    ~~~~~~~~~~~~~~~~~~~~~~~~~~~~~^^^^^^^^^^^^^^^^^^^^^^^^^^^^^^^^^^^^^^^^^^^
  File "C:\Users\cuhey\OneDrive\Skrivebord\CUHOAI\GenesisAI\venv\Lib\site-packages\requests\sessions.py", line 602, in get
    return self.request("GET", url, **kwargs)
           ~~~~~~~~~~~~^^^^^^^^^^^^^^^^^^^^^^
  File "C:\Users\cuhey\OneDrive\Skrivebord\CUHOAI\GenesisAI\venv\Lib\site-packages\requests\sessions.py", line 589, in request
    resp = self.send(prep, **send_kwargs)
  File "C:\Users\cuhey\OneDrive\Skrivebord\CUHOAI\GenesisAI\venv\Lib\site-packages\requests\sessions.py", line 703, in send
    r = adapter.send(request, **kwargs)
  File "C:\Users\cuhey\OneDrive\Skrivebord\CUHOAI\GenesisAI\venv\Lib\site-packages\requests\adapters.py", line 667, in send
    resp = conn.urlopen(
        method=request.method,
    ...<9 lines>...
        chunked=chunked,
    )
  File "C:\Users\cuhey\OneDrive\Skrivebord\CUHOAI\GenesisAI\venv\Lib\site-packages\urllib3\connectionpool.py", line 787, in urlopen
    response = self._make_request(
        conn,
    ...<10 lines>...
        **response_kw,
    )
  File "C:\Users\cuhey\OneDrive\Skrivebord\CUHOAI\GenesisAI\venv\Lib\site-packages\urllib3\connectionpool.py", line 534, in _make_request
    response = conn.getresponse()
  File "C:\Users\cuhey\OneDrive\Skrivebord\CUHOAI\GenesisAI\venv\Lib\site-packages\urllib3\connection.py", line 516, in getresponse
    httplib_response = super().getresponse()
  File "C:\Users\cuhey\AppData\Local\Programs\Python\Python313\Lib\http\client.py", line 1428, in getresponse
    response.begin()
    ~~~~~~~~~~~~~~^^
  File "C:\Users\cuhey\AppData\Local\Programs\Python\Python313\Lib\http\client.py", line 331, in begin
    version, status, reason = self._read_status()
                              ~~~~~~~~~~~~~~~~~^^
  File "C:\Users\cuhey\AppData\Local\Programs\Python\Python313\Lib\http\client.py", line 292, in _read_status
    line = str(self.fp.readline(_MAXLINE + 1), "iso-8859-1")
               ~~~~~~~~~~~~~~~~^^^^^^^^^^^^^^
  File "C:\Users\cuhey\AppData\Local\Programs\Python\Python313\Lib\socket.py", line 719, in readinto
    return self._sock.recv_into(b)
           ~~~~~~~~~~~~~~~~~~~~^^^
  File "C:\Users\cuhey\AppData\Local\Programs\Python\Python313\Lib\ssl.py", line 1304, in recv_into
    return self.read(nbytes, buffer)
           ~~~~~~~~~^^^^^^^^^^^^^^^^
  File "C:\Users\cuhey\AppData\Local\Programs\Python\Python313\Lib\ssl.py", line 1138, in read
    return self._sslobj.read(len, buffer)
           ~~~~~~~~~~~~~~~~~^^^^^^^^^^^^^
  File "C:\Users\cuhey\AppData\Local\Programs\Python\Python313\Lib\asyncio\runners.py", line 157, in _on_sigint
    raise KeyboardInterrupt()
KeyboardInterrupt
2025-05-15 18:57:47,754 - ERROR - _GatheringFuture exception was never retrieved
future: <_GatheringFuture finished exception=CancelledError()>
Traceback (most recent call last):
  File "C:\Users\cuhey\OneDrive\Skrivebord\CUHOAI\GenesisAI\main.py", line 30, in <module>
    asyncio.run(bot.run())
    ~~~~~~~~~~~^^^^^^^^^^^
  File "C:\Users\cuhey\AppData\Local\Programs\Python\Python313\Lib\asyncio\runners.py", line 193, in run
    with Runner(debug=debug, loop_factory=loop_factory) as runner:
         ~~~~~~^^^^^^^^^^^^^^^^^^^^^^^^^^^^^^^^^^^^^^^^
  File "C:\Users\cuhey\AppData\Local\Programs\Python\Python313\Lib\asyncio\runners.py", line 62, in __exit__
    self.close()
    ~~~~~~~~~~^^
  File "C:\Users\cuhey\AppData\Local\Programs\Python\Python313\Lib\asyncio\runners.py", line 70, in close
    _cancel_all_tasks(loop)
    ~~~~~~~~~~~~~~~~~^^^^^^
  File "C:\Users\cuhey\AppData\Local\Programs\Python\Python313\Lib\asyncio\runners.py", line 205, in _cancel_all_tasks
    loop.run_until_complete(tasks.gather(*to_cancel, return_exceptions=True))
    ~~~~~~~~~~~~~~~~~~~~~~~^^^^^^^^^^^^^^^^^^^^^^^^^^^^^^^^^^^^^^^^^^^^^^^^^^
  File "C:\Users\cuhey\AppData\Local\Programs\Python\Python313\Lib\asyncio\base_events.py", line 708, in run_until_complete
    self.run_forever()
    ~~~~~~~~~~~~~~~~^^
  File "C:\Users\cuhey\AppData\Local\Programs\Python\Python313\Lib\asyncio\base_events.py", line 679, in run_forever
    self._run_once()
    ~~~~~~~~~~~~~~^^
  File "C:\Users\cuhey\AppData\Local\Programs\Python\Python313\Lib\asyncio\base_events.py", line 2027, in _run_once
    handle._run()
    ~~~~~~~~~~~^^
  File "C:\Users\cuhey\AppData\Local\Programs\Python\Python313\Lib\asyncio\events.py", line 89, in _run
    self._context.run(self._callback, *self._args)
    ~~~~~~~~~~~~~~~~~^^^^^^^^^^^^^^^^^^^^^^^^^^^^^
  File "C:\Users\cuhey\OneDrive\Skrivebord\CUHOAI\GenesisAI\hybrid_bot.py", line 432, in trading_task
    await asyncio.gather(*analysis_tasks)
  File "C:\Users\cuhey\AppData\Local\Programs\Python\Python313\Lib\asyncio\runners.py", line 194, in run
    return runner.run(main)
           ~~~~~~~~~~^^^^^^
  File "C:\Users\cuhey\AppData\Local\Programs\Python\Python313\Lib\asyncio\runners.py", line 118, in run
    return self._loop.run_until_complete(task)
           ~~~~~~~~~~~~~~~~~~~~~~~~~~~~~^^^^^^
  File "C:\Users\cuhey\AppData\Local\Programs\Python\Python313\Lib\asyncio\base_events.py", line 708, in run_until_complete
    self.run_forever()
    ~~~~~~~~~~~~~~~~^^
  File "C:\Users\cuhey\AppData\Local\Programs\Python\Python313\Lib\asyncio\base_events.py", line 679, in run_forever
    self._run_once()
    ~~~~~~~~~~~~~~^^
  File "C:\Users\cuhey\AppData\Local\Programs\Python\Python313\Lib\asyncio\base_events.py", line 2027, in _run_once
    handle._run()
    ~~~~~~~~~~~^^
  File "C:\Users\cuhey\AppData\Local\Programs\Python\Python313\Lib\asyncio\events.py", line 89, in _run
    self._context.run(self._callback, *self._args)
    ~~~~~~~~~~~~~~~~~^^^^^^^^^^^^^^^^^^^^^^^^^^^^^
  File "C:\Users\cuhey\OneDrive\Skrivebord\CUHOAI\GenesisAI\hybrid_bot.py", line 532, in analyze_and_trade
    mtf_analysis = await self.market_analysis.get_multi_timeframe_analysis(pair)
                   ^^^^^^^^^^^^^^^^^^^^^^^^^^^^^^^^^^^^^^^^^^^^^^^^^^^^^^^^^^^^^
  File "C:\Users\cuhey\OneDrive\Skrivebord\CUHOAI\GenesisAI\market_analysis.py", line 41, in get_multi_timeframe_analysis
    klines = await self.get_klines(pair, now - lookback_ms, interval)
             ^^^^^^^^^^^^^^^^^^^^^^^^^^^^^^^^^^^^^^^^^^^^^^^^^^^^^^^^
  File "C:\Users\cuhey\OneDrive\Skrivebord\CUHOAI\GenesisAI\market_analysis.py", line 214, in get_klines
    klines = self.binance_client.get_historical_klines(
        pair, interval, start_time, limit=1000
    )
  File "C:\Users\cuhey\OneDrive\Skrivebord\CUHOAI\GenesisAI\venv\Lib\site-packages\binance\client.py", line 830, in get_historical_klines
    return self._historical_klines(
           ~~~~~~~~~~~~~~~~~~~~~~~^
        symbol,
        ^^^^^^^
    ...<4 lines>...
        klines_type=klines_type,
        ^^^^^^^^^^^^^^^^^^^^^^^^
    )
    ^
  File "C:\Users\cuhey\OneDrive\Skrivebord\CUHOAI\GenesisAI\venv\Lib\site-packages\binance\client.py", line 887, in _historical_klines
    first_valid_ts = self._get_earliest_valid_timestamp(
        symbol, interval, klines_type
    )
  File "C:\Users\cuhey\OneDrive\Skrivebord\CUHOAI\GenesisAI\venv\Lib\site-packages\binance\client.py", line 793, in _get_earliest_valid_timestamp
    kline = self._klines(
        klines_type=klines_type,
    ...<4 lines>...
        endTime=int(time.time() * 1000),
    )
  File "C:\Users\cuhey\OneDrive\Skrivebord\CUHOAI\GenesisAI\venv\Lib\site-packages\binance\client.py", line 759, in _klines
    return self.get_klines(**params)
           ~~~~~~~~~~~~~~~^^^^^^^^^^
  File "C:\Users\cuhey\OneDrive\Skrivebord\CUHOAI\GenesisAI\venv\Lib\site-packages\binance\client.py", line 742, in get_klines
    return self._get("klines", data=params, version=self.PRIVATE_API_VERSION)
           ~~~~~~~~~^^^^^^^^^^^^^^^^^^^^^^^^^^^^^^^^^^^^^^^^^^^^^^^^^^^^^^^^^
  File "C:\Users\cuhey\OneDrive\Skrivebord\CUHOAI\GenesisAI\venv\Lib\site-packages\binance\client.py", line 180, in _get
    return self._request_api("get", path, signed, version, **kwargs)
           ~~~~~~~~~~~~~~~~~^^^^^^^^^^^^^^^^^^^^^^^^^^^^^^^^^^^^^^^^
  File "C:\Users\cuhey\OneDrive\Skrivebord\CUHOAI\GenesisAI\venv\Lib\site-packages\binance\client.py", line 117, in _request_api
    return self._request(method, uri, signed, **kwargs)
           ~~~~~~~~~~~~~^^^^^^^^^^^^^^^^^^^^^^^^^^^^^^^
  File "C:\Users\cuhey\OneDrive\Skrivebord\CUHOAI\GenesisAI\venv\Lib\site-packages\binance\client.py", line 88, in _request
    self.response = getattr(self.session, method)(uri, headers=headers, data=data, **kwargs)
                    ~~~~~~~~~~~~~~~~~~~~~~~~~~~~~^^^^^^^^^^^^^^^^^^^^^^^^^^^^^^^^^^^^^^^^^^^
  File "C:\Users\cuhey\OneDrive\Skrivebord\CUHOAI\GenesisAI\venv\Lib\site-packages\requests\sessions.py", line 602, in get
    return self.request("GET", url, **kwargs)
           ~~~~~~~~~~~~^^^^^^^^^^^^^^^^^^^^^^
  File "C:\Users\cuhey\OneDrive\Skrivebord\CUHOAI\GenesisAI\venv\Lib\site-packages\requests\sessions.py", line 589, in request
    resp = self.send(prep, **send_kwargs)
  File "C:\Users\cuhey\OneDrive\Skrivebord\CUHOAI\GenesisAI\venv\Lib\site-packages\requests\sessions.py", line 703, in send
    r = adapter.send(request, **kwargs)
  File "C:\Users\cuhey\OneDrive\Skrivebord\CUHOAI\GenesisAI\venv\Lib\site-packages\requests\adapters.py", line 667, in send
    resp = conn.urlopen(
        method=request.method,
    ...<9 lines>...
        chunked=chunked,
    )
  File "C:\Users\cuhey\OneDrive\Skrivebord\CUHOAI\GenesisAI\venv\Lib\site-packages\urllib3\connectionpool.py", line 787, in urlopen
    response = self._make_request(
        conn,
    ...<10 lines>...
        **response_kw,
    )
  File "C:\Users\cuhey\OneDrive\Skrivebord\CUHOAI\GenesisAI\venv\Lib\site-packages\urllib3\connectionpool.py", line 534, in _make_request
    response = conn.getresponse()
  File "C:\Users\cuhey\OneDrive\Skrivebord\CUHOAI\GenesisAI\venv\Lib\site-packages\urllib3\connection.py", line 516, in getresponse
    httplib_response = super().getresponse()
  File "C:\Users\cuhey\AppData\Local\Programs\Python\Python313\Lib\http\client.py", line 1428, in getresponse
    response.begin()
    ~~~~~~~~~~~~~~^^
  File "C:\Users\cuhey\AppData\Local\Programs\Python\Python313\Lib\http\client.py", line 331, in begin
    version, status, reason = self._read_status()
                              ~~~~~~~~~~~~~~~~~^^
  File "C:\Users\cuhey\AppData\Local\Programs\Python\Python313\Lib\http\client.py", line 292, in _read_status
    line = str(self.fp.readline(_MAXLINE + 1), "iso-8859-1")
               ~~~~~~~~~~~~~~~~^^^^^^^^^^^^^^
  File "C:\Users\cuhey\AppData\Local\Programs\Python\Python313\Lib\socket.py", line 719, in readinto
    return self._sock.recv_into(b)
           ~~~~~~~~~~~~~~~~~~~~^^^
  File "C:\Users\cuhey\AppData\Local\Programs\Python\Python313\Lib\ssl.py", line 1304, in recv_into
    return self.read(nbytes, buffer)
           ~~~~~~~~~^^^^^^^^^^^^^^^^
  File "C:\Users\cuhey\AppData\Local\Programs\Python\Python313\Lib\ssl.py", line 1138, in read
    return self._sslobj.read(len, buffer)
           ~~~~~~~~~~~~~~~~~^^^^^^^^^^^^^
  File "C:\Users\cuhey\AppData\Local\Programs\Python\Python313\Lib\asyncio\runners.py", line 157, in _on_sigint
    raise KeyboardInterrupt()
KeyboardInterrupt

During handling of the above exception, another exception occurred:

Traceback (most recent call last):
  File "C:\Users\cuhey\OneDrive\Skrivebord\CUHOAI\GenesisAI\hybrid_bot.py", line 469, in position_monitor_task
    await asyncio.sleep(30)
  File "C:\Users\cuhey\AppData\Local\Programs\Python\Python313\Lib\asyncio\tasks.py", line 718, in sleep
    return await future
           ^^^^^^^^^^^^
asyncio.exceptions.CancelledError
