2025-05-15 15:20:58,755 - INFO - Database initialization complete
2025-05-15 15:20:58,782 - INFO - Thirdweb Nebula AI client initialized via local proxy
2025-05-15 15:20:58,783 - INFO - Risk Manager initialized with equity protection: Warning at 3.0%, Risk Reduction at 7.000000000000001%, High Alert at 12.0%, Emergency at 15.0%
2025-05-15 15:20:58,783 - INFO - Hybrid Trading Bot initialized with 10000.00 equity
2025-05-15 15:20:58,783 - INFO - Mode: TEST trading
2025-05-15 15:20:58,784 - INFO - Testing API connections...
2025-05-15 15:20:59,017 - INFO - Binance server time: 2025-05-15 15:20:37.025000
2025-05-15 15:20:59,047 - ERROR - Nebula API error: 503 - {"error":"Nebula AI service not available","message":"ThirdWeb SDK initialization failed"}
2025-05-15 15:20:59,047 - INFO - Nebula AI connection successful: 0
2025-05-15 15:20:59,047 - INFO - Preloading historical data for analysis...
2025-05-15 15:20:59,048 - INFO - Preloading historical data for analysis...
2025-05-15 15:20:59,048 - INFO - Fetching top 20 trending cryptocurrency pairs
2025-05-15 15:21:00,458 - INFO - Found trending pairs: KMNOUSDT, BABYUSDT, RSRUSDT, SIGNUSDT, ONDOUSDT...
2025-05-15 15:21:00,459 - INFO - Preloading data for pairs: ENAUSDT, ADAUSDT, XVGUSDT, ONDOUSDT, ETHUSDT
2025-05-15 15:21:33,941 - INFO - Preloading data for pairs: SIGNUSDT, RENDERUSDT, JUPUSDT, PIXELUSDT, NEIROUSDT
2025-05-15 15:22:06,187 - INFO - Preloading data for pairs: LAYERUSDT, RSRUSDT, KMNOUSDT, BABYUSDT, COTIUSDT
2025-05-15 15:22:41,699 - INFO - Preloading data for pairs: BNBUSDT, BTCUSDT, SYRUPUSDT, BIGTIMEUSDT, NOTUSDT
2025-05-15 15:23:15,947 - INFO - Preloading data for pairs: OMUSDT, AMPUSDT, SOLUSDT, WCTUSDT, VANAUSDT
2025-05-15 15:23:49,985 - INFO - Historical data preloading complete
2025-05-15 15:23:59,710 - INFO - Updating correlation matrix...
2025-05-15 15:23:59,711 - INFO - Current equity: $10000.00, Daily ROI: 0.00%, Drawdown: 0.00%, Risk level: normal
2025-05-15 15:23:59,711 - INFO - Current daily ROI: 0.00% (target: 0.5% - 2.0%)
2025-05-15 15:24:40,084 - INFO - Selected optimal assets: OMUSDT, RENDERUSDT, LAYERUSDT, PEPEUSDT, BONKUSDT... (15 total)
2025-05-15 15:24:40,084 - INFO -   OMUSDT: score 5.60
2025-05-15 15:24:40,084 - INFO -   RENDERUSDT: score 4.85
2025-05-15 15:24:40,085 - INFO -   LAYERUSDT: score 4.75
2025-05-15 15:24:40,085 - INFO -   PEPEUSDT: score 4.05
2025-05-15 15:24:40,085 - INFO -   BONKUSDT: score 3.85
2025-05-15 15:24:40,098 - INFO - Hourly performance report: {
  "equity": {
    "current": 10000.0,
    "start": 10000.0,
    "total_return_pct": 0.0,
    "max_drawdown_pct": 0.0,
    "avg_daily_return_pct": NaN,
    "avg_weekly_return_pct": NaN
  },
  "trades": {
    "total": 0,
    "win_count": 0,
    "loss_count": 0,
    "win_rate_pct": 0,
    "profit_factor": 0,
    "avg_profit": 0,
    "avg_loss": 0,
    "expected_value": 0,
    "recent_win_rate_pct": 0
  },
  "pairs": {
    "best_pair": "None",
    "best_pair_profit": 0,
    "worst_pair": "None",
    "worst_pair_profit": 0
  },
  "timestamp": "2025-05-15 15:24:40"
}
2025-05-15 15:25:20,723 - WARNING - Insufficient data for OMUSDT on 1d timeframe
2025-05-15 15:25:20,958 - ERROR - Error analyzing OMUSDT: name 'asyncio' is not defined
2025-05-15 15:25:20,959 - INFO - OMUSDT analysis: NEUTRAL signal with 0.00 strength
2025-05-15 15:25:27,042 - WARNING - Insufficient data for RENDERUSDT on 1d timeframe
2025-05-15 15:25:27,279 - ERROR - Error analyzing RENDERUSDT: name 'asyncio' is not defined
2025-05-15 15:25:27,279 - INFO - RENDERUSDT analysis: NEUTRAL signal with 0.00 strength
2025-05-15 15:25:34,725 - WARNING - Insufficient data for LAYERUSDT on 1d timeframe
2025-05-15 15:25:35,411 - ERROR - Error analyzing LAYERUSDT: name 'asyncio' is not defined
2025-05-15 15:25:35,412 - INFO - LAYERUSDT analysis: NEUTRAL signal with 0.00 strength
2025-05-15 15:25:41,061 - WARNING - Insufficient data for PEPEUSDT on 1d timeframe
2025-05-15 15:25:41,301 - ERROR - Error analyzing PEPEUSDT: name 'asyncio' is not defined
2025-05-15 15:25:41,302 - INFO - PEPEUSDT analysis: NEUTRAL signal with 0.00 strength
2025-05-15 15:25:46,897 - WARNING - Insufficient data for BONKUSDT on 1d timeframe
2025-05-15 15:25:47,131 - ERROR - Error analyzing BONKUSDT: name 'asyncio' is not defined
2025-05-15 15:25:47,131 - INFO - BONKUSDT analysis: NEUTRAL signal with 0.00 strength
2025-05-15 15:25:52,745 - WARNING - Insufficient data for ICPUSDT on 1d timeframe
2025-05-15 15:25:53,434 - ERROR - Error analyzing ICPUSDT: name 'asyncio' is not defined
2025-05-15 15:25:53,435 - INFO - ICPUSDT analysis: NEUTRAL signal with 0.00 strength
2025-05-15 15:25:59,168 - WARNING - Insufficient data for EOSUSDT on 1d timeframe
2025-05-15 15:25:59,407 - ERROR - Error analyzing EOSUSDT: name 'asyncio' is not defined
2025-05-15 15:25:59,407 - INFO - EOSUSDT analysis: NEUTRAL signal with 0.00 strength
2025-05-15 15:26:03,206 - WARNING - Insufficient data for EGLDUSDT on 1d timeframe
2025-05-15 15:26:03,895 - ERROR - Error analyzing EGLDUSDT: name 'asyncio' is not defined
2025-05-15 15:26:03,896 - INFO - EGLDUSDT analysis: NEUTRAL signal with 0.00 strength
2025-05-15 15:26:10,210 - WARNING - Insufficient data for ETHUSDT on 1d timeframe
2025-05-15 15:26:10,904 - ERROR - Error analyzing ETHUSDT: name 'asyncio' is not defined
2025-05-15 15:26:10,905 - INFO - ETHUSDT analysis: NEUTRAL signal with 0.00 strength
2025-05-15 15:26:15,166 - WARNING - Insufficient data for SOLUSDT on 1d timeframe
2025-05-15 15:26:15,398 - ERROR - Error analyzing SOLUSDT: name 'asyncio' is not defined
2025-05-15 15:26:15,399 - INFO - SOLUSDT analysis: NEUTRAL signal with 0.00 strength
2025-05-15 15:26:21,932 - WARNING - Insufficient data for BNBUSDT on 1d timeframe
2025-05-15 15:26:22,164 - ERROR - Error analyzing BNBUSDT: name 'asyncio' is not defined
2025-05-15 15:26:22,164 - INFO - BNBUSDT analysis: NEUTRAL signal with 0.00 strength
2025-05-15 15:26:29,133 - WARNING - Insufficient data for DOGEUSDT on 1d timeframe
2025-05-15 15:26:29,370 - ERROR - Error analyzing DOGEUSDT: name 'asyncio' is not defined
2025-05-15 15:26:29,370 - INFO - DOGEUSDT analysis: NEUTRAL signal with 0.00 strength
2025-05-15 15:26:34,982 - WARNING - Insufficient data for ADAUSDT on 1d timeframe
2025-05-15 15:26:35,682 - ERROR - Error analyzing ADAUSDT: name 'asyncio' is not defined
2025-05-15 15:26:35,682 - INFO - ADAUSDT analysis: NEUTRAL signal with 0.00 strength
2025-05-15 15:26:40,153 - WARNING - Insufficient data for TRXUSDT on 1d timeframe
2025-05-15 15:26:40,836 - ERROR - Error analyzing TRXUSDT: name 'asyncio' is not defined
2025-05-15 15:26:40,837 - INFO - TRXUSDT analysis: NEUTRAL signal with 0.00 strength
2025-05-15 15:26:47,361 - WARNING - Insufficient data for LINKUSDT on 1d timeframe
2025-05-15 15:26:47,598 - ERROR - Error analyzing LINKUSDT: name 'asyncio' is not defined
2025-05-15 15:26:47,599 - INFO - LINKUSDT analysis: NEUTRAL signal with 0.00 strength
2025-05-15 15:26:47,683 - INFO - Correlation matrix updated for 42 pairs
2025-05-15 15:26:54,621 - WARNING - Insufficient data for BTCUSDT on 1d timeframe
2025-05-15 15:26:58,842 - WARNING - Insufficient data for ETHUSDT on 1d timeframe
2025-05-15 15:26:58,842 - INFO - Market state: Regime=NEUTRAL, Trend=neutral, Volatility=high, Breadth=0.50
2025-05-15 15:26:58,843 - INFO - Trading cycle completed in 179.13 seconds
2025-05-15 15:27:28,853 - INFO - Current equity: $10000.00, Daily ROI: 0.00%, Drawdown: 0.00%, Risk level: normal
2025-05-15 15:27:28,854 - INFO - Current daily ROI: 0.00% (target: 0.5% - 2.0%)
2025-05-15 15:28:06,587 - INFO - Selected optimal assets: OMUSDT, RENDERUSDT, LAYERUSDT, PEPEUSDT, BONKUSDT... (15 total)
2025-05-15 15:28:06,588 - INFO -   OMUSDT: score 5.50
2025-05-15 15:28:06,588 - INFO -   RENDERUSDT: score 4.85
2025-05-15 15:28:06,588 - INFO -   LAYERUSDT: score 4.75
2025-05-15 15:28:06,588 - INFO -   PEPEUSDT: score 4.05
2025-05-15 15:28:06,588 - INFO -   BONKUSDT: score 3.85
2025-05-15 15:28:06,588 - INFO - High volatility - limiting analysis to 10 pairs
2025-05-15 15:28:11,964 - WARNING - Insufficient data for OMUSDT on 1d timeframe
2025-05-15 15:28:12,658 - ERROR - Error analyzing OMUSDT: name 'asyncio' is not defined
2025-05-15 15:28:12,658 - INFO - OMUSDT analysis: NEUTRAL signal with 0.00 strength
2025-05-15 15:28:18,731 - WARNING - Insufficient data for RENDERUSDT on 1d timeframe
2025-05-15 15:28:18,964 - ERROR - Error analyzing RENDERUSDT: name 'asyncio' is not defined
2025-05-15 15:28:18,964 - INFO - RENDERUSDT analysis: NEUTRAL signal with 0.00 strength
2025-05-15 15:28:25,074 - WARNING - Insufficient data for LAYERUSDT on 1d timeframe
2025-05-15 15:28:25,764 - ERROR - Error analyzing LAYERUSDT: name 'asyncio' is not defined
2025-05-15 15:28:25,764 - INFO - LAYERUSDT analysis: NEUTRAL signal with 0.00 strength
2025-05-15 15:28:30,677 - WARNING - Insufficient data for PEPEUSDT on 1d timeframe
2025-05-15 15:28:31,378 - ERROR - Error analyzing PEPEUSDT: name 'asyncio' is not defined
2025-05-15 15:28:31,379 - INFO - PEPEUSDT analysis: NEUTRAL signal with 0.00 strength
2025-05-15 15:28:37,705 - WARNING - Insufficient data for BONKUSDT on 1d timeframe
2025-05-15 15:28:37,946 - ERROR - Error analyzing BONKUSDT: name 'asyncio' is not defined
2025-05-15 15:28:37,946 - INFO - BONKUSDT analysis: NEUTRAL signal with 0.00 strength
2025-05-15 15:28:43,810 - WARNING - Insufficient data for ICPUSDT on 1d timeframe
2025-05-15 15:28:44,045 - ERROR - Error analyzing ICPUSDT: name 'asyncio' is not defined
2025-05-15 15:28:44,045 - INFO - ICPUSDT analysis: NEUTRAL signal with 0.00 strength
2025-05-15 15:28:50,154 - WARNING - Insufficient data for EOSUSDT on 1d timeframe
2025-05-15 15:28:50,393 - ERROR - Error analyzing EOSUSDT: name 'asyncio' is not defined
2025-05-15 15:28:50,393 - INFO - EOSUSDT analysis: NEUTRAL signal with 0.00 strength
2025-05-15 15:28:55,546 - WARNING - Insufficient data for EGLDUSDT on 1d timeframe
2025-05-15 15:28:55,780 - ERROR - Error analyzing EGLDUSDT: name 'asyncio' is not defined
2025-05-15 15:28:55,781 - INFO - EGLDUSDT analysis: NEUTRAL signal with 0.00 strength
2025-05-15 15:29:00,710 - WARNING - Insufficient data for ETHUSDT on 1d timeframe
2025-05-15 15:29:00,943 - ERROR - Error analyzing ETHUSDT: name 'asyncio' is not defined
2025-05-15 15:29:00,943 - INFO - ETHUSDT analysis: NEUTRAL signal with 0.00 strength
2025-05-15 15:29:05,643 - WARNING - Insufficient data for SOLUSDT on 1d timeframe
2025-05-15 15:29:05,877 - ERROR - Error analyzing SOLUSDT: name 'asyncio' is not defined
2025-05-15 15:29:05,877 - INFO - SOLUSDT analysis: NEUTRAL signal with 0.00 strength
2025-05-15 15:29:05,877 - INFO - Trading cycle completed in 97.03 seconds
2025-05-15 15:29:24,139 - INFO - Bot stopped by user
