2025-05-15 18:50:46,644 - INFO - Dummy Nebula AI client initialized (fallback mode)
2025-05-15 18:50:46,645 - INFO - Database initialization complete
2025-05-15 18:50:50,662 - WARNING - Thirdweb Nebula AI proxy not available - will use fallback mode
2025-05-15 18:50:50,662 - INFO - Risk Manager initialized with equity protection: Warning at 3.0%, Risk Reduction at 7.000000000000001%, High Alert at 12.0%, Emergency at 15.0%
2025-05-15 18:50:50,663 - INFO - Hybrid Trading Bot initialized with 10000.00 equity
2025-05-15 18:50:50,663 - INFO - Mode: TEST trading
2025-05-15 18:50:50,664 - INFO - Testing API connections...
2025-05-15 18:50:50,903 - INFO - Binance server time: 2025-05-15 18:50:50.724000
2025-05-15 18:50:54,917 - WARNING - Nebula proxy unavailable (attempt 1/3)
2025-05-15 18:51:00,946 - WARNING - Nebula proxy unavailable (attempt 2/3)
2025-05-15 18:51:06,974 - WARNING - Nebula proxy unavailable (attempt 3/3)
2025-05-15 18:51:08,983 - WARNING - Nebula AI proxy connection failed after retries - will operate in fallback mode
2025-05-15 18:51:08,983 - INFO - Preloading historical data for analysis...
2025-05-15 18:51:08,983 - INFO - Preloading historical data for analysis...
2025-05-15 18:51:08,984 - INFO - Fetching top 20 trending cryptocurrency pairs
2025-05-15 18:51:10,358 - INFO - Found trending pairs: AMPUSDT, GUNUSDT, NEIROUSDT, BABYUSDT, SIGNUSDT...
2025-05-15 18:51:10,359 - INFO - Preloading data for pairs: BIGTIMEUSDT, LAYERUSDT, ENAUSDT, NOTUSDT, BTCUSDT
2025-05-15 18:51:42,776 - INFO - Preloading data for pairs: ETHUSDT, NEIROUSDT, SOLUSDT, BNBUSDT, JUPUSDT
2025-05-15 18:52:16,298 - INFO - Preloading data for pairs: BABYUSDT, SIGNUSDT, RSRUSDT, CKBUSDT, GUNUSDT
2025-05-15 18:52:47,274 - INFO - Preloading data for pairs: PIXELUSDT, WCTUSDT, OMUSDT, APEUSDT, COTIUSDT
2025-05-15 18:53:07,336 - INFO - Bot stopped by user
