2025-05-15 11:35:21,472 - INFO - Database initialization complete
2025-05-15 11:35:21,476 - INFO - Schema update applied: ALTER TABLE positions ADD COLUMN take_profit_pct REAL
2025-05-15 11:35:21,479 - INFO - Schema update applied: ALTER TABLE positions ADD COLUMN stop_loss_pct REAL
2025-05-15 11:35:21,482 - INFO - Schema update applied: ALTER TABLE positions ADD COLUMN is_new_asset INTEGER DEFAULT 0
2025-05-15 11:35:21,486 - INFO - Schema update applied: ALTER TABLE positions ADD COLUMN exit_price REAL
2025-05-15 11:35:21,489 - INFO - Schema update applied: ALTER TABLE positions ADD COLUMN exit_time TEXT
2025-05-15 11:35:21,492 - INFO - Schema update applied: ALTER TABLE positions ADD COLUMN profit_loss REAL
2025-05-15 11:35:21,495 - INFO - Schema update applied: ALTER TABLE positions ADD COLUMN signal_source TEXT
2025-05-15 11:35:21,499 - INFO - Schema update applied: ALTER TABLE positions ADD COLUMN signal_strength REAL
2025-05-15 11:35:21,502 - INFO - Schema update applied: ALTER TABLE trades ADD COLUMN signal_source TEXT
2025-05-15 11:35:21,505 - INFO - Schema update applied: ALTER TABLE trades ADD COLUMN signal_strength REAL
2025-05-15 11:35:21,505 - INFO - Database schema updated successfully with 10 changes
2025-05-15 11:35:21,506 - INFO - Thirdweb Nebula AI client initialized
2025-05-15 11:35:21,510 - INFO - Risk Manager initialized with equity protection: Warning at 3.0%, Risk Reduction at 7.000000000000001%, High Alert at 12.0%, Emergency at 15.0%
2025-05-15 11:35:21,510 - INFO - Hybrid Trading Bot initialized with 10000.00 equity
2025-05-15 11:35:21,511 - INFO - Mode: TEST trading
2025-05-15 11:35:21,511 - INFO - Testing API connections...
2025-05-15 11:35:22,227 - INFO - Binance server time: 2025-05-15 11:35:00.441000
2025-05-15 11:35:22,508 - ERROR - Nebula API error: 404 - {"message":"Route POST:/nebula/analyze not found","error":"Not Found","statusCode":404}
2025-05-15 11:35:22,508 - WARNING - Nebula AI connection failed - check API key
2025-05-15 11:35:22,508 - INFO - Preloading historical data for analysis...
2025-05-15 11:35:22,509 - INFO - Preloading historical data for analysis...
2025-05-15 11:35:22,509 - INFO - Fetching top 20 trending cryptocurrency pairs
2025-05-15 11:35:23,484 - INFO - Found trending pairs: KMNOUSDT, PIXELUSDT, BABYUSDT, AMPUSDT, SYRUPUSDT...
2025-05-15 11:35:23,485 - INFO - Preloading data for pairs: JUPUSDT, AMPUSDT, PIXELUSDT, EOSUSDT, VANAUSDT
2025-05-15 11:35:51,004 - INFO - Bot stopped by user
