2025-05-17 18:18:46,681 - INFO - Nebula proxy monitor started
2025-05-17 18:18:46,698 - INFO - Proxy health: OK - {'status': 'ok', 'timestamp': '2025-05-17T16:18:46.696Z', 'nebula_session': True}
2025-05-17 18:19:46,701 - INFO - Proxy health: OK - {'status': 'ok', 'timestamp': '2025-05-17T16:19:46.699Z', 'nebula_session': True}
2025-05-17 18:20:46,715 - INFO - Proxy health: OK - {'status': 'ok', 'timestamp': '2025-05-17T16:20:46.714Z', 'nebula_session': True}
2025-05-17 18:21:26,814 - INFO - Endpoint tests: {"predict": "Exception: HTTPConnectionPool(host='localhost', port=3000): Read timed out. (read timeout=10)", "analyze": "Exception: HTTPConnectionPool(host='localhost', port=3000): Read timed out. (read timeout=10)", "whale-tracking": "Exception: HTTPConnectionPool(host='localhost', port=3000): Read timed out. (read timeout=10)", "smart-money": "Exception: HTTPConnectionPool(host='localhost', port=3000): Read timed out. (read timeout=10)"}
2025-05-17 18:22:26,838 - INFO - Proxy health: OK - {'status': 'ok', 'timestamp': '2025-05-17T16:22:26.837Z', 'nebula_session': True}
2025-05-17 18:23:26,858 - INFO - Proxy health: OK - {'status': 'ok', 'timestamp': '2025-05-17T16:23:26.857Z', 'nebula_session': True}
2025-05-17 18:24:26,884 - INFO - Proxy health: OK - {'status': 'ok', 'timestamp': '2025-05-17T16:24:26.882Z', 'nebula_session': True}
2025-05-17 18:25:26,900 - INFO - Proxy health: OK - {'status': 'ok', 'timestamp': '2025-05-17T16:25:26.899Z', 'nebula_session': True}
2025-05-17 18:26:07,003 - INFO - Endpoint tests: {"predict": "Exception: HTTPConnectionPool(host='localhost', port=3000): Read timed out. (read timeout=10)", "analyze": "Exception: HTTPConnectionPool(host='localhost', port=3000): Read timed out. (read timeout=10)", "whale-tracking": "Exception: HTTPConnectionPool(host='localhost', port=3000): Read timed out. (read timeout=10)", "smart-money": "Exception: HTTPConnectionPool(host='localhost', port=3000): Read timed out. (read timeout=10)"}
2025-05-17 18:27:07,018 - INFO - Proxy health: OK - {'status': 'ok', 'timestamp': '2025-05-17T16:27:07.017Z', 'nebula_session': True}
2025-05-17 18:28:07,034 - INFO - Proxy health: OK - {'status': 'ok', 'timestamp': '2025-05-17T16:28:07.033Z', 'nebula_session': True}
2025-05-17 18:29:07,037 - INFO - Proxy health: OK - {'status': 'ok', 'timestamp': '2025-05-17T16:29:07.036Z', 'nebula_session': True}
2025-05-17 18:30:07,054 - INFO - Proxy health: OK - {'status': 'ok', 'timestamp': '2025-05-17T16:30:07.053Z', 'nebula_session': True}
2025-05-17 18:30:46,350 - INFO - Endpoint tests: {"predict": "OK", "analyze": "Exception: HTTPConnectionPool(host='localhost', port=3000): Read timed out. (read timeout=10)", "whale-tracking": "Exception: HTTPConnectionPool(host='localhost', port=3000): Read timed out. (read timeout=10)", "smart-money": "Exception: HTTPConnectionPool(host='localhost', port=3000): Read timed out. (read timeout=10)"}
2025-05-17 18:31:46,367 - INFO - Proxy health: OK - {'status': 'ok', 'timestamp': '2025-05-17T16:31:46.366Z', 'nebula_session': True}
2025-05-17 18:32:46,392 - INFO - Proxy health: OK - {'status': 'ok', 'timestamp': '2025-05-17T16:32:46.391Z', 'nebula_session': True}
2025-05-17 18:33:46,407 - INFO - Proxy health: OK - {'status': 'ok', 'timestamp': '2025-05-17T16:33:46.406Z', 'nebula_session': True}
2025-05-17 18:34:46,428 - INFO - Proxy health: OK - {'status': 'ok', 'timestamp': '2025-05-17T16:34:46.426Z', 'nebula_session': True}
2025-05-17 18:35:46,441 - INFO - Proxy health: OK - {'status': 'ok', 'timestamp': '2025-05-17T16:35:46.440Z', 'nebula_session': True}
2025-05-17 18:36:26,516 - INFO - Endpoint tests: {"predict": "Exception: HTTPConnectionPool(host='localhost', port=3000): Read timed out. (read timeout=10)", "analyze": "Exception: HTTPConnectionPool(host='localhost', port=3000): Read timed out. (read timeout=10)", "whale-tracking": "Exception: HTTPConnectionPool(host='localhost', port=3000): Read timed out. (read timeout=10)", "smart-money": "Exception: HTTPConnectionPool(host='localhost', port=3000): Read timed out. (read timeout=10)"}
2025-05-17 18:37:26,534 - INFO - Proxy health: OK - {'status': 'ok', 'timestamp': '2025-05-17T16:37:26.533Z', 'nebula_session': True}
2025-05-17 18:38:26,552 - INFO - Proxy health: OK - {'status': 'ok', 'timestamp': '2025-05-17T16:38:26.551Z', 'nebula_session': True}
2025-05-17 18:39:26,555 - INFO - Proxy health: OK - {'status': 'ok', 'timestamp': '2025-05-17T16:39:26.554Z', 'nebula_session': True}
2025-05-17 18:40:26,573 - INFO - Proxy health: OK - {'status': 'ok', 'timestamp': '2025-05-17T16:40:26.572Z', 'nebula_session': True}
2025-05-17 18:41:04,985 - INFO - Endpoint tests: {"predict": "Exception: HTTPConnectionPool(host='localhost', port=3000): Read timed out. (read timeout=10)", "analyze": "Exception: HTTPConnectionPool(host='localhost', port=3000): Read timed out. (read timeout=10)", "whale-tracking": "Error: 500", "smart-money": "Exception: HTTPConnectionPool(host='localhost', port=3000): Read timed out. (read timeout=10)"}
2025-05-17 18:42:05,002 - INFO - Proxy health: OK - {'status': 'ok', 'timestamp': '2025-05-17T16:42:05.001Z', 'nebula_session': True}
2025-05-17 18:43:05,015 - INFO - Proxy health: OK - {'status': 'ok', 'timestamp': '2025-05-17T16:43:05.014Z', 'nebula_session': True}
2025-05-17 18:44:05,033 - INFO - Proxy health: OK - {'status': 'ok', 'timestamp': '2025-05-17T16:44:05.032Z', 'nebula_session': True}
2025-05-17 18:45:05,051 - INFO - Proxy health: OK - {'status': 'ok', 'timestamp': '2025-05-17T16:45:05.050Z', 'nebula_session': True}
2025-05-17 18:45:45,151 - INFO - Endpoint tests: {"predict": "Exception: HTTPConnectionPool(host='localhost', port=3000): Read timed out. (read timeout=10)", "analyze": "Exception: HTTPConnectionPool(host='localhost', port=3000): Read timed out. (read timeout=10)", "whale-tracking": "Exception: HTTPConnectionPool(host='localhost', port=3000): Read timed out. (read timeout=10)", "smart-money": "Exception: HTTPConnectionPool(host='localhost', port=3000): Read timed out. (read timeout=10)"}
2025-05-17 18:46:45,165 - INFO - Proxy health: OK - {'status': 'ok', 'timestamp': '2025-05-17T16:46:45.163Z', 'nebula_session': True}
2025-05-17 18:47:45,178 - INFO - Proxy health: OK - {'status': 'ok', 'timestamp': '2025-05-17T16:47:45.177Z', 'nebula_session': True}
2025-05-17 18:48:45,181 - INFO - Proxy health: OK - {'status': 'ok', 'timestamp': '2025-05-17T16:48:45.179Z', 'nebula_session': True}
2025-05-17 18:49:45,195 - INFO - Proxy health: OK - {'status': 'ok', 'timestamp': '2025-05-17T16:49:45.194Z', 'nebula_session': True}
2025-05-17 18:50:45,197 - INFO - Proxy health: OK - {'status': 'ok', 'timestamp': '2025-05-17T16:50:45.195Z', 'nebula_session': True}
2025-05-17 18:51:18,268 - INFO - Endpoint tests: {"predict": "Error: 500", "analyze": "Exception: HTTPConnectionPool(host='localhost', port=3000): Read timed out. (read timeout=10)", "whale-tracking": "Exception: HTTPConnectionPool(host='localhost', port=3000): Read timed out. (read timeout=10)", "smart-money": "Exception: HTTPConnectionPool(host='localhost', port=3000): Read timed out. (read timeout=10)"}
2025-05-17 18:52:18,290 - INFO - Proxy health: OK - {'status': 'ok', 'timestamp': '2025-05-17T16:52:18.289Z', 'nebula_session': True}
2025-05-17 18:53:18,305 - INFO - Proxy health: OK - {'status': 'ok', 'timestamp': '2025-05-17T16:53:18.304Z', 'nebula_session': True}
2025-05-17 18:54:18,325 - INFO - Proxy health: OK - {'status': 'ok', 'timestamp': '2025-05-17T16:54:18.324Z', 'nebula_session': True}
2025-05-17 18:55:18,343 - INFO - Proxy health: OK - {'status': 'ok', 'timestamp': '2025-05-17T16:55:18.342Z', 'nebula_session': True}
2025-05-17 18:55:57,745 - INFO - Endpoint tests: {"predict": "OK", "analyze": "Exception: HTTPConnectionPool(host='localhost', port=3000): Read timed out. (read timeout=10)", "whale-tracking": "Exception: HTTPConnectionPool(host='localhost', port=3000): Read timed out. (read timeout=10)", "smart-money": "Exception: HTTPConnectionPool(host='localhost', port=3000): Read timed out. (read timeout=10)"}
2025-05-17 18:56:57,748 - INFO - Proxy health: OK - {'status': 'ok', 'timestamp': '2025-05-17T16:56:57.746Z', 'nebula_session': True}
2025-05-17 18:57:57,771 - INFO - Proxy health: OK - {'status': 'ok', 'timestamp': '2025-05-17T16:57:57.770Z', 'nebula_session': True}
2025-05-17 18:58:57,795 - INFO - Proxy health: OK - {'status': 'ok', 'timestamp': '2025-05-17T16:58:57.794Z', 'nebula_session': True}
2025-05-17 18:59:57,816 - INFO - Proxy health: OK - {'status': 'ok', 'timestamp': '2025-05-17T16:59:57.814Z', 'nebula_session': True}
2025-05-17 19:00:40,643 - INFO - Monitor stopped by user
