2025-06-21 13:01:17,239 - INFO - CoinGecko API connected: (V3) To the Moon!
2025-06-21 13:01:17,241 - INFO - CoinGecko AI client initialized with demo API key
2025-06-21 13:01:17,241 - INFO - CoinGecko AI client initialized
2025-06-21 13:01:17,346 - INFO - Database initialization complete
2025-06-21 13:01:17,355 - INFO - Schema update applied: ALTER TABLE positions ADD COLUMN take_profit_pct REAL
2025-06-21 13:01:17,410 - INFO - Schema update applied: ALTER TABLE positions ADD COLUMN stop_loss_pct REAL
2025-06-21 13:01:17,420 - INFO - Schema update applied: ALTER TABLE positions ADD COLUMN is_new_asset INTEGER DEFAULT 0
2025-06-21 13:01:17,429 - INFO - Schema update applied: ALTER TABLE positions ADD COLUMN exit_price REAL
2025-06-21 13:01:17,439 - INFO - Schema update applied: ALTER TABLE positions ADD COLUMN exit_time TEXT
2025-06-21 13:01:17,449 - INFO - Schema update applied: ALTER TABLE positions ADD COLUMN profit_loss REAL
2025-06-21 13:01:17,456 - INFO - Schema update applied: ALTER TABLE positions ADD COLUMN signal_source TEXT
2025-06-21 13:01:17,464 - INFO - Schema update applied: ALTER TABLE positions ADD COLUMN signal_strength REAL
2025-06-21 13:01:17,474 - INFO - Schema update applied: ALTER TABLE trades ADD COLUMN signal_source TEXT
2025-06-21 13:01:17,482 - INFO - Schema update applied: ALTER TABLE trades ADD COLUMN signal_strength REAL
2025-06-21 13:01:17,483 - INFO - Database schema updated successfully with 10 changes
2025-06-21 13:01:17,528 - INFO - Taapi.io client initialized (Free tier: 1 request/15s)
2025-06-21 13:01:17,529 - INFO - Advanced indicators initialized with Taapi.io
2025-06-21 13:01:17,534 - INFO - Taapi.io client initialized (Free tier: 1 request/15s)
2025-06-21 13:01:17,535 - INFO - Advanced indicators initialized with Taapi.io
2025-06-21 13:01:17,535 - INFO - Advanced indicators initialized successfully
2025-06-21 13:01:17,535 - INFO - Risk Manager initialized with equity protection: Warning at 3.0%, Risk Reduction at 5.0%, High Alert at 8.0%, Emergency at 12.0%
2025-06-21 13:01:17,535 - INFO - Hybrid Trading Bot initialized with 1000.00 equity
2025-06-21 13:01:17,535 - INFO - Mode: TEST trading
2025-06-21 13:01:17,535 - INFO - AI Provider: CoinGecko
2025-06-21 13:01:17,536 - INFO - Advanced Indicators: Taapi.io
2025-06-21 13:01:17,536 - INFO - Testing API connections...
2025-06-21 13:01:18,227 - INFO - Binance server time: 2025-06-21 13:01:20.516000
2025-06-21 13:01:18,898 - INFO - CoinGecko AI connection successful: -0.1190514659256689
2025-06-21 13:01:18,899 - INFO - Preloading historical data for analysis...
2025-06-21 13:01:18,899 - INFO - Preloading historical data for analysis...
2025-06-21 13:01:18,899 - INFO - Fetching top 20 trending cryptocurrency pairs
2025-06-21 13:01:19,829 - INFO - Found trending pairs: FUNUSDT, SUSDT, VIRTUALUSDT, UNIUSDT, SYRUPUSDT...
2025-06-21 13:01:19,830 - INFO - Preloading data for pairs: ADAUSDT, BABYUSDT, INITUSDT, FUNUSDT, ARBUSDT
2025-06-21 13:01:48,599 - INFO - Preloading data for pairs: ONDOUSDT, BIGTIMEUSDT, VANAUSDT, KAITOUSDT, SOLUSDT
2025-06-21 13:02:20,800 - INFO - Preloading data for pairs: AAVEUSDT, RSRUSDT, BNBUSDT, KMNOUSDT, ENAUSDT
2025-06-21 13:02:52,663 - INFO - Preloading data for pairs: UNIUSDT, NEIROUSDT, HUMAUSDT, SYRUPUSDT, ALTUSDT
2025-06-21 13:03:26,323 - INFO - Preloading data for pairs: BTCUSDT, ETHUSDT, VIRTUALUSDT, LAYERUSDT, SUSDT
2025-06-21 13:03:58,458 - INFO - Historical data preloading complete
2025-06-21 13:04:05,929 - INFO - Updating correlation matrix...
2025-06-21 13:04:05,930 - INFO - Current equity: $1000.00, Daily ROI: 0.00%, Drawdown: 0.00%, Risk level: normal, Positions: 0/2 ($0.00, 0.0% of equity)
2025-06-21 13:04:05,940 - INFO - Current daily ROI: 0.00% (target: 0.5% - 2.5%)
2025-06-21 13:04:05,941 - INFO - Fetching top 30 trending cryptocurrency pairs
2025-06-21 13:04:06,430 - INFO - Found trending pairs: FUNUSDT, SUSDT, VIRTUALUSDT, UNIUSDT, SYRUPUSDT...
2025-06-21 13:04:07,370 - INFO - Selected optimal assets: LAYERUSDT, TUSDT, APTUSDT, NXPCUSDT, XRPUSDT... (15 total)
2025-06-21 13:04:07,393 - INFO - Hourly performance report: {
  "equity": {
    "current": 1000.0,
    "start": 1000.0,
    "total_return_pct": 0.0,
    "max_drawdown_pct": 0,
    "avg_daily_return_pct": 0,
    "avg_weekly_return_pct": 0
  },
  "trades": {
    "total": 0,
    "win_count": 0,
    "loss_count": 0,
    "win_rate_pct": 0,
    "profit_factor": 0,
    "avg_profit": 0,
    "avg_loss": 0,
    "expected_value": 0,
    "recent_win_rate_pct": 0
  },
  "pairs": {
    "best_pair": "None",
    "best_pair_profit": 0,
    "worst_pair": "None",
    "worst_pair_profit": 0
  },
  "timestamp": "2025-06-21 13:04:07"
}
2025-06-21 13:04:38,150 - INFO - Correlation matrix updated for 41 pairs
2025-06-21 13:04:44,763 - INFO - Market regime changed: NEUTRAL -> BEAR_TRENDING
2025-06-21 13:04:44,763 - INFO - Market state: Regime=BEAR_TRENDING, Trend=bearish, Volatility=low, Breadth=0.00
2025-06-21 13:05:06,317 - INFO - CoinGecko insights for HBAR: neutral (0.50 confidence), sentiment: -0.13, whale: 0.10, smart money: neutral
2025-06-21 13:05:10,335 - INFO - CoinGecko insights for UNI: neutral (0.50 confidence), sentiment: -0.29, whale: 0.10, smart money: neutral
2025-06-21 13:05:14,338 - INFO - CoinGecko insights for XRP: neutral (0.50 confidence), sentiment: 0.02, whale: 0.05, smart money: bullish
2025-06-21 13:05:19,047 - INFO - CoinGecko insights for APT: bullish (0.60 confidence), sentiment: 0.24, whale: 0.10, smart money: neutral
2025-06-21 13:05:24,161 - INFO - CoinGecko insights for LTC: neutral (0.50 confidence), sentiment: -0.12, whale: 0.10, smart money: neutral
2025-06-21 13:05:27,692 - INFO - CoinGecko insights for BNB: neutral (0.50 confidence), sentiment: 0.03, whale: 0.00, smart money: bullish
2025-06-21 13:05:31,804 - INFO - CoinGecko insights for LAYER: bullish (0.70 confidence), sentiment: 0.30, whale: 0.50, smart money: neutral
2025-06-21 13:05:44,322 - INFO - CoinGecko insights for T: neutral (0.50 confidence), sentiment: 0.00, whale: 0.00, smart money: neutral
2025-06-21 13:05:49,431 - INFO - CoinGecko insights for NXPC: neutral (0.50 confidence), sentiment: -0.12, whale: 0.10, smart money: neutral
2025-06-21 13:05:53,427 - INFO - CoinGecko insights for FUN: neutral (0.50 confidence), sentiment: 0.00, whale: 0.00, smart money: bullish
2025-06-21 13:05:58,317 - INFO - CoinGecko insights for SEI: neutral (0.50 confidence), sentiment: 0.40, whale: 0.00, smart money: neutral
2025-06-21 13:06:02,323 - INFO - CoinGecko insights for CRV: neutral (0.50 confidence), sentiment: 0.05, whale: 0.00, smart money: neutral
2025-06-21 13:06:07,867 - INFO - CoinGecko insights for RSR: neutral (0.50 confidence), sentiment: 0.00, whale: 0.10, smart money: neutral
2025-06-21 13:06:12,147 - INFO - CoinGecko insights for WBTC: neutral (0.50 confidence), sentiment: 0.00, whale: 0.00, smart money: neutral
2025-06-21 13:06:15,668 - INFO - CoinGecko insights for ENA: neutral (0.50 confidence), sentiment: -0.27, whale: 0.10, smart money: neutral
2025-06-21 13:06:20,614 - INFO - CoinGecko insights for RSR: neutral (0.50 confidence), sentiment: -0.20, whale: 0.10, smart money: neutral
2025-06-21 13:06:20,615 - INFO - CoinGecko insights for WBTC: neutral (0.50 confidence), sentiment: -0.05, whale: 0.00, smart money: neutral
2025-06-21 13:06:20,615 - INFO - CoinGecko insights for ENA: neutral (0.50 confidence), sentiment: -0.27, whale: 0.10, smart money: neutral
2025-06-21 13:06:20,964 - ERROR - Taapi.io API error 404: {"errors":["The endpoint (or indicator) you are calling does not exist!"]}
2025-06-21 13:06:21,009 - WARNING - Taapi.io API error, backing off for 300s: HTTP 404
2025-06-21 13:06:22,606 - INFO - HBARUSDT analysis: SELL signal with 0.34 strength
2025-06-21 13:06:35,770 - ERROR - Taapi.io API error 404: {"errors":["The endpoint (or indicator) you are calling does not exist!"]}
2025-06-21 13:06:35,770 - WARNING - Taapi.io API error, backing off for 300s: HTTP 404
2025-06-21 13:06:37,313 - INFO - UNIUSDT analysis: SELL signal with 0.42 strength
2025-06-21 13:06:40,627 - INFO - XRPUSDT analysis: NEUTRAL signal with 0.00 strength
2025-06-21 13:06:40,637 - INFO - APTUSDT analysis: NEUTRAL signal with 0.00 strength
2025-06-21 13:06:40,642 - INFO - LTCUSDT analysis: NEUTRAL signal with 0.00 strength
2025-06-21 13:06:40,646 - INFO - BNBUSDT analysis: NEUTRAL signal with 0.00 strength
2025-06-21 13:06:40,650 - INFO - LAYERUSDT analysis: BUY signal with 0.38 strength
2025-06-21 13:06:40,653 - INFO - TUSDT analysis: NEUTRAL signal with 0.00 strength
2025-06-21 13:06:40,654 - INFO - NXPCUSDT analysis: NEUTRAL signal with 0.00 strength
2025-06-21 13:06:40,657 - INFO - FUNUSDT analysis: BUY signal with 0.44 strength
2025-06-21 13:06:40,661 - INFO - SEIUSDT analysis: BUY signal with 0.33 strength
2025-06-21 13:06:40,664 - INFO - CRVUSDT analysis: NEUTRAL signal with 0.00 strength
2025-06-21 13:06:40,667 - INFO - RSRUSDT analysis: NEUTRAL signal with 0.00 strength
2025-06-21 13:06:40,668 - INFO - WBTCUSDT analysis: NEUTRAL signal with 0.00 strength
2025-06-21 13:06:40,671 - INFO - ENAUSDT analysis: NEUTRAL signal with 0.00 strength
2025-06-21 13:06:40,671 - INFO - Trading cycle completed in 154.74 seconds
2025-06-21 13:06:50,899 - ERROR - Taapi.io API error 404: {"errors":["The endpoint (or indicator) you are calling does not exist!"]}
2025-06-21 13:06:50,899 - WARNING - Taapi.io API error, backing off for 300s: HTTP 404
2025-06-21 13:07:06,006 - ERROR - Taapi.io API error 404: {"errors":["The endpoint (or indicator) you are calling does not exist!"]}
2025-06-21 13:07:06,006 - WARNING - Taapi.io API error, backing off for 300s: HTTP 404
2025-06-21 13:07:21,108 - ERROR - Taapi.io API error 404: {"errors":["The endpoint (or indicator) you are calling does not exist!"]}
2025-06-21 13:07:21,109 - WARNING - Taapi.io API error, backing off for 300s: HTTP 404
2025-06-21 13:07:36,169 - ERROR - Taapi.io API error 404: {"errors":["The endpoint (or indicator) you are calling does not exist!"]}
2025-06-21 13:07:36,170 - WARNING - Taapi.io API error, backing off for 300s: HTTP 404
2025-06-21 13:07:51,315 - ERROR - Taapi.io API error 404: {"errors":["The endpoint (or indicator) you are calling does not exist!"]}
2025-06-21 13:07:51,315 - WARNING - Taapi.io API error, backing off for 300s: HTTP 404
2025-06-21 13:08:06,433 - ERROR - Taapi.io API error 404: {"errors":["The endpoint (or indicator) you are calling does not exist!"]}
2025-06-21 13:08:06,434 - WARNING - Taapi.io API error, backing off for 300s: HTTP 404
2025-06-21 13:08:21,515 - ERROR - Taapi.io API error 404: {"errors":["The endpoint (or indicator) you are calling does not exist!"]}
2025-06-21 13:08:21,515 - WARNING - Taapi.io API error, backing off for 300s: HTTP 404
2025-06-21 13:08:36,567 - ERROR - Taapi.io API error 404: {"errors":["The endpoint (or indicator) you are calling does not exist!"]}
2025-06-21 13:08:36,567 - WARNING - Taapi.io API error, backing off for 300s: HTTP 404
2025-06-21 13:08:51,669 - ERROR - Taapi.io API error 404: {"errors":["The endpoint (or indicator) you are calling does not exist!"]}
2025-06-21 13:08:51,670 - WARNING - Taapi.io API error, backing off for 300s: HTTP 404
2025-06-21 13:09:06,807 - ERROR - Taapi.io API error 404: {"errors":["The endpoint (or indicator) you are calling does not exist!"]}
2025-06-21 13:09:06,807 - WARNING - Taapi.io API error, backing off for 300s: HTTP 404
2025-06-21 13:09:21,870 - ERROR - Taapi.io API error 404: {"errors":["The endpoint (or indicator) you are calling does not exist!"]}
2025-06-21 13:09:21,870 - WARNING - Taapi.io API error, backing off for 300s: HTTP 404
2025-06-21 13:09:36,976 - ERROR - Taapi.io API error 404: {"errors":["The endpoint (or indicator) you are calling does not exist!"]}
2025-06-21 13:09:36,976 - WARNING - Taapi.io API error, backing off for 300s: HTTP 404
2025-06-21 13:09:50,585 - INFO - Top opportunities found: ['TONUSDT', 'LAYERUSDT', 'SEIUSDT', 'FUNUSDT', 'BCHUSDT']
2025-06-21 13:09:51,991 - INFO - Selected optimal assets: LAYERUSDT, SEIUSDT, TUSDT, APTUSDT, NXPCUSDT... (10 total)
2025-06-21 13:09:52,008 - INFO - CoinGecko insights for LAYER: bullish (0.70 confidence), sentiment: 0.30, whale: 0.50, smart money: neutral
2025-06-21 13:09:52,106 - ERROR - Taapi.io API error 404: {"errors":["The endpoint (or indicator) you are calling does not exist!"]}
2025-06-21 13:09:52,107 - WARNING - Taapi.io API error, backing off for 300s: HTTP 404
2025-06-21 13:09:55,544 - INFO - CoinGecko insights for SEI: bullish (0.75 confidence), sentiment: 0.40, whale: 0.00, smart money: neutral
2025-06-21 13:10:00,456 - INFO - CoinGecko insights for T: bullish (0.65 confidence), sentiment: 0.41, whale: 0.50, smart money: neutral
2025-06-21 13:10:04,567 - INFO - CoinGecko insights for APT: bullish (0.60 confidence), sentiment: 0.24, whale: 0.10, smart money: neutral
2025-06-21 13:10:08,132 - INFO - CoinGecko insights for NXPC: neutral (0.50 confidence), sentiment: -0.12, whale: 0.10, smart money: bearish
2025-06-21 13:10:12,299 - INFO - CoinGecko insights for T: bullish (0.65 confidence), sentiment: 0.41, whale: 0.50, smart money: neutral
2025-06-21 13:10:12,300 - INFO - CoinGecko insights for NXPC: neutral (0.50 confidence), sentiment: -0.12, whale: 0.10, smart money: bearish
2025-06-21 13:10:14,431 - INFO - CoinGecko insights for APT: bullish (0.60 confidence), sentiment: 0.24, whale: 0.10, smart money: neutral
2025-06-21 13:10:15,455 - INFO - TUSDT analysis: NEUTRAL signal with 0.00 strength
2025-06-21 13:10:15,455 - INFO - NXPCUSDT analysis: NEUTRAL signal with 0.00 strength
2025-06-21 13:10:15,461 - INFO - LAYERUSDT analysis: BUY signal with 0.52 strength
2025-06-21 13:10:15,466 - INFO - SEIUSDT analysis: BUY signal with 0.32 strength
2025-06-21 13:10:15,987 - INFO - APTUSDT analysis: NEUTRAL signal with 0.00 strength
2025-06-21 13:10:32,386 - INFO - Selected optimal assets: LAYERUSDT, SEIUSDT, TUSDT, APTUSDT, NXPCUSDT... (10 total)
2025-06-21 13:10:32,388 - INFO - CoinGecko insights for LAYER: bullish (0.70 confidence), sentiment: 0.31, whale: 0.50, smart money: neutral
2025-06-21 13:10:36,404 - INFO - CoinGecko insights for SEI: bullish (0.75 confidence), sentiment: 0.40, whale: 0.00, smart money: neutral
2025-06-21 13:10:39,945 - INFO - CoinGecko insights for T: bullish (0.65 confidence), sentiment: 0.41, whale: 0.50, smart money: neutral
2025-06-21 13:10:44,363 - INFO - CoinGecko insights for APT: bullish (0.60 confidence), sentiment: 0.24, whale: 0.10, smart money: neutral
2025-06-21 13:10:48,381 - INFO - CoinGecko insights for NXPC: neutral (0.50 confidence), sentiment: -0.12, whale: 0.10, smart money: bearish
2025-06-21 13:10:52,570 - INFO - CoinGecko insights for T: bullish (0.65 confidence), sentiment: 0.41, whale: 0.50, smart money: neutral
2025-06-21 13:10:52,571 - INFO - CoinGecko insights for APT: bullish (0.60 confidence), sentiment: 0.24, whale: 0.10, smart money: neutral
2025-06-21 13:10:54,875 - INFO - CoinGecko insights for NXPC: neutral (0.50 confidence), sentiment: -0.12, whale: 0.10, smart money: bearish
2025-06-21 13:10:55,911 - INFO - TUSDT analysis: NEUTRAL signal with 0.00 strength
2025-06-21 13:10:55,920 - INFO - APTUSDT analysis: NEUTRAL signal with 0.00 strength
2025-06-21 13:10:55,927 - INFO - LAYERUSDT analysis: BUY signal with 0.42 strength
2025-06-21 13:10:55,935 - INFO - SEIUSDT analysis: BUY signal with 0.32 strength
2025-06-21 13:10:56,456 - INFO - NXPCUSDT analysis: NEUTRAL signal with 0.00 strength
2025-06-21 13:11:12,426 - INFO - Selected optimal assets: LAYERUSDT, SEIUSDT, TUSDT, APTUSDT, NXPCUSDT... (10 total)
2025-06-21 13:11:12,429 - INFO - CoinGecko insights for LAYER: bullish (0.70 confidence), sentiment: 0.31, whale: 0.50, smart money: neutral
2025-06-21 13:11:15,518 - INFO - CoinGecko insights for SEI: bullish (0.65 confidence), sentiment: 0.39, whale: 0.00, smart money: neutral
2025-06-21 13:11:20,447 - INFO - CoinGecko insights for T: bullish (0.65 confidence), sentiment: 0.41, whale: 0.50, smart money: neutral
2025-06-21 13:11:23,089 - INFO - CoinGecko insights for APT: bullish (0.60 confidence), sentiment: 0.24, whale: 0.10, smart money: neutral
2025-06-21 13:11:27,082 - INFO - CoinGecko insights for NXPC: neutral (0.50 confidence), sentiment: -0.12, whale: 0.10, smart money: bearish
2025-06-21 13:11:31,662 - INFO - CoinGecko insights for T: bullish (0.65 confidence), sentiment: 0.39, whale: 0.50, smart money: neutral
2025-06-21 13:11:31,663 - INFO - CoinGecko insights for APT: bullish (0.60 confidence), sentiment: 0.24, whale: 0.10, smart money: neutral
2025-06-21 13:11:31,663 - INFO - CoinGecko insights for NXPC: neutral (0.50 confidence), sentiment: -0.12, whale: 0.10, smart money: bearish
2025-06-21 13:11:33,204 - INFO - SEIUSDT analysis: BUY signal with 0.32 strength
2025-06-21 13:11:33,210 - INFO - TUSDT analysis: NEUTRAL signal with 0.00 strength
2025-06-21 13:11:33,216 - INFO - LAYERUSDT analysis: BUY signal with 0.42 strength
2025-06-21 13:11:33,221 - INFO - APTUSDT analysis: NEUTRAL signal with 0.00 strength
2025-06-21 13:11:33,229 - INFO - NXPCUSDT analysis: NEUTRAL signal with 0.00 strength
2025-06-21 13:11:49,193 - INFO - Selected optimal assets: LAYERUSDT, APTUSDT, NXPCUSDT, ADAUSDT, XRPUSDT... (10 total)
2025-06-21 13:11:49,782 - INFO - CoinGecko insights for LAYER: bullish (0.70 confidence), sentiment: 0.31, whale: 0.50, smart money: neutral
2025-06-21 13:11:53,765 - INFO - CoinGecko insights for APT: bullish (0.60 confidence), sentiment: 0.24, whale: 0.10, smart money: neutral
2025-06-21 13:11:58,212 - INFO - CoinGecko insights for NXPC: neutral (0.50 confidence), sentiment: -0.12, whale: 0.10, smart money: bearish
2025-06-21 13:12:02,658 - INFO - CoinGecko insights for ADA: neutral (0.50 confidence), sentiment: -0.08, whale: 0.10, smart money: neutral
2025-06-21 13:12:08,348 - INFO - CoinGecko insights for XRP: neutral (0.50 confidence), sentiment: 0.03, whale: 0.05, smart money: bullish
2025-06-21 13:12:12,334 - INFO - CoinGecko insights for NXPC: neutral (0.50 confidence), sentiment: -0.12, whale: 0.10, smart money: bearish
2025-06-21 13:12:12,334 - INFO - CoinGecko insights for ADA: neutral (0.50 confidence), sentiment: -0.08, whale: 0.10, smart money: neutral
2025-06-21 13:12:12,335 - INFO - CoinGecko insights for XRP: neutral (0.50 confidence), sentiment: 0.03, whale: 0.05, smart money: bullish
2025-06-21 13:12:13,881 - INFO - LAYERUSDT analysis: BUY signal with 0.42 strength
2025-06-21 13:12:13,888 - INFO - NXPCUSDT analysis: NEUTRAL signal with 0.00 strength
2025-06-21 13:12:13,894 - INFO - ADAUSDT analysis: NEUTRAL signal with 0.00 strength
2025-06-21 13:12:13,901 - INFO - APTUSDT analysis: NEUTRAL signal with 0.00 strength
2025-06-21 13:12:13,907 - INFO - XRPUSDT analysis: NEUTRAL signal with 0.00 strength
2025-06-21 13:12:29,848 - INFO - Selected optimal assets: LAYERUSDT, APTUSDT, NXPCUSDT, ADAUSDT, XRPUSDT... (10 total)
2025-06-21 13:12:29,850 - INFO - CoinGecko insights for LAYER: bullish (0.70 confidence), sentiment: 0.31, whale: 0.50, smart money: neutral
2025-06-21 13:12:33,846 - INFO - CoinGecko insights for APT: bullish (0.60 confidence), sentiment: 0.24, whale: 0.10, smart money: neutral
2025-06-21 13:12:37,455 - INFO - CoinGecko insights for NXPC: neutral (0.50 confidence), sentiment: -0.12, whale: 0.10, smart money: bearish
2025-06-21 13:12:41,488 - INFO - CoinGecko insights for ADA: neutral (0.50 confidence), sentiment: -0.08, whale: 0.10, smart money: neutral
2025-06-21 13:12:46,407 - INFO - CoinGecko insights for XRP: neutral (0.50 confidence), sentiment: 0.03, whale: 0.05, smart money: bullish
2025-06-21 13:12:49,967 - INFO - CoinGecko insights for NXPC: neutral (0.50 confidence), sentiment: -0.12, whale: 0.10, smart money: bearish
2025-06-21 13:12:49,967 - INFO - CoinGecko insights for ADA: neutral (0.50 confidence), sentiment: -0.08, whale: 0.10, smart money: neutral
2025-06-21 13:12:49,967 - INFO - CoinGecko insights for XRP: neutral (0.50 confidence), sentiment: 0.03, whale: 0.05, smart money: bullish
2025-06-21 13:12:51,511 - INFO - APTUSDT analysis: NEUTRAL signal with 0.00 strength
2025-06-21 13:12:51,512 - INFO - XRPUSDT analysis: NEUTRAL signal with 0.00 strength
2025-06-21 13:12:51,517 - INFO - ADAUSDT analysis: SELL signal with 0.33 strength
2025-06-21 13:12:51,522 - INFO - NXPCUSDT analysis: NEUTRAL signal with 0.00 strength
2025-06-21 13:12:51,528 - INFO - LAYERUSDT analysis: BUY signal with 0.42 strength
2025-06-21 13:13:07,484 - INFO - Selected optimal assets: LAYERUSDT, APTUSDT, NXPCUSDT, ADAUSDT, XRPUSDT... (10 total)
2025-06-21 13:13:07,486 - INFO - CoinGecko insights for LAYER: bullish (0.70 confidence), sentiment: 0.31, whale: 0.50, smart money: neutral
2025-06-21 13:13:11,013 - INFO - CoinGecko insights for APT: bullish (0.60 confidence), sentiment: 0.24, whale: 0.10, smart money: neutral
2025-06-21 13:13:14,540 - INFO - CoinGecko insights for NXPC: neutral (0.50 confidence), sentiment: -0.12, whale: 0.10, smart money: bearish
2025-06-21 13:13:17,603 - INFO - CoinGecko insights for ADA: neutral (0.50 confidence), sentiment: -0.08, whale: 0.10, smart money: neutral
2025-06-21 13:13:22,597 - INFO - CoinGecko insights for XRP: neutral (0.50 confidence), sentiment: 0.03, whale: 0.05, smart money: bullish
2025-06-21 13:13:26,591 - INFO - CoinGecko insights for NXPC: neutral (0.50 confidence), sentiment: -0.12, whale: 0.10, smart money: bearish
2025-06-21 13:13:26,592 - INFO - CoinGecko insights for ADA: neutral (0.50 confidence), sentiment: -0.08, whale: 0.10, smart money: neutral
2025-06-21 13:13:26,592 - INFO - CoinGecko insights for XRP: neutral (0.50 confidence), sentiment: 0.03, whale: 0.05, smart money: bullish
2025-06-21 13:13:28,139 - INFO - ADAUSDT analysis: SELL signal with 0.30 strength
2025-06-21 13:13:28,143 - INFO - APTUSDT analysis: NEUTRAL signal with 0.00 strength
2025-06-21 13:13:28,148 - INFO - XRPUSDT analysis: NEUTRAL signal with 0.00 strength
2025-06-21 13:13:28,153 - INFO - LAYERUSDT analysis: BUY signal with 0.53 strength
2025-06-21 13:13:28,158 - INFO - NXPCUSDT analysis: NEUTRAL signal with 0.00 strength
2025-06-21 13:13:43,167 - INFO - Current equity: $1000.00, Daily ROI: 0.00%, Drawdown: 0.00%, Risk level: normal, Positions: 0/2 ($0.00, 0.0% of equity)
2025-06-21 13:13:43,168 - INFO - Current daily ROI: 0.00% (target: 0.5% - 2.5%)
2025-06-21 13:13:44,108 - INFO - Selected optimal assets: LAYERUSDT, TUSDT, APTUSDT, NXPCUSDT, ADAUSDT... (15 total)
2025-06-21 13:13:44,872 - INFO - CoinGecko insights for LAYER: bullish (0.70 confidence), sentiment: 0.31, whale: 0.50, smart money: neutral
2025-06-21 13:13:48,878 - INFO - CoinGecko insights for T: bullish (0.65 confidence), sentiment: 0.39, whale: 0.50, smart money: neutral
2025-06-21 13:13:52,038 - INFO - CoinGecko insights for APT: bullish (0.60 confidence), sentiment: 0.24, whale: 0.10, smart money: neutral
2025-06-21 13:13:56,043 - INFO - CoinGecko insights for NXPC: neutral (0.50 confidence), sentiment: -0.12, whale: 0.10, smart money: bearish
2025-06-21 13:14:00,045 - INFO - CoinGecko insights for ADA: neutral (0.50 confidence), sentiment: -0.08, whale: 0.10, smart money: neutral
2025-06-21 13:14:04,486 - INFO - CoinGecko insights for XRP: neutral (0.50 confidence), sentiment: 0.03, whale: 0.05, smart money: bullish
2025-06-21 13:14:07,587 - INFO - CoinGecko insights for FUN: bullish (0.85 confidence), sentiment: 0.80, whale: 0.50, smart money: bullish
2025-06-21 13:14:11,575 - INFO - CoinGecko insights for SEI: bullish (0.65 confidence), sentiment: 0.39, whale: 0.00, smart money: neutral
2025-06-21 13:14:27,740 - INFO - CoinGecko insights for CRV: neutral (0.50 confidence), sentiment: 0.05, whale: 0.00, smart money: neutral
2025-06-21 13:14:31,258 - INFO - CoinGecko insights for RSR: neutral (0.50 confidence), sentiment: -0.20, whale: 0.10, smart money: neutral
2025-06-21 13:14:35,264 - INFO - CoinGecko insights for LTC: neutral (0.50 confidence), sentiment: -0.12, whale: 0.10, smart money: neutral
2025-06-21 13:14:39,278 - INFO - CoinGecko insights for BNB: neutral (0.50 confidence), sentiment: 0.04, whale: 0.00, smart money: bullish
2025-06-21 13:14:44,213 - INFO - CoinGecko insights for HBAR: neutral (0.50 confidence), sentiment: -0.13, whale: 0.10, smart money: neutral
2025-06-21 13:14:49,129 - INFO - CoinGecko insights for WBTC: neutral (0.50 confidence), sentiment: -0.05, whale: 0.00, smart money: neutral
2025-06-21 13:14:52,667 - INFO - CoinGecko insights for ENA: neutral (0.50 confidence), sentiment: -0.27, whale: 0.10, smart money: neutral
2025-06-21 13:14:57,111 - INFO - Taapi.io API available again after backoff period
2025-06-21 13:14:57,155 - INFO - CoinGecko insights for HBAR: neutral (0.50 confidence), sentiment: -0.13, whale: 0.10, smart money: neutral
2025-06-21 13:14:57,155 - INFO - CoinGecko insights for WBTC: neutral (0.50 confidence), sentiment: -0.05, whale: 0.00, smart money: neutral
2025-06-21 13:14:57,156 - INFO - CoinGecko insights for ENA: neutral (0.50 confidence), sentiment: -0.27, whale: 0.10, smart money: neutral
2025-06-21 13:14:57,209 - ERROR - Taapi.io API error 404: {"errors":["The endpoint (or indicator) you are calling does not exist!"]}
2025-06-21 13:14:57,209 - WARNING - Taapi.io API error, backing off for 300s: HTTP 404
2025-06-21 13:14:58,739 - INFO - TUSDT analysis: NEUTRAL signal with 0.00 strength
2025-06-21 13:15:12,299 - ERROR - Taapi.io API error 404: {"errors":["The endpoint (or indicator) you are calling does not exist!"]}
2025-06-21 13:15:12,299 - WARNING - Taapi.io API error, backing off for 300s: HTTP 404
2025-06-21 13:15:13,829 - INFO - NXPCUSDT analysis: NEUTRAL signal with 0.00 strength
2025-06-21 13:15:17,127 - INFO - LAYERUSDT analysis: BUY signal with 0.42 strength
2025-06-21 13:15:17,133 - INFO - APTUSDT analysis: NEUTRAL signal with 0.00 strength
2025-06-21 13:15:17,139 - INFO - ADAUSDT analysis: NEUTRAL signal with 0.00 strength
2025-06-21 13:15:17,160 - INFO - XRPUSDT analysis: NEUTRAL signal with 0.00 strength
2025-06-21 13:15:17,164 - INFO - FUNUSDT analysis: BUY signal with 0.59 strength
2025-06-21 13:15:17,170 - INFO - SEIUSDT analysis: BUY signal with 0.36 strength
2025-06-21 13:15:17,176 - INFO - CRVUSDT analysis: NEUTRAL signal with 0.00 strength
2025-06-21 13:15:17,181 - INFO - RSRUSDT analysis: NEUTRAL signal with 0.00 strength
2025-06-21 13:15:17,186 - INFO - LTCUSDT analysis: SELL signal with 0.32 strength
2025-06-21 13:15:17,191 - INFO - BNBUSDT analysis: NEUTRAL signal with 0.00 strength
2025-06-21 13:15:17,197 - INFO - HBARUSDT analysis: NEUTRAL signal with 0.00 strength
2025-06-21 13:15:17,197 - INFO - WBTCUSDT analysis: NEUTRAL signal with 0.00 strength
2025-06-21 13:15:17,203 - INFO - ENAUSDT analysis: NEUTRAL signal with 0.00 strength
2025-06-21 13:15:17,204 - INFO - Trading cycle completed in 94.04 seconds
2025-06-21 13:15:27,344 - ERROR - Taapi.io API error 404: {"errors":["The endpoint (or indicator) you are calling does not exist!"]}
2025-06-21 13:15:27,345 - WARNING - Taapi.io API error, backing off for 300s: HTTP 404
2025-06-21 13:15:42,496 - ERROR - Taapi.io API error 404: {"errors":["The endpoint (or indicator) you are calling does not exist!"]}
2025-06-21 13:15:42,497 - WARNING - Taapi.io API error, backing off for 300s: HTTP 404
2025-06-21 13:15:47,069 - INFO - Bot stopped by user
2025-06-21 13:15:57,603 - ERROR - Taapi.io API error 404: {"errors":["The endpoint (or indicator) you are calling does not exist!"]}
2025-06-21 13:15:57,604 - WARNING - Taapi.io API error, backing off for 300s: HTTP 404
2025-06-21 13:16:12,698 - ERROR - Taapi.io API error 404: {"errors":["The endpoint (or indicator) you are calling does not exist!"]}
2025-06-21 13:16:12,698 - WARNING - Taapi.io API error, backing off for 300s: HTTP 404
