2025-07-02 18:26:51,355 - INFO - Nebula AI Integration initialized with session: fd8399ef-7254-4a42-84be-a8a515cfdfac
2025-07-02 18:26:51,355 - INFO - Nebula AI integration enabled
2025-07-02 18:26:51,355 - INFO - CoinGecko initialiseret - Gratis tier
2025-07-02 18:26:51,521 - INFO - CoinGecko API connected: (V3) To the Moon!
2025-07-02 18:26:51,522 - INFO - CoinGecko AI klient initialiseret succesfuldt
2025-07-02 18:26:51,522 - INFO - CoinGecko AI client initialized
2025-07-02 18:26:51,563 - INFO - Database initialization complete
2025-07-02 18:26:51,568 - INFO - Schema update applied: ALTER TABLE positions ADD COLUMN take_profit_pct REAL
2025-07-02 18:26:51,573 - INFO - Schema update applied: ALTER TABLE positions ADD COLUMN stop_loss_pct REAL
2025-07-02 18:26:51,576 - INFO - Schema update applied: ALTER TABLE positions ADD COLUMN is_new_asset INTEGER DEFAULT 0
2025-07-02 18:26:51,580 - INFO - Schema update applied: ALTER TABLE positions ADD COLUMN exit_price REAL
2025-07-02 18:26:51,585 - INFO - Schema update applied: ALTER TABLE positions ADD COLUMN exit_time TEXT
2025-07-02 18:26:51,589 - INFO - Schema update applied: ALTER TABLE positions ADD COLUMN profit_loss REAL
2025-07-02 18:26:51,593 - INFO - Schema update applied: ALTER TABLE positions ADD COLUMN signal_source TEXT
2025-07-02 18:26:51,597 - INFO - Schema update applied: ALTER TABLE positions ADD COLUMN signal_strength REAL
2025-07-02 18:26:51,602 - INFO - Schema update applied: ALTER TABLE trades ADD COLUMN signal_source TEXT
2025-07-02 18:26:51,606 - INFO - Schema update applied: ALTER TABLE trades ADD COLUMN signal_strength REAL
2025-07-02 18:26:51,606 - INFO - Database schema updated successfully with 10 changes
2025-07-02 18:26:51,612 - INFO - Enhanced Signal API Client initialized: http://localhost:3001/api
2025-07-02 18:26:51,612 - INFO - API Enhanced Strategy initialized
2025-07-02 18:26:51,612 - INFO - API enabled: True
2025-07-02 18:26:51,612 - INFO - API URL: http://localhost:3001/api
2025-07-02 18:26:51,612 - INFO - Fallback enabled: True
2025-07-02 18:26:51,612 - INFO - Taapi.io client initialized (Free tier: 1 request/15s)
2025-07-02 18:26:51,613 - INFO - Advanced indicators initialized with Taapi.io
2025-07-02 18:26:51,613 - INFO - Advanced indicators initialized successfully
2025-07-02 18:26:51,613 - INFO - Risk Manager initialized with equity protection: Warning at 2.0%, Risk Reduction at 3.0%, High Alert at 5.0%, Emergency at 8.0%
2025-07-02 18:26:51,613 - INFO - Hybrid Trading Bot initialized with Enhanced Signal API
2025-07-02 18:26:51,613 - INFO - API URL: http://localhost:3001/api
2025-07-02 18:26:51,613 - INFO - API enabled: True
2025-07-02 18:26:51,613 - INFO - Mode: TEST trading
2025-07-02 18:26:51,613 - INFO - AI Provider: CoinGecko
2025-07-02 18:26:51,614 - INFO - Advanced Indicators: Taapi.io
2025-07-02 18:26:51,614 - INFO - Testing API connections...
2025-07-02 18:26:51,614 - INFO - Initializing Enhanced Signal API...
2025-07-02 18:26:51,629 - INFO - API health check passed
2025-07-02 18:26:51,629 - INFO - Enhanced Signal API initialized successfully
2025-07-02 18:26:51,629 - INFO - Enhanced Signal API initialized successfully
2025-07-02 18:26:51,629 - INFO - Using AI-powered signals with on-chain analysis
2025-07-02 18:26:52,321 - INFO - Binance server time: 2025-07-02 18:26:52.155000
2025-07-02 18:26:52,551 - INFO - CoinGecko AI connection successful: 0.3513638701619264
2025-07-02 18:26:52,551 - INFO - Preloading historical data for analysis...
2025-07-02 18:26:52,551 - INFO - Preloading historical data for analysis...
2025-07-02 18:26:52,551 - INFO - Fetching top 20 trending cryptocurrency pairs
2025-07-02 18:26:53,944 - INFO - Found trending pairs: HFTUSDT, VIRTUALUSDT, NEIROUSDT, ORDIUSDT, AWEUSDT...
2025-07-02 18:26:53,945 - INFO - Preloading data for pairs: NEIROUSDT, ADAUSDT, KAITOUSDT, INITUSDT, SAHARAUSDT
2025-07-02 18:27:03,399 - INFO - Bot stopped by user
