2025-07-02 18:27:14,634 - INFO - Nebula AI Integration initialized with session: 3215118e-873c-41aa-92ba-b9e092c7c469
2025-07-02 18:27:14,634 - INFO - Nebula AI integration enabled
2025-07-02 18:27:14,634 - INFO - CoinGecko initialiseret - Gratis tier
2025-07-02 18:27:14,818 - INFO - CoinGecko API connected: (V3) To the Moon!
2025-07-02 18:27:14,819 - INFO - CoinGecko AI klient initialiseret succesfuldt
2025-07-02 18:27:14,819 - INFO - CoinGecko AI client initialized
2025-07-02 18:27:14,821 - INFO - Database initialization complete
2025-07-02 18:27:14,821 - INFO - Enhanced Signal API Client initialized: http://localhost:3001/api
2025-07-02 18:27:14,825 - INFO - API Enhanced Strategy initialized
2025-07-02 18:27:14,825 - INFO - API enabled: True
2025-07-02 18:27:14,825 - INFO - API URL: http://localhost:3001/api
2025-07-02 18:27:14,826 - INFO - Fallback enabled: True
2025-07-02 18:27:14,826 - INFO - Taapi.io client initialized (Free tier: 1 request/15s)
2025-07-02 18:27:14,826 - INFO - Advanced indicators initialized with Taapi.io
2025-07-02 18:27:14,826 - INFO - Advanced indicators initialized successfully
2025-07-02 18:27:14,826 - INFO - Risk Manager initialized with equity protection: Warning at 2.0%, Risk Reduction at 3.0%, High Alert at 5.0%, Emergency at 8.0%
2025-07-02 18:27:14,828 - INFO - Hybrid Trading Bot initialized with Enhanced Signal API
2025-07-02 18:27:14,828 - INFO - API URL: http://localhost:3001/api
2025-07-02 18:27:14,828 - INFO - API enabled: True
2025-07-02 18:27:14,828 - INFO - Mode: TEST trading
2025-07-02 18:27:14,828 - INFO - AI Provider: CoinGecko
2025-07-02 18:27:14,829 - INFO - Advanced Indicators: Taapi.io
2025-07-02 18:27:14,829 - INFO - Testing API connections...
2025-07-02 18:27:14,829 - INFO - Initializing Enhanced Signal API...
2025-07-02 18:27:16,885 - ERROR - API health check failed: Cannot connect to host localhost:3001 ssl:default [Fjerncomputeren afviste netværksforbindelsen]
2025-07-02 18:27:16,885 - WARNING - API initialization failed, using fallback mode
2025-07-02 18:27:16,886 - WARNING - API initialization failed, using fallback mode
2025-07-02 18:27:17,581 - INFO - Binance server time: 2025-07-02 18:27:17.414000
2025-07-02 18:27:17,652 - INFO - CoinGecko AI connection successful: 0.3513638701619264
2025-07-02 18:27:17,652 - INFO - Preloading historical data for analysis...
2025-07-02 18:27:17,652 - INFO - Preloading historical data for analysis...
2025-07-02 18:27:17,653 - INFO - Fetching top 20 trending cryptocurrency pairs
2025-07-02 18:27:19,022 - INFO - Found trending pairs: HFTUSDT, VIRTUALUSDT, NEIROUSDT, AWEUSDT, ORDIUSDT...
2025-07-02 18:27:19,022 - INFO - Preloading data for pairs: BTCUSDT, NXPCUSDT, PIXELUSDT, ZKUSDT, AAVEUSDT
2025-07-02 18:27:39,823 - INFO - Bot stopped by user
2025-07-02 18:27:39,857 - ERROR - Unclosed client session
client_session: <aiohttp.client.ClientSession object at 0x00000263BB79C5C0>
