2025-06-22 09:46:27,379 - INFO - CoinGecko API connected: (V3) To the Moon!
2025-06-22 09:46:27,382 - INFO - CoinGecko AI client initialized successfully
2025-06-22 09:46:27,382 - INFO - CoinGecko AI client initialized
2025-06-22 09:46:27,474 - INFO - Database initialization complete
2025-06-22 09:46:27,487 - INFO - Schema update applied: ALTER TABLE positions ADD COLUMN take_profit_pct REAL
2025-06-22 09:46:27,499 - INFO - Schema update applied: ALTER TABLE positions ADD COLUMN stop_loss_pct REAL
2025-06-22 09:46:27,510 - INFO - Schema update applied: ALTER TABLE positions ADD COLUMN is_new_asset INTEGER DEFAULT 0
2025-06-22 09:46:27,522 - INFO - Schema update applied: ALTER TABLE positions ADD COLUMN exit_price REAL
2025-06-22 09:46:27,532 - INFO - Schema update applied: ALTER TABLE positions ADD COLUMN exit_time TEXT
2025-06-22 09:46:27,543 - INFO - Schema update applied: ALTER TABLE positions ADD COLUMN profit_loss REAL
2025-06-22 09:46:27,556 - INFO - Schema update applied: ALTER TABLE positions ADD COLUMN signal_source TEXT
2025-06-22 09:46:27,567 - INFO - Schema update applied: ALTER TABLE positions ADD COLUMN signal_strength REAL
2025-06-22 09:46:27,578 - INFO - Schema update applied: ALTER TABLE trades ADD COLUMN signal_source TEXT
2025-06-22 09:46:27,589 - INFO - Schema update applied: ALTER TABLE trades ADD COLUMN signal_strength REAL
2025-06-22 09:46:27,590 - INFO - Database schema updated successfully with 10 changes
2025-06-22 09:46:27,604 - INFO - Taapi.io client initialized (Free tier: 1 request/15s)
2025-06-22 09:46:27,605 - INFO - Advanced indicators initialized with Taapi.io
2025-06-22 09:46:27,605 - INFO - Advanced indicators initialized successfully
2025-06-22 09:46:27,606 - INFO - Risk Manager initialized with equity protection: Warning at 3.0%, Risk Reduction at 5.0%, High Alert at 8.0%, Emergency at 12.0%
2025-06-22 09:46:27,606 - INFO - Hybrid Trading Bot initialized with 1000.00 equity
2025-06-22 09:46:27,606 - INFO - Mode: TEST trading
2025-06-22 09:46:27,606 - INFO - AI Provider: CoinGecko
2025-06-22 09:46:27,606 - INFO - Advanced Indicators: Taapi.io
2025-06-22 09:46:27,608 - INFO - Testing API connections...
2025-06-22 09:46:28,307 - INFO - Binance server time: 2025-06-22 09:46:32.484000
2025-06-22 09:46:28,945 - INFO - CoinGecko AI connection successful: -0.2666447182235453
2025-06-22 09:46:28,946 - INFO - Preloading historical data for analysis...
2025-06-22 09:46:28,946 - INFO - Preloading historical data for analysis...
2025-06-22 09:46:28,946 - INFO - Fetching top 20 trending cryptocurrency pairs
2025-06-22 09:46:29,899 - INFO - Found trending pairs: NEIROUSDT, NXPCUSDT, FUNUSDT, VIRTUALUSDT, SOPHUSDT...
2025-06-22 09:46:29,901 - INFO - Preloading data for pairs: DYDXUSDT, HUMAUSDT, SOPHUSDT, BABYUSDT, FUNUSDT
2025-06-22 09:47:02,448 - INFO - Preloading data for pairs: NEIROUSDT, ETHUSDT, JUPUSDT, KAITOUSDT, INITUSDT
2025-06-22 09:47:37,420 - INFO - Preloading data for pairs: VIRTUALUSDT, NXPCUSDT, APTUSDT, TRBUSDT, UNIUSDT
2025-06-22 09:48:13,050 - INFO - Preloading data for pairs: ORDIUSDT, LPTUSDT, SEIUSDT, SOLUSDT, TAOUSDT
2025-06-22 09:48:47,211 - INFO - Preloading data for pairs: VANAUSDT, ADAUSDT, BTCUSDT, BNBUSDT, ENAUSDT
2025-06-22 09:49:20,547 - INFO - Historical data preloading complete
2025-06-22 09:49:29,430 - INFO - Updating correlation matrix...
2025-06-22 09:49:29,433 - INFO - Current equity: $1000.00, Daily ROI: 0.00%, Drawdown: 0.00%, Risk level: normal, Positions: 0/2 ($0.00, 0.0% of equity)
2025-06-22 09:49:29,453 - INFO - Current daily ROI: 0.00% (target: 0.5% - 2.5%)
2025-06-22 09:49:29,453 - INFO - Fetching top 30 trending cryptocurrency pairs
2025-06-22 09:49:30,874 - INFO - Found trending pairs: NEIROUSDT, NXPCUSDT, VIRTUALUSDT, SOPHUSDT, APTUSDT...
2025-06-22 09:49:31,142 - INFO - Selected optimal assets: LAYERUSDT, SOPHUSDT, BABYUSDT, FUNUSDT, NEIROUSDT... (15 total)
2025-06-22 09:49:31,169 - INFO - Hourly performance report: {
  "equity": {
    "current": 1000.0,
    "start": 1000.0,
    "total_return_pct": 0.0,
    "max_drawdown_pct": 0,
    "avg_daily_return_pct": 0,
    "avg_weekly_return_pct": 0
  },
  "trades": {
    "total": 0,
    "win_count": 0,
    "loss_count": 0,
    "win_rate_pct": 0,
    "profit_factor": 0,
    "avg_profit": 0,
    "avg_loss": 0,
    "expected_value": 0,
    "recent_win_rate_pct": 0
  },
  "pairs": {
    "best_pair": "None",
    "best_pair_profit": 0,
    "worst_pair": "None",
    "worst_pair_profit": 0
  },
  "timestamp": "2025-06-22 09:49:31"
}
2025-06-22 09:50:05,838 - INFO - Correlation matrix updated for 41 pairs
2025-06-22 09:50:16,047 - INFO - Market regime changed: NEUTRAL -> BEAR_TRENDING
2025-06-22 09:50:16,048 - INFO - Market state: Regime=BEAR_TRENDING, Trend=bearish, Volatility=low, Breadth=0.00
2025-06-22 09:50:17,855 - WARNING - CoinGecko rate limit hit, backing off...
2025-06-22 09:50:18,108 - WARNING - CoinGecko rate limit hit, backing off...
2025-06-22 09:50:18,350 - WARNING - CoinGecko rate limit hit, backing off...
2025-06-22 09:50:18,616 - WARNING - CoinGecko rate limit hit, backing off...
2025-06-22 09:50:18,861 - WARNING - CoinGecko rate limit hit, backing off...
2025-06-22 09:50:19,126 - WARNING - CoinGecko rate limit hit, backing off...
2025-06-22 09:50:19,362 - WARNING - CoinGecko rate limit hit, backing off...
2025-06-22 09:50:19,638 - WARNING - CoinGecko rate limit hit, backing off...
2025-06-22 09:50:19,924 - WARNING - CoinGecko rate limit hit, backing off...
2025-06-22 09:50:20,197 - WARNING - CoinGecko rate limit hit, backing off...
2025-06-22 09:50:20,472 - WARNING - CoinGecko rate limit hit, backing off...
2025-06-22 09:50:20,777 - WARNING - CoinGecko rate limit hit, backing off...
2025-06-22 09:50:21,037 - WARNING - CoinGecko rate limit hit, backing off...
2025-06-22 09:50:21,297 - WARNING - CoinGecko rate limit hit, backing off...
2025-06-22 09:50:21,570 - WARNING - CoinGecko rate limit hit, backing off...
2025-06-22 09:50:21,849 - WARNING - CoinGecko rate limit hit, backing off...
2025-06-22 09:50:22,192 - WARNING - CoinGecko rate limit hit, backing off...
2025-06-22 09:50:22,484 - WARNING - CoinGecko rate limit hit, backing off...
2025-06-22 09:50:22,763 - WARNING - CoinGecko rate limit hit, backing off...
2025-06-22 09:50:23,012 - WARNING - CoinGecko rate limit hit, backing off...
2025-06-22 09:50:23,279 - WARNING - CoinGecko rate limit hit, backing off...
2025-06-22 09:50:23,525 - WARNING - CoinGecko rate limit hit, backing off...
2025-06-22 09:50:23,785 - WARNING - CoinGecko rate limit hit, backing off...
2025-06-22 09:50:24,070 - WARNING - CoinGecko rate limit hit, backing off...
2025-06-22 09:50:24,334 - WARNING - CoinGecko rate limit hit, backing off...
2025-06-22 09:50:24,614 - WARNING - CoinGecko rate limit hit, backing off...
2025-06-22 09:50:24,876 - WARNING - CoinGecko rate limit hit, backing off...
2025-06-22 09:50:25,141 - WARNING - CoinGecko rate limit hit, backing off...
2025-06-22 09:50:25,411 - WARNING - CoinGecko rate limit hit, backing off...
2025-06-22 09:50:25,671 - WARNING - CoinGecko rate limit hit, backing off...
2025-06-22 09:50:25,950 - WARNING - CoinGecko rate limit hit, backing off...
2025-06-22 09:50:26,223 - WARNING - CoinGecko rate limit hit, backing off...
2025-06-22 09:50:26,491 - WARNING - CoinGecko rate limit hit, backing off...
2025-06-22 09:50:26,760 - WARNING - CoinGecko rate limit hit, backing off...
2025-06-22 09:50:27,022 - WARNING - CoinGecko rate limit hit, backing off...
2025-06-22 09:50:27,276 - WARNING - CoinGecko rate limit hit, backing off...
2025-06-22 09:50:27,553 - WARNING - CoinGecko rate limit hit, backing off...
2025-06-22 09:50:27,800 - WARNING - CoinGecko rate limit hit, backing off...
2025-06-22 09:50:28,039 - WARNING - CoinGecko rate limit hit, backing off...
2025-06-22 09:50:28,362 - WARNING - CoinGecko rate limit hit, backing off...
2025-06-22 09:50:28,631 - WARNING - CoinGecko rate limit hit, backing off...
2025-06-22 09:50:28,933 - WARNING - CoinGecko rate limit hit, backing off...
2025-06-22 09:50:29,246 - WARNING - CoinGecko rate limit hit, backing off...
2025-06-22 09:50:29,543 - WARNING - CoinGecko rate limit hit, backing off...
2025-06-22 09:50:29,806 - WARNING - CoinGecko rate limit hit, backing off...
2025-06-22 09:50:30,064 - WARNING - CoinGecko rate limit hit, backing off...
2025-06-22 09:50:30,330 - WARNING - CoinGecko rate limit hit, backing off...
2025-06-22 09:50:30,625 - WARNING - CoinGecko rate limit hit, backing off...
2025-06-22 09:50:30,888 - WARNING - CoinGecko rate limit hit, backing off...
2025-06-22 09:50:31,147 - WARNING - CoinGecko rate limit hit, backing off...
2025-06-22 09:50:31,398 - WARNING - CoinGecko rate limit hit, backing off...
2025-06-22 09:50:31,673 - WARNING - CoinGecko rate limit hit, backing off...
2025-06-22 09:50:31,915 - WARNING - CoinGecko rate limit hit, backing off...
2025-06-22 09:50:32,162 - WARNING - CoinGecko rate limit hit, backing off...
2025-06-22 09:50:32,427 - WARNING - CoinGecko rate limit hit, backing off...
2025-06-22 09:50:32,672 - WARNING - CoinGecko rate limit hit, backing off...
2025-06-22 09:50:32,916 - WARNING - CoinGecko rate limit hit, backing off...
2025-06-22 09:50:33,179 - WARNING - CoinGecko rate limit hit, backing off...
2025-06-22 09:50:33,426 - WARNING - CoinGecko rate limit hit, backing off...
2025-06-22 09:50:33,426 - INFO - CoinGecko insights for LAYER: neutral (0.50 confidence), sentiment: 0.00, whale: 0.00, smart money: neutral
2025-06-22 09:50:38,357 - INFO - CoinGecko insights for SOPH: neutral (0.50 confidence), sentiment: 0.00, whale: 0.00, smart money: neutral
2025-06-22 09:50:42,320 - INFO - CoinGecko insights for BABY: neutral (0.50 confidence), sentiment: 0.00, whale: 0.00, smart money: neutral
2025-06-22 09:50:46,781 - INFO - CoinGecko insights for FUN: neutral (0.50 confidence), sentiment: 0.00, whale: 0.00, smart money: neutral
2025-06-22 09:50:51,246 - INFO - CoinGecko insights for NEIRO: neutral (0.50 confidence), sentiment: 0.00, whale: 0.00, smart money: neutral
2025-06-22 09:50:55,269 - INFO - CoinGecko insights for XRP: neutral (0.50 confidence), sentiment: 0.00, whale: 0.00, smart money: neutral
2025-06-22 09:50:59,713 - INFO - CoinGecko insights for INIT: neutral (0.50 confidence), sentiment: 0.00, whale: 0.00, smart money: neutral
2025-06-22 09:51:04,134 - INFO - CoinGecko insights for VIRTUAL: neutral (0.50 confidence), sentiment: 0.00, whale: 0.00, smart money: neutral
2025-06-22 09:51:09,035 - INFO - CoinGecko insights for NXPC: neutral (0.50 confidence), sentiment: 0.00, whale: 0.00, smart money: neutral
2025-06-22 09:51:13,968 - INFO - CoinGecko insights for LTC: neutral (0.50 confidence), sentiment: 0.00, whale: 0.10, smart money: neutral
2025-06-22 09:51:18,903 - INFO - CoinGecko insights for APT: neutral (0.50 confidence), sentiment: 0.00, whale: 0.00, smart money: neutral
2025-06-22 09:51:24,267 - INFO - CoinGecko insights for QNT: neutral (0.50 confidence), sentiment: 0.00, whale: 0.00, smart money: neutral
2025-06-22 09:51:28,706 - INFO - CoinGecko insights for LPT: neutral (0.50 confidence), sentiment: 0.00, whale: 0.00, smart money: neutral
2025-06-22 09:51:32,699 - INFO - CoinGecko insights for SEI: neutral (0.50 confidence), sentiment: 0.00, whale: 0.00, smart money: neutral
2025-06-22 09:51:36,202 - INFO - CoinGecko insights for BTC: neutral (0.50 confidence), sentiment: 0.00, whale: 0.00, smart money: neutral
2025-06-22 09:51:42,287 - INFO - LAYERUSDT analysis: NEUTRAL signal with 0.00 strength
2025-06-22 09:51:42,288 - INFO - SOPHUSDT analysis: SELL signal with 0.45 strength
2025-06-22 09:51:42,288 - INFO - BABYUSDT analysis: SELL signal with 0.54 strength
2025-06-22 09:51:42,288 - INFO - FUNUSDT analysis: NEUTRAL signal with 0.00 strength
2025-06-22 09:51:42,288 - INFO - NEIROUSDT analysis: SELL signal with 0.43 strength
2025-06-22 09:51:42,289 - INFO - XRPUSDT analysis: SELL signal with 0.47 strength
2025-06-22 09:51:42,289 - INFO - INITUSDT analysis: SELL signal with 0.38 strength
2025-06-22 09:51:42,290 - INFO - VIRTUALUSDT analysis: SELL signal with 0.46 strength
2025-06-22 09:51:42,290 - INFO - NXPCUSDT analysis: SELL signal with 0.45 strength
2025-06-22 09:51:42,290 - INFO - LTCUSDT analysis: NEUTRAL signal with 0.00 strength
2025-06-22 09:51:42,291 - INFO - APTUSDT analysis: SELL signal with 0.46 strength
2025-06-22 09:51:42,291 - INFO - QNTUSDT analysis: NEUTRAL signal with 0.00 strength
2025-06-22 09:51:42,705 - INFO - LPTUSDT analysis: SELL signal with 0.45 strength
2025-06-22 09:51:45,041 - WARNING - CoinGecko rate limit hit, backing off...
2025-06-22 09:51:45,288 - WARNING - CoinGecko rate limit hit, backing off...
2025-06-22 09:51:45,533 - WARNING - CoinGecko rate limit hit, backing off...
2025-06-22 09:51:45,778 - WARNING - CoinGecko rate limit hit, backing off...
2025-06-22 09:51:46,022 - WARNING - CoinGecko rate limit hit, backing off...
2025-06-22 09:51:46,265 - WARNING - CoinGecko rate limit hit, backing off...
2025-06-22 09:51:46,508 - WARNING - CoinGecko rate limit hit, backing off...
2025-06-22 09:51:46,763 - WARNING - CoinGecko rate limit hit, backing off...
2025-06-22 09:51:47,002 - WARNING - CoinGecko rate limit hit, backing off...
2025-06-22 09:51:47,266 - WARNING - CoinGecko rate limit hit, backing off...
2025-06-22 09:51:47,502 - WARNING - CoinGecko rate limit hit, backing off...
2025-06-22 09:51:47,748 - WARNING - CoinGecko rate limit hit, backing off...
2025-06-22 09:51:47,992 - WARNING - CoinGecko rate limit hit, backing off...
2025-06-22 09:51:48,247 - WARNING - CoinGecko rate limit hit, backing off...
2025-06-22 09:51:48,491 - WARNING - CoinGecko rate limit hit, backing off...
2025-06-22 09:51:48,742 - WARNING - CoinGecko rate limit hit, backing off...
2025-06-22 09:51:48,993 - WARNING - CoinGecko rate limit hit, backing off...
2025-06-22 09:51:49,295 - WARNING - CoinGecko rate limit hit, backing off...
2025-06-22 09:51:49,557 - WARNING - CoinGecko rate limit hit, backing off...
2025-06-22 09:51:49,798 - WARNING - CoinGecko rate limit hit, backing off...
2025-06-22 09:51:50,060 - WARNING - CoinGecko rate limit hit, backing off...
2025-06-22 09:51:50,311 - WARNING - CoinGecko rate limit hit, backing off...
2025-06-22 09:51:50,558 - WARNING - CoinGecko rate limit hit, backing off...
2025-06-22 09:51:50,803 - WARNING - CoinGecko rate limit hit, backing off...
2025-06-22 09:51:51,042 - WARNING - CoinGecko rate limit hit, backing off...
2025-06-22 09:51:51,291 - WARNING - CoinGecko rate limit hit, backing off...
2025-06-22 09:51:51,542 - WARNING - CoinGecko rate limit hit, backing off...
2025-06-22 09:51:51,802 - WARNING - CoinGecko rate limit hit, backing off...
2025-06-22 09:51:52,044 - WARNING - CoinGecko rate limit hit, backing off...
2025-06-22 09:51:52,289 - WARNING - CoinGecko rate limit hit, backing off...
2025-06-22 09:51:52,531 - WARNING - CoinGecko rate limit hit, backing off...
2025-06-22 09:51:52,773 - WARNING - CoinGecko rate limit hit, backing off...
2025-06-22 09:51:53,012 - WARNING - CoinGecko rate limit hit, backing off...
2025-06-22 09:51:53,250 - WARNING - CoinGecko rate limit hit, backing off...
2025-06-22 09:51:53,491 - WARNING - CoinGecko rate limit hit, backing off...
2025-06-22 09:51:53,733 - WARNING - CoinGecko rate limit hit, backing off...
2025-06-22 09:51:53,972 - WARNING - CoinGecko rate limit hit, backing off...
2025-06-22 09:51:54,236 - WARNING - CoinGecko rate limit hit, backing off...
2025-06-22 09:51:54,511 - WARNING - CoinGecko rate limit hit, backing off...
2025-06-22 09:51:54,758 - WARNING - CoinGecko rate limit hit, backing off...
2025-06-22 09:51:54,995 - WARNING - CoinGecko rate limit hit, backing off...
2025-06-22 09:51:55,229 - WARNING - CoinGecko rate limit hit, backing off...
2025-06-22 09:51:55,474 - WARNING - CoinGecko rate limit hit, backing off...
2025-06-22 09:51:55,718 - WARNING - CoinGecko rate limit hit, backing off...
2025-06-22 09:51:55,964 - WARNING - CoinGecko rate limit hit, backing off...
2025-06-22 09:51:56,229 - WARNING - CoinGecko rate limit hit, backing off...
2025-06-22 09:51:56,491 - WARNING - CoinGecko rate limit hit, backing off...
2025-06-22 09:51:56,734 - WARNING - CoinGecko rate limit hit, backing off...
2025-06-22 09:51:57,006 - WARNING - CoinGecko rate limit hit, backing off...
2025-06-22 09:51:57,253 - WARNING - CoinGecko rate limit hit, backing off...
2025-06-22 09:51:57,514 - WARNING - CoinGecko rate limit hit, backing off...
2025-06-22 09:51:57,546 - INFO - SEIUSDT analysis: NEUTRAL signal with 0.00 strength
2025-06-22 09:51:57,547 - INFO - BTCUSDT analysis: NEUTRAL signal with 0.00 strength
2025-06-22 09:51:57,552 - INFO - Trading cycle completed in 148.12 seconds
2025-06-22 09:51:58,793 - WARNING - CoinGecko rate limit hit, backing off...
2025-06-22 09:51:59,045 - WARNING - CoinGecko rate limit hit, backing off...
2025-06-22 09:51:59,292 - WARNING - CoinGecko rate limit hit, backing off...
2025-06-22 09:51:59,551 - WARNING - CoinGecko rate limit hit, backing off...
2025-06-22 09:51:59,817 - WARNING - CoinGecko rate limit hit, backing off...
2025-06-22 09:52:00,092 - WARNING - CoinGecko rate limit hit, backing off...
2025-06-22 09:52:00,344 - WARNING - CoinGecko rate limit hit, backing off...
2025-06-22 09:52:00,583 - WARNING - CoinGecko rate limit hit, backing off...
2025-06-22 09:52:00,838 - WARNING - CoinGecko rate limit hit, backing off...
2025-06-22 09:52:01,091 - WARNING - CoinGecko rate limit hit, backing off...
2025-06-22 09:52:01,336 - WARNING - CoinGecko rate limit hit, backing off...
2025-06-22 09:52:01,585 - WARNING - CoinGecko rate limit hit, backing off...
2025-06-22 09:52:01,835 - WARNING - CoinGecko rate limit hit, backing off...
2025-06-22 09:52:02,085 - WARNING - CoinGecko rate limit hit, backing off...
2025-06-22 09:52:02,327 - WARNING - CoinGecko rate limit hit, backing off...
2025-06-22 09:52:02,584 - WARNING - CoinGecko rate limit hit, backing off...
2025-06-22 09:52:02,828 - WARNING - CoinGecko rate limit hit, backing off...
2025-06-22 09:52:03,073 - WARNING - CoinGecko rate limit hit, backing off...
2025-06-22 09:52:03,343 - WARNING - CoinGecko rate limit hit, backing off...
2025-06-22 09:52:03,603 - WARNING - CoinGecko rate limit hit, backing off...
2025-06-22 09:52:03,838 - WARNING - CoinGecko rate limit hit, backing off...
2025-06-22 09:52:04,083 - WARNING - CoinGecko rate limit hit, backing off...
2025-06-22 09:52:05,340 - WARNING - CoinGecko rate limit hit, backing off...
2025-06-22 09:52:05,586 - WARNING - CoinGecko rate limit hit, backing off...
2025-06-22 09:52:05,834 - WARNING - CoinGecko rate limit hit, backing off...
2025-06-22 09:52:06,076 - WARNING - CoinGecko rate limit hit, backing off...
2025-06-22 09:52:06,333 - WARNING - CoinGecko rate limit hit, backing off...
2025-06-22 09:52:06,586 - WARNING - CoinGecko rate limit hit, backing off...
2025-06-22 09:52:06,854 - WARNING - CoinGecko rate limit hit, backing off...
2025-06-22 09:55:27,259 - INFO - Top opportunities found: ['SOLUSDT', 'BTCUSDT', 'PAXGUSDT', 'GPSUSDT']
2025-06-22 09:55:28,632 - INFO - Selected optimal assets: LAYERUSDT, SOPHUSDT, BABYUSDT, FUNUSDT, NEIROUSDT... (10 total)
2025-06-22 09:55:29,041 - ERROR - CoinGecko API error: 404 - {"error":"coin not found"}
2025-06-22 09:55:29,043 - INFO - CoinGecko insights for LAYER: bullish (0.60 confidence), sentiment: 0.16, whale: 0.50, smart money: neutral
2025-06-22 09:55:33,454 - ERROR - CoinGecko API error: 404 - {"error":"coin not found"}
2025-06-22 09:55:35,245 - WARNING - CoinGecko rate limit hit, backing off...
2025-06-22 09:55:35,506 - WARNING - CoinGecko rate limit hit, backing off...
2025-06-22 09:55:35,774 - WARNING - CoinGecko rate limit hit, backing off...
2025-06-22 09:55:36,046 - WARNING - CoinGecko rate limit hit, backing off...
2025-06-22 09:55:36,319 - WARNING - CoinGecko rate limit hit, backing off...
2025-06-22 09:55:36,570 - WARNING - CoinGecko rate limit hit, backing off...
2025-06-22 09:55:36,820 - WARNING - CoinGecko rate limit hit, backing off...
2025-06-22 09:55:37,102 - WARNING - CoinGecko rate limit hit, backing off...
2025-06-22 09:55:37,345 - WARNING - CoinGecko rate limit hit, backing off...
2025-06-22 09:55:37,599 - WARNING - CoinGecko rate limit hit, backing off...
2025-06-22 09:55:37,864 - WARNING - CoinGecko rate limit hit, backing off...
2025-06-22 09:55:37,864 - INFO - CoinGecko insights for LAYER: bullish (0.60 confidence), sentiment: 0.16, whale: 0.50, smart money: neutral
2025-06-22 09:55:37,865 - INFO - LAYERUSDT analysis: NEUTRAL signal with 0.00 strength
2025-06-22 09:55:41,586 - INFO - CoinGecko insights for NEIRO: neutral (0.50 confidence), sentiment: 0.00, whale: 0.00, smart money: bearish
2025-06-22 09:55:45,089 - INFO - CoinGecko insights for SOPH: neutral (0.50 confidence), sentiment: 0.00, whale: 0.00, smart money: neutral
2025-06-22 09:55:49,970 - INFO - CoinGecko insights for BABY: neutral (0.50 confidence), sentiment: 0.00, whale: 0.10, smart money: neutral
2025-06-22 09:55:55,767 - INFO - CoinGecko insights for FUN: neutral (0.50 confidence), sentiment: 0.00, whale: 0.00, smart money: neutral
2025-06-22 09:56:00,049 - WARNING - CoinGecko rate limit hit, backing off...
2025-06-22 09:56:00,050 - INFO - NEIROUSDT analysis: SELL signal with 0.42 strength
2025-06-22 09:56:00,050 - INFO - CoinGecko insights for BABY: neutral (0.50 confidence), sentiment: -0.02, whale: 0.10, smart money: neutral
2025-06-22 09:56:00,051 - INFO - BABYUSDT analysis: SELL signal with 0.41 strength
2025-06-22 09:56:00,051 - INFO - SOPHUSDT analysis: SELL signal with 0.45 strength
2025-06-22 09:56:01,305 - WARNING - CoinGecko rate limit hit, backing off...
2025-06-22 09:56:01,580 - WARNING - CoinGecko rate limit hit, backing off...
2025-06-22 09:56:01,828 - WARNING - CoinGecko rate limit hit, backing off...
2025-06-22 09:56:02,090 - WARNING - CoinGecko rate limit hit, backing off...
2025-06-22 09:56:02,354 - WARNING - CoinGecko rate limit hit, backing off...
2025-06-22 09:56:02,597 - WARNING - CoinGecko rate limit hit, backing off...
2025-06-22 09:56:02,837 - WARNING - CoinGecko rate limit hit, backing off...
2025-06-22 09:56:04,170 - INFO - Bot stopped by user
