2025-06-21 14:14:11,243 - INFO - CoinGecko API connected: (V3) To the Moon!
2025-06-21 14:14:11,246 - INFO - CoinGecko AI client initialized with demo API key
2025-06-21 14:14:11,247 - INFO - CoinGecko AI client initialized
2025-06-21 14:14:11,362 - INFO - Database initialization complete
2025-06-21 14:14:11,377 - INFO - Schema update applied: ALTER TABLE positions ADD COLUMN take_profit_pct REAL
2025-06-21 14:14:11,388 - INFO - Schema update applied: ALTER TABLE positions ADD COLUMN stop_loss_pct REAL
2025-06-21 14:14:11,401 - INFO - Schema update applied: ALTER TABLE positions ADD COLUMN is_new_asset INTEGER DEFAULT 0
2025-06-21 14:14:11,415 - INFO - Schema update applied: ALTER TABLE positions ADD COLUMN exit_price REAL
2025-06-21 14:14:11,428 - INFO - Schema update applied: ALTER TABLE positions ADD COLUMN exit_time TEXT
2025-06-21 14:14:11,441 - INFO - Schema update applied: ALTER TABLE positions ADD COLUMN profit_loss REAL
2025-06-21 14:14:11,455 - INFO - Schema update applied: ALTER TABLE positions ADD COLUMN signal_source TEXT
2025-06-21 14:14:11,471 - INFO - Schema update applied: ALTER TABLE positions ADD COLUMN signal_strength REAL
2025-06-21 14:14:11,529 - INFO - Schema update applied: ALTER TABLE trades ADD COLUMN signal_source TEXT
2025-06-21 14:14:11,541 - INFO - Schema update applied: ALTER TABLE trades ADD COLUMN signal_strength REAL
2025-06-21 14:14:11,543 - INFO - Database schema updated successfully with 10 changes
2025-06-21 14:14:11,561 - INFO - Taapi.io client initialized (Free tier: 1 request/15s)
2025-06-21 14:14:11,561 - INFO - Advanced indicators initialized with Taapi.io
2025-06-21 14:14:11,576 - INFO - Taapi.io client initialized (Free tier: 1 request/15s)
2025-06-21 14:14:11,576 - INFO - Advanced indicators initialized with Taapi.io
2025-06-21 14:14:11,577 - INFO - Advanced indicators initialized successfully
2025-06-21 14:14:11,579 - INFO - Risk Manager initialized with equity protection: Warning at 3.0%, Risk Reduction at 5.0%, High Alert at 8.0%, Emergency at 12.0%
2025-06-21 14:14:11,580 - INFO - Hybrid Trading Bot initialized with 1000.00 equity
2025-06-21 14:14:11,582 - INFO - Mode: TEST trading
2025-06-21 14:14:11,583 - INFO - AI Provider: CoinGecko
2025-06-21 14:14:11,583 - INFO - Advanced Indicators: Taapi.io
2025-06-21 14:14:11,585 - INFO - Testing API connections...
2025-06-21 14:14:12,293 - INFO - Binance server time: 2025-06-21 14:14:14.593000
2025-06-21 14:14:13,299 - INFO - CoinGecko AI connection successful: -0.11275397799004677
2025-06-21 14:14:13,300 - INFO - Preloading historical data for analysis...
2025-06-21 14:14:13,301 - INFO - Preloading historical data for analysis...
2025-06-21 14:14:13,301 - INFO - Fetching top 20 trending cryptocurrency pairs
2025-06-21 14:14:14,698 - INFO - Found trending pairs: FUNUSDT, SUSDT, LAYERUSDT, UNIUSDT, VIRTUALUSDT...
2025-06-21 14:14:14,699 - INFO - Preloading data for pairs: FUNUSDT, UNIUSDT, BNBUSDT, VIRTUALUSDT, ADAUSDT
2025-06-21 14:14:44,242 - INFO - Preloading data for pairs: BTCUSDT, KAITOUSDT, ETHUSDT, ORDIUSDT, SUSDT
2025-06-21 14:15:15,689 - INFO - Preloading data for pairs: BIGTIMEUSDT, HUMAUSDT, VANAUSDT, ONDOUSDT, BABYUSDT
2025-06-21 14:15:43,831 - INFO - Preloading data for pairs: NEIROUSDT, SEIUSDT, ENAUSDT, SOLUSDT, ARBUSDT
2025-06-21 14:16:13,148 - INFO - Preloading data for pairs: RSRUSDT, INITUSDT, ALTUSDT, SYRUPUSDT, LAYERUSDT
2025-06-21 14:16:42,050 - INFO - Historical data preloading complete
2025-06-21 14:16:49,579 - INFO - Updating correlation matrix...
2025-06-21 14:16:49,581 - INFO - Current equity: $1000.00, Daily ROI: 0.00%, Drawdown: 0.00%, Risk level: normal, Positions: 0/2 ($0.00, 0.0% of equity)
2025-06-21 14:16:49,624 - INFO - Current daily ROI: 0.00% (target: 0.5% - 2.5%)
2025-06-21 14:16:49,624 - INFO - Fetching top 30 trending cryptocurrency pairs
2025-06-21 14:16:50,569 - INFO - Found trending pairs: FUNUSDT, SUSDT, LAYERUSDT, UNIUSDT, VIRTUALUSDT...
2025-06-21 14:16:51,295 - INFO - Selected optimal assets: SEIUSDT, NXPCUSDT, APTUSDT, FUNUSDT, XRPUSDT... (15 total)
2025-06-21 14:16:51,316 - INFO - Hourly performance report: {
  "equity": {
    "current": 1000.0,
    "start": 1000.0,
    "total_return_pct": 0.0,
    "max_drawdown_pct": 0,
    "avg_daily_return_pct": 0,
    "avg_weekly_return_pct": 0
  },
  "trades": {
    "total": 0,
    "win_count": 0,
    "loss_count": 0,
    "win_rate_pct": 0,
    "profit_factor": 0,
    "avg_profit": 0,
    "avg_loss": 0,
    "expected_value": 0,
    "recent_win_rate_pct": 0
  },
  "pairs": {
    "best_pair": "None",
    "best_pair_profit": 0,
    "worst_pair": "None",
    "worst_pair_profit": 0
  },
  "timestamp": "2025-06-21 14:16:51"
}
2025-06-21 14:17:22,962 - INFO - Correlation matrix updated for 41 pairs
2025-06-21 14:17:30,504 - INFO - Market state: Regime=NEUTRAL, Trend=neutral, Volatility=low, Breadth=0.00
2025-06-21 14:17:51,998 - INFO - CoinGecko insights for ADA: neutral (0.50 confidence), sentiment: -0.07, whale: 0.10, smart money: neutral
2025-06-21 14:17:55,549 - INFO - CoinGecko insights for UNI: neutral (0.50 confidence), sentiment: -0.29, whale: 0.10, smart money: neutral
2025-06-21 14:17:59,117 - INFO - CoinGecko insights for BNB: neutral (0.50 confidence), sentiment: 0.05, whale: 0.00, smart money: bullish
2025-06-21 14:18:03,578 - INFO - CoinGecko insights for XRP: neutral (0.50 confidence), sentiment: 0.02, whale: 0.05, smart money: bullish
2025-06-21 14:18:08,024 - INFO - CoinGecko insights for BTC: neutral (0.50 confidence), sentiment: 0.01, whale: 0.00, smart money: bullish
2025-06-21 14:18:12,478 - INFO - CoinGecko insights for APT: bullish (0.60 confidence), sentiment: 0.26, whale: 0.10, smart money: neutral
2025-06-21 14:18:16,463 - INFO - CoinGecko insights for SEI: bullish (0.65 confidence), sentiment: 0.36, whale: 0.00, smart money: neutral
2025-06-21 14:18:24,199 - INFO - CoinGecko insights for NXPC: neutral (0.50 confidence), sentiment: 0.00, whale: 0.10, smart money: neutral
2025-06-21 14:18:27,264 - INFO - CoinGecko insights for FUN: neutral (0.50 confidence), sentiment: 0.00, whale: 0.00, smart money: bullish
2025-06-21 14:18:31,715 - INFO - CoinGecko insights for VIRTUAL: neutral (0.50 confidence), sentiment: 0.00, whale: 0.00, smart money: neutral
2025-06-21 14:18:35,257 - INFO - CoinGecko insights for T: bullish (0.65 confidence), sentiment: 0.00, whale: 0.00, smart money: neutral
2025-06-21 14:18:38,644 - INFO - CoinGecko insights for S: neutral (0.50 confidence), sentiment: 0.00, whale: 0.00, smart money: neutral
2025-06-21 14:18:42,193 - INFO - CoinGecko insights for CRV: neutral (0.50 confidence), sentiment: 0.05, whale: 0.00, smart money: neutral
2025-06-21 14:18:46,194 - INFO - CoinGecko insights for WBTC: neutral (0.50 confidence), sentiment: 0.00, whale: 0.00, smart money: neutral
2025-06-21 14:18:50,216 - INFO - CoinGecko insights for BABY: neutral (0.50 confidence), sentiment: 0.00, whale: 0.10, smart money: neutral
2025-06-21 14:18:53,903 - INFO - CoinGecko insights for CRV: neutral (0.50 confidence), sentiment: 0.05, whale: 0.00, smart money: neutral
2025-06-21 14:18:53,904 - INFO - CoinGecko insights for WBTC: neutral (0.50 confidence), sentiment: -0.04, whale: 0.00, smart money: neutral
2025-06-21 14:18:53,904 - INFO - CoinGecko insights for BABY: neutral (0.50 confidence), sentiment: -0.07, whale: 0.10, smart money: neutral
2025-06-21 14:18:54,287 - ERROR - Taapi.io API error 404: {"errors":["The endpoint (or indicator) you are calling does not exist!"]}
2025-06-21 14:18:54,287 - WARNING - Taapi.io API error, backing off for 300s: HTTP 404
2025-06-21 14:18:56,919 - INFO - ADAUSDT analysis: NEUTRAL signal with 0.00 strength
2025-06-21 14:19:09,073 - ERROR - Taapi.io API error 404: {"errors":["The endpoint (or indicator) you are calling does not exist!"]}
2025-06-21 14:19:09,073 - WARNING - Taapi.io API error, backing off for 300s: HTTP 404
2025-06-21 14:19:10,603 - INFO - UNIUSDT analysis: NEUTRAL signal with 0.00 strength
2025-06-21 14:19:13,913 - INFO - BNBUSDT analysis: NEUTRAL signal with 0.00 strength
2025-06-21 14:19:13,922 - INFO - XRPUSDT analysis: NEUTRAL signal with 0.00 strength
2025-06-21 14:19:13,925 - INFO - BTCUSDT analysis: NEUTRAL signal with 0.00 strength
2025-06-21 14:19:13,928 - INFO - APTUSDT analysis: NEUTRAL signal with 0.00 strength
2025-06-21 14:19:13,932 - INFO - SEIUSDT analysis: NEUTRAL signal with 0.00 strength
2025-06-21 14:19:13,935 - INFO - NXPCUSDT analysis: NEUTRAL signal with 0.00 strength
2025-06-21 14:19:13,938 - INFO - FUNUSDT analysis: BUY signal with 0.37 strength
2025-06-21 14:19:13,941 - INFO - VIRTUALUSDT analysis: NEUTRAL signal with 0.00 strength
2025-06-21 14:19:13,942 - INFO - TUSDT analysis: NEUTRAL signal with 0.00 strength
2025-06-21 14:19:13,945 - INFO - SUSDT analysis: NEUTRAL signal with 0.00 strength
2025-06-21 14:19:13,948 - INFO - CRVUSDT analysis: NEUTRAL signal with 0.00 strength
2025-06-21 14:19:13,951 - INFO - WBTCUSDT analysis: NEUTRAL signal with 0.00 strength
2025-06-21 14:19:13,954 - INFO - BABYUSDT analysis: NEUTRAL signal with 0.00 strength
2025-06-21 14:19:13,954 - INFO - Trading cycle completed in 144.38 seconds
2025-06-21 14:19:24,207 - ERROR - Taapi.io API error 404: {"errors":["The endpoint (or indicator) you are calling does not exist!"]}
2025-06-21 14:19:24,207 - WARNING - Taapi.io API error, backing off for 300s: HTTP 404
2025-06-21 14:19:39,339 - ERROR - Taapi.io API error 404: {"errors":["The endpoint (or indicator) you are calling does not exist!"]}
2025-06-21 14:19:39,339 - WARNING - Taapi.io API error, backing off for 300s: HTTP 404
2025-06-21 14:19:54,438 - ERROR - Taapi.io API error 404: {"errors":["The endpoint (or indicator) you are calling does not exist!"]}
2025-06-21 14:19:54,438 - WARNING - Taapi.io API error, backing off for 300s: HTTP 404
2025-06-21 14:20:09,530 - ERROR - Taapi.io API error 404: {"errors":["The endpoint (or indicator) you are calling does not exist!"]}
2025-06-21 14:20:09,531 - WARNING - Taapi.io API error, backing off for 300s: HTTP 404
2025-06-21 14:20:24,610 - ERROR - Taapi.io API error 404: {"errors":["The endpoint (or indicator) you are calling does not exist!"]}
2025-06-21 14:20:24,610 - WARNING - Taapi.io API error, backing off for 300s: HTTP 404
2025-06-21 14:20:39,774 - ERROR - Taapi.io API error 404: {"errors":["The endpoint (or indicator) you are calling does not exist!"]}
2025-06-21 14:20:39,774 - WARNING - Taapi.io API error, backing off for 300s: HTTP 404
2025-06-21 14:20:54,924 - ERROR - Taapi.io API error 404: {"errors":["The endpoint (or indicator) you are calling does not exist!"]}
2025-06-21 14:20:54,925 - WARNING - Taapi.io API error, backing off for 300s: HTTP 404
2025-06-21 14:21:09,933 - ERROR - Taapi.io API error 404: {"errors":["The endpoint (or indicator) you are calling does not exist!"]}
2025-06-21 14:21:09,933 - WARNING - Taapi.io API error, backing off for 300s: HTTP 404
2025-06-21 14:21:25,042 - ERROR - Taapi.io API error 404: {"errors":["The endpoint (or indicator) you are calling does not exist!"]}
2025-06-21 14:21:25,043 - WARNING - Taapi.io API error, backing off for 300s: HTTP 404
2025-06-21 14:21:40,131 - ERROR - Taapi.io API error 404: {"errors":["The endpoint (or indicator) you are calling does not exist!"]}
2025-06-21 14:21:40,131 - WARNING - Taapi.io API error, backing off for 300s: HTTP 404
2025-06-21 14:21:55,206 - ERROR - Taapi.io API error 404: {"errors":["The endpoint (or indicator) you are calling does not exist!"]}
2025-06-21 14:21:55,207 - WARNING - Taapi.io API error, backing off for 300s: HTTP 404
2025-06-21 14:22:10,339 - ERROR - Taapi.io API error 404: {"errors":["The endpoint (or indicator) you are calling does not exist!"]}
2025-06-21 14:22:10,340 - WARNING - Taapi.io API error, backing off for 300s: HTTP 404
2025-06-21 14:22:21,817 - INFO - Top opportunities found: ['TONUSDT', 'BTCUSDT', 'SEIUSDT', 'SOPHUSDT', 'JTOUSDT']
2025-06-21 14:22:23,209 - INFO - Selected optimal assets: SEIUSDT, NXPCUSDT, APTUSDT, FUNUSDT, XRPUSDT... (10 total)
2025-06-21 14:22:23,223 - INFO - CoinGecko insights for SEI: bullish (0.65 confidence), sentiment: 0.36, whale: 0.00, smart money: neutral
2025-06-21 14:22:25,385 - ERROR - Taapi.io API error 404: {"errors":["The endpoint (or indicator) you are calling does not exist!"]}
2025-06-21 14:22:25,386 - WARNING - Taapi.io API error, backing off for 300s: HTTP 404
2025-06-21 14:22:28,139 - INFO - CoinGecko insights for NXPC: neutral (0.50 confidence), sentiment: -0.15, whale: 0.10, smart money: bearish
2025-06-21 14:22:32,156 - INFO - CoinGecko insights for APT: bullish (0.60 confidence), sentiment: 0.26, whale: 0.10, smart money: neutral
2025-06-21 14:22:36,627 - INFO - CoinGecko insights for FUN: bullish (0.85 confidence), sentiment: 0.80, whale: 0.50, smart money: bullish
2025-06-21 14:22:41,077 - INFO - CoinGecko insights for XRP: neutral (0.50 confidence), sentiment: 0.02, whale: 0.05, smart money: bullish
2025-06-21 14:22:45,540 - INFO - CoinGecko insights for APT: bullish (0.60 confidence), sentiment: 0.26, whale: 0.10, smart money: neutral
2025-06-21 14:22:45,540 - INFO - CoinGecko insights for FUN: bullish (0.85 confidence), sentiment: 0.80, whale: 0.50, smart money: bullish
2025-06-21 14:22:45,540 - INFO - CoinGecko insights for XRP: neutral (0.50 confidence), sentiment: 0.02, whale: 0.05, smart money: bullish
2025-06-21 14:22:47,054 - INFO - SEIUSDT analysis: NEUTRAL signal with 0.00 strength
2025-06-21 14:22:47,059 - INFO - NXPCUSDT analysis: NEUTRAL signal with 0.00 strength
2025-06-21 14:22:47,064 - INFO - APTUSDT analysis: NEUTRAL signal with 0.00 strength
2025-06-21 14:22:47,065 - INFO - XRPUSDT analysis: NEUTRAL signal with 0.00 strength
2025-06-21 14:22:47,069 - INFO - FUNUSDT analysis: BUY signal with 0.74 strength
2025-06-21 14:22:47,069 - INFO -  QUICK MODE: Position 1/2 approved
2025-06-21 14:22:47,069 - INFO -  QUICK MODE: Using aggressive position sizing
2025-06-21 14:22:47,070 - INFO -  High signal (0.74) - Using 40.0% of equity
2025-06-21 14:22:47,070 - INFO -  QUICK MODE POSITION: $400.00 (40.0% of $1000.00 equity)
2025-06-21 14:22:48,502 - INFO -  QUICK MODE: Using aggressive position sizing
2025-06-21 14:22:48,502 - INFO -  High signal (0.74) - Using 40.0% of equity
2025-06-21 14:22:48,502 - INFO -  QUICK MODE POSITION: $400.00 (40.0% of $1000.00 equity)
2025-06-21 14:22:48,502 - INFO - DYNAMIC BUY: FUNUSDT - Qty: 67892.0, Price: $0.0071, Value: $480.00, Signal: 0.74
2025-06-21 14:22:48,524 - INFO - Stop loss for FUNUSDT initialized at 0.006893 (2.5% below entry)
2025-06-21 14:22:48,525 - INFO - Trailing take profit for FUNUSDT initialized (activates at 2.0%, trails at 3.0%)
2025-06-21 14:22:48,525 - INFO - TEST MODE: Simulated buy for FUNUSDT executed successfully
2025-06-21 14:23:04,938 - INFO - Selected optimal assets: SEIUSDT, NXPCUSDT, APTUSDT, FUNUSDT, XRPUSDT... (10 total)
2025-06-21 14:23:05,688 - INFO - CoinGecko insights for SEI: bullish (0.75 confidence), sentiment: 0.39, whale: 0.00, smart money: neutral
2025-06-21 14:23:09,218 - INFO - CoinGecko insights for NXPC: neutral (0.50 confidence), sentiment: -0.15, whale: 0.10, smart money: bearish
2025-06-21 14:23:13,202 - INFO - CoinGecko insights for FUN: bullish (0.85 confidence), sentiment: 0.80, whale: 0.50, smart money: bullish
2025-06-21 14:23:20,848 - INFO - CoinGecko insights for NXPC: neutral (0.50 confidence), sentiment: -0.15, whale: 0.10, smart money: bearish
2025-06-21 14:23:20,848 - INFO - CoinGecko insights for FUN: bullish (0.85 confidence), sentiment: 0.80, whale: 0.50, smart money: bullish
2025-06-21 14:23:20,849 - INFO - CoinGecko insights for XRP: neutral (0.50 confidence), sentiment: 0.01, whale: 0.05, smart money: bullish
2025-06-21 14:23:24,838 - INFO - CoinGecko insights for APT: bullish (0.60 confidence), sentiment: 0.20, whale: 0.10, smart money: neutral
2025-06-21 14:23:29,078 - INFO - CoinGecko insights for XRP: neutral (0.50 confidence), sentiment: 0.01, whale: 0.05, smart money: bullish
2025-06-21 14:23:29,079 - INFO - CoinGecko insights for APT: bullish (0.60 confidence), sentiment: 0.20, whale: 0.10, smart money: neutral
2025-06-21 14:23:30,591 - INFO - SEIUSDT analysis: NEUTRAL signal with 0.00 strength
2025-06-21 14:23:30,597 - INFO - FUNUSDT analysis: BUY signal with 0.74 strength
2025-06-21 14:23:30,604 - INFO - APTUSDT analysis: NEUTRAL signal with 0.00 strength
2025-06-21 14:23:30,613 - INFO - NXPCUSDT analysis: NEUTRAL signal with 0.00 strength
2025-06-21 14:23:30,613 - INFO - XRPUSDT analysis: NEUTRAL signal with 0.00 strength
2025-06-21 14:23:47,041 - INFO - Selected optimal assets: SEIUSDT, NXPCUSDT, APTUSDT, FUNUSDT, XRPUSDT... (10 total)
2025-06-21 14:23:47,772 - INFO - CoinGecko insights for SEI: bullish (0.75 confidence), sentiment: 0.39, whale: 0.00, smart money: neutral
2025-06-21 14:23:51,327 - INFO - CoinGecko insights for NXPC: neutral (0.50 confidence), sentiment: -0.16, whale: 0.10, smart money: bearish
2025-06-21 14:23:54,843 - INFO - CoinGecko insights for APT: bullish (0.60 confidence), sentiment: 0.20, whale: 0.10, smart money: neutral
2025-06-21 14:23:58,860 - INFO - CoinGecko insights for XRP: neutral (0.50 confidence), sentiment: 0.01, whale: 0.05, smart money: bullish
2025-06-21 14:24:04,279 - INFO - Ultra-quick profit exit for FUNUSDT at 1.06% (5 min)
2025-06-21 14:24:04,280 - INFO - SELL ORDER: FUNUSDT - 67892.0 at approx. $0.007145, P/L: $5.09 (1.06%)
2025-06-21 14:24:04,302 - INFO - TEST MODE: Simulated sell for FUNUSDT executed successfully
2025-06-21 14:24:04,302 - INFO - Session stats: 1 trades, 100.0% win rate, $5.09 profit
2025-06-21 14:24:04,303 - INFO - CoinGecko insights for FUN: bullish (0.85 confidence), sentiment: 0.80, whale: 0.50, smart money: bullish
2025-06-21 14:24:08,311 - INFO - CoinGecko insights for APT: bullish (0.60 confidence), sentiment: 0.20, whale: 0.10, smart money: neutral
2025-06-21 14:24:08,312 - INFO - CoinGecko insights for XRP: neutral (0.50 confidence), sentiment: 0.01, whale: 0.05, smart money: bullish
2025-06-21 14:24:08,313 - INFO - CoinGecko insights for FUN: bullish (0.85 confidence), sentiment: 0.80, whale: 0.50, smart money: bullish
2025-06-21 14:24:09,831 - INFO - SEIUSDT analysis: NEUTRAL signal with 0.00 strength
2025-06-21 14:24:09,838 - INFO - NXPCUSDT analysis: SELL signal with 0.34 strength
2025-06-21 14:24:09,839 - INFO - XRPUSDT analysis: NEUTRAL signal with 0.00 strength
2025-06-21 14:24:09,845 - INFO - APTUSDT analysis: NEUTRAL signal with 0.00 strength
2025-06-21 14:24:09,850 - INFO - FUNUSDT analysis: BUY signal with 0.74 strength
2025-06-21 14:24:25,809 - INFO - Selected optimal assets: SEIUSDT, NXPCUSDT, APTUSDT, FUNUSDT, XRPUSDT... (10 total)
2025-06-21 14:24:25,811 - INFO - CoinGecko insights for SEI: bullish (0.75 confidence), sentiment: 0.39, whale: 0.00, smart money: neutral
2025-06-21 14:24:28,914 - INFO - CoinGecko insights for NXPC: neutral (0.50 confidence), sentiment: -0.16, whale: 0.10, smart money: bearish
2025-06-21 14:24:33,371 - INFO - CoinGecko insights for APT: bullish (0.60 confidence), sentiment: 0.20, whale: 0.10, smart money: neutral
2025-06-21 14:24:37,377 - INFO - CoinGecko insights for FUN: bullish (0.85 confidence), sentiment: 0.80, whale: 0.50, smart money: bullish
2025-06-21 14:24:41,383 - INFO - CoinGecko insights for XRP: neutral (0.50 confidence), sentiment: 0.01, whale: 0.05, smart money: bullish
2025-06-21 14:24:45,405 - INFO - CoinGecko insights for APT: bullish (0.60 confidence), sentiment: 0.20, whale: 0.10, smart money: neutral
2025-06-21 14:24:45,405 - INFO - CoinGecko insights for FUN: bullish (0.85 confidence), sentiment: 0.80, whale: 0.50, smart money: bullish
2025-06-21 14:24:45,406 - INFO - CoinGecko insights for XRP: neutral (0.50 confidence), sentiment: 0.01, whale: 0.05, smart money: bullish
2025-06-21 14:24:46,952 - INFO - NXPCUSDT analysis: NEUTRAL signal with 0.00 strength
2025-06-21 14:24:46,956 - INFO - SEIUSDT analysis: NEUTRAL signal with 0.00 strength
2025-06-21 14:24:46,960 - INFO - APTUSDT analysis: NEUTRAL signal with 0.00 strength
2025-06-21 14:24:46,961 - INFO - XRPUSDT analysis: NEUTRAL signal with 0.00 strength
2025-06-21 14:24:46,964 - INFO - FUNUSDT analysis: BUY signal with 0.74 strength
2025-06-21 14:24:46,965 - INFO -  QUICK MODE: Position 2/2 approved
2025-06-21 14:24:46,965 - INFO -  QUICK MODE: Using aggressive position sizing
2025-06-21 14:24:46,965 - INFO -  High signal (0.74) - Using 40.0% of equity
2025-06-21 14:24:46,965 - INFO -  QUICK MODE POSITION: $400.00 (40.0% of $1000.00 equity)
2025-06-21 14:24:48,400 - INFO -  QUICK MODE: Using aggressive position sizing
2025-06-21 14:24:48,400 - INFO -  High signal (0.74) - Using 40.0% of equity
2025-06-21 14:24:48,401 - INFO -  QUICK MODE POSITION: $400.00 (40.0% of $1000.00 equity)
2025-06-21 14:24:48,401 - INFO - DYNAMIC BUY: FUNUSDT - Qty: 67085.0, Price: $0.0072, Value: $480.00, Signal: 0.74
2025-06-21 14:24:48,446 - INFO - Stop loss for FUNUSDT initialized at 0.006976 (2.5% below entry)
2025-06-21 14:24:48,446 - INFO - Trailing take profit for FUNUSDT initialized (activates at 2.0%, trails at 3.0%)
2025-06-21 14:24:48,447 - INFO - TEST MODE: Simulated buy for FUNUSDT executed successfully
2025-06-21 14:25:04,398 - INFO - Selected optimal assets: SEIUSDT, NXPCUSDT, APTUSDT, FUNUSDT, XRPUSDT... (10 total)
2025-06-21 14:25:04,401 - INFO - CoinGecko insights for SEI: bullish (0.75 confidence), sentiment: 0.39, whale: 0.00, smart money: neutral
2025-06-21 14:25:07,510 - INFO - CoinGecko insights for NXPC: neutral (0.50 confidence), sentiment: -0.16, whale: 0.10, smart money: bearish
2025-06-21 14:25:11,501 - INFO - CoinGecko insights for APT: bullish (0.60 confidence), sentiment: 0.20, whale: 0.10, smart money: neutral
2025-06-21 14:25:15,956 - INFO - CoinGecko insights for FUN: bullish (0.85 confidence), sentiment: 0.80, whale: 0.50, smart money: bullish
2025-06-21 14:25:20,423 - INFO - CoinGecko insights for XRP: neutral (0.50 confidence), sentiment: 0.01, whale: 0.05, smart money: bullish
2025-06-21 14:25:25,115 - INFO - Ultra-quick profit exit for FUNUSDT at 0.35% (5 min)
2025-06-21 14:25:25,116 - INFO - SELL ORDER: FUNUSDT - 67085.0 at approx. $0.00718, P/L: $1.68 (0.35%)
2025-06-21 14:25:25,170 - INFO - TEST MODE: Simulated sell for FUNUSDT executed successfully
2025-06-21 14:25:25,171 - INFO - Session stats: 2 trades, 100.0% win rate, $6.77 profit
2025-06-21 14:25:25,171 - INFO - CoinGecko insights for APT: bullish (0.60 confidence), sentiment: 0.20, whale: 0.10, smart money: neutral
2025-06-21 14:25:25,171 - INFO - CoinGecko insights for FUN: bullish (0.85 confidence), sentiment: 0.80, whale: 0.50, smart money: bullish
2025-06-21 14:25:25,171 - INFO - CoinGecko insights for XRP: neutral (0.50 confidence), sentiment: 0.01, whale: 0.05, smart money: bullish
2025-06-21 14:25:26,688 - INFO - SEIUSDT analysis: NEUTRAL signal with 0.00 strength
2025-06-21 14:25:26,693 - INFO - NXPCUSDT analysis: SELL signal with 0.34 strength
2025-06-21 14:25:26,699 - INFO - APTUSDT analysis: NEUTRAL signal with 0.00 strength
2025-06-21 14:25:26,700 - INFO - XRPUSDT analysis: NEUTRAL signal with 0.00 strength
2025-06-21 14:25:26,704 - INFO - FUNUSDT analysis: BUY signal with 0.74 strength
2025-06-21 14:25:42,668 - INFO - Selected optimal assets: SEIUSDT, NXPCUSDT, APTUSDT, FUNUSDT, XRPUSDT... (10 total)
2025-06-21 14:25:42,670 - INFO - CoinGecko insights for SEI: bullish (0.75 confidence), sentiment: 0.39, whale: 0.00, smart money: neutral
2025-06-21 14:25:45,751 - INFO - CoinGecko insights for NXPC: neutral (0.50 confidence), sentiment: -0.16, whale: 0.10, smart money: bearish
2025-06-21 14:25:49,293 - INFO - CoinGecko insights for APT: bullish (0.60 confidence), sentiment: 0.20, whale: 0.10, smart money: neutral
2025-06-21 14:25:53,332 - INFO - CoinGecko insights for FUN: bullish (0.85 confidence), sentiment: 0.80, whale: 0.50, smart money: bullish
2025-06-21 14:25:56,888 - INFO - CoinGecko insights for XRP: neutral (0.50 confidence), sentiment: 0.01, whale: 0.05, smart money: bullish
2025-06-21 14:26:00,906 - INFO - CoinGecko insights for APT: bullish (0.60 confidence), sentiment: 0.20, whale: 0.10, smart money: neutral
2025-06-21 14:26:00,906 - INFO - CoinGecko insights for FUN: bullish (0.85 confidence), sentiment: 0.80, whale: 0.50, smart money: bullish
2025-06-21 14:26:00,907 - INFO - CoinGecko insights for XRP: neutral (0.50 confidence), sentiment: 0.01, whale: 0.05, smart money: bullish
2025-06-21 14:26:02,440 - INFO - SEIUSDT analysis: NEUTRAL signal with 0.00 strength
2025-06-21 14:26:02,444 - INFO - APTUSDT analysis: NEUTRAL signal with 0.00 strength
2025-06-21 14:26:02,449 - INFO - XRPUSDT analysis: NEUTRAL signal with 0.00 strength
2025-06-21 14:26:02,453 - INFO - NXPCUSDT analysis: NEUTRAL signal with 0.00 strength
2025-06-21 14:26:02,457 - INFO - FUNUSDT analysis: BUY signal with 0.74 strength
2025-06-21 14:26:17,471 - INFO - Current equity: $1000.00, Daily ROI: 0.00%, Drawdown: 0.00%, Risk level: normal, Positions: 0/2 ($0.00, 0.0% of equity)
2025-06-21 14:26:17,472 - INFO - Current daily ROI: 0.00% (target: 0.5% - 2.5%)
2025-06-21 14:26:18,428 - INFO - Selected optimal assets: SEIUSDT, NXPCUSDT, APTUSDT, FUNUSDT, XRPUSDT... (15 total)
2025-06-21 14:26:18,935 - INFO - CoinGecko insights for SEI: bullish (0.75 confidence), sentiment: 0.39, whale: 0.00, smart money: neutral
2025-06-21 14:26:22,490 - INFO - CoinGecko insights for NXPC: neutral (0.50 confidence), sentiment: -0.16, whale: 0.10, smart money: bearish
2025-06-21 14:26:25,131 - INFO - CoinGecko insights for APT: bullish (0.60 confidence), sentiment: 0.20, whale: 0.10, smart money: neutral
2025-06-21 14:26:29,578 - INFO - CoinGecko insights for FUN: bullish (0.85 confidence), sentiment: 0.80, whale: 0.50, smart money: bullish
2025-06-21 14:26:33,596 - INFO - CoinGecko insights for XRP: neutral (0.50 confidence), sentiment: 0.01, whale: 0.05, smart money: bullish
2025-06-21 14:26:37,136 - INFO - CoinGecko insights for UNI: neutral (0.50 confidence), sentiment: -0.30, whale: 0.10, smart money: neutral
2025-06-21 14:26:57,275 - INFO - CoinGecko insights for BNB: neutral (0.50 confidence), sentiment: 0.05, whale: 0.00, smart money: bullish
2025-06-21 14:27:01,963 - INFO - CoinGecko insights for VIRTUAL: bearish (0.68 confidence), sentiment: -0.40, whale: 0.10, smart money: bearish
2025-06-21 14:27:05,068 - INFO - CoinGecko insights for BTC: neutral (0.50 confidence), sentiment: 0.01, whale: 0.00, smart money: bullish
2025-06-21 14:27:10,411 - INFO - CoinGecko insights for T: bullish (0.65 confidence), sentiment: 0.26, whale: 0.30, smart money: neutral
2025-06-21 14:27:13,815 - INFO - CoinGecko insights for S: neutral (0.50 confidence), sentiment: -0.14, whale: 0.10, smart money: neutral
2025-06-21 14:27:17,361 - INFO - CoinGecko insights for CRV: neutral (0.50 confidence), sentiment: 0.05, whale: 0.00, smart money: neutral
2025-06-21 14:27:21,247 - INFO - CoinGecko insights for WBTC: neutral (0.50 confidence), sentiment: -0.04, whale: 0.00, smart money: neutral
2025-06-21 14:27:25,969 - INFO - CoinGecko insights for BABY: neutral (0.50 confidence), sentiment: -0.07, whale: 0.10, smart money: neutral
2025-06-21 14:27:30,847 - INFO - CoinGecko insights for NEIRO: neutral (0.50 confidence), sentiment: 0.00, whale: 0.00, smart money: neutral
2025-06-21 14:27:36,981 - INFO - Taapi.io API available again after backoff period
2025-06-21 14:27:37,068 - ERROR - Taapi.io API error 404: {"errors":["The endpoint (or indicator) you are calling does not exist!"]}
2025-06-21 14:27:37,069 - WARNING - Taapi.io API error, backing off for 300s: HTTP 404
2025-06-21 14:27:37,815 - INFO - CoinGecko insights for BABY: neutral (0.50 confidence), sentiment: -0.07, whale: 0.10, smart money: neutral
2025-06-21 14:27:37,815 - INFO - CoinGecko insights for NEIRO: neutral (0.50 confidence), sentiment: -0.11, whale: -0.30, smart money: neutral
2025-06-21 14:27:39,371 - INFO - SEIUSDT analysis: NEUTRAL signal with 0.00 strength
2025-06-21 14:27:39,377 - INFO - APTUSDT analysis: NEUTRAL signal with 0.00 strength
2025-06-21 14:27:39,383 - INFO - UNIUSDT analysis: NEUTRAL signal with 0.00 strength
2025-06-21 14:27:39,389 - INFO - VIRTUALUSDT analysis: NEUTRAL signal with 0.00 strength
2025-06-21 14:27:39,395 - INFO - SUSDT analysis: NEUTRAL signal with 0.00 strength
2025-06-21 14:27:39,396 - INFO - TUSDT analysis: NEUTRAL signal with 0.00 strength
2025-06-21 14:27:39,401 - INFO - CRVUSDT analysis: NEUTRAL signal with 0.00 strength
2025-06-21 14:27:39,407 - INFO - BABYUSDT analysis: NEUTRAL signal with 0.00 strength
2025-06-21 14:27:39,413 - INFO - NEIROUSDT analysis: NEUTRAL signal with 0.00 strength
2025-06-21 14:27:39,418 - INFO - NXPCUSDT analysis: SELL signal with 0.32 strength
2025-06-21 14:27:39,423 - INFO - FUNUSDT analysis: BUY signal with 0.74 strength
2025-06-21 14:27:39,423 - INFO - BNBUSDT analysis: NEUTRAL signal with 0.00 strength
2025-06-21 14:27:39,429 - INFO - XRPUSDT analysis: NEUTRAL signal with 0.00 strength
2025-06-21 14:27:39,434 - INFO - WBTCUSDT analysis: NEUTRAL signal with 0.00 strength
2025-06-21 14:27:39,434 - INFO - BTCUSDT analysis: NEUTRAL signal with 0.00 strength
2025-06-21 14:27:39,435 - INFO - Trading cycle completed in 81.97 seconds
2025-06-21 14:30:53,756 - INFO - Top opportunities found: ['TONUSDT', 'SEIUSDT', 'SOPHUSDT', 'JTOUSDT', 'OMUSDT']
2025-06-21 14:30:54,699 - INFO - Selected optimal assets: LAYERUSDT, NXPCUSDT, APTUSDT, FUNUSDT, XRPUSDT... (10 total)
2025-06-21 14:31:03,763 - INFO - CoinGecko insights for XRP: neutral (0.50 confidence), sentiment: 0.01, whale: 0.05, smart money: bullish
2025-06-21 14:31:07,315 - INFO - CoinGecko insights for NXPC: neutral (0.50 confidence), sentiment: -0.18, whale: 0.10, smart money: bearish
2025-06-21 14:31:10,422 - INFO - CoinGecko insights for FUN: bullish (0.85 confidence), sentiment: 0.80, whale: 0.50, smart money: bullish
2025-06-21 14:31:15,355 - INFO - CoinGecko insights for APT: bullish (0.60 confidence), sentiment: 0.25, whale: 0.10, smart money: neutral
2025-06-21 14:31:18,899 - INFO - CoinGecko insights for LAYER: bullish (0.70 confidence), sentiment: 0.39, whale: 0.50, smart money: neutral
2025-06-21 14:31:23,781 - INFO - CoinGecko insights for FUN: bullish (0.85 confidence), sentiment: 0.80, whale: 0.50, smart money: bullish
2025-06-21 14:31:23,782 - INFO - CoinGecko insights for APT: bullish (0.60 confidence), sentiment: 0.25, whale: 0.10, smart money: neutral
2025-06-21 14:31:23,782 - INFO - CoinGecko insights for LAYER: bullish (0.70 confidence), sentiment: 0.39, whale: 0.50, smart money: neutral
2025-06-21 14:31:25,316 - INFO - LAYERUSDT analysis: BUY signal with 0.33 strength
2025-06-21 14:31:25,320 - INFO - FUNUSDT analysis: BUY signal with 0.87 strength
2025-06-21 14:31:25,324 - INFO - NXPCUSDT analysis: NEUTRAL signal with 0.00 strength
2025-06-21 14:31:25,329 - INFO - APTUSDT analysis: NEUTRAL signal with 0.00 strength
2025-06-21 14:31:25,333 - INFO - XRPUSDT analysis: NEUTRAL signal with 0.00 strength
2025-06-21 14:31:41,297 - INFO - Selected optimal assets: LAYERUSDT, NXPCUSDT, APTUSDT, FUNUSDT, XRPUSDT... (10 total)
2025-06-21 14:31:41,299 - INFO - CoinGecko insights for LAYER: bullish (0.70 confidence), sentiment: 0.39, whale: 0.50, smart money: neutral
2025-06-21 14:31:45,084 - INFO - CoinGecko insights for NXPC: neutral (0.50 confidence), sentiment: -0.18, whale: 0.10, smart money: bearish
2025-06-21 14:31:48,608 - INFO - CoinGecko insights for APT: bullish (0.60 confidence), sentiment: 0.25, whale: 0.10, smart money: neutral
2025-06-21 14:31:52,586 - INFO - CoinGecko insights for FUN: bullish (0.85 confidence), sentiment: 0.80, whale: 0.50, smart money: bullish
2025-06-21 14:31:57,022 - INFO - CoinGecko insights for XRP: neutral (0.50 confidence), sentiment: 0.01, whale: 0.05, smart money: bullish
2025-06-21 14:32:01,453 - INFO - CoinGecko insights for APT: bullish (0.60 confidence), sentiment: 0.25, whale: 0.10, smart money: neutral
2025-06-21 14:32:01,453 - INFO - CoinGecko insights for FUN: bullish (0.85 confidence), sentiment: 0.80, whale: 0.50, smart money: bullish
2025-06-21 14:32:01,454 - INFO - CoinGecko insights for XRP: neutral (0.50 confidence), sentiment: 0.01, whale: 0.05, smart money: bullish
2025-06-21 14:32:02,994 - INFO - LAYERUSDT analysis: BUY signal with 0.33 strength
2025-06-21 14:32:02,999 - INFO - NXPCUSDT analysis: NEUTRAL signal with 0.00 strength
2025-06-21 14:32:03,005 - INFO - APTUSDT analysis: NEUTRAL signal with 0.00 strength
2025-06-21 14:32:03,010 - INFO - XRPUSDT analysis: NEUTRAL signal with 0.00 strength
2025-06-21 14:32:03,016 - INFO - FUNUSDT analysis: BUY signal with 0.74 strength
2025-06-21 14:32:18,990 - INFO - Selected optimal assets: LAYERUSDT, NXPCUSDT, APTUSDT, FUNUSDT, XRPUSDT... (10 total)
2025-06-21 14:32:18,992 - INFO - CoinGecko insights for LAYER: bullish (0.70 confidence), sentiment: 0.39, whale: 0.50, smart money: neutral
2025-06-21 14:32:23,473 - INFO - CoinGecko insights for NXPC: neutral (0.50 confidence), sentiment: -0.18, whale: 0.10, smart money: bearish
2025-06-21 14:32:27,022 - INFO - CoinGecko insights for APT: bullish (0.60 confidence), sentiment: 0.25, whale: 0.10, smart money: neutral
2025-06-21 14:32:31,000 - INFO - CoinGecko insights for FUN: bullish (0.85 confidence), sentiment: 0.80, whale: 0.50, smart money: bullish
2025-06-21 14:32:34,982 - INFO - CoinGecko insights for XRP: neutral (0.50 confidence), sentiment: 0.01, whale: 0.05, smart money: bullish
2025-06-21 14:32:38,973 - INFO - CoinGecko insights for APT: bullish (0.60 confidence), sentiment: 0.25, whale: 0.10, smart money: neutral
2025-06-21 14:32:38,973 - INFO - CoinGecko insights for FUN: bullish (0.85 confidence), sentiment: 0.80, whale: 0.50, smart money: bullish
2025-06-21 14:32:38,974 - INFO - CoinGecko insights for XRP: neutral (0.50 confidence), sentiment: 0.01, whale: 0.05, smart money: bullish
2025-06-21 14:32:38,974 - INFO - Taapi.io API available again after backoff period
2025-06-21 14:32:39,046 - ERROR - Taapi.io API error 404: {"errors":["The endpoint (or indicator) you are calling does not exist!"]}
2025-06-21 14:32:39,046 - WARNING - Taapi.io API error, backing off for 300s: HTTP 404
2025-06-21 14:32:40,586 - INFO - NXPCUSDT analysis: NEUTRAL signal with 0.00 strength
2025-06-21 14:32:54,199 - ERROR - Taapi.io API error 404: {"errors":["The endpoint (or indicator) you are calling does not exist!"]}
2025-06-21 14:32:54,199 - WARNING - Taapi.io API error, backing off for 300s: HTTP 404
2025-06-21 14:32:55,736 - INFO - APTUSDT analysis: NEUTRAL signal with 0.00 strength
2025-06-21 14:32:58,983 - INFO - LAYERUSDT analysis: BUY signal with 0.34 strength
2025-06-21 14:32:58,990 - INFO - FUNUSDT analysis: BUY signal with 0.74 strength
2025-06-21 14:32:58,997 - INFO - XRPUSDT analysis: NEUTRAL signal with 0.00 strength
2025-06-21 14:33:09,261 - ERROR - Taapi.io API error 404: {"errors":["The endpoint (or indicator) you are calling does not exist!"]}
2025-06-21 14:33:09,262 - WARNING - Taapi.io API error, backing off for 300s: HTTP 404
2025-06-21 14:33:15,403 - INFO - Selected optimal assets: NXPCUSDT, APTUSDT, FUNUSDT, XRPUSDT, UNIUSDT... (10 total)
2025-06-21 14:33:16,094 - INFO - CoinGecko insights for NXPC: neutral (0.50 confidence), sentiment: -0.18, whale: 0.10, smart money: bearish
2025-06-21 14:33:19,637 - INFO - CoinGecko insights for APT: bullish (0.60 confidence), sentiment: 0.25, whale: 0.10, smart money: neutral
2025-06-21 14:33:23,162 - INFO - CoinGecko insights for FUN: bullish (0.85 confidence), sentiment: 0.80, whale: 0.50, smart money: bullish
2025-06-21 14:33:24,371 - ERROR - Taapi.io API error 404: {"errors":["The endpoint (or indicator) you are calling does not exist!"]}
2025-06-21 14:33:24,371 - WARNING - Taapi.io API error, backing off for 300s: HTTP 404
2025-06-21 14:33:26,730 - INFO - CoinGecko insights for XRP: neutral (0.50 confidence), sentiment: 0.01, whale: 0.05, smart money: bullish
2025-06-21 14:33:31,227 - INFO - CoinGecko insights for UNI: neutral (0.50 confidence), sentiment: -0.30, whale: 0.10, smart money: neutral
2025-06-21 14:33:35,683 - INFO - CoinGecko insights for FUN: bullish (0.85 confidence), sentiment: 0.80, whale: 0.50, smart money: bullish
2025-06-21 14:33:35,683 - INFO - CoinGecko insights for XRP: neutral (0.50 confidence), sentiment: 0.01, whale: 0.05, smart money: bullish
2025-06-21 14:33:35,684 - INFO - CoinGecko insights for UNI: neutral (0.50 confidence), sentiment: -0.30, whale: 0.10, smart money: neutral
2025-06-21 14:33:37,221 - INFO - NXPCUSDT analysis: SELL signal with 0.31 strength
2025-06-21 14:33:37,225 - INFO - FUNUSDT analysis: BUY signal with 0.74 strength
2025-06-21 14:33:37,225 - INFO - XRPUSDT analysis: NEUTRAL signal with 0.00 strength
2025-06-21 14:33:37,229 - INFO - UNIUSDT analysis: NEUTRAL signal with 0.00 strength
2025-06-21 14:33:37,233 - INFO - APTUSDT analysis: NEUTRAL signal with 0.00 strength
2025-06-21 14:33:40,079 - ERROR - Taapi.io API error 404: {"errors":["The endpoint (or indicator) you are calling does not exist!"]}
2025-06-21 14:33:40,080 - WARNING - Taapi.io API error, backing off for 300s: HTTP 404
2025-06-21 14:33:53,194 - INFO - Selected optimal assets: NXPCUSDT, APTUSDT, FUNUSDT, XRPUSDT, UNIUSDT... (10 total)
2025-06-21 14:33:53,196 - INFO - CoinGecko insights for NXPC: neutral (0.50 confidence), sentiment: -0.18, whale: 0.10, smart money: bearish
2025-06-21 14:33:56,709 - INFO - CoinGecko insights for APT: bullish (0.60 confidence), sentiment: 0.25, whale: 0.10, smart money: neutral
2025-06-21 14:34:01,156 - INFO - CoinGecko insights for FUN: bullish (0.85 confidence), sentiment: 0.80, whale: 0.50, smart money: bullish
2025-06-21 14:34:04,697 - INFO - CoinGecko insights for XRP: neutral (0.50 confidence), sentiment: 0.01, whale: 0.05, smart money: bullish
2025-06-21 14:34:08,233 - INFO - CoinGecko insights for UNI: neutral (0.50 confidence), sentiment: -0.30, whale: 0.10, smart money: neutral
2025-06-21 14:34:11,784 - INFO - CoinGecko insights for FUN: bullish (0.85 confidence), sentiment: 0.80, whale: 0.50, smart money: bullish
2025-06-21 14:34:11,784 - INFO - CoinGecko insights for XRP: neutral (0.50 confidence), sentiment: 0.01, whale: 0.05, smart money: bullish
2025-06-21 14:34:11,784 - INFO - CoinGecko insights for UNI: neutral (0.50 confidence), sentiment: -0.30, whale: 0.10, smart money: neutral
2025-06-21 14:34:13,329 - INFO - FUNUSDT analysis: BUY signal with 0.74 strength
2025-06-21 14:34:13,330 - INFO - XRPUSDT analysis: NEUTRAL signal with 0.00 strength
2025-06-21 14:34:13,332 - INFO - APTUSDT analysis: NEUTRAL signal with 0.00 strength
2025-06-21 14:34:13,335 - INFO - UNIUSDT analysis: NEUTRAL signal with 0.00 strength
2025-06-21 14:34:13,338 - INFO - NXPCUSDT analysis: NEUTRAL signal with 0.00 strength
2025-06-21 14:34:28,350 - INFO - Current equity: $1000.00, Daily ROI: 0.00%, Drawdown: 0.00%, Risk level: normal, Positions: 0/2 ($0.00, 0.0% of equity)
2025-06-21 14:34:28,351 - INFO - Current daily ROI: 0.00% (target: 0.5% - 2.5%)
2025-06-21 14:34:29,320 - INFO - Selected optimal assets: NXPCUSDT, APTUSDT, FUNUSDT, XRPUSDT, UNIUSDT... (15 total)
2025-06-21 14:34:30,012 - INFO - CoinGecko insights for NXPC: neutral (0.50 confidence), sentiment: -0.18, whale: 0.10, smart money: bearish
2025-06-21 14:34:33,565 - INFO - CoinGecko insights for APT: bullish (0.60 confidence), sentiment: 0.25, whale: 0.10, smart money: neutral
2025-06-21 14:34:37,597 - INFO - CoinGecko insights for FUN: bullish (0.85 confidence), sentiment: 0.80, whale: 0.50, smart money: bullish
2025-06-21 14:34:41,578 - INFO - CoinGecko insights for XRP: neutral (0.50 confidence), sentiment: 0.01, whale: 0.05, smart money: bullish
2025-06-21 14:34:44,678 - INFO - CoinGecko insights for UNI: neutral (0.50 confidence), sentiment: -0.30, whale: 0.10, smart money: neutral
2025-06-21 14:34:49,598 - INFO - CoinGecko insights for BNB: neutral (0.50 confidence), sentiment: 0.05, whale: 0.00, smart money: bullish
2025-06-21 14:34:52,017 - INFO - Bot stopped by user
2025-06-21 14:34:52,153 - ERROR - Task was destroyed but it is pending!
task: <Task cancelling name='Task-1' coro=<HybridTradingBot.run() done, defined at C:\Users\cuhey\Desktop\AI-V2\GenesisAI\src\hybrid_bot.py:204> wait_for=<_GatheringFuture finished exception=CancelledError()> cb=[gather.<locals>._done_callback() at C:\Users\cuhey\AppData\Local\Programs\Python\Python313\Lib\asyncio\tasks.py:820]>
2025-06-21 14:34:52,154 - ERROR - _GatheringFuture exception was never retrieved
future: <_GatheringFuture finished exception=CancelledError()>
Traceback (most recent call last):
  File "C:\Users\cuhey\Desktop\AI-V2\GenesisAI\src\main.py", line 31, in <module>
    asyncio.run(bot.run())
    ~~~~~~~~~~~^^^^^^^^^^^
  File "C:\Users\cuhey\AppData\Local\Programs\Python\Python313\Lib\asyncio\runners.py", line 194, in run
    with Runner(debug=debug, loop_factory=loop_factory) as runner:
         ~~~~~~^^^^^^^^^^^^^^^^^^^^^^^^^^^^^^^^^^^^^^^^
  File "C:\Users\cuhey\AppData\Local\Programs\Python\Python313\Lib\asyncio\runners.py", line 62, in __exit__
    self.close()
    ~~~~~~~~~~^^
  File "C:\Users\cuhey\AppData\Local\Programs\Python\Python313\Lib\asyncio\runners.py", line 70, in close
    _cancel_all_tasks(loop)
    ~~~~~~~~~~~~~~~~~^^^^^^
  File "C:\Users\cuhey\AppData\Local\Programs\Python\Python313\Lib\asyncio\runners.py", line 206, in _cancel_all_tasks
    loop.run_until_complete(tasks.gather(*to_cancel, return_exceptions=True))
    ~~~~~~~~~~~~~~~~~~~~~~~^^^^^^^^^^^^^^^^^^^^^^^^^^^^^^^^^^^^^^^^^^^^^^^^^^
  File "C:\Users\cuhey\AppData\Local\Programs\Python\Python313\Lib\asyncio\base_events.py", line 712, in run_until_complete
    self.run_forever()
    ~~~~~~~~~~~~~~~~^^
  File "C:\Users\cuhey\AppData\Local\Programs\Python\Python313\Lib\asyncio\base_events.py", line 683, in run_forever
    self._run_once()
    ~~~~~~~~~~~~~~^^
  File "C:\Users\cuhey\AppData\Local\Programs\Python\Python313\Lib\asyncio\base_events.py", line 2040, in _run_once
    handle._run()
    ~~~~~~~~~~~^^
  File "C:\Users\cuhey\AppData\Local\Programs\Python\Python313\Lib\asyncio\events.py", line 89, in _run
    self._context.run(self._callback, *self._args)
    ~~~~~~~~~~~~~~~~~^^^^^^^^^^^^^^^^^^^^^^^^^^^^^
  File "C:\Users\cuhey\Desktop\AI-V2\GenesisAI\src\hybrid_bot.py", line 452, in trading_task
    await asyncio.gather(*analysis_tasks)
  File "C:\Users\cuhey\AppData\Local\Programs\Python\Python313\Lib\asyncio\runners.py", line 195, in run
    return runner.run(main)
           ~~~~~~~~~~^^^^^^
  File "C:\Users\cuhey\AppData\Local\Programs\Python\Python313\Lib\asyncio\runners.py", line 118, in run
    return self._loop.run_until_complete(task)
           ~~~~~~~~~~~~~~~~~~~~~~~~~~~~~^^^^^^
  File "C:\Users\cuhey\AppData\Local\Programs\Python\Python313\Lib\asyncio\base_events.py", line 712, in run_until_complete
    self.run_forever()
    ~~~~~~~~~~~~~~~~^^
  File "C:\Users\cuhey\AppData\Local\Programs\Python\Python313\Lib\asyncio\base_events.py", line 683, in run_forever
    self._run_once()
    ~~~~~~~~~~~~~~^^
  File "C:\Users\cuhey\AppData\Local\Programs\Python\Python313\Lib\asyncio\base_events.py", line 2040, in _run_once
    handle._run()
    ~~~~~~~~~~~^^
  File "C:\Users\cuhey\AppData\Local\Programs\Python\Python313\Lib\asyncio\events.py", line 89, in _run
    self._context.run(self._callback, *self._args)
    ~~~~~~~~~~~~~~~~~^^^^^^^^^^^^^^^^^^^^^^^^^^^^^
  File "C:\Users\cuhey\Desktop\AI-V2\GenesisAI\src\hybrid_bot.py", line 695, in analyze_and_trade
    mtf_analysis = await self.market_analysis.get_multi_timeframe_analysis(pair)
                   ^^^^^^^^^^^^^^^^^^^^^^^^^^^^^^^^^^^^^^^^^^^^^^^^^^^^^^^^^^^^^
  File "C:\Users\cuhey\Desktop\AI-V2\GenesisAI\src\market_analysis.py", line 53, in get_multi_timeframe_analysis
    klines = await self.get_klines(pair, now - lookback_ms, interval)
             ^^^^^^^^^^^^^^^^^^^^^^^^^^^^^^^^^^^^^^^^^^^^^^^^^^^^^^^^
  File "C:\Users\cuhey\Desktop\AI-V2\GenesisAI\src\market_analysis.py", line 261, in get_klines
    klines = self.binance_client.get_historical_klines(
        pair, interval, start_time, limit=1000
    )
  File "C:\Users\cuhey\AppData\Local\Programs\Python\Python313\Lib\site-packages\binance\client.py", line 781, in get_historical_klines
    return self._historical_klines(
           ~~~~~~~~~~~~~~~~~~~~~~~^
        symbol,
        ^^^^^^^
    ...<4 lines>...
        klines_type=klines_type,
        ^^^^^^^^^^^^^^^^^^^^^^^^
    )
    ^
  File "C:\Users\cuhey\AppData\Local\Programs\Python\Python313\Lib\site-packages\binance\client.py", line 851, in _historical_klines
    temp_data = self._klines(
        klines_type=klines_type,
    ...<4 lines>...
        endTime=end_ts,
    )
  File "C:\Users\cuhey\AppData\Local\Programs\Python\Python313\Lib\site-packages\binance\client.py", line 710, in _klines
    return self.get_klines(**params)
           ~~~~~~~~~~~~~~~^^^^^^^^^^
  File "C:\Users\cuhey\AppData\Local\Programs\Python\Python313\Lib\site-packages\binance\client.py", line 693, in get_klines
    return self._get("klines", data=params, version=self.PRIVATE_API_VERSION)
           ~~~~~~~~~^^^^^^^^^^^^^^^^^^^^^^^^^^^^^^^^^^^^^^^^^^^^^^^^^^^^^^^^^
  File "C:\Users\cuhey\AppData\Local\Programs\Python\Python313\Lib\site-packages\binance\client.py", line 176, in _get
    return self._request_api("get", path, signed, version, **kwargs)
           ~~~~~~~~~~~~~~~~~^^^^^^^^^^^^^^^^^^^^^^^^^^^^^^^^^^^^^^^^
  File "C:\Users\cuhey\AppData\Local\Programs\Python\Python313\Lib\site-packages\binance\client.py", line 113, in _request_api
    return self._request(method, uri, signed, **kwargs)
           ~~~~~~~~~~~~~^^^^^^^^^^^^^^^^^^^^^^^^^^^^^^^
  File "C:\Users\cuhey\AppData\Local\Programs\Python\Python313\Lib\site-packages\binance\client.py", line 88, in _request
    self.response = getattr(self.session, method)(uri, headers=headers, data=data, **kwargs)
                    ~~~~~~~~~~~~~~~~~~~~~~~~~~~~~^^^^^^^^^^^^^^^^^^^^^^^^^^^^^^^^^^^^^^^^^^^
  File "C:\Users\cuhey\AppData\Local\Programs\Python\Python313\Lib\site-packages\requests\sessions.py", line 602, in get
    return self.request("GET", url, **kwargs)
           ~~~~~~~~~~~~^^^^^^^^^^^^^^^^^^^^^^
  File "C:\Users\cuhey\AppData\Local\Programs\Python\Python313\Lib\site-packages\requests\sessions.py", line 589, in request
    resp = self.send(prep, **send_kwargs)
  File "C:\Users\cuhey\AppData\Local\Programs\Python\Python313\Lib\site-packages\requests\sessions.py", line 703, in send
    r = adapter.send(request, **kwargs)
  File "C:\Users\cuhey\AppData\Local\Programs\Python\Python313\Lib\site-packages\requests\adapters.py", line 667, in send
    resp = conn.urlopen(
        method=request.method,
    ...<9 lines>...
        chunked=chunked,
    )
  File "C:\Users\cuhey\AppData\Local\Programs\Python\Python313\Lib\site-packages\urllib3\connectionpool.py", line 787, in urlopen
    response = self._make_request(
        conn,
    ...<10 lines>...
        **response_kw,
    )
  File "C:\Users\cuhey\AppData\Local\Programs\Python\Python313\Lib\site-packages\urllib3\connectionpool.py", line 534, in _make_request
    response = conn.getresponse()
  File "C:\Users\cuhey\AppData\Local\Programs\Python\Python313\Lib\site-packages\urllib3\connection.py", line 516, in getresponse
    httplib_response = super().getresponse()
  File "C:\Users\cuhey\AppData\Local\Programs\Python\Python313\Lib\http\client.py", line 1430, in getresponse
    response.begin()
    ~~~~~~~~~~~~~~^^
  File "C:\Users\cuhey\AppData\Local\Programs\Python\Python313\Lib\http\client.py", line 331, in begin
    version, status, reason = self._read_status()
                              ~~~~~~~~~~~~~~~~~^^
  File "C:\Users\cuhey\AppData\Local\Programs\Python\Python313\Lib\http\client.py", line 292, in _read_status
    line = str(self.fp.readline(_MAXLINE + 1), "iso-8859-1")
               ~~~~~~~~~~~~~~~~^^^^^^^^^^^^^^
  File "C:\Users\cuhey\AppData\Local\Programs\Python\Python313\Lib\socket.py", line 719, in readinto
    return self._sock.recv_into(b)
           ~~~~~~~~~~~~~~~~~~~~^^^
  File "C:\Users\cuhey\AppData\Local\Programs\Python\Python313\Lib\ssl.py", line 1304, in recv_into
    return self.read(nbytes, buffer)
           ~~~~~~~~~^^^^^^^^^^^^^^^^
  File "C:\Users\cuhey\AppData\Local\Programs\Python\Python313\Lib\ssl.py", line 1138, in read
    return self._sslobj.read(len, buffer)
           ~~~~~~~~~~~~~~~~~^^^^^^^^^^^^^
  File "C:\Users\cuhey\AppData\Local\Programs\Python\Python313\Lib\asyncio\runners.py", line 157, in _on_sigint
    raise KeyboardInterrupt()
KeyboardInterrupt

During handling of the above exception, another exception occurred:

Traceback (most recent call last):
  File "C:\Users\cuhey\Desktop\AI-V2\GenesisAI\src\hybrid_bot.py", line 372, in market_monitor_task
    await asyncio.sleep(1800)
  File "C:\Users\cuhey\AppData\Local\Programs\Python\Python313\Lib\asyncio\tasks.py", line 718, in sleep
    return await future
           ^^^^^^^^^^^^
asyncio.exceptions.CancelledError
2025-06-21 14:34:52,239 - ERROR - Task exception was never retrieved
future: <Task finished name='Task-3' coro=<HybridTradingBot.trading_task() done, defined at C:\Users\cuhey\Desktop\AI-V2\GenesisAI\src\hybrid_bot.py:380> exception=KeyboardInterrupt()>
Traceback (most recent call last):
  File "C:\Users\cuhey\Desktop\AI-V2\GenesisAI\src\main.py", line 31, in <module>
    asyncio.run(bot.run())
    ~~~~~~~~~~~^^^^^^^^^^^
  File "C:\Users\cuhey\AppData\Local\Programs\Python\Python313\Lib\asyncio\runners.py", line 194, in run
    with Runner(debug=debug, loop_factory=loop_factory) as runner:
         ~~~~~~^^^^^^^^^^^^^^^^^^^^^^^^^^^^^^^^^^^^^^^^
  File "C:\Users\cuhey\AppData\Local\Programs\Python\Python313\Lib\asyncio\runners.py", line 62, in __exit__
    self.close()
    ~~~~~~~~~~^^
  File "C:\Users\cuhey\AppData\Local\Programs\Python\Python313\Lib\asyncio\runners.py", line 70, in close
    _cancel_all_tasks(loop)
    ~~~~~~~~~~~~~~~~~^^^^^^
  File "C:\Users\cuhey\AppData\Local\Programs\Python\Python313\Lib\asyncio\runners.py", line 206, in _cancel_all_tasks
    loop.run_until_complete(tasks.gather(*to_cancel, return_exceptions=True))
    ~~~~~~~~~~~~~~~~~~~~~~~^^^^^^^^^^^^^^^^^^^^^^^^^^^^^^^^^^^^^^^^^^^^^^^^^^
  File "C:\Users\cuhey\AppData\Local\Programs\Python\Python313\Lib\asyncio\base_events.py", line 712, in run_until_complete
    self.run_forever()
    ~~~~~~~~~~~~~~~~^^
  File "C:\Users\cuhey\AppData\Local\Programs\Python\Python313\Lib\asyncio\base_events.py", line 683, in run_forever
    self._run_once()
    ~~~~~~~~~~~~~~^^
  File "C:\Users\cuhey\AppData\Local\Programs\Python\Python313\Lib\asyncio\base_events.py", line 2040, in _run_once
    handle._run()
    ~~~~~~~~~~~^^
  File "C:\Users\cuhey\AppData\Local\Programs\Python\Python313\Lib\asyncio\events.py", line 89, in _run
    self._context.run(self._callback, *self._args)
    ~~~~~~~~~~~~~~~~~^^^^^^^^^^^^^^^^^^^^^^^^^^^^^
  File "C:\Users\cuhey\Desktop\AI-V2\GenesisAI\src\hybrid_bot.py", line 452, in trading_task
    await asyncio.gather(*analysis_tasks)
  File "C:\Users\cuhey\AppData\Local\Programs\Python\Python313\Lib\asyncio\runners.py", line 195, in run
    return runner.run(main)
           ~~~~~~~~~~^^^^^^
  File "C:\Users\cuhey\AppData\Local\Programs\Python\Python313\Lib\asyncio\runners.py", line 118, in run
    return self._loop.run_until_complete(task)
           ~~~~~~~~~~~~~~~~~~~~~~~~~~~~~^^^^^^
  File "C:\Users\cuhey\AppData\Local\Programs\Python\Python313\Lib\asyncio\base_events.py", line 712, in run_until_complete
    self.run_forever()
    ~~~~~~~~~~~~~~~~^^
  File "C:\Users\cuhey\AppData\Local\Programs\Python\Python313\Lib\asyncio\base_events.py", line 683, in run_forever
    self._run_once()
    ~~~~~~~~~~~~~~^^
  File "C:\Users\cuhey\AppData\Local\Programs\Python\Python313\Lib\asyncio\base_events.py", line 2040, in _run_once
    handle._run()
    ~~~~~~~~~~~^^
  File "C:\Users\cuhey\AppData\Local\Programs\Python\Python313\Lib\asyncio\events.py", line 89, in _run
    self._context.run(self._callback, *self._args)
    ~~~~~~~~~~~~~~~~~^^^^^^^^^^^^^^^^^^^^^^^^^^^^^
  File "C:\Users\cuhey\Desktop\AI-V2\GenesisAI\src\hybrid_bot.py", line 695, in analyze_and_trade
    mtf_analysis = await self.market_analysis.get_multi_timeframe_analysis(pair)
                   ^^^^^^^^^^^^^^^^^^^^^^^^^^^^^^^^^^^^^^^^^^^^^^^^^^^^^^^^^^^^^
  File "C:\Users\cuhey\Desktop\AI-V2\GenesisAI\src\market_analysis.py", line 53, in get_multi_timeframe_analysis
    klines = await self.get_klines(pair, now - lookback_ms, interval)
             ^^^^^^^^^^^^^^^^^^^^^^^^^^^^^^^^^^^^^^^^^^^^^^^^^^^^^^^^
  File "C:\Users\cuhey\Desktop\AI-V2\GenesisAI\src\market_analysis.py", line 261, in get_klines
    klines = self.binance_client.get_historical_klines(
        pair, interval, start_time, limit=1000
    )
  File "C:\Users\cuhey\AppData\Local\Programs\Python\Python313\Lib\site-packages\binance\client.py", line 781, in get_historical_klines
    return self._historical_klines(
           ~~~~~~~~~~~~~~~~~~~~~~~^
        symbol,
        ^^^^^^^
    ...<4 lines>...
        klines_type=klines_type,
        ^^^^^^^^^^^^^^^^^^^^^^^^
    )
    ^
  File "C:\Users\cuhey\AppData\Local\Programs\Python\Python313\Lib\site-packages\binance\client.py", line 851, in _historical_klines
    temp_data = self._klines(
        klines_type=klines_type,
    ...<4 lines>...
        endTime=end_ts,
    )
  File "C:\Users\cuhey\AppData\Local\Programs\Python\Python313\Lib\site-packages\binance\client.py", line 710, in _klines
    return self.get_klines(**params)
           ~~~~~~~~~~~~~~~^^^^^^^^^^
  File "C:\Users\cuhey\AppData\Local\Programs\Python\Python313\Lib\site-packages\binance\client.py", line 693, in get_klines
    return self._get("klines", data=params, version=self.PRIVATE_API_VERSION)
           ~~~~~~~~~^^^^^^^^^^^^^^^^^^^^^^^^^^^^^^^^^^^^^^^^^^^^^^^^^^^^^^^^^
  File "C:\Users\cuhey\AppData\Local\Programs\Python\Python313\Lib\site-packages\binance\client.py", line 176, in _get
    return self._request_api("get", path, signed, version, **kwargs)
           ~~~~~~~~~~~~~~~~~^^^^^^^^^^^^^^^^^^^^^^^^^^^^^^^^^^^^^^^^
  File "C:\Users\cuhey\AppData\Local\Programs\Python\Python313\Lib\site-packages\binance\client.py", line 113, in _request_api
    return self._request(method, uri, signed, **kwargs)
           ~~~~~~~~~~~~~^^^^^^^^^^^^^^^^^^^^^^^^^^^^^^^
  File "C:\Users\cuhey\AppData\Local\Programs\Python\Python313\Lib\site-packages\binance\client.py", line 88, in _request
    self.response = getattr(self.session, method)(uri, headers=headers, data=data, **kwargs)
                    ~~~~~~~~~~~~~~~~~~~~~~~~~~~~~^^^^^^^^^^^^^^^^^^^^^^^^^^^^^^^^^^^^^^^^^^^
  File "C:\Users\cuhey\AppData\Local\Programs\Python\Python313\Lib\site-packages\requests\sessions.py", line 602, in get
    return self.request("GET", url, **kwargs)
           ~~~~~~~~~~~~^^^^^^^^^^^^^^^^^^^^^^
  File "C:\Users\cuhey\AppData\Local\Programs\Python\Python313\Lib\site-packages\requests\sessions.py", line 589, in request
    resp = self.send(prep, **send_kwargs)
  File "C:\Users\cuhey\AppData\Local\Programs\Python\Python313\Lib\site-packages\requests\sessions.py", line 703, in send
    r = adapter.send(request, **kwargs)
  File "C:\Users\cuhey\AppData\Local\Programs\Python\Python313\Lib\site-packages\requests\adapters.py", line 667, in send
    resp = conn.urlopen(
        method=request.method,
    ...<9 lines>...
        chunked=chunked,
    )
  File "C:\Users\cuhey\AppData\Local\Programs\Python\Python313\Lib\site-packages\urllib3\connectionpool.py", line 787, in urlopen
    response = self._make_request(
        conn,
    ...<10 lines>...
        **response_kw,
    )
  File "C:\Users\cuhey\AppData\Local\Programs\Python\Python313\Lib\site-packages\urllib3\connectionpool.py", line 534, in _make_request
    response = conn.getresponse()
  File "C:\Users\cuhey\AppData\Local\Programs\Python\Python313\Lib\site-packages\urllib3\connection.py", line 516, in getresponse
    httplib_response = super().getresponse()
  File "C:\Users\cuhey\AppData\Local\Programs\Python\Python313\Lib\http\client.py", line 1430, in getresponse
    response.begin()
    ~~~~~~~~~~~~~~^^
  File "C:\Users\cuhey\AppData\Local\Programs\Python\Python313\Lib\http\client.py", line 331, in begin
    version, status, reason = self._read_status()
                              ~~~~~~~~~~~~~~~~~^^
  File "C:\Users\cuhey\AppData\Local\Programs\Python\Python313\Lib\http\client.py", line 292, in _read_status
    line = str(self.fp.readline(_MAXLINE + 1), "iso-8859-1")
               ~~~~~~~~~~~~~~~~^^^^^^^^^^^^^^
  File "C:\Users\cuhey\AppData\Local\Programs\Python\Python313\Lib\socket.py", line 719, in readinto
    return self._sock.recv_into(b)
           ~~~~~~~~~~~~~~~~~~~~^^^
  File "C:\Users\cuhey\AppData\Local\Programs\Python\Python313\Lib\ssl.py", line 1304, in recv_into
    return self.read(nbytes, buffer)
           ~~~~~~~~~^^^^^^^^^^^^^^^^
  File "C:\Users\cuhey\AppData\Local\Programs\Python\Python313\Lib\ssl.py", line 1138, in read
    return self._sslobj.read(len, buffer)
           ~~~~~~~~~~~~~~~~~^^^^^^^^^^^^^
  File "C:\Users\cuhey\AppData\Local\Programs\Python\Python313\Lib\asyncio\runners.py", line 157, in _on_sigint
    raise KeyboardInterrupt()
KeyboardInterrupt
