2025-06-22 15:51:25,356 - INFO - CoinGecko initialiseret - Gratis tier
2025-06-22 15:51:26,352 - INFO - CoinGecko API connected: (V3) To the Moon!
2025-06-22 15:51:26,357 - INFO - CoinGecko AI klient initialiseret succesfuldt
2025-06-22 15:51:26,357 - INFO - CoinGecko AI client initialized
2025-06-22 15:51:26,511 - INFO - Database initialization complete
2025-06-22 15:51:26,534 - INFO - Schema update applied: ALTER TABLE positions ADD COLUMN take_profit_pct REAL
2025-06-22 15:51:26,552 - INFO - Schema update applied: ALTER TABLE positions ADD COLUMN stop_loss_pct REAL
2025-06-22 15:51:26,570 - INFO - Schema update applied: ALTER TABLE positions ADD COLUMN is_new_asset INTEGER DEFAULT 0
2025-06-22 15:51:26,588 - INFO - Schema update applied: ALTER TABLE positions ADD COLUMN exit_price REAL
2025-06-22 15:51:26,606 - INFO - Schema update applied: ALTER TABLE positions ADD COLUMN exit_time TEXT
2025-06-22 15:51:26,624 - INFO - Schema update applied: ALTER TABLE positions ADD COLUMN profit_loss REAL
2025-06-22 15:51:26,642 - INFO - Schema update applied: ALTER TABLE positions ADD COLUMN signal_source TEXT
2025-06-22 15:51:26,663 - INFO - Schema update applied: ALTER TABLE positions ADD COLUMN signal_strength REAL
2025-06-22 15:51:26,680 - INFO - Schema update applied: ALTER TABLE trades ADD COLUMN signal_source TEXT
2025-06-22 15:51:26,696 - INFO - Schema update applied: ALTER TABLE trades ADD COLUMN signal_strength REAL
2025-06-22 15:51:26,697 - INFO - Database schema updated successfully with 10 changes
2025-06-22 15:51:26,720 - INFO - Taapi.io client initialized (Free tier: 1 request/15s)
2025-06-22 15:51:26,721 - INFO - Advanced indicators initialized with Taapi.io
2025-06-22 15:51:26,721 - INFO - Advanced indicators initialized successfully
2025-06-22 15:51:26,722 - INFO - Risk Manager initialized with equity protection: Warning at 2.0%, Risk Reduction at 3.0%, High Alert at 5.0%, Emergency at 8.0%
2025-06-22 15:51:26,722 - INFO - Hybrid Trading Bot initialized with 1000.00 equity
2025-06-22 15:51:26,723 - INFO - Mode: TEST trading
2025-06-22 15:51:26,723 - INFO - AI Provider: CoinGecko
2025-06-22 15:51:26,724 - INFO - Advanced Indicators: Taapi.io
2025-06-22 15:51:26,726 - INFO - Testing API connections...
2025-06-22 15:51:27,069 - INFO - Binance server time: 2025-06-22 15:51:32.463000
2025-06-22 15:51:28,000 - INFO - CoinGecko AI connection successful: -0.3615458690963792
2025-06-22 15:51:28,001 - INFO - Preloading historical data for analysis...
2025-06-22 15:51:28,002 - INFO - Preloading historical data for analysis...
2025-06-22 15:51:28,003 - INFO - Fetching top 20 trending cryptocurrency pairs
2025-06-22 15:51:29,412 - INFO - Found trending pairs: APTUSDT, NEIROUSDT, VIRTUALUSDT, ENAUSDT, VANAUSDT...
2025-06-22 15:51:29,416 - INFO - Preloading data for pairs: VANAUSDT, NEIROUSDT, ONDOUSDT, JUPUSDT, TRBUSDT
2025-06-22 15:52:03,635 - INFO - Preloading data for pairs: BTCUSDT, ADAUSDT, APTUSDT, APEUSDT, ETHUSDT
2025-06-22 15:52:40,776 - INFO - Preloading data for pairs: TAOUSDT, RENDERUSDT, NXPCUSDT, VIRTUALUSDT, LPTUSDT
2025-06-22 15:53:15,054 - INFO - Preloading data for pairs: BABYUSDT, RSRUSDT, SEIUSDT, DYDXUSDT, INITUSDT
2025-06-22 15:53:49,154 - INFO - Preloading data for pairs: ENAUSDT, SOLUSDT, NEARUSDT, WCTUSDT, BNBUSDT
2025-06-22 15:54:25,821 - INFO - Historical data preloading complete
2025-06-22 15:54:34,565 - INFO - Updating correlation matrix...
2025-06-22 15:54:34,569 - INFO - Current equity: $1000.00, Daily ROI: 0.00%, Drawdown: 0.00%, Risk level: normal, Positions: 0/5 ($0.00, 0.0% of equity)
2025-06-22 15:54:34,612 - INFO - Current daily ROI: 0.00% (target: 0.5% - 2.5%)
2025-06-22 15:54:34,652 - INFO - Hourly performance report: {
  "equity": {
    "current": 1000.0,
    "start": 1000.0,
    "total_return_pct": 0.0,
    "max_drawdown_pct": 0,
    "avg_daily_return_pct": 0,
    "avg_weekly_return_pct": 0
  },
  "trades": {
    "total": 0,
    "win_count": 0,
    "loss_count": 0,
    "win_rate_pct": 0,
    "profit_factor": 0,
    "avg_profit": 0,
    "avg_loss": 0,
    "expected_value": 0,
    "recent_win_rate_pct": 0
  },
  "pairs": {
    "best_pair": "None",
    "best_pair_profit": 0,
    "worst_pair": "None",
    "worst_pair_profit": 0
  },
  "timestamp": "2025-06-22 15:54:34"
}
2025-06-22 15:58:14,831 - INFO - Successfully gathered price data for 41/41 pairs
2025-06-22 15:58:15,116 - INFO - Correlation matrix updated for 41 pairs
2025-06-22 15:58:24,250 - INFO - Market regime changed: NEUTRAL -> BEAR_TRENDING
2025-06-22 15:58:24,251 - INFO - Market state: Regime=BEAR_TRENDING, Trend=bearish, Volatility=low, Breadth=0.00
2025-06-22 15:58:24,252 - INFO - Top opportunities found: ['PAXGUSDT', 'PEPEUSDT']
2025-06-22 15:58:24,252 - INFO - Fetching top 30 trending cryptocurrency pairs
2025-06-22 15:58:25,242 - INFO - Found trending pairs: APTUSDT, NEIROUSDT, WCTUSDT, VANAUSDT, VIRTUALUSDT...
2025-06-22 15:58:26,219 - INFO - Selected optimal assets: VANAUSDT, NEIROUSDT, ONDOUSDT, BTCUSDT, APTUSDT... (15 total)
2025-06-22 15:58:27,330 - INFO - CoinGecko insights for VANA: bearish (0.70 confidence), sentiment: -0.49, whale: 0.10, smart money: bearish
2025-06-22 15:58:44,640 - INFO - CoinGecko insights for APT: neutral (0.50 confidence), sentiment: 0.00, whale: 0.10, smart money: neutral
2025-06-22 15:58:49,849 - INFO - CoinGecko insights for ONDO: neutral (0.50 confidence), sentiment: 0.00, whale: 0.00, smart money: neutral
2025-06-22 15:58:54,108 - INFO - CoinGecko insights for BTC: neutral (0.50 confidence), sentiment: 0.00, whale: 0.00, smart money: bullish
2025-06-22 15:58:58,452 - INFO - CoinGecko insights for NEIRO: neutral (0.50 confidence), sentiment: 0.00, whale: 0.00, smart money: bearish
2025-06-22 15:59:03,882 - INFO - VANAUSDT analysis: SELL signal with 0.48 strength
2025-06-22 15:59:03,884 - INFO - APTUSDT analysis: SELL signal with 0.61 strength
2025-06-22 15:59:03,885 - INFO - CoinGecko insights for BTC: neutral (0.50 confidence), sentiment: -0.07, whale: 0.00, smart money: bullish
2025-06-22 15:59:03,886 - INFO - CoinGecko insights for NEIRO: bearish (0.65 confidence), sentiment: -0.35, whale: -0.30, smart money: bearish
2025-06-22 15:59:03,886 - INFO - BTCUSDT analysis: NEUTRAL signal with 0.00 strength
2025-06-22 15:59:03,887 - INFO - NEIROUSDT analysis: SELL signal with 0.44 strength
2025-06-22 15:59:04,115 - INFO - ONDOUSDT analysis: SELL signal with 0.48 strength
2025-06-22 15:59:04,116 - INFO - Trading cycle completed in 269.55 seconds
2025-06-22 15:59:19,120 - INFO - Current equity: $1000.00, Daily ROI: 0.00%, Drawdown: 0.00%, Risk level: normal, Positions: 0/5 ($0.00, 0.0% of equity)
2025-06-22 15:59:19,123 - INFO - Current daily ROI: 0.00% (target: 0.5% - 2.5%)
2025-06-22 16:02:08,369 - INFO - Hourly performance report: {
  "equity": {
    "current": 1000.0,
    "start": 1000.0,
    "total_return_pct": 0.0,
    "max_drawdown_pct": 0.0,
    "avg_daily_return_pct": NaN,
    "avg_weekly_return_pct": NaN
  },
  "trades": {
    "total": 0,
    "win_count": 0,
    "loss_count": 0,
    "win_rate_pct": 0,
    "profit_factor": 0,
    "avg_profit": 0,
    "avg_loss": 0,
    "expected_value": 0,
    "recent_win_rate_pct": 0
  },
  "pairs": {
    "best_pair": "None",
    "best_pair_profit": 0,
    "worst_pair": "None",
    "worst_pair_profit": 0
  },
  "timestamp": "2025-06-22 16:02:08"
}
2025-06-22 16:02:21,649 - INFO - Top opportunities found: ['PAXGUSDT', 'PEPEUSDT', 'MUBARAKUSDT']
2025-06-22 16:02:22,658 - INFO - Selected optimal assets: VANAUSDT, NEIROUSDT, ONDOUSDT, BTCUSDT, APTUSDT... (15 total)
2025-06-22 16:02:22,662 - INFO - CoinGecko insights for VANA: bearish (0.70 confidence), sentiment: -0.49, whale: 0.10, smart money: bearish
2025-06-22 16:02:26,733 - INFO - CoinGecko insights for NEIRO: bearish (0.65 confidence), sentiment: -0.35, whale: -0.30, smart money: bearish
2025-06-22 16:02:33,613 - INFO - CoinGecko insights for BTC: neutral (0.50 confidence), sentiment: -0.07, whale: 0.00, smart money: bullish
2025-06-22 16:02:38,406 - INFO - CoinGecko insights for APT: bearish (0.65 confidence), sentiment: -0.39, whale: 0.10, smart money: neutral
2025-06-22 16:02:46,706 - INFO - CoinGecko insights for ONDO: neutral (0.50 confidence), sentiment: 0.00, whale: 0.00, smart money: neutral
2025-06-22 16:02:52,128 - INFO - VANAUSDT analysis: SELL signal with 0.48 strength
2025-06-22 16:02:52,129 - INFO - CoinGecko insights for APT: bearish (0.65 confidence), sentiment: -0.39, whale: 0.10, smart money: neutral
2025-06-22 16:02:52,130 - INFO - NEIROUSDT analysis: SELL signal with 0.69 strength
2025-06-22 16:02:52,131 - INFO - BTCUSDT analysis: NEUTRAL signal with 0.00 strength
2025-06-22 16:02:52,131 - INFO - APTUSDT analysis: SELL signal with 0.48 strength
2025-06-22 16:03:02,144 - INFO - ONDOUSDT analysis: SELL signal with 0.48 strength
2025-06-22 16:03:02,145 - INFO - Trading cycle completed in 223.03 seconds
2025-06-22 16:03:17,162 - INFO - Current equity: $1000.00, Daily ROI: 0.00%, Drawdown: 0.00%, Risk level: normal, Positions: 0/5 ($0.00, 0.0% of equity)
2025-06-22 16:03:17,165 - INFO - Current daily ROI: 0.00% (target: 0.5% - 2.5%)
2025-06-22 16:06:11,605 - INFO - Top opportunities found: ['PAXGUSDT', 'PEPEUSDT', 'GPSUSDT', 'BTCUSDT']
2025-06-22 16:06:12,585 - INFO - Selected optimal assets: VANAUSDT, NEIROUSDT, ONDOUSDT, BTCUSDT, APTUSDT... (15 total)
2025-06-22 16:06:31,281 - INFO - CoinGecko insights for ONDO: neutral (0.50 confidence), sentiment: 0.00, whale: 0.00, smart money: neutral
2025-06-22 16:06:36,795 - INFO - CoinGecko insights for NEIRO: neutral (0.50 confidence), sentiment: 0.00, whale: 0.00, smart money: bearish
2025-06-22 16:06:41,439 - INFO - CoinGecko insights for BTC: neutral (0.50 confidence), sentiment: 0.00, whale: 0.00, smart money: bullish
2025-06-22 16:06:46,830 - INFO - CoinGecko insights for APT: neutral (0.50 confidence), sentiment: 0.00, whale: 0.10, smart money: neutral
2025-06-22 16:06:51,438 - INFO - CoinGecko insights for VANA: neutral (0.50 confidence), sentiment: 0.00, whale: 0.00, smart money: neutral
2025-06-22 16:06:56,646 - INFO - ONDOUSDT analysis: SELL signal with 0.48 strength
2025-06-22 16:06:56,647 - INFO - NEIROUSDT analysis: SELL signal with 0.44 strength
2025-06-22 16:06:56,647 - INFO - CoinGecko insights for BTC: neutral (0.50 confidence), sentiment: -0.06, whale: 0.00, smart money: bullish
2025-06-22 16:06:56,648 - INFO - CoinGecko insights for APT: bearish (0.65 confidence), sentiment: -0.39, whale: 0.10, smart money: neutral
2025-06-22 16:06:56,649 - INFO - BTCUSDT analysis: NEUTRAL signal with 0.00 strength
2025-06-22 16:06:56,650 - INFO - APTUSDT analysis: SELL signal with 0.60 strength
2025-06-22 16:07:06,655 - INFO - VANAUSDT analysis: SELL signal with 0.48 strength
2025-06-22 16:07:06,656 - INFO - Trading cycle completed in 229.50 seconds
2025-06-22 16:07:21,666 - INFO - Current equity: $1000.00, Daily ROI: 0.00%, Drawdown: 0.00%, Risk level: normal, Positions: 0/5 ($0.00, 0.0% of equity)
2025-06-22 16:07:21,668 - INFO - Current daily ROI: 0.00% (target: 0.5% - 2.5%)
2025-06-22 16:10:20,132 - INFO - Top opportunities found: ['PAXGUSDT', 'GNSUSDT', 'PEPEUSDT', 'GPSUSDT']
2025-06-22 16:10:21,122 - INFO - Selected optimal assets: VANAUSDT, NEIROUSDT, ONDOUSDT, BTCUSDT, APTUSDT... (15 total)
2025-06-22 16:10:26,273 - INFO - CoinGecko insights for VANA: bearish (0.65 confidence), sentiment: -0.48, whale: 0.10, smart money: bearish
2025-06-22 16:10:32,112 - INFO - CoinGecko insights for NEIRO: bearish (0.65 confidence), sentiment: -0.35, whale: -0.30, smart money: bearish
2025-06-22 16:10:38,204 - INFO - CoinGecko insights for BTC: neutral (0.50 confidence), sentiment: -0.06, whale: 0.00, smart money: bullish
2025-06-22 16:10:43,102 - INFO - CoinGecko insights for APT: bearish (0.65 confidence), sentiment: -0.39, whale: 0.10, smart money: neutral
2025-06-22 16:10:49,009 - INFO - CoinGecko insights for ONDO: neutral (0.50 confidence), sentiment: 0.00, whale: 0.00, smart money: neutral
2025-06-22 16:10:53,141 - INFO - VANAUSDT analysis: SELL signal with 0.48 strength
2025-06-22 16:10:53,142 - INFO - NEIROUSDT analysis: SELL signal with 0.67 strength
2025-06-22 16:10:53,143 - INFO - CoinGecko insights for APT: bearish (0.65 confidence), sentiment: -0.39, whale: 0.10, smart money: neutral
2025-06-22 16:10:53,748 - INFO - BTCUSDT analysis: NEUTRAL signal with 0.00 strength
2025-06-22 16:10:53,749 - INFO - APTUSDT analysis: SELL signal with 0.47 strength
2025-06-22 16:11:03,151 - INFO - ONDOUSDT analysis: SELL signal with 0.48 strength
2025-06-22 16:11:03,152 - INFO - Trading cycle completed in 221.49 seconds
2025-06-22 16:11:18,163 - INFO - Current equity: $1000.00, Daily ROI: 0.00%, Drawdown: 0.00%, Risk level: normal, Positions: 0/5 ($0.00, 0.0% of equity)
2025-06-22 16:11:18,165 - INFO - Current daily ROI: 0.00% (target: 0.5% - 2.5%)
2025-06-22 16:14:20,284 - INFO - Top opportunities found: ['BTCUSDT', 'PAXGUSDT', 'GNSUSDT', 'PEPEUSDT']
2025-06-22 16:14:21,718 - INFO - Selected optimal assets: VANAUSDT, NEIROUSDT, ONDOUSDT, BTCUSDT, APTUSDT... (15 total)
2025-06-22 16:14:21,722 - INFO - High priority opportunities: BTCUSDT
2025-06-22 16:14:21,725 - INFO - CoinGecko insights for VANA: bearish (0.65 confidence), sentiment: -0.48, whale: 0.10, smart money: bearish
2025-06-22 16:14:40,575 - INFO - CoinGecko insights for APT: bearish (0.65 confidence), sentiment: -0.38, whale: 0.00, smart money: neutral
2025-06-22 16:14:45,860 - INFO - CoinGecko insights for NEIRO: neutral (0.50 confidence), sentiment: 0.00, whale: 0.00, smart money: neutral
2025-06-22 16:14:51,287 - INFO - CoinGecko insights for ONDO: neutral (0.50 confidence), sentiment: 0.00, whale: 0.00, smart money: neutral
2025-06-22 16:14:56,202 - INFO - CoinGecko insights for NXPC: neutral (0.50 confidence), sentiment: 0.00, whale: 0.00, smart money: neutral
2025-06-22 16:15:00,605 - INFO - CoinGecko insights for BTC: neutral (0.50 confidence), sentiment: 0.00, whale: 0.00, smart money: neutral
2025-06-22 16:15:05,931 - INFO - VANAUSDT analysis: SELL signal with 0.48 strength
2025-06-22 16:15:05,933 - INFO - APTUSDT analysis: SELL signal with 0.48 strength
2025-06-22 16:15:05,933 - INFO - NEIROUSDT analysis: SELL signal with 0.59 strength
2025-06-22 16:15:06,205 - INFO - ONDOUSDT analysis: SELL signal with 0.48 strength
2025-06-22 16:15:10,609 - INFO - NXPCUSDT analysis: SELL signal with 0.48 strength
2025-06-22 16:15:15,944 - INFO - BTCUSDT analysis: NEUTRAL signal with 0.00 strength
2025-06-22 16:15:15,945 - INFO - Trading cycle completed in 237.78 seconds
2025-06-22 16:15:30,964 - INFO - Current equity: $1000.00, Daily ROI: 0.00%, Drawdown: 0.00%, Risk level: normal, Positions: 0/5 ($0.00, 0.0% of equity)
2025-06-22 16:15:30,966 - INFO - Current daily ROI: 0.00% (target: 0.5% - 2.5%)
2025-06-22 16:18:28,789 - INFO - Top opportunities found: ['PAXGUSDT', 'GNSUSDT']
2025-06-22 16:18:30,248 - INFO - Selected optimal assets: VANAUSDT, NEIROUSDT, ONDOUSDT, APTUSDT, NXPCUSDT... (15 total)
2025-06-22 16:18:40,393 - INFO - CoinGecko insights for APT: bearish (0.65 confidence), sentiment: -0.38, whale: 0.10, smart money: neutral
2025-06-22 16:18:45,273 - INFO - CoinGecko insights for APT: bearish (0.65 confidence), sentiment: -0.38, whale: 0.10, smart money: neutral
2025-06-22 16:18:45,274 - INFO - APTUSDT analysis: SELL signal with 0.48 strength
2025-06-22 16:18:50,408 - INFO - CoinGecko insights for VANA: neutral (0.50 confidence), sentiment: 0.00, whale: 0.00, smart money: neutral
2025-06-22 16:18:55,245 - INFO - CoinGecko insights for NEIRO: neutral (0.50 confidence), sentiment: 0.00, whale: 0.00, smart money: neutral
2025-06-22 16:19:00,530 - INFO - CoinGecko insights for ONDO: neutral (0.50 confidence), sentiment: 0.00, whale: 0.00, smart money: neutral
2025-06-22 16:19:05,855 - INFO - CoinGecko insights for NXPC: neutral (0.50 confidence), sentiment: 0.00, whale: 0.00, smart money: neutral
2025-06-22 16:19:10,893 - INFO - VANAUSDT analysis: SELL signal with 0.48 strength
2025-06-22 16:19:10,894 - INFO - NEIROUSDT analysis: SELL signal with 0.64 strength
2025-06-22 16:19:15,867 - INFO - ONDOUSDT analysis: SELL signal with 0.48 strength
2025-06-22 16:19:20,308 - INFO - NXPCUSDT analysis: SELL signal with 0.48 strength
2025-06-22 16:19:20,309 - INFO - Trading cycle completed in 229.35 seconds
2025-06-22 16:19:35,322 - INFO - Current equity: $1000.00, Daily ROI: 0.00%, Drawdown: 0.00%, Risk level: normal, Positions: 0/5 ($0.00, 0.0% of equity)
2025-06-22 16:19:35,323 - INFO - Current daily ROI: 0.00% (target: 0.5% - 2.5%)
2025-06-22 16:22:22,257 - INFO - Top opportunities found: ['PAXGUSDT']
2025-06-22 16:22:23,199 - INFO - Selected optimal assets: VANAUSDT, NEIROUSDT, ONDOUSDT, APTUSDT, NXPCUSDT... (15 total)
2025-06-22 16:22:23,201 - INFO - CoinGecko insights for VANA: bearish (0.65 confidence), sentiment: -0.49, whale: 0.10, smart money: bearish
2025-06-22 16:22:32,490 - INFO - CoinGecko insights for VANA: bearish (0.65 confidence), sentiment: -0.49, whale: 0.10, smart money: bearish
2025-06-22 16:22:32,490 - INFO - CoinGecko insights for APT: bearish (0.65 confidence), sentiment: -0.38, whale: 0.00, smart money: neutral
2025-06-22 16:22:37,400 - INFO - CoinGecko insights for ONDO: neutral (0.50 confidence), sentiment: 0.00, whale: 0.00, smart money: neutral
2025-06-22 16:22:42,331 - INFO - CoinGecko insights for NXPC: neutral (0.50 confidence), sentiment: 0.00, whale: 0.00, smart money: neutral
2025-06-22 16:22:46,798 - INFO - CoinGecko insights for NEIRO: neutral (0.50 confidence), sentiment: 0.00, whale: 0.00, smart money: neutral
2025-06-22 16:22:52,221 - INFO - VANAUSDT analysis: SELL signal with 0.48 strength
2025-06-22 16:22:52,222 - INFO - APTUSDT analysis: SELL signal with 0.61 strength
2025-06-22 16:22:52,333 - INFO - ONDOUSDT analysis: SELL signal with 0.61 strength
2025-06-22 16:22:55,482 - INFO - CoinGecko insights for NXPC: neutral (0.50 confidence), sentiment: 0.00, whale: 0.00, smart money: neutral
2025-06-22 16:22:55,483 - INFO - CoinGecko insights for NEIRO: neutral (0.50 confidence), sentiment: 0.00, whale: 0.00, smart money: neutral
2025-06-22 16:22:55,483 - INFO - NXPCUSDT analysis: SELL signal with 0.48 strength
2025-06-22 16:22:55,483 - INFO - NEIROUSDT analysis: SELL signal with 0.48 strength
2025-06-22 16:22:55,484 - INFO - Trading cycle completed in 200.16 seconds
2025-06-22 16:23:10,499 - INFO - Current equity: $1000.00, Daily ROI: 0.00%, Drawdown: 0.00%, Risk level: normal, Positions: 0/5 ($0.00, 0.0% of equity)
2025-06-22 16:23:10,499 - INFO - Current daily ROI: 0.00% (target: 0.5% - 2.5%)
2025-06-22 16:25:59,979 - INFO - Top opportunities found: ['PAXGUSDT']
2025-06-22 16:26:01,374 - INFO - Selected optimal assets: VANAUSDT, NEIROUSDT, ONDOUSDT, APTUSDT, NXPCUSDT... (15 total)
2025-06-22 16:26:01,376 - INFO - CoinGecko insights for APT: bearish (0.65 confidence), sentiment: -0.38, whale: 0.10, smart money: neutral
2025-06-22 16:26:12,470 - INFO - CoinGecko insights for APT: bearish (0.65 confidence), sentiment: -0.38, whale: 0.10, smart money: neutral
2025-06-22 16:26:12,470 - INFO - CoinGecko insights for NEIRO: neutral (0.50 confidence), sentiment: 0.00, whale: 0.00, smart money: bearish
2025-06-22 16:26:16,955 - INFO - CoinGecko insights for ONDO: neutral (0.50 confidence), sentiment: 0.00, whale: 0.00, smart money: neutral
2025-06-22 16:26:20,518 - INFO - CoinGecko insights for NXPC: neutral (0.50 confidence), sentiment: 0.00, whale: 0.00, smart money: neutral
2025-06-22 16:26:24,988 - INFO - CoinGecko insights for VANA: neutral (0.50 confidence), sentiment: 0.00, whale: 0.00, smart money: bearish
2025-06-22 16:26:29,902 - INFO - APTUSDT analysis: SELL signal with 0.61 strength
2025-06-22 16:26:29,903 - INFO - NEIROUSDT analysis: SELL signal with 0.60 strength
2025-06-22 16:26:29,903 - INFO - CoinGecko insights for VANA: bearish (0.65 confidence), sentiment: -0.50, whale: 0.10, smart money: bearish
2025-06-22 16:26:29,903 - INFO - VANAUSDT analysis: SELL signal with 0.61 strength
2025-06-22 16:26:30,521 - INFO - ONDOUSDT analysis: SELL signal with 0.61 strength
2025-06-22 16:26:34,515 - INFO - CoinGecko insights for NXPC: neutral (0.50 confidence), sentiment: 0.00, whale: 0.00, smart money: neutral
2025-06-22 16:26:34,515 - INFO - NXPCUSDT analysis: SELL signal with 0.66 strength
2025-06-22 16:26:34,515 - INFO - Trading cycle completed in 204.02 seconds
2025-06-22 16:26:49,531 - INFO - Current equity: $1000.00, Daily ROI: 0.00%, Drawdown: 0.00%, Risk level: normal, Positions: 0/5 ($0.00, 0.0% of equity)
2025-06-22 16:26:49,533 - INFO - Current daily ROI: 0.00% (target: 0.5% - 2.5%)
2025-06-22 16:29:37,372 - INFO - Updating correlation matrix...
2025-06-22 16:30:10,386 - INFO - Top opportunities found: ['PAXGUSDT']
2025-06-22 16:30:11,848 - INFO - Selected optimal assets: VANAUSDT, NEIROUSDT, ONDOUSDT, APTUSDT, NXPCUSDT... (15 total)
2025-06-22 16:30:11,849 - INFO - Successfully gathered price data for 41/41 pairs
2025-06-22 16:30:11,952 - INFO - Correlation matrix updated for 41 pairs
2025-06-22 16:30:20,827 - INFO - Market state: Regime=BEAR_TRENDING, Trend=bearish, Volatility=low, Breadth=0.00
2025-06-22 16:30:21,224 - INFO - CoinGecko insights for VANA: bearish (0.65 confidence), sentiment: -0.50, whale: 0.10, smart money: bearish
2025-06-22 16:30:25,269 - INFO - CoinGecko insights for NEIRO: bearish (0.65 confidence), sentiment: -0.35, whale: -0.30, smart money: bearish
2025-06-22 16:30:29,760 - INFO - CoinGecko insights for ONDO: neutral (0.50 confidence), sentiment: 0.00, whale: 0.00, smart money: neutral
2025-06-22 16:30:34,677 - INFO - CoinGecko insights for APT: neutral (0.50 confidence), sentiment: 0.00, whale: 0.00, smart money: neutral
2025-06-22 16:30:39,628 - INFO - CoinGecko insights for NXPC: neutral (0.50 confidence), sentiment: 0.00, whale: 0.00, smart money: neutral
2025-06-22 16:30:45,091 - INFO - VANAUSDT analysis: SELL signal with 0.61 strength
2025-06-22 16:30:45,092 - INFO - NEIROUSDT analysis: SELL signal with 0.52 strength
2025-06-22 16:30:45,092 - INFO - ONDOUSDT analysis: SELL signal with 0.48 strength
2025-06-22 16:30:49,633 - INFO - APTUSDT analysis: SELL signal with 0.61 strength
2025-06-22 16:30:54,539 - INFO - NXPCUSDT analysis: SELL signal with 0.61 strength
2025-06-22 16:30:54,540 - INFO - Trading cycle completed in 245.01 seconds
2025-06-22 16:31:09,545 - INFO - Current equity: $1000.00, Daily ROI: 0.00%, Drawdown: 0.00%, Risk level: normal, Positions: 0/5 ($0.00, 0.0% of equity)
2025-06-22 16:31:09,546 - INFO - Current daily ROI: 0.00% (target: 0.5% - 2.5%)
2025-06-22 16:33:54,401 - INFO - Selected optimal assets: VANAUSDT, NEIROUSDT, ONDOUSDT, APTUSDT, NXPCUSDT... (15 total)
2025-06-22 16:33:54,402 - INFO - CoinGecko insights for APT: bearish (0.65 confidence), sentiment: -0.39, whale: 0.10, smart money: neutral
2025-06-22 16:34:04,445 - INFO - CoinGecko insights for APT: bearish (0.65 confidence), sentiment: -0.39, whale: 0.10, smart money: neutral
2025-06-22 16:34:04,445 - INFO - CoinGecko insights for ONDO: neutral (0.50 confidence), sentiment: 0.00, whale: 0.00, smart money: neutral
2025-06-22 16:34:09,838 - INFO - CoinGecko insights for NEIRO: bearish (0.65 confidence), sentiment: 0.00, whale: 0.00, smart money: neutral
2025-06-22 16:34:15,658 - INFO - CoinGecko insights for NXPC: neutral (0.50 confidence), sentiment: 0.00, whale: 0.00, smart money: neutral
2025-06-22 16:34:21,011 - INFO - CoinGecko insights for VANA: neutral (0.50 confidence), sentiment: 0.00, whale: 0.00, smart money: neutral
2025-06-22 16:34:25,926 - INFO - APTUSDT analysis: SELL signal with 0.59 strength
2025-06-22 16:34:26,164 - INFO - ONDOUSDT analysis: SELL signal with 0.61 strength
2025-06-22 16:34:26,164 - INFO - NEIROUSDT analysis: NEUTRAL signal with 0.00 strength
2025-06-22 16:34:31,023 - INFO - NXPCUSDT analysis: SELL signal with 0.66 strength
2025-06-22 16:34:35,928 - INFO - VANAUSDT analysis: SELL signal with 0.48 strength
2025-06-22 16:34:35,928 - INFO - Trading cycle completed in 206.39 seconds
2025-06-22 16:34:50,932 - INFO - Current equity: $1000.00, Daily ROI: 0.00%, Drawdown: 0.00%, Risk level: normal, Positions: 0/5 ($0.00, 0.0% of equity)
2025-06-22 16:34:50,933 - INFO - Current daily ROI: 0.00% (target: 0.5% - 2.5%)
2025-06-22 16:37:44,188 - INFO - Selected optimal assets: VANAUSDT, NEIROUSDT, ONDOUSDT, APTUSDT, NXPCUSDT... (15 total)
2025-06-22 16:37:44,190 - INFO - CoinGecko insights for NEIRO: bearish (0.65 confidence), sentiment: -0.36, whale: -0.30, smart money: bearish
2025-06-22 16:37:49,096 - INFO - CoinGecko insights for NEIRO: bearish (0.65 confidence), sentiment: -0.36, whale: -0.30, smart money: bearish
2025-06-22 16:37:49,096 - INFO - NEIROUSDT analysis: SELL signal with 0.44 strength
2025-06-22 16:37:56,760 - INFO - CoinGecko insights for NXPC: neutral (0.50 confidence), sentiment: 0.00, whale: 0.00, smart money: neutral
2025-06-22 16:38:01,734 - INFO - CoinGecko insights for APT: neutral (0.50 confidence), sentiment: -0.44, whale: 0.00, smart money: neutral
2025-06-22 16:38:06,227 - INFO - CoinGecko insights for ONDO: neutral (0.50 confidence), sentiment: 0.00, whale: 0.00, smart money: neutral
2025-06-22 16:38:10,719 - INFO - CoinGecko insights for VANA: neutral (0.50 confidence), sentiment: 0.00, whale: 0.00, smart money: neutral
2025-06-22 16:38:14,715 - INFO - NXPCUSDT analysis: SELL signal with 0.61 strength
2025-06-22 16:38:14,716 - INFO - CoinGecko insights for APT: bearish (0.65 confidence), sentiment: -0.44, whale: 0.10, smart money: neutral
2025-06-22 16:38:14,716 - INFO - APTUSDT analysis: SELL signal with 0.59 strength
2025-06-22 16:38:19,794 - INFO - CoinGecko insights for VANA: neutral (0.50 confidence), sentiment: 0.00, whale: 0.00, smart money: neutral
2025-06-22 16:38:19,795 - INFO - CoinGecko insights for ONDO: neutral (0.50 confidence), sentiment: 0.00, whale: 0.00, smart money: neutral
2025-06-22 16:38:19,795 - INFO - VANAUSDT analysis: SELL signal with 0.48 strength
2025-06-22 16:38:19,795 - INFO - ONDOUSDT analysis: SELL signal with 0.48 strength
2025-06-22 16:38:19,796 - INFO - Trading cycle completed in 208.86 seconds
2025-06-22 16:38:34,805 - INFO - Current equity: $1000.00, Daily ROI: 0.00%, Drawdown: 0.00%, Risk level: normal, Positions: 0/5 ($0.00, 0.0% of equity)
2025-06-22 16:38:34,806 - INFO - Current daily ROI: 0.00% (target: 0.5% - 2.5%)
2025-06-22 16:41:17,995 - INFO - Selected optimal assets: VANAUSDT, NEIROUSDT, ONDOUSDT, APTUSDT, NXPCUSDT... (15 total)
2025-06-22 16:41:17,996 - INFO - CoinGecko insights for APT: bearish (0.65 confidence), sentiment: -0.44, whale: 0.10, smart money: neutral
2025-06-22 16:41:23,368 - INFO - CoinGecko insights for APT: bearish (0.65 confidence), sentiment: -0.44, whale: 0.10, smart money: neutral
2025-06-22 16:41:23,368 - INFO - APTUSDT analysis: SELL signal with 0.46 strength
2025-06-22 16:41:29,098 - INFO - CoinGecko insights for ONDO: neutral (0.50 confidence), sentiment: 0.00, whale: 0.00, smart money: neutral
2025-06-22 16:41:34,487 - INFO - CoinGecko insights for NEIRO: neutral (0.50 confidence), sentiment: 0.00, whale: -0.30, smart money: neutral
2025-06-22 16:41:39,406 - INFO - CoinGecko insights for NXPC: neutral (0.50 confidence), sentiment: 0.00, whale: 0.00, smart money: neutral
2025-06-22 16:41:42,950 - INFO - CoinGecko insights for VANA: neutral (0.50 confidence), sentiment: 0.00, whale: 0.00, smart money: neutral
2025-06-22 16:41:46,515 - INFO - ONDOUSDT analysis: SELL signal with 0.48 strength
2025-06-22 16:41:46,516 - INFO - CoinGecko insights for NEIRO: bearish (0.65 confidence), sentiment: -0.36, whale: -0.30, smart money: bearish
2025-06-22 16:41:46,516 - INFO - NEIROUSDT analysis: NEUTRAL signal with 0.00 strength
2025-06-22 16:41:52,146 - INFO - CoinGecko insights for VANA: neutral (0.50 confidence), sentiment: 0.00, whale: 0.00, smart money: neutral
2025-06-22 16:41:52,147 - INFO - CoinGecko insights for NXPC: neutral (0.50 confidence), sentiment: 0.00, whale: 0.00, smart money: neutral
2025-06-22 16:41:52,147 - INFO - VANAUSDT analysis: SELL signal with 0.48 strength
2025-06-22 16:41:52,148 - INFO - NXPCUSDT analysis: SELL signal with 0.48 strength
2025-06-22 16:41:52,148 - INFO - Trading cycle completed in 197.35 seconds
2025-06-22 16:42:07,159 - INFO - Current equity: $1000.00, Daily ROI: 0.00%, Drawdown: 0.00%, Risk level: normal, Positions: 0/5 ($0.00, 0.0% of equity)
2025-06-22 16:42:07,161 - INFO - Current daily ROI: 0.00% (target: 0.5% - 2.5%)
2025-06-22 16:44:48,933 - INFO - Top opportunities found: ['GPSUSDT']
2025-06-22 16:44:49,884 - INFO - Selected optimal assets: VANAUSDT, NEIROUSDT, ONDOUSDT, APTUSDT, NXPCUSDT... (15 total)
2025-06-22 16:44:49,885 - INFO - CoinGecko insights for NEIRO: bearish (0.65 confidence), sentiment: -0.36, whale: -0.30, smart money: bearish
2025-06-22 16:44:55,688 - INFO - CoinGecko insights for NEIRO: bearish (0.65 confidence), sentiment: -0.36, whale: -0.30, smart money: bearish
2025-06-22 16:44:55,688 - INFO - NEIROUSDT analysis: SELL signal with 0.45 strength
2025-06-22 16:45:01,175 - INFO - CoinGecko insights for APT: neutral (0.50 confidence), sentiment: 0.00, whale: 0.10, smart money: neutral
2025-06-22 16:45:06,091 - INFO - CoinGecko insights for NXPC: neutral (0.50 confidence), sentiment: 0.00, whale: 0.00, smart money: neutral
2025-06-22 16:45:11,952 - INFO - CoinGecko insights for ONDO: neutral (0.50 confidence), sentiment: 0.00, whale: 0.00, smart money: neutral
2025-06-22 16:45:17,328 - INFO - CoinGecko insights for VANA: neutral (0.50 confidence), sentiment: 0.00, whale: 0.00, smart money: neutral
2025-06-22 16:45:22,500 - INFO - APTUSDT analysis: SELL signal with 0.59 strength
2025-06-22 16:45:22,501 - INFO - NXPCUSDT analysis: SELL signal with 0.48 strength
2025-06-22 16:45:27,333 - INFO - ONDOUSDT analysis: SELL signal with 0.48 strength
2025-06-22 16:45:32,264 - INFO - VANAUSDT analysis: SELL signal with 0.48 strength
2025-06-22 16:45:32,265 - INFO - Trading cycle completed in 205.11 seconds
2025-06-22 16:45:47,276 - INFO - Current equity: $1000.00, Daily ROI: 0.00%, Drawdown: 0.00%, Risk level: normal, Positions: 0/5 ($0.00, 0.0% of equity)
2025-06-22 16:45:47,277 - INFO - Current daily ROI: 0.00% (target: 0.5% - 2.5%)
2025-06-22 16:48:43,420 - INFO - Selected optimal assets: VANAUSDT, NEIROUSDT, ONDOUSDT, APTUSDT, NXPCUSDT... (15 total)
2025-06-22 16:48:43,421 - INFO - CoinGecko insights for APT: bearish (0.65 confidence), sentiment: -0.38, whale: 0.10, smart money: neutral
2025-06-22 16:48:47,437 - INFO - CoinGecko insights for APT: bearish (0.65 confidence), sentiment: -0.38, whale: 0.10, smart money: neutral
2025-06-22 16:48:47,437 - INFO - APTUSDT analysis: SELL signal with 0.43 strength
2025-06-22 16:48:54,478 - INFO - CoinGecko insights for ONDO: neutral (0.50 confidence), sentiment: 0.00, whale: 0.00, smart money: neutral
2025-06-22 16:48:59,851 - INFO - CoinGecko insights for NEIRO: bearish (0.65 confidence), sentiment: 0.00, whale: 0.00, smart money: bearish
2025-06-22 16:49:04,312 - INFO - CoinGecko insights for NXPC: neutral (0.50 confidence), sentiment: 0.00, whale: 0.00, smart money: neutral
2025-06-22 16:49:09,227 - INFO - CoinGecko insights for VANA: neutral (0.50 confidence), sentiment: 0.00, whale: 0.00, smart money: neutral
2025-06-22 16:49:14,136 - INFO - ONDOUSDT analysis: SELL signal with 0.60 strength
2025-06-22 16:49:14,136 - INFO - CoinGecko insights for NEIRO: bearish (0.65 confidence), sentiment: -0.37, whale: -0.30, smart money: bearish
2025-06-22 16:49:14,137 - INFO - NEIROUSDT analysis: SELL signal with 0.48 strength
2025-06-22 16:49:17,548 - INFO - CoinGecko insights for VANA: neutral (0.50 confidence), sentiment: 0.00, whale: 0.00, smart money: neutral
2025-06-22 16:49:17,549 - INFO - CoinGecko insights for NXPC: neutral (0.50 confidence), sentiment: 0.00, whale: 0.00, smart money: neutral
2025-06-22 16:49:17,549 - INFO - VANAUSDT analysis: SELL signal with 0.66 strength
2025-06-22 16:49:17,549 - INFO - NXPCUSDT analysis: SELL signal with 0.63 strength
2025-06-22 16:49:17,550 - INFO - Trading cycle completed in 210.28 seconds
2025-06-22 16:49:32,558 - INFO - Current equity: $1000.00, Daily ROI: 0.00%, Drawdown: 0.00%, Risk level: normal, Positions: 0/5 ($0.00, 0.0% of equity)
2025-06-22 16:49:32,559 - INFO - Current daily ROI: 0.00% (target: 0.5% - 2.5%)
2025-06-22 16:50:39,901 - INFO - Bot stopped by user
