2025-06-22 16:50:43,520 - INFO - CoinGecko initialiseret - Gratis tier
2025-06-22 16:50:43,902 - INFO - CoinGecko API connected: (V3) To the Moon!
2025-06-22 16:50:43,904 - INFO - CoinGecko AI klient initialiseret succesfuldt
2025-06-22 16:50:43,904 - INFO - CoinGecko AI client initialized
2025-06-22 16:50:43,905 - INFO - Database initialization complete
2025-06-22 16:50:43,907 - INFO - Taapi.io client initialized (Free tier: 1 request/15s)
2025-06-22 16:50:43,907 - INFO - Advanced indicators initialized with Taapi.io
2025-06-22 16:50:43,907 - INFO - Advanced indicators initialized successfully
2025-06-22 16:50:43,927 - INFO - Risk Manager initialized with equity protection: Warning at 2.0%, Risk Reduction at 3.0%, High Alert at 5.0%, Emergency at 8.0%
2025-06-22 16:50:43,928 - INFO - Hybrid Trading Bot initialized with 1000.00 equity
2025-06-22 16:50:43,928 - INFO - Mode: TEST trading
2025-06-22 16:50:43,929 - INFO - AI Provider: CoinGecko
2025-06-22 16:50:43,929 - INFO - Advanced Indicators: Taapi.io
2025-06-22 16:50:43,930 - INFO - Testing API connections...
2025-06-22 16:50:44,163 - INFO - Binance server time: 2025-06-22 16:50:49.685000
2025-06-22 16:50:44,836 - INFO - CoinGecko AI connection successful: -0.32873736814704085
2025-06-22 16:50:44,837 - INFO - Preloading historical data for analysis...
2025-06-22 16:50:44,837 - INFO - Preloading historical data for analysis...
2025-06-22 16:50:44,837 - INFO - Fetching top 20 trending cryptocurrency pairs
2025-06-22 16:50:45,533 - INFO - Bot stopped by user
