2025-06-22 17:06:44,834 - INFO - CoinGecko initialiseret - Gratis tier
2025-06-22 17:06:45,210 - INFO - CoinGecko API connected: (V3) To the Moon!
2025-06-22 17:06:45,211 - INFO - CoinGecko AI klient initialiseret succesfuldt
2025-06-22 17:06:45,212 - INFO - CoinGecko AI client initialized
2025-06-22 17:06:45,343 - INFO - Database initialization complete
2025-06-22 17:06:45,357 - INFO - Schema update applied: ALTER TABLE positions ADD COLUMN take_profit_pct REAL
2025-06-22 17:06:45,368 - INFO - Schema update applied: ALTER TABLE positions ADD COLUMN stop_loss_pct REAL
2025-06-22 17:06:45,380 - INFO - Schema update applied: ALTER TABLE positions ADD COLUMN is_new_asset INTEGER DEFAULT 0
2025-06-22 17:06:45,392 - INFO - Schema update applied: ALTER TABLE positions ADD COLUMN exit_price REAL
2025-06-22 17:06:45,403 - INFO - Schema update applied: ALTER TABLE positions ADD COLUMN exit_time TEXT
2025-06-22 17:06:45,416 - INFO - Schema update applied: ALTER TABLE positions ADD COLUMN profit_loss REAL
2025-06-22 17:06:45,427 - INFO - Schema update applied: ALTER TABLE positions ADD COLUMN signal_source TEXT
2025-06-22 17:06:45,438 - INFO - Schema update applied: ALTER TABLE positions ADD COLUMN signal_strength REAL
2025-06-22 17:06:45,450 - INFO - Schema update applied: ALTER TABLE trades ADD COLUMN signal_source TEXT
2025-06-22 17:06:45,462 - INFO - Schema update applied: ALTER TABLE trades ADD COLUMN signal_strength REAL
2025-06-22 17:06:45,463 - INFO - Database schema updated successfully with 10 changes
2025-06-22 17:06:45,479 - INFO - Taapi.io client initialized (Free tier: 1 request/15s)
2025-06-22 17:06:45,479 - INFO - Advanced indicators initialized with Taapi.io
2025-06-22 17:06:45,479 - INFO - Advanced indicators initialized successfully
2025-06-22 17:06:45,480 - INFO - Risk Manager initialized with equity protection: Warning at 2.0%, Risk Reduction at 3.0%, High Alert at 5.0%, Emergency at 8.0%
2025-06-22 17:06:45,480 - INFO - Hybrid Trading Bot initialized with 1000.00 equity
2025-06-22 17:06:45,480 - INFO - Mode: TEST trading
2025-06-22 17:06:45,481 - INFO - AI Provider: CoinGecko
2025-06-22 17:06:45,481 - INFO - Advanced Indicators: Taapi.io
2025-06-22 17:06:45,482 - INFO - Testing API connections...
2025-06-22 17:06:46,168 - INFO - Binance server time: 2025-06-22 17:06:51.697000
2025-06-22 17:06:46,840 - INFO - CoinGecko AI connection successful: -0.36750961997849696
2025-06-22 17:06:46,840 - INFO - Preloading historical data for analysis...
2025-06-22 17:06:46,841 - INFO - Preloading historical data for analysis...
2025-06-22 17:06:46,841 - INFO - Fetching top 20 trending cryptocurrency pairs
2025-06-22 17:06:47,775 - INFO - Found trending pairs: WCTUSDT, VANAUSDT, APTUSDT, SEIUSDT, ENAUSDT...
2025-06-22 17:06:47,777 - INFO - Preloading data for pairs: RSRUSDT, VANAUSDT, BTCUSDT, INITUSDT, WCTUSDT
2025-06-22 17:07:22,913 - INFO - Preloading data for pairs: NEIROUSDT, TRBUSDT, ENAUSDT, RENDERUSDT, ENSUSDT
2025-06-22 17:07:57,437 - INFO - Preloading data for pairs: SEIUSDT, APTUSDT, TAOUSDT, ETHUSDT, ONDOUSDT
2025-06-22 17:08:33,792 - INFO - Preloading data for pairs: BABYUSDT, LAYERUSDT, ADAUSDT, HBARUSDT, NXPCUSDT
2025-06-22 17:09:09,421 - INFO - Preloading data for pairs: SOLUSDT, AAVEUSDT, SUIUSDT, BNBUSDT
2025-06-22 17:09:40,192 - INFO - Historical data preloading complete
2025-06-22 17:09:50,012 - INFO - Updating correlation matrix...
2025-06-22 17:09:50,014 - INFO - Current equity: $1000.00, Daily ROI: 0.00%, Drawdown: 0.00%, Risk level: normal, Positions: 0/5 ($0.00, 0.0% of equity)
2025-06-22 17:09:50,064 - INFO - Current daily ROI: 0.00% (target: 0.5% - 2.5%)
2025-06-22 17:09:50,083 - INFO - Hourly performance report: {
  "equity": {
    "current": 1000.0,
    "start": 1000.0,
    "total_return_pct": 0.0,
    "max_drawdown_pct": 0,
    "avg_daily_return_pct": 0,
    "avg_weekly_return_pct": 0
  },
  "trades": {
    "total": 0,
    "win_count": 0,
    "loss_count": 0,
    "win_rate_pct": 0,
    "profit_factor": 0,
    "avg_profit": 0,
    "avg_loss": 0,
    "expected_value": 0,
    "recent_win_rate_pct": 0
  },
  "pairs": {
    "best_pair": "None",
    "best_pair_profit": 0,
    "worst_pair": "None",
    "worst_pair_profit": 0
  },
  "timestamp": "2025-06-22 17:09:50"
}
2025-06-22 17:13:05,340 - INFO - Successfully gathered price data for 41/41 pairs
2025-06-22 17:13:05,546 - INFO - Correlation matrix updated for 41 pairs
2025-06-22 17:13:15,343 - INFO - Market regime changed: NEUTRAL -> BEAR_TRENDING
2025-06-22 17:13:15,343 - INFO - Market state: Regime=BEAR_TRENDING, Trend=bearish, Volatility=low, Breadth=0.00
2025-06-22 17:13:15,344 - INFO - Top opportunities found: ['FUNUSDT', 'LPTUSDT', 'PEPEUSDT', 'GPSUSDT', 'PAXGUSDT']
2025-06-22 17:13:15,344 - INFO - Fetching top 30 trending cryptocurrency pairs
2025-06-22 17:13:16,301 - INFO - Found trending pairs: WCTUSDT, APTUSDT, VANAUSDT, SEIUSDT, ONDOUSDT...
2025-06-22 17:13:17,719 - INFO - Selected optimal assets: VANAUSDT, INITUSDT, WCTUSDT, NEIROUSDT, ENAUSDT... (15 total)
2025-06-22 17:13:18,266 - INFO - CoinGecko insights for VANA: bearish (0.65 confidence), sentiment: -0.49, whale: 0.10, smart money: bearish
2025-06-22 17:13:29,392 - INFO - CoinGecko insights for VANA: bearish (0.65 confidence), sentiment: -0.49, whale: 0.10, smart money: bearish
2025-06-22 17:13:29,392 - INFO - CoinGecko insights for WCT: neutral (0.50 confidence), sentiment: 0.00, whale: 0.00, smart money: neutral
2025-06-22 17:13:33,840 - INFO - CoinGecko insights for NEIRO: neutral (0.50 confidence), sentiment: 0.00, whale: 0.00, smart money: bearish
2025-06-22 17:13:37,843 - INFO - CoinGecko insights for ENA: neutral (0.50 confidence), sentiment: 0.00, whale: 0.00, smart money: neutral
2025-06-22 17:13:43,195 - INFO - CoinGecko insights for INIT: neutral (0.50 confidence), sentiment: 0.00, whale: 0.00, smart money: neutral
2025-06-22 17:13:50,661 - INFO - VANAUSDT analysis: SELL signal with 0.45 strength
2025-06-22 17:13:50,965 - INFO - WCTUSDT analysis: SELL signal with 0.56 strength
2025-06-22 17:13:50,966 - INFO - NEIROUSDT analysis: SELL signal with 0.32 strength
2025-06-22 17:13:53,211 - INFO - ENAUSDT analysis: SELL signal with 0.56 strength
2025-06-22 17:14:00,677 - INFO - INITUSDT analysis: SELL signal with 0.39 strength
2025-06-22 17:14:00,678 - INFO - Trading cycle completed in 250.67 seconds
2025-06-22 17:14:15,693 - INFO - Current equity: $1000.00, Daily ROI: 0.00%, Drawdown: 0.00%, Risk level: normal, Positions: 0/5 ($0.00, 0.0% of equity)
2025-06-22 17:14:15,694 - INFO - Current daily ROI: 0.00% (target: 0.5% - 2.5%)
2025-06-22 17:17:06,209 - INFO - Top opportunities found: ['LPTUSDT', 'PEPEUSDT', 'ACTUSDT', 'GPSUSDT', 'PAXGUSDT']
2025-06-22 17:17:07,616 - INFO - Selected optimal assets: VANAUSDT, INITUSDT, WCTUSDT, NEIROUSDT, ENAUSDT... (15 total)
2025-06-22 17:17:07,619 - INFO - CoinGecko insights for VANA: bearish (0.65 confidence), sentiment: -0.49, whale: 0.10, smart money: bearish
2025-06-22 17:17:11,148 - INFO - CoinGecko insights for NEIRO: bearish (0.65 confidence), sentiment: -0.35, whale: -0.30, smart money: bearish
2025-06-22 17:17:21,701 - INFO - CoinGecko insights for NEIRO: bearish (0.65 confidence), sentiment: -0.35, whale: -0.30, smart money: bearish
2025-06-22 17:17:21,702 - INFO - CoinGecko insights for WCT: neutral (0.50 confidence), sentiment: 0.00, whale: 0.00, smart money: neutral
2025-06-22 17:17:27,065 - INFO - CoinGecko insights for ENA: neutral (0.50 confidence), sentiment: 0.00, whale: 0.00, smart money: neutral
2025-06-22 17:17:32,898 - INFO - CoinGecko insights for INIT: neutral (0.50 confidence), sentiment: 0.00, whale: 0.00, smart money: neutral
2025-06-22 17:17:37,837 - INFO - VANAUSDT analysis: SELL signal with 0.58 strength
2025-06-22 17:17:37,838 - INFO - NEIROUSDT analysis: SELL signal with 0.57 strength
2025-06-22 17:17:37,838 - INFO - WCTUSDT analysis: SELL signal with 0.44 strength
2025-06-22 17:17:37,839 - INFO - CoinGecko insights for INIT: neutral (0.50 confidence), sentiment: 0.00, whale: 0.00, smart money: neutral
2025-06-22 17:17:37,839 - INFO - INITUSDT analysis: SELL signal with 0.38 strength
2025-06-22 17:17:44,673 - INFO - ENAUSDT analysis: SELL signal with 0.55 strength
2025-06-22 17:17:44,674 - INFO - Trading cycle completed in 208.98 seconds
2025-06-22 17:17:59,678 - INFO - Current equity: $1000.00, Daily ROI: 0.00%, Drawdown: 0.00%, Risk level: normal, Positions: 0/5 ($0.00, 0.0% of equity)
2025-06-22 17:17:59,679 - INFO - Current daily ROI: 0.00% (target: 0.5% - 2.5%)
2025-06-22 17:20:44,991 - INFO - Top opportunities found: ['BTCUSDT', 'PEPEUSDT', 'GPSUSDT', 'SOLUSDT', 'PAXGUSDT']
2025-06-22 17:20:45,257 - INFO - Selected optimal assets: VANAUSDT, INITUSDT, WCTUSDT, NEIROUSDT, ENAUSDT... (15 total)
2025-06-22 17:20:45,260 - INFO - CoinGecko insights for INIT: neutral (0.50 confidence), sentiment: 0.00, whale: 0.00, smart money: neutral
2025-06-22 17:20:55,863 - INFO - CoinGecko insights for INIT: neutral (0.50 confidence), sentiment: 0.00, whale: 0.00, smart money: neutral
2025-06-22 17:20:55,863 - INFO - CoinGecko insights for ENA: neutral (0.50 confidence), sentiment: 0.00, whale: 0.00, smart money: neutral
2025-06-22 17:21:01,250 - INFO - CoinGecko insights for NEIRO: neutral (0.50 confidence), sentiment: -0.36, whale: -0.30, smart money: bearish
2025-06-22 17:21:06,849 - INFO - CoinGecko insights for WCT: neutral (0.50 confidence), sentiment: 0.00, whale: 0.00, smart money: neutral
2025-06-22 17:21:11,775 - INFO - CoinGecko insights for VANA: neutral (0.50 confidence), sentiment: 0.00, whale: 0.00, smart money: neutral
2025-06-22 17:21:16,279 - INFO - INITUSDT analysis: SELL signal with 0.40 strength
2025-06-22 17:21:16,632 - INFO - ENAUSDT analysis: SELL signal with 0.43 strength
2025-06-22 17:21:16,632 - INFO - CoinGecko insights for NEIRO: bearish (0.65 confidence), sentiment: -0.36, whale: -0.30, smart money: bearish
2025-06-22 17:21:16,633 - INFO - NEIROUSDT analysis: SELL signal with 0.31 strength
2025-06-22 17:21:21,789 - INFO - WCTUSDT analysis: SELL signal with 0.47 strength
2025-06-22 17:21:26,287 - INFO - VANAUSDT analysis: SELL signal with 0.46 strength
2025-06-22 17:21:26,287 - INFO - Trading cycle completed in 206.61 seconds
2025-06-22 17:21:41,294 - INFO - Current equity: $1000.00, Daily ROI: 0.00%, Drawdown: 0.00%, Risk level: normal, Positions: 0/5 ($0.00, 0.0% of equity)
2025-06-22 17:21:41,296 - INFO - Current daily ROI: 0.00% (target: 0.5% - 2.5%)
2025-06-22 17:24:34,533 - INFO - Top opportunities found: ['PEPEUSDT', 'PAXGUSDT']
2025-06-22 17:24:35,948 - INFO - Selected optimal assets: VANAUSDT, INITUSDT, WCTUSDT, NEIROUSDT, ENAUSDT... (15 total)
2025-06-22 17:24:35,949 - INFO - CoinGecko insights for NEIRO: bearish (0.65 confidence), sentiment: -0.36, whale: -0.30, smart money: bearish
2025-06-22 17:24:39,974 - INFO - CoinGecko insights for NEIRO: bearish (0.65 confidence), sentiment: -0.36, whale: -0.30, smart money: bearish
2025-06-22 17:24:39,974 - INFO - NEIROUSDT analysis: SELL signal with 0.46 strength
2025-06-22 17:24:48,390 - INFO - CoinGecko insights for INIT: neutral (0.50 confidence), sentiment: 0.00, whale: 0.00, smart money: neutral
2025-06-22 17:24:53,354 - INFO - CoinGecko insights for WCT: neutral (0.50 confidence), sentiment: 0.00, whale: 0.00, smart money: neutral
2025-06-22 17:24:58,129 - INFO - CoinGecko insights for ENA: neutral (0.50 confidence), sentiment: 0.00, whale: 0.00, smart money: neutral
2025-06-22 17:25:03,526 - INFO - CoinGecko insights for VANA: neutral (0.50 confidence), sentiment: 0.00, whale: 0.00, smart money: neutral
2025-06-22 17:25:09,725 - INFO - INITUSDT analysis: SELL signal with 0.42 strength
2025-06-22 17:25:09,726 - INFO - WCTUSDT analysis: SELL signal with 0.47 strength
2025-06-22 17:25:13,539 - INFO - ENAUSDT analysis: SELL signal with 0.43 strength
2025-06-22 17:25:19,374 - INFO - VANAUSDT analysis: SELL signal with 0.61 strength
2025-06-22 17:25:19,374 - INFO - Trading cycle completed in 218.08 seconds
2025-06-22 17:25:34,389 - INFO - Current equity: $1000.00, Daily ROI: 0.00%, Drawdown: 0.00%, Risk level: normal, Positions: 0/5 ($0.00, 0.0% of equity)
2025-06-22 17:25:34,391 - INFO - Current daily ROI: 0.00% (target: 0.5% - 2.5%)
2025-06-22 17:28:29,169 - INFO - Top opportunities found: ['PEPEUSDT', 'BTCUSDT']
2025-06-22 17:28:29,443 - INFO - Selected optimal assets: VANAUSDT, INITUSDT, WCTUSDT, NEIROUSDT, ENAUSDT... (15 total)
2025-06-22 17:28:29,445 - INFO - CoinGecko insights for INIT: neutral (0.50 confidence), sentiment: 0.00, whale: 0.00, smart money: neutral
2025-06-22 17:28:33,885 - INFO - CoinGecko insights for INIT: neutral (0.50 confidence), sentiment: 0.00, whale: 0.00, smart money: neutral
2025-06-22 17:28:33,886 - INFO - INITUSDT analysis: SELL signal with 0.43 strength
2025-06-22 17:28:42,107 - INFO - CoinGecko insights for NEIRO: neutral (0.50 confidence), sentiment: 0.00, whale: 0.00, smart money: bearish
2025-06-22 17:28:47,504 - INFO - CoinGecko insights for WCT: neutral (0.50 confidence), sentiment: 0.00, whale: 0.00, smart money: neutral
2025-06-22 17:28:51,980 - INFO - CoinGecko insights for ENA: neutral (0.50 confidence), sentiment: 0.00, whale: 0.00, smart money: neutral
2025-06-22 17:28:56,900 - INFO - CoinGecko insights for VANA: neutral (0.50 confidence), sentiment: 0.00, whale: 0.00, smart money: neutral
2025-06-22 17:29:00,469 - INFO - NEIROUSDT analysis: SELL signal with 0.46 strength
2025-06-22 17:29:01,996 - INFO - WCTUSDT analysis: SELL signal with 0.47 strength
2025-06-22 17:29:06,630 - INFO - CoinGecko insights for ENA: neutral (0.50 confidence), sentiment: 0.00, whale: 0.00, smart money: neutral
2025-06-22 17:29:06,630 - INFO - CoinGecko insights for VANA: neutral (0.50 confidence), sentiment: 0.00, whale: 0.00, smart money: neutral
2025-06-22 17:29:06,632 - INFO - ENAUSDT analysis: SELL signal with 0.59 strength
2025-06-22 17:29:06,632 - INFO - VANAUSDT analysis: SELL signal with 0.48 strength
2025-06-22 17:29:06,633 - INFO - Trading cycle completed in 212.25 seconds
2025-06-22 17:29:21,638 - INFO - Current equity: $1000.00, Daily ROI: 0.00%, Drawdown: 0.00%, Risk level: normal, Positions: 0/5 ($0.00, 0.0% of equity)
2025-06-22 17:29:21,640 - INFO - Current daily ROI: 0.00% (target: 0.5% - 2.5%)
2025-06-22 17:32:02,828 - INFO - Top opportunities found: ['PEPEUSDT', 'GPSUSDT']
2025-06-22 17:32:04,210 - INFO - Selected optimal assets: VANAUSDT, INITUSDT, WCTUSDT, NEIROUSDT, ENAUSDT... (15 total)
2025-06-22 17:32:04,213 - INFO - CoinGecko insights for NEIRO: bearish (0.65 confidence), sentiment: -0.37, whale: -0.30, smart money: bearish
2025-06-22 17:32:14,509 - INFO - CoinGecko insights for NEIRO: bearish (0.65 confidence), sentiment: -0.37, whale: -0.30, smart money: bearish
2025-06-22 17:32:14,510 - INFO - CoinGecko insights for WCT: neutral (0.50 confidence), sentiment: 0.00, whale: 0.00, smart money: neutral
2025-06-22 17:32:19,359 - INFO - CoinGecko insights for INIT: neutral (0.50 confidence), sentiment: 0.00, whale: 0.00, smart money: neutral
2025-06-22 17:32:23,804 - INFO - CoinGecko insights for ENA: neutral (0.50 confidence), sentiment: 0.00, whale: 0.00, smart money: neutral
2025-06-22 17:32:28,958 - INFO - CoinGecko insights for VANA: neutral (0.50 confidence), sentiment: 0.00, whale: 0.00, smart money: neutral
2025-06-22 17:32:34,793 - INFO - NEIROUSDT analysis: SELL signal with 0.59 strength
2025-06-22 17:32:36,188 - INFO - WCTUSDT analysis: SELL signal with 0.48 strength
2025-06-22 17:32:36,188 - INFO - INITUSDT analysis: SELL signal with 0.44 strength
2025-06-22 17:32:38,960 - INFO - ENAUSDT analysis: SELL signal with 0.58 strength
2025-06-22 17:32:44,794 - INFO - VANAUSDT analysis: SELL signal with 0.48 strength
2025-06-22 17:32:44,794 - INFO - Trading cycle completed in 203.16 seconds
2025-06-22 17:32:59,844 - INFO - Current equity: $1000.00, Daily ROI: 0.00%, Drawdown: 0.00%, Risk level: normal, Positions: 0/5 ($0.00, 0.0% of equity)
2025-06-22 17:32:59,845 - INFO - Current daily ROI: 0.00% (target: 0.5% - 2.5%)
2025-06-22 17:35:54,500 - INFO - Top opportunities found: ['PEPEUSDT']
2025-06-22 17:35:55,914 - INFO - Selected optimal assets: VANAUSDT, INITUSDT, WCTUSDT, NEIROUSDT, ENAUSDT... (15 total)
2025-06-22 17:35:55,915 - INFO - CoinGecko insights for INIT: neutral (0.50 confidence), sentiment: 0.00, whale: 0.00, smart money: neutral
2025-06-22 17:35:59,888 - INFO - CoinGecko insights for INIT: neutral (0.50 confidence), sentiment: 0.00, whale: 0.00, smart money: neutral
2025-06-22 17:35:59,888 - INFO - INITUSDT analysis: SELL signal with 0.44 strength
2025-06-22 17:36:07,887 - INFO - CoinGecko insights for NEIRO: bearish (0.65 confidence), sentiment: 0.00, whale: 0.00, smart money: neutral
2025-06-22 17:36:13,223 - INFO - CoinGecko insights for ENA: neutral (0.50 confidence), sentiment: 0.00, whale: 0.00, smart money: neutral
2025-06-22 17:36:17,536 - INFO - CoinGecko insights for WCT: neutral (0.50 confidence), sentiment: 0.00, whale: 0.00, smart money: neutral
2025-06-22 17:36:22,847 - INFO - CoinGecko insights for VANA: neutral (0.50 confidence), sentiment: 0.00, whale: 0.00, smart money: neutral
2025-06-22 17:36:29,597 - INFO - NEIROUSDT analysis: SELL signal with 0.35 strength
2025-06-22 17:36:29,597 - INFO - ENAUSDT analysis: SELL signal with 0.46 strength
2025-06-22 17:36:32,862 - INFO - WCTUSDT analysis: SELL signal with 0.48 strength
2025-06-22 17:36:38,241 - INFO - VANAUSDT analysis: SELL signal with 0.48 strength
2025-06-22 17:36:38,242 - INFO - Trading cycle completed in 218.43 seconds
2025-06-22 17:36:53,258 - INFO - Current equity: $1000.00, Daily ROI: 0.00%, Drawdown: 0.00%, Risk level: normal, Positions: 0/5 ($0.00, 0.0% of equity)
2025-06-22 17:36:53,259 - INFO - Current daily ROI: 0.00% (target: 0.5% - 2.5%)
2025-06-22 17:39:45,155 - INFO - Top opportunities found: ['ACTUSDT']
2025-06-22 17:39:46,102 - INFO - Selected optimal assets: VANAUSDT, INITUSDT, WCTUSDT, NEIROUSDT, ENAUSDT... (15 total)
2025-06-22 17:39:46,104 - INFO - CoinGecko insights for NEIRO: bearish (0.65 confidence), sentiment: -0.37, whale: -0.30, smart money: bearish
2025-06-22 17:39:51,457 - INFO - CoinGecko insights for NEIRO: bearish (0.65 confidence), sentiment: -0.37, whale: -0.30, smart money: bearish
2025-06-22 17:39:51,457 - INFO - NEIROUSDT analysis: SELL signal with 0.47 strength
2025-06-22 17:39:59,194 - INFO - CoinGecko insights for INIT: neutral (0.50 confidence), sentiment: 0.00, whale: 0.00, smart money: neutral
2025-06-22 17:40:04,131 - INFO - CoinGecko insights for WCT: neutral (0.50 confidence), sentiment: 0.00, whale: 0.00, smart money: neutral
2025-06-22 17:40:08,269 - INFO - CoinGecko insights for ENA: neutral (0.50 confidence), sentiment: 0.00, whale: 0.00, smart money: neutral
2025-06-22 17:40:13,119 - INFO - CoinGecko insights for VANA: neutral (0.50 confidence), sentiment: 0.00, whale: 0.00, smart money: bearish
2025-06-22 17:40:19,799 - INFO - INITUSDT analysis: SELL signal with 0.45 strength
2025-06-22 17:40:19,800 - INFO - WCTUSDT analysis: SELL signal with 0.61 strength
2025-06-22 17:40:19,800 - INFO - CoinGecko insights for VANA: bearish (0.65 confidence), sentiment: -0.49, whale: 0.10, smart money: bearish
2025-06-22 17:40:19,801 - INFO - VANAUSDT analysis: SELL signal with 0.61 strength
2025-06-22 17:40:23,122 - INFO - ENAUSDT analysis: SELL signal with 0.59 strength
2025-06-22 17:40:23,123 - INFO - Trading cycle completed in 209.87 seconds
2025-06-22 17:40:38,131 - INFO - Current equity: $1000.00, Daily ROI: 0.00%, Drawdown: 0.00%, Risk level: normal, Positions: 0/5 ($0.00, 0.0% of equity)
2025-06-22 17:40:38,132 - INFO - Current daily ROI: 0.00% (target: 0.5% - 2.5%)
2025-06-22 17:43:32,215 - INFO - Top opportunities found: ['ACTUSDT']
2025-06-22 17:43:33,163 - INFO - Selected optimal assets: VANAUSDT, INITUSDT, WCTUSDT, NEIROUSDT, ENAUSDT... (15 total)
2025-06-22 17:43:45,689 - INFO - Updating correlation matrix...
2025-06-22 17:44:23,564 - INFO - Successfully gathered price data for 41/41 pairs
2025-06-22 17:44:23,711 - INFO - Correlation matrix updated for 41 pairs
2025-06-22 17:44:32,173 - INFO - Market state: Regime=BEAR_TRENDING, Trend=bearish, Volatility=low, Breadth=0.00
2025-06-22 17:44:32,174 - INFO - CoinGecko insights for VANA: bearish (0.65 confidence), sentiment: -0.49, whale: 0.10, smart money: bearish
2025-06-22 17:44:37,543 - INFO - CoinGecko insights for INIT: neutral (0.50 confidence), sentiment: 0.00, whale: 0.00, smart money: neutral
2025-06-22 17:44:42,014 - INFO - CoinGecko insights for WCT: neutral (0.50 confidence), sentiment: 0.00, whale: 0.00, smart money: neutral
2025-06-22 17:44:47,373 - INFO - CoinGecko insights for NEIRO: neutral (0.50 confidence), sentiment: 0.00, whale: 0.00, smart money: neutral
2025-06-22 17:44:51,839 - INFO - CoinGecko insights for ENA: neutral (0.50 confidence), sentiment: 0.00, whale: 0.00, smart money: neutral
2025-06-22 17:44:57,618 - INFO - VANAUSDT analysis: SELL signal with 0.48 strength
2025-06-22 17:44:57,619 - INFO - INITUSDT analysis: SELL signal with 0.45 strength
2025-06-22 17:44:57,619 - INFO - WCTUSDT analysis: SELL signal with 0.48 strength
2025-06-22 17:45:01,854 - INFO - NEIROUSDT analysis: SELL signal with 0.36 strength
2025-06-22 17:45:05,379 - INFO - ENAUSDT analysis: SELL signal with 0.60 strength
2025-06-22 17:45:05,380 - INFO - Trading cycle completed in 267.25 seconds
2025-06-22 17:45:21,828 - INFO - Current equity: $1000.00, Daily ROI: 0.00%, Drawdown: 0.00%, Risk level: normal, Positions: 0/5 ($0.00, 0.0% of equity)
2025-06-22 17:45:21,829 - INFO - Current daily ROI: 0.00% (target: 0.5% - 2.5%)
2025-06-22 17:48:08,465 - INFO - Selected optimal assets: VANAUSDT, INITUSDT, WCTUSDT, NEIROUSDT, ENAUSDT... (15 total)
2025-06-22 17:48:08,467 - INFO - CoinGecko insights for NEIRO: bearish (0.65 confidence), sentiment: -0.35, whale: -0.30, smart money: bearish
2025-06-22 17:48:19,812 - INFO - CoinGecko insights for NEIRO: bearish (0.65 confidence), sentiment: -0.35, whale: -0.30, smart money: bearish
2025-06-22 17:48:19,812 - INFO - CoinGecko insights for INIT: neutral (0.50 confidence), sentiment: 0.00, whale: 0.00, smart money: neutral
2025-06-22 17:48:23,679 - INFO - CoinGecko insights for WCT: neutral (0.50 confidence), sentiment: 0.00, whale: 0.00, smart money: neutral
2025-06-22 17:48:29,802 - INFO - CoinGecko insights for ENA: neutral (0.50 confidence), sentiment: 0.00, whale: 0.00, smart money: neutral
2025-06-22 17:48:33,350 - INFO - CoinGecko insights for VANA: neutral (0.50 confidence), sentiment: -0.50, whale: 0.00, smart money: bearish
2025-06-22 17:48:38,747 - INFO - NEIROUSDT analysis: SELL signal with 0.49 strength
2025-06-22 17:48:38,748 - INFO - INITUSDT analysis: SELL signal with 0.46 strength
2025-06-22 17:48:38,748 - INFO - CoinGecko insights for VANA: bearish (0.65 confidence), sentiment: -0.50, whale: 0.10, smart money: bearish
2025-06-22 17:48:38,749 - INFO - VANAUSDT analysis: SELL signal with 0.61 strength
2025-06-22 17:48:42,723 - INFO - WCTUSDT analysis: SELL signal with 0.48 strength
2025-06-22 17:48:42,724 - INFO - CoinGecko insights for ENA: neutral (0.50 confidence), sentiment: 0.00, whale: 0.00, smart money: neutral
2025-06-22 17:48:42,724 - INFO - ENAUSDT analysis: SELL signal with 0.48 strength
2025-06-22 17:48:42,725 - INFO - Trading cycle completed in 200.90 seconds
2025-06-22 17:48:57,728 - INFO - Current equity: $1000.00, Daily ROI: 0.00%, Drawdown: 0.00%, Risk level: normal, Positions: 0/5 ($0.00, 0.0% of equity)
2025-06-22 17:48:57,730 - INFO - Current daily ROI: 0.00% (target: 0.5% - 2.5%)
2025-06-22 17:51:37,648 - INFO - Top opportunities found: ['ACTUSDT']
2025-06-22 17:51:38,607 - INFO - Selected optimal assets: VANAUSDT, INITUSDT, WCTUSDT, NEIROUSDT, ENAUSDT... (15 total)
2025-06-22 17:51:38,610 - INFO - CoinGecko insights for VANA: bearish (0.65 confidence), sentiment: -0.50, whale: 0.10, smart money: bearish
2025-06-22 17:51:43,074 - INFO - CoinGecko insights for INIT: neutral (0.50 confidence), sentiment: 0.00, whale: 0.00, smart money: neutral
2025-06-22 17:51:52,324 - INFO - CoinGecko insights for VANA: bearish (0.65 confidence), sentiment: -0.50, whale: 0.10, smart money: bearish
2025-06-22 17:51:52,324 - INFO - CoinGecko insights for INIT: neutral (0.50 confidence), sentiment: 0.00, whale: 0.00, smart money: neutral
2025-06-22 17:51:52,325 - INFO - CoinGecko insights for NEIRO: neutral (0.50 confidence), sentiment: -0.35, whale: 0.00, smart money: bearish
2025-06-22 17:51:57,260 - INFO - CoinGecko insights for ENA: neutral (0.50 confidence), sentiment: 0.00, whale: 0.00, smart money: neutral
2025-06-22 17:52:01,256 - INFO - CoinGecko insights for WCT: neutral (0.50 confidence), sentiment: 0.00, whale: 0.00, smart money: neutral
2025-06-22 17:52:07,067 - INFO - VANAUSDT analysis: SELL signal with 0.61 strength
2025-06-22 17:52:07,068 - INFO - INITUSDT analysis: SELL signal with 0.46 strength
2025-06-22 17:52:07,069 - INFO - CoinGecko insights for NEIRO: bearish (0.65 confidence), sentiment: -0.35, whale: -0.30, smart money: bearish
2025-06-22 17:52:07,070 - INFO - NEIROUSDT analysis: SELL signal with 0.34 strength
2025-06-22 17:52:11,264 - INFO - ENAUSDT analysis: SELL signal with 0.48 strength
2025-06-22 17:52:15,521 - INFO - CoinGecko insights for WCT: neutral (0.50 confidence), sentiment: 0.00, whale: 0.00, smart money: neutral
2025-06-22 17:52:15,522 - INFO - WCTUSDT analysis: SELL signal with 0.48 strength
2025-06-22 17:52:15,522 - INFO - Trading cycle completed in 197.80 seconds
2025-06-22 17:52:30,532 - INFO - Current equity: $1000.00, Daily ROI: 0.00%, Drawdown: 0.00%, Risk level: normal, Positions: 0/5 ($0.00, 0.0% of equity)
2025-06-22 17:52:30,533 - INFO - Current daily ROI: 0.00% (target: 0.5% - 2.5%)
2025-06-22 17:55:16,287 - INFO - Selected optimal assets: VANAUSDT, INITUSDT, WCTUSDT, NEIROUSDT, ENAUSDT... (15 total)
2025-06-22 17:55:16,289 - INFO - CoinGecko insights for NEIRO: bearish (0.65 confidence), sentiment: -0.35, whale: -0.30, smart money: bearish
2025-06-22 17:55:27,175 - INFO - CoinGecko insights for NEIRO: bearish (0.65 confidence), sentiment: -0.35, whale: -0.30, smart money: bearish
2025-06-22 17:55:27,175 - INFO - CoinGecko insights for WCT: neutral (0.50 confidence), sentiment: 0.00, whale: 0.00, smart money: neutral
2025-06-22 17:55:32,138 - INFO - CoinGecko insights for INIT: neutral (0.50 confidence), sentiment: 0.00, whale: 0.00, smart money: neutral
2025-06-22 17:55:37,970 - INFO - CoinGecko insights for ENA: neutral (0.50 confidence), sentiment: 0.00, whale: 0.00, smart money: neutral
2025-06-22 17:55:41,985 - INFO - CoinGecko insights for VANA: neutral (0.50 confidence), sentiment: 0.00, whale: 0.00, smart money: bearish
2025-06-22 17:55:46,421 - INFO - NEIROUSDT analysis: SELL signal with 0.61 strength
2025-06-22 17:55:46,422 - INFO - WCTUSDT analysis: SELL signal with 0.48 strength
2025-06-22 17:55:46,422 - INFO - CoinGecko insights for INIT: neutral (0.50 confidence), sentiment: 0.00, whale: 0.00, smart money: neutral
2025-06-22 17:55:46,422 - INFO - CoinGecko insights for VANA: bearish (0.65 confidence), sentiment: -0.50, whale: 0.10, smart money: bearish
2025-06-22 17:55:46,460 - INFO - INITUSDT analysis: SELL signal with 0.47 strength
2025-06-22 17:55:46,460 - INFO - VANAUSDT analysis: SELL signal with 0.48 strength
2025-06-22 17:55:49,277 - INFO - CoinGecko insights for ENA: neutral (0.50 confidence), sentiment: 0.00, whale: 0.00, smart money: neutral
2025-06-22 17:55:49,277 - INFO - ENAUSDT analysis: SELL signal with 0.61 strength
2025-06-22 17:55:49,278 - INFO - Trading cycle completed in 198.75 seconds
2025-06-22 17:55:54,701 - INFO - Bot stopped by user
