BUY ORDER: ICPUSDT - 9.0 at approx. $5.292 ($50.00)
BUY ORDER: AVAXUSDT - 2.0 at approx. $20.56 ($50.00)
BUY ORDER: XRPUSDT - 22.0 at approx. $2.2172 ($50.00)
BUY ORDER: UNIUSDT - 7.0 at approx. $6.31 ($50.00)
BUY ORDER: SUIUSDT - 15.0 at approx. $3.1852 ($50.00)
SELL ORDER: ICPUSDT - 9.0 at approx. $5.352, P/L: $0.54 (1.13%)
BUY ORDER: ICPUSDT - 11.0 at approx. $5.352 ($60.00)
SELL ORDER: XRPUSDT - 22.0 at approx. $2.2582, P/L: $0.90 (1.85%)
BUY ORDER: XRPUSDT - 26.0 at approx. $2.259 ($60.00)
BUY ORDER: ADAUSDT - 75.0 at approx. $0.6666 ($50.00)
SELL ORDER: UNIUSDT - 7.0 at approx. $6.374, P/L: $0.45 (1.01%)
BUY ORDER: XLMUSDT - 182.0 at approx. $0.2745 ($50.00)
BUY ORDER: PEPEUSDT - 4295532.0 at approx. $1.164e-05 ($50.00)
SELL ORDER: XRPUSDT - 26.0 at approx. $2.2718, P/L: $0.33 (0.57%)
BUY ORDER: XRPUSDT - 26.0 at approx. $2.271 ($60.00)
SELL ORDER: AVAXUSDT - 2.0 at approx. $20.68, P/L: $0.24 (0.58%)
SELL ORDER: ICPUSDT - 11.0 at approx. $5.494, P/L: $1.56 (2.65%)
BUY ORDER: ICPUSDT - 9.0 at approx. $5.476 ($50.00)
BUY ORDER: BONKUSDT - 3188775.0 at approx. $1.568e-05 ($50.00)
BUY ORDER: ONDOUSDT - 71.0 at approx. $0.8341 ($60.00)
SELL ORDER: SUIUSDT - 15.0 at approx. $3.2171, P/L: $0.48 (1.00%)
BUY ORDER: HBARUSDT - 292.0 at approx. $0.17082 ($50.00)
SELL ORDER: ICPUSDT - 9.0 at approx. $6.0, P/L: $4.72 (9.57%)
SELL ORDER: ONDOUSDT - 71.0 at approx. $0.8383, P/L: $0.30 (0.50%)
SELL ORDER: BONKUSDT - 3188775.0 at approx. $1.605e-05, P/L: $1.18 (2.36%)
SELL ORDER: ADAUSDT - 75.0 at approx. $0.6735, P/L: $0.52 (1.04%)
SELL ORDER: PEPEUSDT - 4295532.0 at approx. $1.176e-05, P/L: $0.52 (1.03%)
SELL ORDER: XRPUSDT - 26.0 at approx. $2.2894, P/L: $0.48 (0.81%)
SELL ORDER: HBARUSDT - 292.0 at approx. $0.17085, P/L: $0.01 (0.02%)
SELL ORDER: XLMUSDT - 182.0 at approx. $0.2675, P/L: $-1.27 (-2.55%)
