2025-06-21 11:42:49,253 - INFO - CoinGecko API connected: (V3) To the Moon!
2025-06-21 11:42:49,255 - INFO - CoinGecko AI client initialized with demo API key
2025-06-21 11:42:49,256 - INFO - CoinGecko AI client initialized
2025-06-21 11:42:49,354 - INFO - Database initialization complete
2025-06-21 11:42:49,364 - INFO - Schema update applied: ALTER TABLE positions ADD COLUMN take_profit_pct REAL
2025-06-21 11:42:49,374 - INFO - Schema update applied: ALTER TABLE positions ADD COLUMN stop_loss_pct REAL
2025-06-21 11:42:49,383 - INFO - Schema update applied: ALTER TABLE positions ADD COLUMN is_new_asset INTEGER DEFAULT 0
2025-06-21 11:42:49,393 - INFO - Schema update applied: ALTER TABLE positions ADD COLUMN exit_price REAL
2025-06-21 11:42:49,403 - INFO - Schema update applied: ALTER TABLE positions ADD COLUMN exit_time TEXT
2025-06-21 11:42:49,419 - INFO - Schema update applied: ALTER TABLE positions ADD COLUMN profit_loss REAL
2025-06-21 11:42:49,428 - INFO - Schema update applied: ALTER TABLE positions ADD COLUMN signal_source TEXT
2025-06-21 11:42:49,438 - INFO - Schema update applied: ALTER TABLE positions ADD COLUMN signal_strength REAL
2025-06-21 11:42:49,447 - INFO - Schema update applied: ALTER TABLE trades ADD COLUMN signal_source TEXT
2025-06-21 11:42:49,456 - INFO - Schema update applied: ALTER TABLE trades ADD COLUMN signal_strength REAL
2025-06-21 11:42:49,457 - INFO - Database schema updated successfully with 10 changes
2025-06-21 11:42:49,469 - INFO - Taapi.io client initialized (Free tier: 1 request/15s)
2025-06-21 11:42:49,470 - INFO - Advanced indicators initialized with Taapi.io
2025-06-21 11:42:49,474 - INFO - Taapi.io client initialized (Free tier: 1 request/15s)
2025-06-21 11:42:49,474 - INFO - Advanced indicators initialized with Taapi.io
2025-06-21 11:42:49,475 - INFO - Advanced indicators initialized successfully
2025-06-21 11:42:49,475 - INFO - Risk Manager initialized with equity protection: Warning at 3.0%, Risk Reduction at 5.0%, High Alert at 8.0%, Emergency at 12.0%
2025-06-21 11:42:49,475 - INFO - Hybrid Trading Bot initialized with 1000.00 equity
2025-06-21 11:42:49,476 - INFO - Mode: TEST trading
2025-06-21 11:42:49,476 - INFO - AI Provider: CoinGecko
2025-06-21 11:42:49,476 - INFO - Advanced Indicators: Taapi.io
2025-06-21 11:42:49,477 - INFO - Testing API connections...
2025-06-21 11:42:49,715 - INFO - Binance server time: 2025-06-21 11:42:51.968000
2025-06-21 11:42:50,358 - INFO - CoinGecko AI connection successful: -0.11997363616924242
2025-06-21 11:42:50,358 - INFO - Preloading historical data for analysis...
2025-06-21 11:42:50,359 - INFO - Preloading historical data for analysis...
2025-06-21 11:42:50,359 - INFO - Fetching top 20 trending cryptocurrency pairs
2025-06-21 11:42:51,301 - INFO - Found trending pairs: FUNUSDT, BMTUSDT, SUSDT, SEIUSDT, VIRTUALUSDT...
2025-06-21 11:42:51,302 - INFO - Preloading data for pairs: ALTUSDT, BTCUSDT, NEIROUSDT, KMNOUSDT, SOLUSDT
2025-06-21 11:43:25,283 - INFO - Preloading data for pairs: FUNUSDT, ENAUSDT, VIRTUALUSDT, INITUSDT, BMTUSDT
2025-06-21 11:43:55,479 - INFO - Preloading data for pairs: BABYUSDT, SUSDT, ARBUSDT, QNTUSDT, KAITOUSDT
2025-06-21 11:44:26,122 - INFO - Preloading data for pairs: SYRUPUSDT, HUMAUSDT, ETHUSDT, SEIUSDT, VANAUSDT
2025-06-21 11:44:57,464 - INFO - Preloading data for pairs: ADAUSDT, RSRUSDT, LAYERUSDT, UNIUSDT, BNBUSDT
2025-06-21 11:45:29,280 - INFO - Historical data preloading complete
2025-06-21 11:45:35,869 - INFO - Updating correlation matrix...
2025-06-21 11:45:35,870 - INFO - Current equity: $1000.00, Daily ROI: 0.00%, Drawdown: 0.00%, Risk level: normal, Positions: 0/15 ($0.00, 0.0% of equity)
2025-06-21 11:45:35,881 - INFO - Current daily ROI: 0.00% (target: 0.5% - 2.5%)
2025-06-21 11:45:35,881 - INFO - Fetching top 30 trending cryptocurrency pairs
2025-06-21 11:45:36,841 - INFO - Found trending pairs: FUNUSDT, BMTUSDT, SUSDT, VIRTUALUSDT, SEIUSDT...
2025-06-21 11:45:37,788 - INFO - Selected optimal assets: SEIUSDT, NXPCUSDT, APTUSDT, WBTCUSDT, LTCUSDT... (15 total)
2025-06-21 11:45:37,844 - INFO - Hourly performance report: {
  "equity": {
    "current": 1000.0,
    "start": 1000.0,
    "total_return_pct": 0.0,
    "max_drawdown_pct": 0,
    "avg_daily_return_pct": 0,
    "avg_weekly_return_pct": 0
  },
  "trades": {
    "total": 0,
    "win_count": 0,
    "loss_count": 0,
    "win_rate_pct": 0,
    "profit_factor": 0,
    "avg_profit": 0,
    "avg_loss": 0,
    "expected_value": 0,
    "recent_win_rate_pct": 0
  },
  "pairs": {
    "best_pair": "None",
    "best_pair_profit": 0,
    "worst_pair": "None",
    "worst_pair_profit": 0
  },
  "timestamp": "2025-06-21 11:45:37"
}
2025-06-21 11:46:08,339 - INFO - Correlation matrix updated for 41 pairs
2025-06-21 11:46:16,345 - INFO - Market state: Regime=NEUTRAL, Trend=neutral, Volatility=low, Breadth=0.00
2025-06-21 11:46:33,958 - INFO - CoinGecko insights for LTC: neutral (0.50 confidence), sentiment: -0.10, whale: 0.10, smart money: neutral
2025-06-21 11:46:37,467 - INFO - CoinGecko insights for APT: bullish (0.60 confidence), sentiment: 0.30, whale: 0.10, smart money: neutral
2025-06-21 11:46:41,443 - INFO - CoinGecko insights for XRP: neutral (0.50 confidence), sentiment: 0.02, whale: 0.05, smart money: bullish
2025-06-21 11:46:44,967 - INFO - CoinGecko insights for BTC: neutral (0.50 confidence), sentiment: 0.00, whale: 0.00, smart money: bullish
2025-06-21 11:46:49,853 - INFO - CoinGecko insights for SEI: bullish (0.75 confidence), sentiment: 0.58, whale: 0.00, smart money: neutral
2025-06-21 11:47:00,372 - INFO - CoinGecko insights for NXPC: neutral (0.50 confidence), sentiment: 0.00, whale: 0.00, smart money: neutral
2025-06-21 11:47:04,368 - INFO - CoinGecko insights for WBTC: neutral (0.50 confidence), sentiment: 0.00, whale: 0.00, smart money: neutral
2025-06-21 11:47:08,223 - INFO - CoinGecko insights for ALT: bearish (0.65 confidence), sentiment: -0.41, whale: 0.00, smart money: bearish
2025-06-21 11:47:13,564 - INFO - CoinGecko insights for KMNO: neutral (0.50 confidence), sentiment: 0.00, whale: 0.00, smart money: neutral
2025-06-21 11:47:17,540 - INFO - CoinGecko insights for FUN: bullish (0.85 confidence), sentiment: 0.00, whale: 0.50, smart money: neutral
2025-06-21 11:47:21,090 - INFO - CoinGecko insights for ENA: neutral (0.50 confidence), sentiment: 0.00, whale: 0.00, smart money: neutral
2025-06-21 11:47:24,663 - INFO - CoinGecko insights for VIRTUAL: neutral (0.50 confidence), sentiment: -0.41, whale: 0.00, smart money: bearish
2025-06-21 11:47:29,776 - INFO - CoinGecko insights for BMT: neutral (0.50 confidence), sentiment: 0.00, whale: 0.10, smart money: neutral
2025-06-21 11:47:36,338 - INFO - CoinGecko insights for S: neutral (0.50 confidence), sentiment: 0.00, whale: 0.10, smart money: neutral
2025-06-21 11:47:40,328 - INFO - CoinGecko insights for CRV: neutral (0.50 confidence), sentiment: 0.00, whale: 0.00, smart money: neutral
2025-06-21 11:47:45,217 - INFO - CoinGecko insights for BMT: neutral (0.50 confidence), sentiment: -0.10, whale: 0.10, smart money: neutral
2025-06-21 11:47:45,217 - INFO - CoinGecko insights for S: neutral (0.50 confidence), sentiment: 0.29, whale: 0.10, smart money: neutral
2025-06-21 11:47:45,217 - INFO - CoinGecko insights for CRV: neutral (0.50 confidence), sentiment: 0.05, whale: 0.00, smart money: neutral
2025-06-21 11:47:45,730 - ERROR - Taapi.io API error 404: {"errors":["The endpoint (or indicator) you are calling does not exist!"]}
2025-06-21 11:47:45,730 - WARNING - Taapi.io API error, backing off for 300s: HTTP 404
2025-06-21 11:47:48,370 - INFO - LTCUSDT analysis: NEUTRAL signal with 0.00 strength
2025-06-21 11:48:00,448 - ERROR - Taapi.io API error 404: {"errors":["The endpoint (or indicator) you are calling does not exist!"]}
2025-06-21 11:48:00,449 - WARNING - Taapi.io API error, backing off for 300s: HTTP 404
2025-06-21 11:48:01,998 - INFO - APTUSDT analysis: BUY signal with 0.41 strength
2025-06-21 11:48:03,435 - INFO - DYNAMIC BUY: APTUSDT - Qty: 12.95, Price: $4.6330, Value: $60.00, Signal: 0.41
2025-06-21 11:48:03,495 - INFO - Stop loss for APTUSDT initialized at 4.517175 (2.5% below entry)
2025-06-21 11:48:03,495 - INFO - Trailing take profit for APTUSDT initialized (activates at 2.0%, trails at 3.0%)
2025-06-21 11:48:03,495 - INFO - TEST MODE: Simulated buy for APTUSDT executed successfully
2025-06-21 11:48:05,230 - INFO - XRPUSDT analysis: NEUTRAL signal with 0.00 strength
2025-06-21 11:48:05,280 - INFO - BTCUSDT analysis: NEUTRAL signal with 0.00 strength
2025-06-21 11:48:05,285 - INFO - SEIUSDT analysis: BUY signal with 0.39 strength
2025-06-21 11:48:06,255 - INFO - DYNAMIC BUY: SEIUSDT - Qty: 176.5, Price: $0.2266, Value: $40.00, Signal: 0.39
2025-06-21 11:48:06,344 - INFO - Stop loss for SEIUSDT initialized at 0.220935 (2.5% below entry)
2025-06-21 11:48:06,345 - INFO - Trailing take profit for SEIUSDT initialized (activates at 2.0%, trails at 3.0%)
2025-06-21 11:48:06,345 - INFO - TEST MODE: Simulated buy for SEIUSDT executed successfully
2025-06-21 11:48:06,346 - INFO - NXPCUSDT analysis: NEUTRAL signal with 0.00 strength
2025-06-21 11:48:06,350 - INFO - WBTCUSDT analysis: NEUTRAL signal with 0.00 strength
2025-06-21 11:48:06,354 - INFO - ALTUSDT analysis: NEUTRAL signal with 0.00 strength
2025-06-21 11:48:06,358 - INFO - KMNOUSDT analysis: NEUTRAL signal with 0.00 strength
2025-06-21 11:48:06,362 - INFO - FUNUSDT analysis: BUY signal with 0.39 strength
2025-06-21 11:48:07,801 - INFO - DYNAMIC BUY: FUNUSDT - Qty: 5942.0, Price: $0.0067, Value: $40.00, Signal: 0.39
2025-06-21 11:48:07,863 - INFO - Stop loss for FUNUSDT initialized at 0.006563 (2.5% below entry)
2025-06-21 11:48:07,863 - INFO - Trailing take profit for FUNUSDT initialized (activates at 2.0%, trails at 3.0%)
2025-06-21 11:48:07,863 - INFO - TEST MODE: Simulated buy for FUNUSDT executed successfully
2025-06-21 11:48:07,868 - INFO - ENAUSDT analysis: NEUTRAL signal with 0.00 strength
2025-06-21 11:48:07,871 - INFO - VIRTUALUSDT analysis: NEUTRAL signal with 0.00 strength
2025-06-21 11:48:07,875 - INFO - BMTUSDT analysis: SELL signal with 0.32 strength
2025-06-21 11:48:07,878 - INFO - SUSDT analysis: NEUTRAL signal with 0.00 strength
2025-06-21 11:48:07,878 - INFO - CRVUSDT analysis: NEUTRAL signal with 0.00 strength
2025-06-21 11:48:07,879 - INFO - Trading cycle completed in 152.01 seconds
2025-06-21 11:48:15,525 - ERROR - Taapi.io API error 404: {"errors":["The endpoint (or indicator) you are calling does not exist!"]}
2025-06-21 11:48:15,526 - WARNING - Taapi.io API error, backing off for 300s: HTTP 404
2025-06-21 11:48:30,662 - ERROR - Taapi.io API error 404: {"errors":["The endpoint (or indicator) you are calling does not exist!"]}
2025-06-21 11:48:30,663 - WARNING - Taapi.io API error, backing off for 300s: HTTP 404
2025-06-21 11:48:45,731 - ERROR - Taapi.io API error 404: {"errors":["The endpoint (or indicator) you are calling does not exist!"]}
2025-06-21 11:48:45,731 - WARNING - Taapi.io API error, backing off for 300s: HTTP 404
2025-06-21 11:49:00,846 - ERROR - Taapi.io API error 404: {"errors":["The endpoint (or indicator) you are calling does not exist!"]}
2025-06-21 11:49:00,846 - WARNING - Taapi.io API error, backing off for 300s: HTTP 404
2025-06-21 11:49:15,942 - ERROR - Taapi.io API error 404: {"errors":["The endpoint (or indicator) you are calling does not exist!"]}
2025-06-21 11:49:15,942 - WARNING - Taapi.io API error, backing off for 300s: HTTP 404
2025-06-21 11:49:30,751 - INFO - Bot stopped by user
2025-06-21 11:49:31,048 - ERROR - Taapi.io API error 404: {"errors":["The endpoint (or indicator) you are calling does not exist!"]}
2025-06-21 11:49:31,048 - WARNING - Taapi.io API error, backing off for 300s: HTTP 404
